[2026-04-16T09:55:37.278+0000] {local_task_job_runner.py:123} INFO - ::group::Pre task execution logs
[2026-04-16T09:55:37.313+0000] {taskinstance.py:2613} INFO - Dependencies all met for dep_context=non-requeueable deps ti=<TaskInstance: titanic_dag.transform manual__2026-04-16T09:55:21.743854+00:00 [queued]>
[2026-04-16T09:55:37.330+0000] {taskinstance.py:2613} INFO - Dependencies all met for dep_context=requeueable deps ti=<TaskInstance: titanic_dag.transform manual__2026-04-16T09:55:21.743854+00:00 [queued]>
[2026-04-16T09:55:37.332+0000] {taskinstance.py:2866} INFO - Starting attempt 1 of 1
[2026-04-16T09:55:37.367+0000] {taskinstance.py:2889} INFO - Executing <Task(BashOperator): transform> on 2026-04-16 09:55:21.743854+00:00
[2026-04-16T09:55:37.381+0000] {standard_task_runner.py:72} INFO - Started process 714 to run task
[2026-04-16T09:55:37.388+0000] {standard_task_runner.py:104} INFO - Running: ['***', 'tasks', 'run', 'titanic_dag', 'transform', 'manual__2026-04-16T09:55:21.743854+00:00', '--job-id', '41', '--raw', '--subdir', 'DAGS_FOLDER/titanic_dag.py', '--cfg-path', '/tmp/tmpb9h1qm0m']
[2026-04-16T09:55:37.395+0000] {standard_task_runner.py:105} INFO - Job 41: Subtask transform
[2026-04-16T09:55:37.545+0000] {task_command.py:467} INFO - Running <TaskInstance: titanic_dag.transform manual__2026-04-16T09:55:21.743854+00:00 [running]> on host bfb257ac0964
[2026-04-16T09:55:37.751+0000] {taskinstance.py:3132} INFO - Exporting env vars: AIRFLOW_CTX_DAG_OWNER='***' AIRFLOW_CTX_DAG_ID='titanic_dag' AIRFLOW_CTX_TASK_ID='transform' AIRFLOW_CTX_EXECUTION_DATE='2026-04-16T09:55:21.743854+00:00' AIRFLOW_CTX_TRY_NUMBER='1' AIRFLOW_CTX_DAG_RUN_ID='manual__2026-04-16T09:55:21.743854+00:00'
[2026-04-16T09:55:37.753+0000] {taskinstance.py:731} INFO - ::endgroup::
[2026-04-16T09:55:37.784+0000] {subprocess.py:78} INFO - Tmp dir root location: /tmp
[2026-04-16T09:55:37.787+0000] {subprocess.py:88} INFO - Running command: ['/usr/bin/bash', '-c', "echo 'Transform'"]
[2026-04-16T09:55:37.810+0000] {subprocess.py:99} INFO - Output:
[2026-04-16T09:55:37.815+0000] {subprocess.py:106} INFO - Transform
[2026-04-16T09:55:37.817+0000] {subprocess.py:110} INFO - Command exited with return code 0
[2026-04-16T09:55:37.877+0000] {taskinstance.py:340} INFO - ::group::Post task execution logs
[2026-04-16T09:55:37.879+0000] {taskinstance.py:352} INFO - Marking task as SUCCESS. dag_id=titanic_dag, task_id=transform, run_id=manual__2026-04-16T09:55:21.743854+00:00, execution_date=20260416T095521, start_date=20260416T095537, end_date=20260416T095537
[2026-04-16T09:55:37.927+0000] {local_task_job_runner.py:266} INFO - Task exited with return code 0
[2026-04-16T09:55:37.963+0000] {taskinstance.py:3895} INFO - 0 downstream tasks scheduled from follow-on schedule check
[2026-04-16T09:55:37.967+0000] {local_task_job_runner.py:245} INFO - ::endgroup::
