[2026-04-16T12:58:42.431+0000] {local_task_job_runner.py:123} INFO - ::group::Pre task execution logs
[2026-04-16T12:58:42.444+0000] {taskinstance.py:2613} INFO - Dependencies all met for dep_context=non-requeueable deps ti=<TaskInstance: titanic_dag.upload_to_hdfs manual__2026-04-16T12:58:39.573182+00:00 [queued]>
[2026-04-16T12:58:42.450+0000] {taskinstance.py:2613} INFO - Dependencies all met for dep_context=requeueable deps ti=<TaskInstance: titanic_dag.upload_to_hdfs manual__2026-04-16T12:58:39.573182+00:00 [queued]>
[2026-04-16T12:58:42.451+0000] {taskinstance.py:2866} INFO - Starting attempt 1 of 1
[2026-04-16T12:58:42.461+0000] {taskinstance.py:2889} INFO - Executing <Task(BashOperator): upload_to_hdfs> on 2026-04-16 12:58:39.573182+00:00
[2026-04-16T12:58:42.466+0000] {standard_task_runner.py:72} INFO - Started process 1009 to run task
[2026-04-16T12:58:42.469+0000] {standard_task_runner.py:104} INFO - Running: ['***', 'tasks', 'run', 'titanic_dag', 'upload_to_hdfs', 'manual__2026-04-16T12:58:39.573182+00:00', '--job-id', '79', '--raw', '--subdir', 'DAGS_FOLDER/titanic_dag.py', '--cfg-path', '/tmp/tmprehn_9rg']
[2026-04-16T12:58:42.471+0000] {standard_task_runner.py:105} INFO - Job 79: Subtask upload_to_hdfs
[2026-04-16T12:58:42.524+0000] {task_command.py:467} INFO - Running <TaskInstance: titanic_dag.upload_to_hdfs manual__2026-04-16T12:58:39.573182+00:00 [running]> on host 9fbda7c5f6bc
[2026-04-16T12:58:42.595+0000] {taskinstance.py:3132} INFO - Exporting env vars: AIRFLOW_CTX_DAG_OWNER='***' AIRFLOW_CTX_DAG_ID='titanic_dag' AIRFLOW_CTX_TASK_ID='upload_to_hdfs' AIRFLOW_CTX_EXECUTION_DATE='2026-04-16T12:58:39.573182+00:00' AIRFLOW_CTX_TRY_NUMBER='1' AIRFLOW_CTX_DAG_RUN_ID='manual__2026-04-16T12:58:39.573182+00:00'
[2026-04-16T12:58:42.596+0000] {taskinstance.py:731} INFO - ::endgroup::
[2026-04-16T12:58:42.609+0000] {subprocess.py:78} INFO - Tmp dir root location: /tmp
[2026-04-16T12:58:42.610+0000] {subprocess.py:88} INFO - Running command: ['/usr/bin/bash', '-c', '\n        hdfs dfs -fs hdfs://hadoop-namenode:9000 -mkdir -p /user/***/titanic\n\n        hdfs dfs -fs hdfs://hadoop-namenode:9000 -put -f /opt/***/data/Titanic-Dataset.csv /user/***/titanic/\n        ']
[2026-04-16T12:58:42.620+0000] {subprocess.py:99} INFO - Output:
[2026-04-16T12:58:45.419+0000] {subprocess.py:110} INFO - Command exited with return code 0
[2026-04-16T12:58:45.445+0000] {taskinstance.py:340} INFO - ::group::Post task execution logs
[2026-04-16T12:58:45.446+0000] {taskinstance.py:352} INFO - Marking task as SUCCESS. dag_id=titanic_dag, task_id=upload_to_hdfs, run_id=manual__2026-04-16T12:58:39.573182+00:00, execution_date=20260416T125839, start_date=20260416T125842, end_date=20260416T125845
[2026-04-16T12:58:45.490+0000] {local_task_job_runner.py:266} INFO - Task exited with return code 0
[2026-04-16T12:58:45.513+0000] {taskinstance.py:3895} INFO - 1 downstream tasks scheduled from follow-on schedule check
[2026-04-16T12:58:45.515+0000] {local_task_job_runner.py:245} INFO - ::endgroup::
