[2026-04-15T23:48:37.516+0000] {local_task_job_runner.py:123} INFO - ::group::Pre task execution logs
[2026-04-15T23:48:37.533+0000] {taskinstance.py:2613} INFO - Dependencies all met for dep_context=non-requeueable deps ti=<TaskInstance: titanic_dag.upload_to_hdfs manual__2026-04-15T23:48:34.746529+00:00 [queued]>
[2026-04-15T23:48:37.540+0000] {taskinstance.py:2613} INFO - Dependencies all met for dep_context=requeueable deps ti=<TaskInstance: titanic_dag.upload_to_hdfs manual__2026-04-15T23:48:34.746529+00:00 [queued]>
[2026-04-15T23:48:37.542+0000] {taskinstance.py:2866} INFO - Starting attempt 1 of 1
[2026-04-15T23:48:37.556+0000] {taskinstance.py:2889} INFO - Executing <Task(BashOperator): upload_to_hdfs> on 2026-04-15 23:48:34.746529+00:00
[2026-04-15T23:48:37.563+0000] {standard_task_runner.py:72} INFO - Started process 1653 to run task
[2026-04-15T23:48:37.566+0000] {standard_task_runner.py:104} INFO - Running: ['***', 'tasks', 'run', 'titanic_dag', 'upload_to_hdfs', 'manual__2026-04-15T23:48:34.746529+00:00', '--job-id', '29', '--raw', '--subdir', 'DAGS_FOLDER/titanic_dag.py', '--cfg-path', '/tmp/tmppr3euud3']
[2026-04-15T23:48:37.568+0000] {standard_task_runner.py:105} INFO - Job 29: Subtask upload_to_hdfs
[2026-04-15T23:48:37.626+0000] {task_command.py:467} INFO - Running <TaskInstance: titanic_dag.upload_to_hdfs manual__2026-04-15T23:48:34.746529+00:00 [running]> on host 235f68c09f57
[2026-04-15T23:48:37.691+0000] {taskinstance.py:3132} INFO - Exporting env vars: AIRFLOW_CTX_DAG_OWNER='***' AIRFLOW_CTX_DAG_ID='titanic_dag' AIRFLOW_CTX_TASK_ID='upload_to_hdfs' AIRFLOW_CTX_EXECUTION_DATE='2026-04-15T23:48:34.746529+00:00' AIRFLOW_CTX_TRY_NUMBER='1' AIRFLOW_CTX_DAG_RUN_ID='manual__2026-04-15T23:48:34.746529+00:00'
[2026-04-15T23:48:37.692+0000] {taskinstance.py:731} INFO - ::endgroup::
[2026-04-15T23:48:37.704+0000] {subprocess.py:78} INFO - Tmp dir root location: /tmp
[2026-04-15T23:48:37.705+0000] {subprocess.py:88} INFO - Running command: ['/usr/bin/bash', '-c', 'ls']
[2026-04-15T23:48:37.714+0000] {subprocess.py:99} INFO - Output:
[2026-04-15T23:48:37.719+0000] {subprocess.py:110} INFO - Command exited with return code 0
[2026-04-15T23:48:37.743+0000] {taskinstance.py:340} INFO - ::group::Post task execution logs
[2026-04-15T23:48:37.743+0000] {taskinstance.py:352} INFO - Marking task as SUCCESS. dag_id=titanic_dag, task_id=upload_to_hdfs, run_id=manual__2026-04-15T23:48:34.746529+00:00, execution_date=20260415T234834, start_date=20260415T234837, end_date=20260415T234837
[2026-04-15T23:48:37.780+0000] {local_task_job_runner.py:266} INFO - Task exited with return code 0
[2026-04-15T23:48:37.797+0000] {taskinstance.py:3895} INFO - 0 downstream tasks scheduled from follow-on schedule check
[2026-04-15T23:48:37.799+0000] {local_task_job_runner.py:245} INFO - ::endgroup::
