[2026-04-16T09:55:29.300+0000] {local_task_job_runner.py:123} INFO - ::group::Pre task execution logs
[2026-04-16T09:55:29.332+0000] {taskinstance.py:2613} INFO - Dependencies all met for dep_context=non-requeueable deps ti=<TaskInstance: titanic_dag.upload_to_hdfs manual__2026-04-16T09:55:21.743854+00:00 [queued]>
[2026-04-16T09:55:29.347+0000] {taskinstance.py:2613} INFO - Dependencies all met for dep_context=requeueable deps ti=<TaskInstance: titanic_dag.upload_to_hdfs manual__2026-04-16T09:55:21.743854+00:00 [queued]>
[2026-04-16T09:55:29.348+0000] {taskinstance.py:2866} INFO - Starting attempt 1 of 1
[2026-04-16T09:55:29.375+0000] {taskinstance.py:2889} INFO - Executing <Task(BashOperator): upload_to_hdfs> on 2026-04-16 09:55:21.743854+00:00
[2026-04-16T09:55:29.387+0000] {standard_task_runner.py:72} INFO - Started process 698 to run task
[2026-04-16T09:55:29.393+0000] {standard_task_runner.py:104} INFO - Running: ['***', 'tasks', 'run', 'titanic_dag', 'upload_to_hdfs', 'manual__2026-04-16T09:55:21.743854+00:00', '--job-id', '40', '--raw', '--subdir', 'DAGS_FOLDER/titanic_dag.py', '--cfg-path', '/tmp/tmpbki2ltmc']
[2026-04-16T09:55:29.398+0000] {standard_task_runner.py:105} INFO - Job 40: Subtask upload_to_hdfs
[2026-04-16T09:55:29.548+0000] {task_command.py:467} INFO - Running <TaskInstance: titanic_dag.upload_to_hdfs manual__2026-04-16T09:55:21.743854+00:00 [running]> on host bfb257ac0964
[2026-04-16T09:55:29.721+0000] {taskinstance.py:3132} INFO - Exporting env vars: AIRFLOW_CTX_DAG_OWNER='***' AIRFLOW_CTX_DAG_ID='titanic_dag' AIRFLOW_CTX_TASK_ID='upload_to_hdfs' AIRFLOW_CTX_EXECUTION_DATE='2026-04-16T09:55:21.743854+00:00' AIRFLOW_CTX_TRY_NUMBER='1' AIRFLOW_CTX_DAG_RUN_ID='manual__2026-04-16T09:55:21.743854+00:00'
[2026-04-16T09:55:29.724+0000] {taskinstance.py:731} INFO - ::endgroup::
[2026-04-16T09:55:29.754+0000] {subprocess.py:78} INFO - Tmp dir root location: /tmp
[2026-04-16T09:55:29.757+0000] {subprocess.py:88} INFO - Running command: ['/usr/bin/bash', '-c', "echo 'Upload'"]
[2026-04-16T09:55:29.778+0000] {subprocess.py:99} INFO - Output:
[2026-04-16T09:55:29.784+0000] {subprocess.py:106} INFO - Upload
[2026-04-16T09:55:29.785+0000] {subprocess.py:110} INFO - Command exited with return code 0
[2026-04-16T09:55:29.838+0000] {taskinstance.py:340} INFO - ::group::Post task execution logs
[2026-04-16T09:55:29.840+0000] {taskinstance.py:352} INFO - Marking task as SUCCESS. dag_id=titanic_dag, task_id=upload_to_hdfs, run_id=manual__2026-04-16T09:55:21.743854+00:00, execution_date=20260416T095521, start_date=20260416T095529, end_date=20260416T095529
[2026-04-16T09:55:29.890+0000] {local_task_job_runner.py:266} INFO - Task exited with return code 0
[2026-04-16T09:55:29.939+0000] {taskinstance.py:3895} INFO - 1 downstream tasks scheduled from follow-on schedule check
[2026-04-16T09:55:29.958+0000] {local_task_job_runner.py:245} INFO - ::endgroup::
