[2026-04-15T23:29:40.317+0000] {local_task_job_runner.py:123} INFO - ::group::Pre task execution logs
[2026-04-15T23:29:40.331+0000] {taskinstance.py:2613} INFO - Dependencies all met for dep_context=non-requeueable deps ti=<TaskInstance: titanic_dag.upload_to_hdfs manual__2026-04-15T23:29:37.143842+00:00 [queued]>
[2026-04-15T23:29:40.336+0000] {taskinstance.py:2613} INFO - Dependencies all met for dep_context=requeueable deps ti=<TaskInstance: titanic_dag.upload_to_hdfs manual__2026-04-15T23:29:37.143842+00:00 [queued]>
[2026-04-15T23:29:40.337+0000] {taskinstance.py:2866} INFO - Starting attempt 1 of 1
[2026-04-15T23:29:40.346+0000] {taskinstance.py:2889} INFO - Executing <Task(BashOperator): upload_to_hdfs> on 2026-04-15 23:29:37.143842+00:00
[2026-04-15T23:29:40.350+0000] {standard_task_runner.py:72} INFO - Started process 1089 to run task
[2026-04-15T23:29:40.353+0000] {standard_task_runner.py:104} INFO - Running: ['***', 'tasks', 'run', 'titanic_dag', 'upload_to_hdfs', 'manual__2026-04-15T23:29:37.143842+00:00', '--job-id', '27', '--raw', '--subdir', 'DAGS_FOLDER/titanic_dag.py', '--cfg-path', '/tmp/tmpjm_p9320']
[2026-04-15T23:29:40.356+0000] {standard_task_runner.py:105} INFO - Job 27: Subtask upload_to_hdfs
[2026-04-15T23:29:40.409+0000] {task_command.py:467} INFO - Running <TaskInstance: titanic_dag.upload_to_hdfs manual__2026-04-15T23:29:37.143842+00:00 [running]> on host 235f68c09f57
[2026-04-15T23:29:40.472+0000] {taskinstance.py:3132} INFO - Exporting env vars: AIRFLOW_CTX_DAG_OWNER='***' AIRFLOW_CTX_DAG_ID='titanic_dag' AIRFLOW_CTX_TASK_ID='upload_to_hdfs' AIRFLOW_CTX_EXECUTION_DATE='2026-04-15T23:29:37.143842+00:00' AIRFLOW_CTX_TRY_NUMBER='1' AIRFLOW_CTX_DAG_RUN_ID='manual__2026-04-15T23:29:37.143842+00:00'
[2026-04-15T23:29:40.473+0000] {taskinstance.py:731} INFO - ::endgroup::
[2026-04-15T23:29:40.486+0000] {subprocess.py:78} INFO - Tmp dir root location: /tmp
[2026-04-15T23:29:40.487+0000] {subprocess.py:88} INFO - Running command: ['/usr/bin/bash', '-c', '\n        docker exec namenode hdfs dfs -mkdir -p /data &&\n        docker exec namenode hdfs dfs -put -f /opt/***/data/Titanic-Dataset.csv /data/\n        ']
[2026-04-15T23:29:40.496+0000] {subprocess.py:99} INFO - Output:
[2026-04-15T23:29:40.519+0000] {subprocess.py:106} INFO - Cannot connect to the Docker daemon at unix:///var/run/docker.sock. Is the docker daemon running?
[2026-04-15T23:29:40.525+0000] {subprocess.py:110} INFO - Command exited with return code 1
[2026-04-15T23:29:40.534+0000] {taskinstance.py:3311} ERROR - Task failed with exception
Traceback (most recent call last):
  File "/home/airflow/.local/lib/python3.12/site-packages/airflow/models/taskinstance.py", line 767, in _execute_task
    result = _execute_callable(context=context, **execute_callable_kwargs)
             ^^^^^^^^^^^^^^^^^^^^^^^^^^^^^^^^^^^^^^^^^^^^^^^^^^^^^^^^^^^^^
  File "/home/airflow/.local/lib/python3.12/site-packages/airflow/models/taskinstance.py", line 733, in _execute_callable
    return ExecutionCallableRunner(
           ^^^^^^^^^^^^^^^^^^^^^^^^
  File "/home/airflow/.local/lib/python3.12/site-packages/airflow/utils/operator_helpers.py", line 252, in run
    return self.func(*args, **kwargs)
           ^^^^^^^^^^^^^^^^^^^^^^^^^^
  File "/home/airflow/.local/lib/python3.12/site-packages/airflow/models/baseoperator.py", line 422, in wrapper
    return func(self, *args, **kwargs)
           ^^^^^^^^^^^^^^^^^^^^^^^^^^^
  File "/home/airflow/.local/lib/python3.12/site-packages/airflow/operators/bash.py", line 276, in execute
    raise AirflowException(
airflow.exceptions.AirflowException: Bash command failed. The command returned a non-zero exit code 1.
[2026-04-15T23:29:40.538+0000] {taskinstance.py:1225} INFO - Marking task as FAILED. dag_id=titanic_dag, task_id=upload_to_hdfs, run_id=manual__2026-04-15T23:29:37.143842+00:00, execution_date=20260415T232937, start_date=20260415T232940, end_date=20260415T232940
[2026-04-15T23:29:40.547+0000] {taskinstance.py:340} INFO - ::group::Post task execution logs
[2026-04-15T23:29:40.548+0000] {standard_task_runner.py:124} ERROR - Failed to execute job 27 for task upload_to_hdfs (Bash command failed. The command returned a non-zero exit code 1.; 1089)
Traceback (most recent call last):
  File "/home/airflow/.local/lib/python3.12/site-packages/airflow/task/task_runner/standard_task_runner.py", line 117, in _start_by_fork
    ret = args.func(args, dag=self.dag)
          ^^^^^^^^^^^^^^^^^^^^^^^^^^^^^
  File "/home/airflow/.local/lib/python3.12/site-packages/airflow/cli/cli_config.py", line 49, in command
    return func(*args, **kwargs)
           ^^^^^^^^^^^^^^^^^^^^^
  File "/home/airflow/.local/lib/python3.12/site-packages/airflow/utils/cli.py", line 116, in wrapper
    return f(*args, **kwargs)
           ^^^^^^^^^^^^^^^^^^
  File "/home/airflow/.local/lib/python3.12/site-packages/airflow/cli/commands/task_command.py", line 483, in task_run
    task_return_code = _run_task_by_selected_method(args, _dag, ti)
                       ^^^^^^^^^^^^^^^^^^^^^^^^^^^^^^^^^^^^^^^^^^^^
  File "/home/airflow/.local/lib/python3.12/site-packages/airflow/cli/commands/task_command.py", line 256, in _run_task_by_selected_method
    return _run_raw_task(args, ti)
           ^^^^^^^^^^^^^^^^^^^^^^^
  File "/home/airflow/.local/lib/python3.12/site-packages/airflow/cli/commands/task_command.py", line 341, in _run_raw_task
    return ti._run_raw_task(
           ^^^^^^^^^^^^^^^^^
  File "/home/airflow/.local/lib/python3.12/site-packages/airflow/utils/session.py", line 97, in wrapper
    return func(*args, session=session, **kwargs)
           ^^^^^^^^^^^^^^^^^^^^^^^^^^^^^^^^^^^^^^
  File "/home/airflow/.local/lib/python3.12/site-packages/airflow/models/taskinstance.py", line 3005, in _run_raw_task
    return _run_raw_task(
           ^^^^^^^^^^^^^^
  File "/home/airflow/.local/lib/python3.12/site-packages/airflow/models/taskinstance.py", line 273, in _run_raw_task
    TaskInstance._execute_task_with_callbacks(
  File "/home/airflow/.local/lib/python3.12/site-packages/airflow/models/taskinstance.py", line 3159, in _execute_task_with_callbacks
    result = self._execute_task(context, task_orig)
             ^^^^^^^^^^^^^^^^^^^^^^^^^^^^^^^^^^^^^^
  File "/home/airflow/.local/lib/python3.12/site-packages/airflow/models/taskinstance.py", line 3183, in _execute_task
    return _execute_task(self, context, task_orig)
           ^^^^^^^^^^^^^^^^^^^^^^^^^^^^^^^^^^^^^^^
  File "/home/airflow/.local/lib/python3.12/site-packages/airflow/models/taskinstance.py", line 767, in _execute_task
    result = _execute_callable(context=context, **execute_callable_kwargs)
             ^^^^^^^^^^^^^^^^^^^^^^^^^^^^^^^^^^^^^^^^^^^^^^^^^^^^^^^^^^^^^
  File "/home/airflow/.local/lib/python3.12/site-packages/airflow/models/taskinstance.py", line 733, in _execute_callable
    return ExecutionCallableRunner(
           ^^^^^^^^^^^^^^^^^^^^^^^^
  File "/home/airflow/.local/lib/python3.12/site-packages/airflow/utils/operator_helpers.py", line 252, in run
    return self.func(*args, **kwargs)
           ^^^^^^^^^^^^^^^^^^^^^^^^^^
  File "/home/airflow/.local/lib/python3.12/site-packages/airflow/models/baseoperator.py", line 422, in wrapper
    return func(self, *args, **kwargs)
           ^^^^^^^^^^^^^^^^^^^^^^^^^^^
  File "/home/airflow/.local/lib/python3.12/site-packages/airflow/operators/bash.py", line 276, in execute
    raise AirflowException(
airflow.exceptions.AirflowException: Bash command failed. The command returned a non-zero exit code 1.
[2026-04-15T23:29:40.567+0000] {local_task_job_runner.py:266} INFO - Task exited with return code 1
[2026-04-15T23:29:40.581+0000] {taskinstance.py:3895} INFO - 0 downstream tasks scheduled from follow-on schedule check
[2026-04-15T23:29:40.583+0000] {local_task_job_runner.py:245} INFO - ::endgroup::
