[2026-04-16T12:17:02.778+0000] {local_task_job_runner.py:123} INFO - ::group::Pre task execution logs
[2026-04-16T12:17:02.791+0000] {taskinstance.py:2613} INFO - Dependencies all met for dep_context=non-requeueable deps ti=<TaskInstance: titanic_dag.upload_to_hdfs manual__2026-04-16T12:16:59.398779+00:00 [queued]>
[2026-04-16T12:17:02.797+0000] {taskinstance.py:2613} INFO - Dependencies all met for dep_context=requeueable deps ti=<TaskInstance: titanic_dag.upload_to_hdfs manual__2026-04-16T12:16:59.398779+00:00 [queued]>
[2026-04-16T12:17:02.798+0000] {taskinstance.py:2866} INFO - Starting attempt 1 of 1
[2026-04-16T12:17:02.809+0000] {taskinstance.py:2889} INFO - Executing <Task(BashOperator): upload_to_hdfs> on 2026-04-16 12:16:59.398779+00:00
[2026-04-16T12:17:02.817+0000] {standard_task_runner.py:72} INFO - Started process 670 to run task
[2026-04-16T12:17:02.819+0000] {standard_task_runner.py:104} INFO - Running: ['***', 'tasks', 'run', 'titanic_dag', 'upload_to_hdfs', 'manual__2026-04-16T12:16:59.398779+00:00', '--job-id', '59', '--raw', '--subdir', 'DAGS_FOLDER/titanic_dag.py', '--cfg-path', '/tmp/tmpn1cmhjy2']
[2026-04-16T12:17:02.822+0000] {standard_task_runner.py:105} INFO - Job 59: Subtask upload_to_hdfs
[2026-04-16T12:17:02.877+0000] {task_command.py:467} INFO - Running <TaskInstance: titanic_dag.upload_to_hdfs manual__2026-04-16T12:16:59.398779+00:00 [running]> on host 336e2b210568
[2026-04-16T12:17:02.956+0000] {taskinstance.py:3132} INFO - Exporting env vars: AIRFLOW_CTX_DAG_OWNER='***' AIRFLOW_CTX_DAG_ID='titanic_dag' AIRFLOW_CTX_TASK_ID='upload_to_hdfs' AIRFLOW_CTX_EXECUTION_DATE='2026-04-16T12:16:59.398779+00:00' AIRFLOW_CTX_TRY_NUMBER='1' AIRFLOW_CTX_DAG_RUN_ID='manual__2026-04-16T12:16:59.398779+00:00'
[2026-04-16T12:17:02.957+0000] {taskinstance.py:731} INFO - ::endgroup::
[2026-04-16T12:17:02.970+0000] {subprocess.py:78} INFO - Tmp dir root location: /tmp
[2026-04-16T12:17:02.971+0000] {subprocess.py:88} INFO - Running command: ['/usr/bin/bash', '-c', '\n        echo "test file" > /opt/***/data/test.txt\n\n        hdfs dfs -fs hdfs://hadoop-namenode:9000 -mkdir -p /user/***/test\n\n        hdfs dfs -fs hdfs://hadoop-namenode:9000 -put -f /opt/***/data/test.txt /user/***/test/\n        ']
[2026-04-16T12:17:02.981+0000] {subprocess.py:99} INFO - Output:
[2026-04-16T12:17:06.475+0000] {subprocess.py:110} INFO - Command exited with return code 0
[2026-04-16T12:17:06.499+0000] {taskinstance.py:340} INFO - ::group::Post task execution logs
[2026-04-16T12:17:06.499+0000] {taskinstance.py:352} INFO - Marking task as SUCCESS. dag_id=titanic_dag, task_id=upload_to_hdfs, run_id=manual__2026-04-16T12:16:59.398779+00:00, execution_date=20260416T121659, start_date=20260416T121702, end_date=20260416T121706
[2026-04-16T12:17:06.522+0000] {local_task_job_runner.py:266} INFO - Task exited with return code 0
[2026-04-16T12:17:06.537+0000] {taskinstance.py:3895} INFO - 0 downstream tasks scheduled from follow-on schedule check
[2026-04-16T12:17:06.538+0000] {local_task_job_runner.py:245} INFO - ::endgroup::
