[2026-04-28T20:08:19.787+0000] {local_task_job_runner.py:123} INFO - ::group::Pre task execution logs
[2026-04-28T20:08:19.823+0000] {taskinstance.py:2613} INFO - Dependencies all met for dep_context=non-requeueable deps ti=<TaskInstance: titanic_dag.upload_to_hdfs manual__2026-04-28T20:08:11.820140+00:00 [queued]>
[2026-04-28T20:08:19.838+0000] {taskinstance.py:2613} INFO - Dependencies all met for dep_context=requeueable deps ti=<TaskInstance: titanic_dag.upload_to_hdfs manual__2026-04-28T20:08:11.820140+00:00 [queued]>
[2026-04-28T20:08:19.840+0000] {taskinstance.py:2866} INFO - Starting attempt 1 of 1
[2026-04-28T20:08:19.869+0000] {taskinstance.py:2889} INFO - Executing <Task(BashOperator): upload_to_hdfs> on 2026-04-28 20:08:11.820140+00:00
[2026-04-28T20:08:19.882+0000] {standard_task_runner.py:72} INFO - Started process 420 to run task
[2026-04-28T20:08:19.889+0000] {standard_task_runner.py:104} INFO - Running: ['***', 'tasks', 'run', 'titanic_dag', 'upload_to_hdfs', 'manual__2026-04-28T20:08:11.820140+00:00', '--job-id', '95', '--raw', '--subdir', 'DAGS_FOLDER/titanic_dag.py', '--cfg-path', '/tmp/tmp64eku7ej']
[2026-04-28T20:08:19.896+0000] {standard_task_runner.py:105} INFO - Job 95: Subtask upload_to_hdfs
[2026-04-28T20:08:20.033+0000] {task_command.py:467} INFO - Running <TaskInstance: titanic_dag.upload_to_hdfs manual__2026-04-28T20:08:11.820140+00:00 [running]> on host 9fbda7c5f6bc
[2026-04-28T20:08:20.229+0000] {taskinstance.py:3132} INFO - Exporting env vars: AIRFLOW_CTX_DAG_OWNER='***' AIRFLOW_CTX_DAG_ID='titanic_dag' AIRFLOW_CTX_TASK_ID='upload_to_hdfs' AIRFLOW_CTX_EXECUTION_DATE='2026-04-28T20:08:11.820140+00:00' AIRFLOW_CTX_TRY_NUMBER='1' AIRFLOW_CTX_DAG_RUN_ID='manual__2026-04-28T20:08:11.820140+00:00'
[2026-04-28T20:08:20.230+0000] {taskinstance.py:731} INFO - ::endgroup::
[2026-04-28T20:08:20.285+0000] {subprocess.py:78} INFO - Tmp dir root location: /tmp
[2026-04-28T20:08:20.289+0000] {subprocess.py:88} INFO - Running command: ['/usr/bin/bash', '-c', '\n        hdfs dfs -fs hdfs://hadoop-namenode:9000 -mkdir -p /user/***/titanic\n\n        hdfs dfs -fs hdfs://hadoop-namenode:9000 -put -f /opt/***/data/Titanic-Dataset.csv /user/***/titanic/\n        ']
[2026-04-28T20:08:20.314+0000] {subprocess.py:99} INFO - Output:
[2026-04-28T20:08:27.813+0000] {subprocess.py:110} INFO - Command exited with return code 0
[2026-04-28T20:08:27.877+0000] {taskinstance.py:340} INFO - ::group::Post task execution logs
[2026-04-28T20:08:27.879+0000] {taskinstance.py:352} INFO - Marking task as SUCCESS. dag_id=titanic_dag, task_id=upload_to_hdfs, run_id=manual__2026-04-28T20:08:11.820140+00:00, execution_date=20260428T200811, start_date=20260428T200819, end_date=20260428T200827
[2026-04-28T20:08:29.960+0000] {local_task_job_runner.py:266} INFO - Task exited with return code 0
[2026-04-28T20:08:30.004+0000] {taskinstance.py:3895} INFO - 0 downstream tasks scheduled from follow-on schedule check
[2026-04-28T20:08:30.009+0000] {local_task_job_runner.py:245} INFO - ::endgroup::
