[2026-04-16T11:46:12.650+0000] {local_task_job_runner.py:123} INFO - ::group::Pre task execution logs
[2026-04-16T11:46:12.680+0000] {taskinstance.py:2613} INFO - Dependencies all met for dep_context=non-requeueable deps ti=<TaskInstance: titanic_dag.upload_to_hdfs manual__2026-04-16T11:46:05.245074+00:00 [queued]>
[2026-04-16T11:46:12.697+0000] {taskinstance.py:2613} INFO - Dependencies all met for dep_context=requeueable deps ti=<TaskInstance: titanic_dag.upload_to_hdfs manual__2026-04-16T11:46:05.245074+00:00 [queued]>
[2026-04-16T11:46:12.699+0000] {taskinstance.py:2866} INFO - Starting attempt 1 of 1
[2026-04-16T11:46:12.725+0000] {taskinstance.py:2889} INFO - Executing <Task(BashOperator): upload_to_hdfs> on 2026-04-16 11:46:05.245074+00:00
[2026-04-16T11:46:12.736+0000] {standard_task_runner.py:72} INFO - Started process 1318 to run task
[2026-04-16T11:46:12.742+0000] {standard_task_runner.py:104} INFO - Running: ['***', 'tasks', 'run', 'titanic_dag', 'upload_to_hdfs', 'manual__2026-04-16T11:46:05.245074+00:00', '--job-id', '55', '--raw', '--subdir', 'DAGS_FOLDER/titanic_dag.py', '--cfg-path', '/tmp/tmp_oroyg0a']
[2026-04-16T11:46:12.747+0000] {standard_task_runner.py:105} INFO - Job 55: Subtask upload_to_hdfs
[2026-04-16T11:46:12.868+0000] {task_command.py:467} INFO - Running <TaskInstance: titanic_dag.upload_to_hdfs manual__2026-04-16T11:46:05.245074+00:00 [running]> on host 336e2b210568
[2026-04-16T11:46:13.055+0000] {taskinstance.py:3132} INFO - Exporting env vars: AIRFLOW_CTX_DAG_OWNER='***' AIRFLOW_CTX_DAG_ID='titanic_dag' AIRFLOW_CTX_TASK_ID='upload_to_hdfs' AIRFLOW_CTX_EXECUTION_DATE='2026-04-16T11:46:05.245074+00:00' AIRFLOW_CTX_TRY_NUMBER='1' AIRFLOW_CTX_DAG_RUN_ID='manual__2026-04-16T11:46:05.245074+00:00'
[2026-04-16T11:46:13.057+0000] {taskinstance.py:731} INFO - ::endgroup::
[2026-04-16T11:46:13.099+0000] {subprocess.py:78} INFO - Tmp dir root location: /tmp
[2026-04-16T11:46:13.102+0000] {subprocess.py:88} INFO - Running command: ['/usr/bin/bash', '-c', '\n        curl -L -X PUT "http://hadoop-namenode:9870/webhdfs/v1/user/data/Titanic-Dataset.csv?op=CREATE&overwrite=true" --upload-file /opt/***/data/Titanic-Dataset.csv\n        ']
[2026-04-16T11:46:13.123+0000] {subprocess.py:99} INFO - Output:
[2026-04-16T11:46:13.151+0000] {subprocess.py:106} INFO -   % Total    % Received % Xferd  Average Speed   Time    Time     Time  Current
[2026-04-16T11:46:13.152+0000] {subprocess.py:106} INFO -                                  Dload  Upload   Total   Spent    Left  Speed
[2026-04-16T11:46:13.159+0000] {subprocess.py:106} INFO -   0     0    0     0    0     0      0      0 --:--:-- --:--:-- --:--:--     0100 61194    0     0  100 61194      0  6556k --:--:-- --:--:-- --:--:-- 7469k
[2026-04-16T11:46:13.183+0000] {subprocess.py:106} INFO - 100 63310  100  2116  100 61194  63850  1803k --:--:-- --:--:-- --:--:-- 1865k
[2026-04-16T11:46:13.189+0000] {subprocess.py:106} INFO - {"RemoteException":{"exception":"AccessControlException","javaClassName":"org.apache.hadoop.security.AccessControlException","message":"Permission denied: user=dr.who, access=WRITE, inode=\"/user/data\":root:supergroup:drwxr-xr-x\n\tat org.apache.hadoop.hdfs.server.namenode.FSPermissionChecker.check(FSPermissionChecker.java:399)\n\tat org.apache.hadoop.hdfs.server.namenode.FSPermissionChecker.checkPermission(FSPermissionChecker.java:255)\n\tat org.apache.hadoop.hdfs.server.namenode.FSPermissionChecker.checkPermission(FSPermissionChecker.java:193)\n\tat org.apache.hadoop.hdfs.server.namenode.FSDirectory.checkPermission(FSDirectory.java:1879)\n\tat org.apache.hadoop.hdfs.server.namenode.FSDirectory.checkPermission(FSDirectory.java:1863)\n\tat org.apache.hadoop.hdfs.server.namenode.FSDirectory.checkAncestorAccess(FSDirectory.java:1822)\n\tat org.apache.hadoop.hdfs.server.namenode.FSDirWriteFileOp.resolvePathForStartFile(FSDirWriteFileOp.java:323)\n\tat org.apache.hadoop.hdfs.server.namenode.FSNamesystem.startFileInt(FSNamesystem.java:2489)\n\tat org.apache.hadoop.hdfs.server.namenode.FSNamesystem.startFile(FSNamesystem.java:2433)\n\tat org.apache.hadoop.hdfs.server.namenode.NameNodeRpcServer.create(NameNodeRpcServer.java:791)\n\tat org.apache.hadoop.hdfs.protocolPB.ClientNamenodeProtocolServerSideTranslatorPB.create(ClientNamenodeProtocolServerSideTranslatorPB.java:475)\n\tat org.apache.hadoop.hdfs.protocol.proto.ClientNamenodeProtocolProtos$ClientNamenodeProtocol$2.callBlockingMethod(ClientNamenodeProtocolProtos.java)\n\tat org.apache.hadoop.ipc.ProtobufRpcEngine$Server$ProtoBufRpcInvoker.call(ProtobufRpcEngine.java:528)\n\tat org.apache.hadoop.ipc.RPC$Server.call(RPC.java:1070)\n\tat org.apache.hadoop.ipc.Server$RpcCall.run(Server.java:999)\n\tat org.apache.hadoop.ipc.Server$RpcCall.run(Server.java:927)\n\tat java.security.AccessController.doPrivileged(Native Method)\n\tat javax.security.auth.Subject.doAs(Subject.java:422)\n\tat org.apache.hadoop.security.UserGroupInformation.doAs(UserGroupInformation.java:1730)\n\tat org.apache.hadoop.ipc.Server$Handler.run(Server.java:2915)\n"}}
[2026-04-16T11:46:13.191+0000] {subprocess.py:110} INFO - Command exited with return code 0
[2026-04-16T11:46:13.251+0000] {taskinstance.py:340} INFO - ::group::Post task execution logs
[2026-04-16T11:46:13.253+0000] {taskinstance.py:352} INFO - Marking task as SUCCESS. dag_id=titanic_dag, task_id=upload_to_hdfs, run_id=manual__2026-04-16T11:46:05.245074+00:00, execution_date=20260416T114605, start_date=20260416T114612, end_date=20260416T114613
[2026-04-16T11:46:13.323+0000] {local_task_job_runner.py:266} INFO - Task exited with return code 0
[2026-04-16T11:46:13.355+0000] {taskinstance.py:3895} INFO - 0 downstream tasks scheduled from follow-on schedule check
[2026-04-16T11:46:13.361+0000] {local_task_job_runner.py:245} INFO - ::endgroup::
