[2026-04-16T12:54:52.987+0000] {local_task_job_runner.py:123} INFO - ::group::Pre task execution logs
[2026-04-16T12:54:53.001+0000] {taskinstance.py:2613} INFO - Dependencies all met for dep_context=non-requeueable deps ti=<TaskInstance: titanic_dag.transform manual__2026-04-16T12:54:41.704817+00:00 [queued]>
[2026-04-16T12:54:53.007+0000] {taskinstance.py:2613} INFO - Dependencies all met for dep_context=requeueable deps ti=<TaskInstance: titanic_dag.transform manual__2026-04-16T12:54:41.704817+00:00 [queued]>
[2026-04-16T12:54:53.008+0000] {taskinstance.py:2866} INFO - Starting attempt 1 of 1
[2026-04-16T12:54:53.018+0000] {taskinstance.py:2889} INFO - Executing <Task(BashOperator): transform> on 2026-04-16 12:54:41.704817+00:00
[2026-04-16T12:54:53.023+0000] {standard_task_runner.py:72} INFO - Started process 367 to run task
[2026-04-16T12:54:53.026+0000] {standard_task_runner.py:104} INFO - Running: ['***', 'tasks', 'run', 'titanic_dag', 'transform', 'manual__2026-04-16T12:54:41.704817+00:00', '--job-id', '72', '--raw', '--subdir', 'DAGS_FOLDER/titanic_dag.py', '--cfg-path', '/tmp/tmpr7c9vchl']
[2026-04-16T12:54:53.028+0000] {standard_task_runner.py:105} INFO - Job 72: Subtask transform
[2026-04-16T12:54:53.081+0000] {task_command.py:467} INFO - Running <TaskInstance: titanic_dag.transform manual__2026-04-16T12:54:41.704817+00:00 [running]> on host 9fbda7c5f6bc
[2026-04-16T12:54:53.150+0000] {taskinstance.py:3132} INFO - Exporting env vars: AIRFLOW_CTX_DAG_OWNER='***' AIRFLOW_CTX_DAG_ID='titanic_dag' AIRFLOW_CTX_TASK_ID='transform' AIRFLOW_CTX_EXECUTION_DATE='2026-04-16T12:54:41.704817+00:00' AIRFLOW_CTX_TRY_NUMBER='1' AIRFLOW_CTX_DAG_RUN_ID='manual__2026-04-16T12:54:41.704817+00:00'
[2026-04-16T12:54:53.151+0000] {taskinstance.py:731} INFO - ::endgroup::
[2026-04-16T12:54:53.164+0000] {subprocess.py:78} INFO - Tmp dir root location: /tmp
[2026-04-16T12:54:53.166+0000] {subprocess.py:88} INFO - Running command: ['/usr/bin/bash', '-c', '\n        docker exec spark-jupyter bash -c "\n        spark-submit /home/jovyan/work/titanic_spark.py\n        "\n        ']
[2026-04-16T12:54:53.176+0000] {subprocess.py:99} INFO - Output:
[2026-04-16T12:54:55.428+0000] {subprocess.py:106} INFO - python3: can't open file '/home/jovyan/work/titanic_spark.py': [Errno 2] No such file or directory
[2026-04-16T12:54:55.441+0000] {subprocess.py:106} INFO - 26/04/16 12:54:55 INFO ShutdownHookManager: Shutdown hook called
[2026-04-16T12:54:55.443+0000] {subprocess.py:106} INFO - 26/04/16 12:54:55 INFO ShutdownHookManager: Deleting directory /tmp/spark-1773e838-b133-4ac8-8ed0-be7c2df58fc6
[2026-04-16T12:54:55.508+0000] {subprocess.py:110} INFO - Command exited with return code 2
[2026-04-16T12:54:55.520+0000] {taskinstance.py:3311} ERROR - Task failed with exception
Traceback (most recent call last):
  File "/home/airflow/.local/lib/python3.12/site-packages/airflow/models/taskinstance.py", line 767, in _execute_task
    result = _execute_callable(context=context, **execute_callable_kwargs)
             ^^^^^^^^^^^^^^^^^^^^^^^^^^^^^^^^^^^^^^^^^^^^^^^^^^^^^^^^^^^^^
  File "/home/airflow/.local/lib/python3.12/site-packages/airflow/models/taskinstance.py", line 733, in _execute_callable
    return ExecutionCallableRunner(
           ^^^^^^^^^^^^^^^^^^^^^^^^
  File "/home/airflow/.local/lib/python3.12/site-packages/airflow/utils/operator_helpers.py", line 252, in run
    return self.func(*args, **kwargs)
           ^^^^^^^^^^^^^^^^^^^^^^^^^^
  File "/home/airflow/.local/lib/python3.12/site-packages/airflow/models/baseoperator.py", line 422, in wrapper
    return func(self, *args, **kwargs)
           ^^^^^^^^^^^^^^^^^^^^^^^^^^^
  File "/home/airflow/.local/lib/python3.12/site-packages/airflow/operators/bash.py", line 276, in execute
    raise AirflowException(
airflow.exceptions.AirflowException: Bash command failed. The command returned a non-zero exit code 2.
[2026-04-16T12:54:55.523+0000] {taskinstance.py:1225} INFO - Marking task as FAILED. dag_id=titanic_dag, task_id=transform, run_id=manual__2026-04-16T12:54:41.704817+00:00, execution_date=20260416T125441, start_date=20260416T125453, end_date=20260416T125455
[2026-04-16T12:54:55.534+0000] {taskinstance.py:340} INFO - ::group::Post task execution logs
[2026-04-16T12:54:55.534+0000] {standard_task_runner.py:124} ERROR - Failed to execute job 72 for task transform (Bash command failed. The command returned a non-zero exit code 2.; 367)
Traceback (most recent call last):
  File "/home/airflow/.local/lib/python3.12/site-packages/airflow/task/task_runner/standard_task_runner.py", line 117, in _start_by_fork
    ret = args.func(args, dag=self.dag)
          ^^^^^^^^^^^^^^^^^^^^^^^^^^^^^
  File "/home/airflow/.local/lib/python3.12/site-packages/airflow/cli/cli_config.py", line 49, in command
    return func(*args, **kwargs)
           ^^^^^^^^^^^^^^^^^^^^^
  File "/home/airflow/.local/lib/python3.12/site-packages/airflow/utils/cli.py", line 116, in wrapper
    return f(*args, **kwargs)
           ^^^^^^^^^^^^^^^^^^
  File "/home/airflow/.local/lib/python3.12/site-packages/airflow/cli/commands/task_command.py", line 483, in task_run
    task_return_code = _run_task_by_selected_method(args, _dag, ti)
                       ^^^^^^^^^^^^^^^^^^^^^^^^^^^^^^^^^^^^^^^^^^^^
  File "/home/airflow/.local/lib/python3.12/site-packages/airflow/cli/commands/task_command.py", line 256, in _run_task_by_selected_method
    return _run_raw_task(args, ti)
           ^^^^^^^^^^^^^^^^^^^^^^^
  File "/home/airflow/.local/lib/python3.12/site-packages/airflow/cli/commands/task_command.py", line 341, in _run_raw_task
    return ti._run_raw_task(
           ^^^^^^^^^^^^^^^^^
  File "/home/airflow/.local/lib/python3.12/site-packages/airflow/utils/session.py", line 97, in wrapper
    return func(*args, session=session, **kwargs)
           ^^^^^^^^^^^^^^^^^^^^^^^^^^^^^^^^^^^^^^
  File "/home/airflow/.local/lib/python3.12/site-packages/airflow/models/taskinstance.py", line 3005, in _run_raw_task
    return _run_raw_task(
           ^^^^^^^^^^^^^^
  File "/home/airflow/.local/lib/python3.12/site-packages/airflow/models/taskinstance.py", line 273, in _run_raw_task
    TaskInstance._execute_task_with_callbacks(
  File "/home/airflow/.local/lib/python3.12/site-packages/airflow/models/taskinstance.py", line 3159, in _execute_task_with_callbacks
    result = self._execute_task(context, task_orig)
             ^^^^^^^^^^^^^^^^^^^^^^^^^^^^^^^^^^^^^^
  File "/home/airflow/.local/lib/python3.12/site-packages/airflow/models/taskinstance.py", line 3183, in _execute_task
    return _execute_task(self, context, task_orig)
           ^^^^^^^^^^^^^^^^^^^^^^^^^^^^^^^^^^^^^^^
  File "/home/airflow/.local/lib/python3.12/site-packages/airflow/models/taskinstance.py", line 767, in _execute_task
    result = _execute_callable(context=context, **execute_callable_kwargs)
             ^^^^^^^^^^^^^^^^^^^^^^^^^^^^^^^^^^^^^^^^^^^^^^^^^^^^^^^^^^^^^
  File "/home/airflow/.local/lib/python3.12/site-packages/airflow/models/taskinstance.py", line 733, in _execute_callable
    return ExecutionCallableRunner(
           ^^^^^^^^^^^^^^^^^^^^^^^^
  File "/home/airflow/.local/lib/python3.12/site-packages/airflow/utils/operator_helpers.py", line 252, in run
    return self.func(*args, **kwargs)
           ^^^^^^^^^^^^^^^^^^^^^^^^^^
  File "/home/airflow/.local/lib/python3.12/site-packages/airflow/models/baseoperator.py", line 422, in wrapper
    return func(self, *args, **kwargs)
           ^^^^^^^^^^^^^^^^^^^^^^^^^^^
  File "/home/airflow/.local/lib/python3.12/site-packages/airflow/operators/bash.py", line 276, in execute
    raise AirflowException(
airflow.exceptions.AirflowException: Bash command failed. The command returned a non-zero exit code 2.
[2026-04-16T12:54:55.565+0000] {local_task_job_runner.py:266} INFO - Task exited with return code 1
[2026-04-16T12:54:55.581+0000] {taskinstance.py:3895} INFO - 0 downstream tasks scheduled from follow-on schedule check
[2026-04-16T12:54:55.582+0000] {local_task_job_runner.py:245} INFO - ::endgroup::
