[2026-04-29T14:38:37.670+0000] {local_task_job_runner.py:123} INFO - ::group::Pre task execution logs
[2026-04-29T14:38:37.702+0000] {taskinstance.py:2613} INFO - Dependencies all met for dep_context=non-requeueable deps ti=<TaskInstance: titanic_dag.extraction manual__2026-04-29T14:38:31.769157+00:00 [queued]>
[2026-04-29T14:38:37.720+0000] {taskinstance.py:2613} INFO - Dependencies all met for dep_context=requeueable deps ti=<TaskInstance: titanic_dag.extraction manual__2026-04-29T14:38:31.769157+00:00 [queued]>
[2026-04-29T14:38:37.726+0000] {taskinstance.py:2866} INFO - Starting attempt 1 of 1
[2026-04-29T14:38:37.754+0000] {taskinstance.py:2889} INFO - Executing <Task(BashOperator): extraction> on 2026-04-29 14:38:31.769157+00:00
[2026-04-29T14:38:37.767+0000] {standard_task_runner.py:72} INFO - Started process 305 to run task
[2026-04-29T14:38:37.776+0000] {standard_task_runner.py:104} INFO - Running: ['***', 'tasks', 'run', 'titanic_dag', 'extraction', 'manual__2026-04-29T14:38:31.769157+00:00', '--job-id', '199', '--raw', '--subdir', 'DAGS_FOLDER/titanic_dag.py', '--cfg-path', '/tmp/tmptolu6vke']
[2026-04-29T14:38:37.782+0000] {standard_task_runner.py:105} INFO - Job 199: Subtask extraction
[2026-04-29T14:38:37.943+0000] {task_command.py:467} INFO - Running <TaskInstance: titanic_dag.extraction manual__2026-04-29T14:38:31.769157+00:00 [running]> on host 9fbda7c5f6bc
[2026-04-29T14:38:38.143+0000] {taskinstance.py:3132} INFO - Exporting env vars: AIRFLOW_CTX_DAG_OWNER='***' AIRFLOW_CTX_DAG_ID='titanic_dag' AIRFLOW_CTX_TASK_ID='extraction' AIRFLOW_CTX_EXECUTION_DATE='2026-04-29T14:38:31.769157+00:00' AIRFLOW_CTX_TRY_NUMBER='1' AIRFLOW_CTX_DAG_RUN_ID='manual__2026-04-29T14:38:31.769157+00:00'
[2026-04-29T14:38:38.145+0000] {taskinstance.py:731} INFO - ::endgroup::
[2026-04-29T14:38:38.177+0000] {subprocess.py:78} INFO - Tmp dir root location: /tmp
[2026-04-29T14:38:38.180+0000] {subprocess.py:88} INFO - Running command: ['/usr/bin/bash', '-c', '\n        docker exec spark-jupyter spark-submit /home/jovyan/work/Scripts/extraction.py\n        ']
[2026-04-29T14:38:38.205+0000] {subprocess.py:99} INFO - Output:
[2026-04-29T14:38:43.629+0000] {subprocess.py:106} INFO - 26/04/29 14:38:43 INFO SparkContext: Running Spark version 3.5.0
[2026-04-29T14:38:43.634+0000] {subprocess.py:106} INFO - 26/04/29 14:38:43 INFO SparkContext: OS info Linux, 6.6.87.2-microsoft-standard-WSL2, amd64
[2026-04-29T14:38:43.635+0000] {subprocess.py:106} INFO - 26/04/29 14:38:43 INFO SparkContext: Java version 17.0.8.1
[2026-04-29T14:38:43.753+0000] {subprocess.py:106} INFO - 26/04/29 14:38:43 WARN NativeCodeLoader: Unable to load native-hadoop library for your platform... using builtin-java classes where applicable
[2026-04-29T14:38:43.967+0000] {subprocess.py:106} INFO - 26/04/29 14:38:43 INFO ResourceUtils: ==============================================================
[2026-04-29T14:38:43.968+0000] {subprocess.py:106} INFO - 26/04/29 14:38:43 INFO ResourceUtils: No custom resources configured for spark.driver.
[2026-04-29T14:38:43.969+0000] {subprocess.py:106} INFO - 26/04/29 14:38:43 INFO ResourceUtils: ==============================================================
[2026-04-29T14:38:43.970+0000] {subprocess.py:106} INFO - 26/04/29 14:38:43 INFO SparkContext: Submitted application: BronzeLayerIngestion
[2026-04-29T14:38:44.005+0000] {subprocess.py:106} INFO - 26/04/29 14:38:44 INFO ResourceProfile: Default ResourceProfile created, executor resources: Map(cores -> name: cores, amount: 1, script: , vendor: , memory -> name: memory, amount: 1024, script: , vendor: , offHeap -> name: offHeap, amount: 0, script: , vendor: ), task resources: Map(cpus -> name: cpus, amount: 1.0)
[2026-04-29T14:38:44.023+0000] {subprocess.py:106} INFO - 26/04/29 14:38:44 INFO ResourceProfile: Limiting resource is cpus at 1 tasks per executor
[2026-04-29T14:38:44.026+0000] {subprocess.py:106} INFO - 26/04/29 14:38:44 INFO ResourceProfileManager: Added ResourceProfile id: 0
[2026-04-29T14:38:44.116+0000] {subprocess.py:106} INFO - 26/04/29 14:38:44 INFO SecurityManager: Changing view acls to: root
[2026-04-29T14:38:44.118+0000] {subprocess.py:106} INFO - 26/04/29 14:38:44 INFO SecurityManager: Changing modify acls to: root
[2026-04-29T14:38:44.119+0000] {subprocess.py:106} INFO - 26/04/29 14:38:44 INFO SecurityManager: Changing view acls groups to:
[2026-04-29T14:38:44.120+0000] {subprocess.py:106} INFO - 26/04/29 14:38:44 INFO SecurityManager: Changing modify acls groups to:
[2026-04-29T14:38:44.121+0000] {subprocess.py:106} INFO - 26/04/29 14:38:44 INFO SecurityManager: SecurityManager: authentication disabled; ui acls disabled; users with view permissions: root; groups with view permissions: EMPTY; users with modify permissions: root; groups with modify permissions: EMPTY
[2026-04-29T14:38:44.651+0000] {subprocess.py:106} INFO - 26/04/29 14:38:44 INFO Utils: Successfully started service 'sparkDriver' on port 40835.
[2026-04-29T14:38:44.702+0000] {subprocess.py:106} INFO - 26/04/29 14:38:44 INFO SparkEnv: Registering MapOutputTracker
[2026-04-29T14:38:44.785+0000] {subprocess.py:106} INFO - 26/04/29 14:38:44 INFO SparkEnv: Registering BlockManagerMaster
[2026-04-29T14:38:44.839+0000] {subprocess.py:106} INFO - 26/04/29 14:38:44 INFO BlockManagerMasterEndpoint: Using org.apache.spark.storage.DefaultTopologyMapper for getting topology information
[2026-04-29T14:38:44.840+0000] {subprocess.py:106} INFO - 26/04/29 14:38:44 INFO BlockManagerMasterEndpoint: BlockManagerMasterEndpoint up
[2026-04-29T14:38:44.922+0000] {subprocess.py:106} INFO - 26/04/29 14:38:44 INFO SparkEnv: Registering BlockManagerMasterHeartbeat
[2026-04-29T14:38:44.974+0000] {subprocess.py:106} INFO - 26/04/29 14:38:44 INFO DiskBlockManager: Created local directory at /tmp/blockmgr-1b94e391-0396-4306-a238-cde0fc05baae
[2026-04-29T14:38:45.015+0000] {subprocess.py:106} INFO - 26/04/29 14:38:45 INFO MemoryStore: MemoryStore started with capacity 434.4 MiB
[2026-04-29T14:38:45.114+0000] {subprocess.py:106} INFO - 26/04/29 14:38:45 INFO SparkEnv: Registering OutputCommitCoordinator
[2026-04-29T14:38:45.320+0000] {subprocess.py:106} INFO - 26/04/29 14:38:45 INFO JettyUtils: Start Jetty 0.0.0.0:4040 for SparkUI
[2026-04-29T14:38:45.418+0000] {subprocess.py:106} INFO - 26/04/29 14:38:45 INFO Utils: Successfully started service 'SparkUI' on port 4040.
[2026-04-29T14:38:45.749+0000] {subprocess.py:106} INFO - 26/04/29 14:38:45 INFO DefaultNoHARMFailoverProxyProvider: Connecting to ResourceManager at resourcemanager/172.30.1.24:8032
[2026-04-29T14:38:46.766+0000] {subprocess.py:106} INFO - 26/04/29 14:38:46 INFO Configuration: resource-types.xml not found
[2026-04-29T14:38:46.768+0000] {subprocess.py:106} INFO - 26/04/29 14:38:46 INFO ResourceUtils: Unable to find 'resource-types.xml'.
[2026-04-29T14:38:46.788+0000] {subprocess.py:106} INFO - 26/04/29 14:38:46 INFO Client: Verifying our application has not requested more than the maximum memory capability of the cluster (8192 MB per container)
[2026-04-29T14:38:46.789+0000] {subprocess.py:106} INFO - 26/04/29 14:38:46 INFO Client: Will allocate AM container, with 896 MB memory including 384 MB overhead
[2026-04-29T14:38:46.791+0000] {subprocess.py:106} INFO - 26/04/29 14:38:46 INFO Client: Setting up container launch context for our AM
[2026-04-29T14:38:46.791+0000] {subprocess.py:106} INFO - 26/04/29 14:38:46 INFO Client: Setting up the launch environment for our AM container
[2026-04-29T14:38:46.802+0000] {subprocess.py:106} INFO - 26/04/29 14:38:46 INFO Client: Preparing resources for our AM container
[2026-04-29T14:38:46.890+0000] {subprocess.py:106} INFO - 26/04/29 14:38:46 WARN Client: Neither spark.yarn.jars nor spark.yarn.archive is set, falling back to uploading libraries under SPARK_HOME.
[2026-04-29T14:38:54.228+0000] {subprocess.py:106} INFO - 26/04/29 14:38:54 INFO Client: Uploading resource file:/tmp/spark-64d4f732-0b16-4b1c-ba56-8fbfc3d38bac/__spark_libs__12874042935368679823.zip -> hdfs://hadoop-namenode:9000/user/root/.sparkStaging/application_1777473443879_0003/__spark_libs__12874042935368679823.zip
[2026-04-29T14:38:59.789+0000] {subprocess.py:106} INFO - 26/04/29 14:38:59 INFO Client: Uploading resource file:/tmp/spark-64d4f732-0b16-4b1c-ba56-8fbfc3d38bac/__spark_conf__4054838990924539493.zip -> hdfs://hadoop-namenode:9000/user/root/.sparkStaging/application_1777473443879_0003/__spark_conf__.zip
[2026-04-29T14:38:59.880+0000] {subprocess.py:106} INFO - 26/04/29 14:38:59 INFO SecurityManager: Changing view acls to: root
[2026-04-29T14:38:59.881+0000] {subprocess.py:106} INFO - 26/04/29 14:38:59 INFO SecurityManager: Changing modify acls to: root
[2026-04-29T14:38:59.883+0000] {subprocess.py:106} INFO - 26/04/29 14:38:59 INFO SecurityManager: Changing view acls groups to:
[2026-04-29T14:38:59.884+0000] {subprocess.py:106} INFO - 26/04/29 14:38:59 INFO SecurityManager: Changing modify acls groups to:
[2026-04-29T14:38:59.885+0000] {subprocess.py:106} INFO - 26/04/29 14:38:59 INFO SecurityManager: SecurityManager: authentication disabled; ui acls disabled; users with view permissions: root; groups with view permissions: EMPTY; users with modify permissions: root; groups with modify permissions: EMPTY
[2026-04-29T14:38:59.916+0000] {subprocess.py:106} INFO - 26/04/29 14:38:59 INFO Client: Submitting application application_1777473443879_0003 to ResourceManager
[2026-04-29T14:39:00.506+0000] {subprocess.py:106} INFO - 26/04/29 14:39:00 INFO YarnClientImpl: Submitted application application_1777473443879_0003
[2026-04-29T14:39:01.513+0000] {subprocess.py:106} INFO - 26/04/29 14:39:01 INFO Client: Application report for application_1777473443879_0003 (state: ACCEPTED)
[2026-04-29T14:39:01.518+0000] {subprocess.py:106} INFO - 26/04/29 14:39:01 INFO Client:
[2026-04-29T14:39:01.519+0000] {subprocess.py:106} INFO - 	 client token: N/A
[2026-04-29T14:39:01.520+0000] {subprocess.py:106} INFO - 	 diagnostics: [Wed Apr 29 14:39:01 +0000 2026] Scheduler has assigned a container for AM, waiting for AM container to be launched
[2026-04-29T14:39:01.521+0000] {subprocess.py:106} INFO - 	 ApplicationMaster host: N/A
[2026-04-29T14:39:01.521+0000] {subprocess.py:106} INFO - 	 ApplicationMaster RPC port: -1
[2026-04-29T14:39:01.522+0000] {subprocess.py:106} INFO - 	 queue: default
[2026-04-29T14:39:01.523+0000] {subprocess.py:106} INFO - 	 start time: 1777473540163
[2026-04-29T14:39:01.524+0000] {subprocess.py:106} INFO - 	 final status: UNDEFINED
[2026-04-29T14:39:01.525+0000] {subprocess.py:106} INFO - 	 tracking URL: http://resourcemanager:8088/proxy/application_1777473443879_0003/
[2026-04-29T14:39:01.526+0000] {subprocess.py:106} INFO - 	 user: root
[2026-04-29T14:39:16.322+0000] {subprocess.py:106} INFO - 26/04/29 14:39:16 INFO Client: Application report for application_1777473443879_0003 (state: RUNNING)
[2026-04-29T14:39:16.323+0000] {subprocess.py:106} INFO - 26/04/29 14:39:16 INFO Client:
[2026-04-29T14:39:16.324+0000] {subprocess.py:106} INFO - 	 client token: N/A
[2026-04-29T14:39:16.325+0000] {subprocess.py:106} INFO - 	 diagnostics: N/A
[2026-04-29T14:39:16.326+0000] {subprocess.py:106} INFO - 	 ApplicationMaster host: 172.30.1.25
[2026-04-29T14:39:16.327+0000] {subprocess.py:106} INFO - 	 ApplicationMaster RPC port: -1
[2026-04-29T14:39:16.328+0000] {subprocess.py:106} INFO - 	 queue: default
[2026-04-29T14:39:16.329+0000] {subprocess.py:106} INFO - 	 start time: 1777473540163
[2026-04-29T14:39:16.330+0000] {subprocess.py:106} INFO - 	 final status: UNDEFINED
[2026-04-29T14:39:16.331+0000] {subprocess.py:106} INFO - 	 tracking URL: http://resourcemanager:8088/proxy/application_1777473443879_0003/
[2026-04-29T14:39:16.332+0000] {subprocess.py:106} INFO - 	 user: root
[2026-04-29T14:39:16.332+0000] {subprocess.py:106} INFO - 26/04/29 14:39:16 INFO YarnClientSchedulerBackend: Application application_1777473443879_0003 has started running.
[2026-04-29T14:39:16.349+0000] {subprocess.py:106} INFO - 26/04/29 14:39:16 INFO Utils: Successfully started service 'org.apache.spark.network.netty.NettyBlockTransferService' on port 43309.
[2026-04-29T14:39:16.350+0000] {subprocess.py:106} INFO - 26/04/29 14:39:16 INFO NettyBlockTransferService: Server created on 172.30.1.13 0.0.0.0:43309
[2026-04-29T14:39:16.354+0000] {subprocess.py:106} INFO - 26/04/29 14:39:16 INFO BlockManager: Using org.apache.spark.storage.RandomBlockReplicationPolicy for block replication policy
[2026-04-29T14:39:16.364+0000] {subprocess.py:106} INFO - 26/04/29 14:39:16 INFO BlockManagerMaster: Registering BlockManager BlockManagerId(driver, 172.30.1.13, 43309, None)
[2026-04-29T14:39:16.372+0000] {subprocess.py:106} INFO - 26/04/29 14:39:16 INFO BlockManagerMasterEndpoint: Registering block manager 172.30.1.13:43309 with 434.4 MiB RAM, BlockManagerId(driver, 172.30.1.13, 43309, None)
[2026-04-29T14:39:16.377+0000] {subprocess.py:106} INFO - 26/04/29 14:39:16 INFO BlockManagerMaster: Registered BlockManager BlockManagerId(driver, 172.30.1.13, 43309, None)
[2026-04-29T14:39:16.379+0000] {subprocess.py:106} INFO - 26/04/29 14:39:16 INFO BlockManager: Initialized BlockManager: BlockManagerId(driver, 172.30.1.13, 43309, None)
[2026-04-29T14:39:16.801+0000] {subprocess.py:106} INFO - 26/04/29 14:39:16 INFO YarnClientSchedulerBackend: Add WebUI Filter. org.apache.hadoop.yarn.server.webproxy.amfilter.AmIpFilter, Map(PROXY_HOSTS -> resourcemanager, PROXY_URI_BASES -> http://resourcemanager:8088/proxy/application_1777473443879_0003), /proxy/application_1777473443879_0003
[2026-04-29T14:39:16.816+0000] {subprocess.py:106} INFO - 26/04/29 14:39:16 INFO ServerInfo: Adding filter to /jobs: org.apache.hadoop.yarn.server.webproxy.amfilter.AmIpFilter
[2026-04-29T14:39:16.829+0000] {subprocess.py:106} INFO - 26/04/29 14:39:16 INFO ServerInfo: Adding filter to /jobs/json: org.apache.hadoop.yarn.server.webproxy.amfilter.AmIpFilter
[2026-04-29T14:39:16.832+0000] {subprocess.py:106} INFO - 26/04/29 14:39:16 INFO ServerInfo: Adding filter to /jobs/job: org.apache.hadoop.yarn.server.webproxy.amfilter.AmIpFilter
[2026-04-29T14:39:16.836+0000] {subprocess.py:106} INFO - 26/04/29 14:39:16 INFO ServerInfo: Adding filter to /jobs/job/json: org.apache.hadoop.yarn.server.webproxy.amfilter.AmIpFilter
[2026-04-29T14:39:16.839+0000] {subprocess.py:106} INFO - 26/04/29 14:39:16 INFO ServerInfo: Adding filter to /stages: org.apache.hadoop.yarn.server.webproxy.amfilter.AmIpFilter
[2026-04-29T14:39:16.843+0000] {subprocess.py:106} INFO - 26/04/29 14:39:16 INFO ServerInfo: Adding filter to /stages/json: org.apache.hadoop.yarn.server.webproxy.amfilter.AmIpFilter
[2026-04-29T14:39:16.845+0000] {subprocess.py:106} INFO - 26/04/29 14:39:16 INFO ServerInfo: Adding filter to /stages/stage: org.apache.hadoop.yarn.server.webproxy.amfilter.AmIpFilter
[2026-04-29T14:39:16.849+0000] {subprocess.py:106} INFO - 26/04/29 14:39:16 INFO ServerInfo: Adding filter to /stages/stage/json: org.apache.hadoop.yarn.server.webproxy.amfilter.AmIpFilter
[2026-04-29T14:39:16.854+0000] {subprocess.py:106} INFO - 26/04/29 14:39:16 INFO ServerInfo: Adding filter to /stages/pool: org.apache.hadoop.yarn.server.webproxy.amfilter.AmIpFilter
[2026-04-29T14:39:16.857+0000] {subprocess.py:106} INFO - 26/04/29 14:39:16 INFO ServerInfo: Adding filter to /stages/pool/json: org.apache.hadoop.yarn.server.webproxy.amfilter.AmIpFilter
[2026-04-29T14:39:16.861+0000] {subprocess.py:106} INFO - 26/04/29 14:39:16 INFO ServerInfo: Adding filter to /storage: org.apache.hadoop.yarn.server.webproxy.amfilter.AmIpFilter
[2026-04-29T14:39:16.863+0000] {subprocess.py:106} INFO - 26/04/29 14:39:16 INFO ServerInfo: Adding filter to /storage/json: org.apache.hadoop.yarn.server.webproxy.amfilter.AmIpFilter
[2026-04-29T14:39:16.865+0000] {subprocess.py:106} INFO - 26/04/29 14:39:16 INFO ServerInfo: Adding filter to /storage/rdd: org.apache.hadoop.yarn.server.webproxy.amfilter.AmIpFilter
[2026-04-29T14:39:16.868+0000] {subprocess.py:106} INFO - 26/04/29 14:39:16 INFO ServerInfo: Adding filter to /storage/rdd/json: org.apache.hadoop.yarn.server.webproxy.amfilter.AmIpFilter
[2026-04-29T14:39:16.870+0000] {subprocess.py:106} INFO - 26/04/29 14:39:16 INFO ServerInfo: Adding filter to /environment: org.apache.hadoop.yarn.server.webproxy.amfilter.AmIpFilter
[2026-04-29T14:39:16.872+0000] {subprocess.py:106} INFO - 26/04/29 14:39:16 INFO ServerInfo: Adding filter to /environment/json: org.apache.hadoop.yarn.server.webproxy.amfilter.AmIpFilter
[2026-04-29T14:39:16.875+0000] {subprocess.py:106} INFO - 26/04/29 14:39:16 INFO ServerInfo: Adding filter to /executors: org.apache.hadoop.yarn.server.webproxy.amfilter.AmIpFilter
[2026-04-29T14:39:16.878+0000] {subprocess.py:106} INFO - 26/04/29 14:39:16 INFO ServerInfo: Adding filter to /executors/json: org.apache.hadoop.yarn.server.webproxy.amfilter.AmIpFilter
[2026-04-29T14:39:16.881+0000] {subprocess.py:106} INFO - 26/04/29 14:39:16 INFO ServerInfo: Adding filter to /executors/threadDump: org.apache.hadoop.yarn.server.webproxy.amfilter.AmIpFilter
[2026-04-29T14:39:16.883+0000] {subprocess.py:106} INFO - 26/04/29 14:39:16 INFO ServerInfo: Adding filter to /executors/threadDump/json: org.apache.hadoop.yarn.server.webproxy.amfilter.AmIpFilter
[2026-04-29T14:39:16.887+0000] {subprocess.py:106} INFO - 26/04/29 14:39:16 INFO ServerInfo: Adding filter to /executors/heapHistogram: org.apache.hadoop.yarn.server.webproxy.amfilter.AmIpFilter
[2026-04-29T14:39:16.890+0000] {subprocess.py:106} INFO - 26/04/29 14:39:16 INFO ServerInfo: Adding filter to /executors/heapHistogram/json: org.apache.hadoop.yarn.server.webproxy.amfilter.AmIpFilter
[2026-04-29T14:39:16.893+0000] {subprocess.py:106} INFO - 26/04/29 14:39:16 INFO ServerInfo: Adding filter to /static: org.apache.hadoop.yarn.server.webproxy.amfilter.AmIpFilter
[2026-04-29T14:39:16.916+0000] {subprocess.py:106} INFO - 26/04/29 14:39:16 INFO ServerInfo: Adding filter to /: org.apache.hadoop.yarn.server.webproxy.amfilter.AmIpFilter
[2026-04-29T14:39:16.919+0000] {subprocess.py:106} INFO - 26/04/29 14:39:16 INFO ServerInfo: Adding filter to /api: org.apache.hadoop.yarn.server.webproxy.amfilter.AmIpFilter
[2026-04-29T14:39:16.924+0000] {subprocess.py:106} INFO - 26/04/29 14:39:16 INFO ServerInfo: Adding filter to /jobs/job/kill: org.apache.hadoop.yarn.server.webproxy.amfilter.AmIpFilter
[2026-04-29T14:39:16.926+0000] {subprocess.py:106} INFO - 26/04/29 14:39:16 INFO ServerInfo: Adding filter to /stages/stage/kill: org.apache.hadoop.yarn.server.webproxy.amfilter.AmIpFilter
[2026-04-29T14:39:16.937+0000] {subprocess.py:106} INFO - 26/04/29 14:39:16 INFO ServerInfo: Adding filter to /metrics/json: org.apache.hadoop.yarn.server.webproxy.amfilter.AmIpFilter
[2026-04-29T14:39:16.940+0000] {subprocess.py:106} INFO - 26/04/29 14:39:16 INFO YarnClientSchedulerBackend: SchedulerBackend is ready for scheduling beginning after waiting maxRegisteredResourcesWaitingTime: 30000000000(ns)
[2026-04-29T14:39:17.389+0000] {subprocess.py:106} INFO - Spark Connected
[2026-04-29T14:39:17.403+0000] {subprocess.py:106} INFO - 26/04/29 14:39:17 INFO SharedState: Setting hive.metastore.warehouse.dir ('null') to the value of spark.sql.warehouse.dir.
[2026-04-29T14:39:17.409+0000] {subprocess.py:106} INFO - 26/04/29 14:39:17 INFO SharedState: Warehouse path is 'file:/home/jovyan/spark-warehouse'.
[2026-04-29T14:39:17.436+0000] {subprocess.py:106} INFO - 26/04/29 14:39:17 INFO ServerInfo: Adding filter to /SQL: org.apache.hadoop.yarn.server.webproxy.amfilter.AmIpFilter
[2026-04-29T14:39:17.440+0000] {subprocess.py:106} INFO - 26/04/29 14:39:17 INFO ServerInfo: Adding filter to /SQL/json: org.apache.hadoop.yarn.server.webproxy.amfilter.AmIpFilter
[2026-04-29T14:39:17.443+0000] {subprocess.py:106} INFO - 26/04/29 14:39:17 INFO ServerInfo: Adding filter to /SQL/execution: org.apache.hadoop.yarn.server.webproxy.amfilter.AmIpFilter
[2026-04-29T14:39:17.445+0000] {subprocess.py:106} INFO - 26/04/29 14:39:17 INFO ServerInfo: Adding filter to /SQL/execution/json: org.apache.hadoop.yarn.server.webproxy.amfilter.AmIpFilter
[2026-04-29T14:39:17.450+0000] {subprocess.py:106} INFO - 26/04/29 14:39:17 INFO ServerInfo: Adding filter to /static/sql: org.apache.hadoop.yarn.server.webproxy.amfilter.AmIpFilter
[2026-04-29T14:39:17.535+0000] {subprocess.py:106} INFO - 26/04/29 14:39:17 INFO YarnSchedulerBackend$YarnSchedulerEndpoint: ApplicationMaster registered as NettyRpcEndpointRef(spark-client://YarnAM)
[2026-04-29T14:39:21.432+0000] {subprocess.py:106} INFO - 26/04/29 14:39:21 INFO InMemoryFileIndex: It took 2348 ms to list leaf files for 1 paths.
[2026-04-29T14:39:21.606+0000] {subprocess.py:106} INFO - 26/04/29 14:39:21 INFO HadoopFSUtils: Listing leaf files and directories in parallel under 90 paths. The first several paths are: file:/home/jovyan/work/data/raw_events/event_20260428_223151_213561.json, file:/home/jovyan/work/data/raw_events/event_20260428_223154_236371.json, file:/home/jovyan/work/data/raw_events/event_20260428_223157_254374.json, file:/home/jovyan/work/data/raw_events/event_20260428_223200_270923.json, file:/home/jovyan/work/data/raw_events/event_20260428_223200_982218.json, file:/home/jovyan/work/data/raw_events/event_20260428_223204_000493.json, file:/home/jovyan/work/data/raw_events/event_20260428_223207_020858.json, file:/home/jovyan/work/data/raw_events/event_20260428_223210_039646.json, file:/home/jovyan/work/data/raw_events/event_20260428_223213_055249.json, file:/home/jovyan/work/data/raw_events/event_20260428_223216_074974.json.
[2026-04-29T14:39:22.396+0000] {subprocess.py:106} INFO - 26/04/29 14:39:22 INFO SparkContext: Starting job: json at NativeMethodAccessorImpl.java:0
[2026-04-29T14:39:22.424+0000] {subprocess.py:106} INFO - 26/04/29 14:39:22 INFO DAGScheduler: Got job 0 (json at NativeMethodAccessorImpl.java:0) with 90 output partitions
[2026-04-29T14:39:22.426+0000] {subprocess.py:106} INFO - 26/04/29 14:39:22 INFO DAGScheduler: Final stage: ResultStage 0 (json at NativeMethodAccessorImpl.java:0)
[2026-04-29T14:39:22.427+0000] {subprocess.py:106} INFO - 26/04/29 14:39:22 INFO DAGScheduler: Parents of final stage: List()
[2026-04-29T14:39:22.430+0000] {subprocess.py:106} INFO - 26/04/29 14:39:22 INFO DAGScheduler: Missing parents: List()
[2026-04-29T14:39:22.440+0000] {subprocess.py:106} INFO - 26/04/29 14:39:22 INFO DAGScheduler: Submitting ResultStage 0 (MapPartitionsRDD[1] at json at NativeMethodAccessorImpl.java:0), which has no missing parents
[2026-04-29T14:39:22.612+0000] {subprocess.py:106} INFO - 26/04/29 14:39:22 INFO MemoryStore: Block broadcast_0 stored as values in memory (estimated size 103.6 KiB, free 434.3 MiB)
[2026-04-29T14:39:22.684+0000] {subprocess.py:106} INFO - 26/04/29 14:39:22 INFO MemoryStore: Block broadcast_0_piece0 stored as bytes in memory (estimated size 37.4 KiB, free 434.3 MiB)
[2026-04-29T14:39:22.691+0000] {subprocess.py:106} INFO - 26/04/29 14:39:22 INFO BlockManagerInfo: Added broadcast_0_piece0 in memory on 172.30.1.13:43309 (size: 37.4 KiB, free: 434.4 MiB)
[2026-04-29T14:39:22.700+0000] {subprocess.py:106} INFO - 26/04/29 14:39:22 INFO SparkContext: Created broadcast 0 from broadcast at DAGScheduler.scala:1580
[2026-04-29T14:39:22.736+0000] {subprocess.py:106} INFO - 26/04/29 14:39:22 INFO DAGScheduler: Submitting 90 missing tasks from ResultStage 0 (MapPartitionsRDD[1] at json at NativeMethodAccessorImpl.java:0) (first 15 tasks are for partitions Vector(0, 1, 2, 3, 4, 5, 6, 7, 8, 9, 10, 11, 12, 13, 14))
[2026-04-29T14:39:22.738+0000] {subprocess.py:106} INFO - 26/04/29 14:39:22 INFO YarnScheduler: Adding task set 0.0 with 90 tasks resource profile 0
[2026-04-29T14:39:25.106+0000] {subprocess.py:106} INFO - 26/04/29 14:39:25 INFO YarnSchedulerBackend$YarnDriverEndpoint: Registered executor NettyRpcEndpointRef(spark-client://Executor) (172.30.1.25:49092) with ID 2,  ResourceProfileId 0
[2026-04-29T14:39:25.315+0000] {subprocess.py:106} INFO - 26/04/29 14:39:25 INFO BlockManagerMasterEndpoint: Registering block manager 1175ad6b07ce:34753 with 366.3 MiB RAM, BlockManagerId(2, 1175ad6b07ce, 34753, None)
[2026-04-29T14:39:25.453+0000] {subprocess.py:106} INFO - 26/04/29 14:39:25 INFO TaskSetManager: Starting task 0.0 in stage 0.0 (TID 0) (1175ad6b07ce, executor 2, partition 0, PROCESS_LOCAL, 7815 bytes)
[2026-04-29T14:39:26.143+0000] {subprocess.py:106} INFO - 26/04/29 14:39:26 INFO BlockManagerInfo: Added broadcast_0_piece0 in memory on 1175ad6b07ce:34753 (size: 37.4 KiB, free: 366.3 MiB)
[2026-04-29T14:39:27.591+0000] {subprocess.py:106} INFO - 26/04/29 14:39:27 INFO TaskSetManager: Starting task 1.0 in stage 0.0 (TID 1) (1175ad6b07ce, executor 2, partition 1, PROCESS_LOCAL, 7815 bytes)
[2026-04-29T14:39:27.611+0000] {subprocess.py:106} INFO - 26/04/29 14:39:27 INFO TaskSetManager: Finished task 0.0 in stage 0.0 (TID 0) in 2187 ms on 1175ad6b07ce (executor 2) (1/90)
[2026-04-29T14:39:27.700+0000] {subprocess.py:106} INFO - 26/04/29 14:39:27 INFO TaskSetManager: Starting task 2.0 in stage 0.0 (TID 2) (1175ad6b07ce, executor 2, partition 2, PROCESS_LOCAL, 7815 bytes)
[2026-04-29T14:39:27.704+0000] {subprocess.py:106} INFO - 26/04/29 14:39:27 INFO TaskSetManager: Finished task 1.0 in stage 0.0 (TID 1) in 121 ms on 1175ad6b07ce (executor 2) (2/90)
[2026-04-29T14:39:27.777+0000] {subprocess.py:106} INFO - 26/04/29 14:39:27 INFO TaskSetManager: Starting task 3.0 in stage 0.0 (TID 3) (1175ad6b07ce, executor 2, partition 3, PROCESS_LOCAL, 7815 bytes)
[2026-04-29T14:39:27.781+0000] {subprocess.py:106} INFO - 26/04/29 14:39:27 INFO TaskSetManager: Finished task 2.0 in stage 0.0 (TID 2) in 81 ms on 1175ad6b07ce (executor 2) (3/90)
[2026-04-29T14:39:27.850+0000] {subprocess.py:106} INFO - 26/04/29 14:39:27 INFO TaskSetManager: Starting task 4.0 in stage 0.0 (TID 4) (1175ad6b07ce, executor 2, partition 4, PROCESS_LOCAL, 7815 bytes)
[2026-04-29T14:39:27.852+0000] {subprocess.py:106} INFO - 26/04/29 14:39:27 INFO TaskSetManager: Finished task 3.0 in stage 0.0 (TID 3) in 76 ms on 1175ad6b07ce (executor 2) (4/90)
[2026-04-29T14:39:27.908+0000] {subprocess.py:106} INFO - 26/04/29 14:39:27 INFO TaskSetManager: Starting task 5.0 in stage 0.0 (TID 5) (1175ad6b07ce, executor 2, partition 5, PROCESS_LOCAL, 7815 bytes)
[2026-04-29T14:39:27.913+0000] {subprocess.py:106} INFO - 26/04/29 14:39:27 INFO TaskSetManager: Finished task 4.0 in stage 0.0 (TID 4) in 64 ms on 1175ad6b07ce (executor 2) (5/90)
[2026-04-29T14:39:27.971+0000] {subprocess.py:106} INFO - 26/04/29 14:39:27 INFO TaskSetManager: Starting task 6.0 in stage 0.0 (TID 6) (1175ad6b07ce, executor 2, partition 6, PROCESS_LOCAL, 7815 bytes)
[2026-04-29T14:39:27.974+0000] {subprocess.py:106} INFO - 26/04/29 14:39:27 INFO TaskSetManager: Finished task 5.0 in stage 0.0 (TID 5) in 67 ms on 1175ad6b07ce (executor 2) (6/90)
[2026-04-29T14:39:28.021+0000] {subprocess.py:106} INFO - 26/04/29 14:39:28 INFO TaskSetManager: Starting task 7.0 in stage 0.0 (TID 7) (1175ad6b07ce, executor 2, partition 7, PROCESS_LOCAL, 7815 bytes)
[2026-04-29T14:39:28.022+0000] {subprocess.py:106} INFO - 26/04/29 14:39:28 INFO TaskSetManager: Finished task 6.0 in stage 0.0 (TID 6) in 51 ms on 1175ad6b07ce (executor 2) (7/90)
[2026-04-29T14:39:28.082+0000] {subprocess.py:106} INFO - 26/04/29 14:39:28 INFO TaskSetManager: Starting task 8.0 in stage 0.0 (TID 8) (1175ad6b07ce, executor 2, partition 8, PROCESS_LOCAL, 7815 bytes)
[2026-04-29T14:39:28.085+0000] {subprocess.py:106} INFO - 26/04/29 14:39:28 INFO TaskSetManager: Finished task 7.0 in stage 0.0 (TID 7) in 67 ms on 1175ad6b07ce (executor 2) (8/90)
[2026-04-29T14:39:28.148+0000] {subprocess.py:106} INFO - 26/04/29 14:39:28 INFO TaskSetManager: Starting task 9.0 in stage 0.0 (TID 9) (1175ad6b07ce, executor 2, partition 9, PROCESS_LOCAL, 7815 bytes)
[2026-04-29T14:39:28.151+0000] {subprocess.py:106} INFO - 26/04/29 14:39:28 INFO TaskSetManager: Finished task 8.0 in stage 0.0 (TID 8) in 68 ms on 1175ad6b07ce (executor 2) (9/90)
[2026-04-29T14:39:28.214+0000] {subprocess.py:106} INFO - 26/04/29 14:39:28 INFO TaskSetManager: Starting task 10.0 in stage 0.0 (TID 10) (1175ad6b07ce, executor 2, partition 10, PROCESS_LOCAL, 7815 bytes)
[2026-04-29T14:39:28.216+0000] {subprocess.py:106} INFO - 26/04/29 14:39:28 INFO TaskSetManager: Finished task 9.0 in stage 0.0 (TID 9) in 71 ms on 1175ad6b07ce (executor 2) (10/90)
[2026-04-29T14:39:28.263+0000] {subprocess.py:106} INFO - 26/04/29 14:39:28 INFO TaskSetManager: Starting task 11.0 in stage 0.0 (TID 11) (1175ad6b07ce, executor 2, partition 11, PROCESS_LOCAL, 7815 bytes)
[2026-04-29T14:39:28.268+0000] {subprocess.py:106} INFO - 26/04/29 14:39:28 INFO TaskSetManager: Finished task 10.0 in stage 0.0 (TID 10) in 53 ms on 1175ad6b07ce (executor 2) (11/90)
[2026-04-29T14:39:28.323+0000] {subprocess.py:106} INFO - 26/04/29 14:39:28 INFO TaskSetManager: Starting task 12.0 in stage 0.0 (TID 12) (1175ad6b07ce, executor 2, partition 12, PROCESS_LOCAL, 7815 bytes)
[2026-04-29T14:39:28.326+0000] {subprocess.py:106} INFO - 26/04/29 14:39:28 INFO TaskSetManager: Finished task 11.0 in stage 0.0 (TID 11) in 63 ms on 1175ad6b07ce (executor 2) (12/90)
[2026-04-29T14:39:28.372+0000] {subprocess.py:106} INFO - 26/04/29 14:39:28 INFO TaskSetManager: Starting task 13.0 in stage 0.0 (TID 13) (1175ad6b07ce, executor 2, partition 13, PROCESS_LOCAL, 7815 bytes)
[2026-04-29T14:39:28.375+0000] {subprocess.py:106} INFO - 26/04/29 14:39:28 INFO TaskSetManager: Finished task 12.0 in stage 0.0 (TID 12) in 53 ms on 1175ad6b07ce (executor 2) (13/90)
[2026-04-29T14:39:28.429+0000] {subprocess.py:106} INFO - 26/04/29 14:39:28 INFO TaskSetManager: Starting task 14.0 in stage 0.0 (TID 14) (1175ad6b07ce, executor 2, partition 14, PROCESS_LOCAL, 7815 bytes)
[2026-04-29T14:39:28.431+0000] {subprocess.py:106} INFO - 26/04/29 14:39:28 INFO TaskSetManager: Finished task 13.0 in stage 0.0 (TID 13) in 60 ms on 1175ad6b07ce (executor 2) (14/90)
[2026-04-29T14:39:28.482+0000] {subprocess.py:106} INFO - 26/04/29 14:39:28 INFO TaskSetManager: Starting task 15.0 in stage 0.0 (TID 15) (1175ad6b07ce, executor 2, partition 15, PROCESS_LOCAL, 7815 bytes)
[2026-04-29T14:39:28.484+0000] {subprocess.py:106} INFO - 26/04/29 14:39:28 INFO TaskSetManager: Finished task 14.0 in stage 0.0 (TID 14) in 56 ms on 1175ad6b07ce (executor 2) (15/90)
[2026-04-29T14:39:28.540+0000] {subprocess.py:106} INFO - 26/04/29 14:39:28 INFO TaskSetManager: Starting task 16.0 in stage 0.0 (TID 16) (1175ad6b07ce, executor 2, partition 16, PROCESS_LOCAL, 7815 bytes)
[2026-04-29T14:39:28.543+0000] {subprocess.py:106} INFO - 26/04/29 14:39:28 INFO TaskSetManager: Finished task 15.0 in stage 0.0 (TID 15) in 61 ms on 1175ad6b07ce (executor 2) (16/90)
[2026-04-29T14:39:28.595+0000] {subprocess.py:106} INFO - 26/04/29 14:39:28 INFO TaskSetManager: Starting task 17.0 in stage 0.0 (TID 17) (1175ad6b07ce, executor 2, partition 17, PROCESS_LOCAL, 7815 bytes)
[2026-04-29T14:39:28.596+0000] {subprocess.py:106} INFO - 26/04/29 14:39:28 INFO TaskSetManager: Finished task 16.0 in stage 0.0 (TID 16) in 60 ms on 1175ad6b07ce (executor 2) (17/90)
[2026-04-29T14:39:28.655+0000] {subprocess.py:106} INFO - 26/04/29 14:39:28 INFO TaskSetManager: Starting task 18.0 in stage 0.0 (TID 18) (1175ad6b07ce, executor 2, partition 18, PROCESS_LOCAL, 7815 bytes)
[2026-04-29T14:39:28.657+0000] {subprocess.py:106} INFO - 26/04/29 14:39:28 INFO TaskSetManager: Finished task 17.0 in stage 0.0 (TID 17) in 64 ms on 1175ad6b07ce (executor 2) (18/90)
[2026-04-29T14:39:28.710+0000] {subprocess.py:106} INFO - 26/04/29 14:39:28 INFO TaskSetManager: Starting task 19.0 in stage 0.0 (TID 19) (1175ad6b07ce, executor 2, partition 19, PROCESS_LOCAL, 7815 bytes)
[2026-04-29T14:39:28.711+0000] {subprocess.py:106} INFO - 26/04/29 14:39:28 INFO TaskSetManager: Finished task 18.0 in stage 0.0 (TID 18) in 57 ms on 1175ad6b07ce (executor 2) (19/90)
[2026-04-29T14:39:28.762+0000] {subprocess.py:106} INFO - 26/04/29 14:39:28 INFO TaskSetManager: Starting task 20.0 in stage 0.0 (TID 20) (1175ad6b07ce, executor 2, partition 20, PROCESS_LOCAL, 7815 bytes)
[2026-04-29T14:39:28.764+0000] {subprocess.py:106} INFO - 26/04/29 14:39:28 INFO TaskSetManager: Finished task 19.0 in stage 0.0 (TID 19) in 55 ms on 1175ad6b07ce (executor 2) (20/90)
[2026-04-29T14:39:28.812+0000] {subprocess.py:106} INFO - 26/04/29 14:39:28 INFO TaskSetManager: Starting task 21.0 in stage 0.0 (TID 21) (1175ad6b07ce, executor 2, partition 21, PROCESS_LOCAL, 7815 bytes)
[2026-04-29T14:39:28.815+0000] {subprocess.py:106} INFO - 26/04/29 14:39:28 INFO TaskSetManager: Finished task 20.0 in stage 0.0 (TID 20) in 52 ms on 1175ad6b07ce (executor 2) (21/90)
[2026-04-29T14:39:28.869+0000] {subprocess.py:106} INFO - 26/04/29 14:39:28 INFO TaskSetManager: Starting task 22.0 in stage 0.0 (TID 22) (1175ad6b07ce, executor 2, partition 22, PROCESS_LOCAL, 7815 bytes)
[2026-04-29T14:39:28.871+0000] {subprocess.py:106} INFO - 26/04/29 14:39:28 INFO TaskSetManager: Finished task 21.0 in stage 0.0 (TID 21) in 59 ms on 1175ad6b07ce (executor 2) (22/90)
[2026-04-29T14:39:28.924+0000] {subprocess.py:106} INFO - 26/04/29 14:39:28 INFO TaskSetManager: Starting task 23.0 in stage 0.0 (TID 23) (1175ad6b07ce, executor 2, partition 23, PROCESS_LOCAL, 7815 bytes)
[2026-04-29T14:39:28.927+0000] {subprocess.py:106} INFO - 26/04/29 14:39:28 INFO TaskSetManager: Finished task 22.0 in stage 0.0 (TID 22) in 56 ms on 1175ad6b07ce (executor 2) (23/90)
[2026-04-29T14:39:28.976+0000] {subprocess.py:106} INFO - 26/04/29 14:39:28 INFO TaskSetManager: Starting task 24.0 in stage 0.0 (TID 24) (1175ad6b07ce, executor 2, partition 24, PROCESS_LOCAL, 7815 bytes)
[2026-04-29T14:39:28.978+0000] {subprocess.py:106} INFO - 26/04/29 14:39:28 INFO TaskSetManager: Finished task 23.0 in stage 0.0 (TID 23) in 54 ms on 1175ad6b07ce (executor 2) (24/90)
[2026-04-29T14:39:29.026+0000] {subprocess.py:106} INFO - 26/04/29 14:39:29 INFO TaskSetManager: Starting task 25.0 in stage 0.0 (TID 25) (1175ad6b07ce, executor 2, partition 25, PROCESS_LOCAL, 7815 bytes)
[2026-04-29T14:39:29.029+0000] {subprocess.py:106} INFO - 26/04/29 14:39:29 INFO TaskSetManager: Finished task 24.0 in stage 0.0 (TID 24) in 53 ms on 1175ad6b07ce (executor 2) (25/90)
[2026-04-29T14:39:29.081+0000] {subprocess.py:106} INFO - 26/04/29 14:39:29 INFO TaskSetManager: Starting task 26.0 in stage 0.0 (TID 26) (1175ad6b07ce, executor 2, partition 26, PROCESS_LOCAL, 7815 bytes)
[2026-04-29T14:39:29.083+0000] {subprocess.py:106} INFO - 26/04/29 14:39:29 INFO TaskSetManager: Finished task 25.0 in stage 0.0 (TID 25) in 57 ms on 1175ad6b07ce (executor 2) (26/90)
[2026-04-29T14:39:29.134+0000] {subprocess.py:106} INFO - 26/04/29 14:39:29 INFO TaskSetManager: Starting task 27.0 in stage 0.0 (TID 27) (1175ad6b07ce, executor 2, partition 27, PROCESS_LOCAL, 7815 bytes)
[2026-04-29T14:39:29.137+0000] {subprocess.py:106} INFO - 26/04/29 14:39:29 INFO TaskSetManager: Finished task 26.0 in stage 0.0 (TID 26) in 55 ms on 1175ad6b07ce (executor 2) (27/90)
[2026-04-29T14:39:29.226+0000] {subprocess.py:106} INFO - 26/04/29 14:39:29 INFO TaskSetManager: Starting task 28.0 in stage 0.0 (TID 28) (1175ad6b07ce, executor 2, partition 28, PROCESS_LOCAL, 7815 bytes)
[2026-04-29T14:39:29.227+0000] {subprocess.py:106} INFO - 26/04/29 14:39:29 INFO TaskSetManager: Finished task 27.0 in stage 0.0 (TID 27) in 93 ms on 1175ad6b07ce (executor 2) (28/90)
[2026-04-29T14:39:29.281+0000] {subprocess.py:106} INFO - 26/04/29 14:39:29 INFO TaskSetManager: Starting task 29.0 in stage 0.0 (TID 29) (1175ad6b07ce, executor 2, partition 29, PROCESS_LOCAL, 7815 bytes)
[2026-04-29T14:39:29.282+0000] {subprocess.py:106} INFO - 26/04/29 14:39:29 INFO TaskSetManager: Finished task 28.0 in stage 0.0 (TID 28) in 59 ms on 1175ad6b07ce (executor 2) (29/90)
[2026-04-29T14:39:29.338+0000] {subprocess.py:106} INFO - 26/04/29 14:39:29 INFO TaskSetManager: Starting task 30.0 in stage 0.0 (TID 30) (1175ad6b07ce, executor 2, partition 30, PROCESS_LOCAL, 7815 bytes)
[2026-04-29T14:39:29.339+0000] {subprocess.py:106} INFO - 26/04/29 14:39:29 INFO TaskSetManager: Finished task 29.0 in stage 0.0 (TID 29) in 58 ms on 1175ad6b07ce (executor 2) (30/90)
[2026-04-29T14:39:29.388+0000] {subprocess.py:106} INFO - 26/04/29 14:39:29 INFO TaskSetManager: Starting task 31.0 in stage 0.0 (TID 31) (1175ad6b07ce, executor 2, partition 31, PROCESS_LOCAL, 7815 bytes)
[2026-04-29T14:39:29.392+0000] {subprocess.py:106} INFO - 26/04/29 14:39:29 INFO TaskSetManager: Finished task 30.0 in stage 0.0 (TID 30) in 52 ms on 1175ad6b07ce (executor 2) (31/90)
[2026-04-29T14:39:29.440+0000] {subprocess.py:106} INFO - 26/04/29 14:39:29 INFO TaskSetManager: Starting task 32.0 in stage 0.0 (TID 32) (1175ad6b07ce, executor 2, partition 32, PROCESS_LOCAL, 7815 bytes)
[2026-04-29T14:39:29.443+0000] {subprocess.py:106} INFO - 26/04/29 14:39:29 INFO TaskSetManager: Finished task 31.0 in stage 0.0 (TID 31) in 55 ms on 1175ad6b07ce (executor 2) (32/90)
[2026-04-29T14:39:29.491+0000] {subprocess.py:106} INFO - 26/04/29 14:39:29 INFO TaskSetManager: Starting task 33.0 in stage 0.0 (TID 33) (1175ad6b07ce, executor 2, partition 33, PROCESS_LOCAL, 7815 bytes)
[2026-04-29T14:39:29.492+0000] {subprocess.py:106} INFO - 26/04/29 14:39:29 INFO TaskSetManager: Finished task 32.0 in stage 0.0 (TID 32) in 52 ms on 1175ad6b07ce (executor 2) (33/90)
[2026-04-29T14:39:29.541+0000] {subprocess.py:106} INFO - 26/04/29 14:39:29 INFO TaskSetManager: Starting task 34.0 in stage 0.0 (TID 34) (1175ad6b07ce, executor 2, partition 34, PROCESS_LOCAL, 7815 bytes)
[2026-04-29T14:39:29.542+0000] {subprocess.py:106} INFO - 26/04/29 14:39:29 INFO TaskSetManager: Finished task 33.0 in stage 0.0 (TID 33) in 52 ms on 1175ad6b07ce (executor 2) (34/90)
[2026-04-29T14:39:29.593+0000] {subprocess.py:106} INFO - 26/04/29 14:39:29 INFO TaskSetManager: Starting task 35.0 in stage 0.0 (TID 35) (1175ad6b07ce, executor 2, partition 35, PROCESS_LOCAL, 7815 bytes)
[2026-04-29T14:39:29.595+0000] {subprocess.py:106} INFO - 26/04/29 14:39:29 INFO TaskSetManager: Finished task 34.0 in stage 0.0 (TID 34) in 55 ms on 1175ad6b07ce (executor 2) (35/90)
[2026-04-29T14:39:29.645+0000] {subprocess.py:106} INFO - 26/04/29 14:39:29 INFO TaskSetManager: Starting task 36.0 in stage 0.0 (TID 36) (1175ad6b07ce, executor 2, partition 36, PROCESS_LOCAL, 7815 bytes)
[2026-04-29T14:39:29.648+0000] {subprocess.py:106} INFO - 26/04/29 14:39:29 INFO TaskSetManager: Finished task 35.0 in stage 0.0 (TID 35) in 54 ms on 1175ad6b07ce (executor 2) (36/90)
[2026-04-29T14:39:29.706+0000] {subprocess.py:106} INFO - 26/04/29 14:39:29 INFO TaskSetManager: Starting task 37.0 in stage 0.0 (TID 37) (1175ad6b07ce, executor 2, partition 37, PROCESS_LOCAL, 7815 bytes)
[2026-04-29T14:39:29.708+0000] {subprocess.py:106} INFO - 26/04/29 14:39:29 INFO TaskSetManager: Finished task 36.0 in stage 0.0 (TID 36) in 61 ms on 1175ad6b07ce (executor 2) (37/90)
[2026-04-29T14:39:29.753+0000] {subprocess.py:106} INFO - 26/04/29 14:39:29 INFO TaskSetManager: Starting task 38.0 in stage 0.0 (TID 38) (1175ad6b07ce, executor 2, partition 38, PROCESS_LOCAL, 7815 bytes)
[2026-04-29T14:39:29.754+0000] {subprocess.py:106} INFO - 26/04/29 14:39:29 INFO TaskSetManager: Finished task 37.0 in stage 0.0 (TID 37) in 51 ms on 1175ad6b07ce (executor 2) (38/90)
[2026-04-29T14:39:29.801+0000] {subprocess.py:106} INFO - 26/04/29 14:39:29 INFO TaskSetManager: Starting task 39.0 in stage 0.0 (TID 39) (1175ad6b07ce, executor 2, partition 39, PROCESS_LOCAL, 7815 bytes)
[2026-04-29T14:39:29.803+0000] {subprocess.py:106} INFO - 26/04/29 14:39:29 INFO TaskSetManager: Finished task 38.0 in stage 0.0 (TID 38) in 51 ms on 1175ad6b07ce (executor 2) (39/90)
[2026-04-29T14:39:29.853+0000] {subprocess.py:106} INFO - 26/04/29 14:39:29 INFO TaskSetManager: Starting task 40.0 in stage 0.0 (TID 40) (1175ad6b07ce, executor 2, partition 40, PROCESS_LOCAL, 7815 bytes)
[2026-04-29T14:39:29.855+0000] {subprocess.py:106} INFO - 26/04/29 14:39:29 INFO TaskSetManager: Finished task 39.0 in stage 0.0 (TID 39) in 55 ms on 1175ad6b07ce (executor 2) (40/90)
[2026-04-29T14:39:29.907+0000] {subprocess.py:106} INFO - 26/04/29 14:39:29 INFO TaskSetManager: Starting task 41.0 in stage 0.0 (TID 41) (1175ad6b07ce, executor 2, partition 41, PROCESS_LOCAL, 7815 bytes)
[2026-04-29T14:39:29.909+0000] {subprocess.py:106} INFO - 26/04/29 14:39:29 INFO TaskSetManager: Finished task 40.0 in stage 0.0 (TID 40) in 56 ms on 1175ad6b07ce (executor 2) (41/90)
[2026-04-29T14:39:29.962+0000] {subprocess.py:106} INFO - 26/04/29 14:39:29 INFO TaskSetManager: Starting task 42.0 in stage 0.0 (TID 42) (1175ad6b07ce, executor 2, partition 42, PROCESS_LOCAL, 7815 bytes)
[2026-04-29T14:39:29.964+0000] {subprocess.py:106} INFO - 26/04/29 14:39:29 INFO TaskSetManager: Finished task 41.0 in stage 0.0 (TID 41) in 57 ms on 1175ad6b07ce (executor 2) (42/90)
[2026-04-29T14:39:30.017+0000] {subprocess.py:106} INFO - 26/04/29 14:39:30 INFO TaskSetManager: Starting task 43.0 in stage 0.0 (TID 43) (1175ad6b07ce, executor 2, partition 43, PROCESS_LOCAL, 7815 bytes)
[2026-04-29T14:39:30.019+0000] {subprocess.py:106} INFO - 26/04/29 14:39:30 INFO TaskSetManager: Finished task 42.0 in stage 0.0 (TID 42) in 57 ms on 1175ad6b07ce (executor 2) (43/90)
[2026-04-29T14:39:30.071+0000] {subprocess.py:106} INFO - 26/04/29 14:39:30 INFO TaskSetManager: Starting task 44.0 in stage 0.0 (TID 44) (1175ad6b07ce, executor 2, partition 44, PROCESS_LOCAL, 7815 bytes)
[2026-04-29T14:39:30.072+0000] {subprocess.py:106} INFO - 26/04/29 14:39:30 INFO TaskSetManager: Finished task 43.0 in stage 0.0 (TID 43) in 55 ms on 1175ad6b07ce (executor 2) (44/90)
[2026-04-29T14:39:30.128+0000] {subprocess.py:106} INFO - 26/04/29 14:39:30 INFO TaskSetManager: Starting task 45.0 in stage 0.0 (TID 45) (1175ad6b07ce, executor 2, partition 45, PROCESS_LOCAL, 7815 bytes)
[2026-04-29T14:39:30.129+0000] {subprocess.py:106} INFO - 26/04/29 14:39:30 INFO TaskSetManager: Finished task 44.0 in stage 0.0 (TID 44) in 58 ms on 1175ad6b07ce (executor 2) (45/90)
[2026-04-29T14:39:30.180+0000] {subprocess.py:106} INFO - 26/04/29 14:39:30 INFO TaskSetManager: Starting task 46.0 in stage 0.0 (TID 46) (1175ad6b07ce, executor 2, partition 46, PROCESS_LOCAL, 7815 bytes)
[2026-04-29T14:39:30.181+0000] {subprocess.py:106} INFO - 26/04/29 14:39:30 INFO TaskSetManager: Finished task 45.0 in stage 0.0 (TID 45) in 54 ms on 1175ad6b07ce (executor 2) (46/90)
[2026-04-29T14:39:30.231+0000] {subprocess.py:106} INFO - 26/04/29 14:39:30 INFO TaskSetManager: Starting task 47.0 in stage 0.0 (TID 47) (1175ad6b07ce, executor 2, partition 47, PROCESS_LOCAL, 7815 bytes)
[2026-04-29T14:39:30.232+0000] {subprocess.py:106} INFO - 26/04/29 14:39:30 INFO TaskSetManager: Finished task 46.0 in stage 0.0 (TID 46) in 52 ms on 1175ad6b07ce (executor 2) (47/90)
[2026-04-29T14:39:30.282+0000] {subprocess.py:106} INFO - 26/04/29 14:39:30 INFO TaskSetManager: Starting task 48.0 in stage 0.0 (TID 48) (1175ad6b07ce, executor 2, partition 48, PROCESS_LOCAL, 7815 bytes)
[2026-04-29T14:39:30.284+0000] {subprocess.py:106} INFO - 26/04/29 14:39:30 INFO TaskSetManager: Finished task 47.0 in stage 0.0 (TID 47) in 54 ms on 1175ad6b07ce (executor 2) (48/90)
[2026-04-29T14:39:30.335+0000] {subprocess.py:106} INFO - 26/04/29 14:39:30 INFO TaskSetManager: Starting task 49.0 in stage 0.0 (TID 49) (1175ad6b07ce, executor 2, partition 49, PROCESS_LOCAL, 7815 bytes)
[2026-04-29T14:39:30.340+0000] {subprocess.py:106} INFO - 26/04/29 14:39:30 INFO TaskSetManager: Finished task 48.0 in stage 0.0 (TID 48) in 57 ms on 1175ad6b07ce (executor 2) (49/90)
[2026-04-29T14:39:30.388+0000] {subprocess.py:106} INFO - 26/04/29 14:39:30 INFO TaskSetManager: Starting task 50.0 in stage 0.0 (TID 50) (1175ad6b07ce, executor 2, partition 50, PROCESS_LOCAL, 7815 bytes)
[2026-04-29T14:39:30.389+0000] {subprocess.py:106} INFO - 26/04/29 14:39:30 INFO TaskSetManager: Finished task 49.0 in stage 0.0 (TID 49) in 54 ms on 1175ad6b07ce (executor 2) (50/90)
[2026-04-29T14:39:30.437+0000] {subprocess.py:106} INFO - 26/04/29 14:39:30 INFO TaskSetManager: Starting task 51.0 in stage 0.0 (TID 51) (1175ad6b07ce, executor 2, partition 51, PROCESS_LOCAL, 7815 bytes)
[2026-04-29T14:39:30.438+0000] {subprocess.py:106} INFO - 26/04/29 14:39:30 INFO TaskSetManager: Finished task 50.0 in stage 0.0 (TID 50) in 51 ms on 1175ad6b07ce (executor 2) (51/90)
[2026-04-29T14:39:30.485+0000] {subprocess.py:106} INFO - 26/04/29 14:39:30 INFO TaskSetManager: Starting task 52.0 in stage 0.0 (TID 52) (1175ad6b07ce, executor 2, partition 52, PROCESS_LOCAL, 7815 bytes)
[2026-04-29T14:39:30.487+0000] {subprocess.py:106} INFO - 26/04/29 14:39:30 INFO TaskSetManager: Finished task 51.0 in stage 0.0 (TID 51) in 51 ms on 1175ad6b07ce (executor 2) (52/90)
[2026-04-29T14:39:30.535+0000] {subprocess.py:106} INFO - 26/04/29 14:39:30 INFO TaskSetManager: Starting task 53.0 in stage 0.0 (TID 53) (1175ad6b07ce, executor 2, partition 53, PROCESS_LOCAL, 7815 bytes)
[2026-04-29T14:39:30.540+0000] {subprocess.py:106} INFO - 26/04/29 14:39:30 INFO TaskSetManager: Finished task 52.0 in stage 0.0 (TID 52) in 53 ms on 1175ad6b07ce (executor 2) (53/90)
[2026-04-29T14:39:30.588+0000] {subprocess.py:106} INFO - 26/04/29 14:39:30 INFO TaskSetManager: Starting task 54.0 in stage 0.0 (TID 54) (1175ad6b07ce, executor 2, partition 54, PROCESS_LOCAL, 7815 bytes)
[2026-04-29T14:39:30.590+0000] {subprocess.py:106} INFO - 26/04/29 14:39:30 INFO TaskSetManager: Finished task 53.0 in stage 0.0 (TID 53) in 55 ms on 1175ad6b07ce (executor 2) (54/90)
[2026-04-29T14:39:30.649+0000] {subprocess.py:106} INFO - 26/04/29 14:39:30 INFO TaskSetManager: Starting task 55.0 in stage 0.0 (TID 55) (1175ad6b07ce, executor 2, partition 55, PROCESS_LOCAL, 7815 bytes)
[2026-04-29T14:39:30.650+0000] {subprocess.py:106} INFO - 26/04/29 14:39:30 INFO TaskSetManager: Finished task 54.0 in stage 0.0 (TID 54) in 62 ms on 1175ad6b07ce (executor 2) (55/90)
[2026-04-29T14:39:30.701+0000] {subprocess.py:106} INFO - 26/04/29 14:39:30 INFO TaskSetManager: Starting task 56.0 in stage 0.0 (TID 56) (1175ad6b07ce, executor 2, partition 56, PROCESS_LOCAL, 7815 bytes)
[2026-04-29T14:39:30.703+0000] {subprocess.py:106} INFO - 26/04/29 14:39:30 INFO TaskSetManager: Finished task 55.0 in stage 0.0 (TID 55) in 54 ms on 1175ad6b07ce (executor 2) (56/90)
[2026-04-29T14:39:30.753+0000] {subprocess.py:106} INFO - 26/04/29 14:39:30 INFO TaskSetManager: Starting task 57.0 in stage 0.0 (TID 57) (1175ad6b07ce, executor 2, partition 57, PROCESS_LOCAL, 7815 bytes)
[2026-04-29T14:39:30.754+0000] {subprocess.py:106} INFO - 26/04/29 14:39:30 INFO TaskSetManager: Finished task 56.0 in stage 0.0 (TID 56) in 54 ms on 1175ad6b07ce (executor 2) (57/90)
[2026-04-29T14:39:30.804+0000] {subprocess.py:106} INFO - 26/04/29 14:39:30 INFO TaskSetManager: Starting task 58.0 in stage 0.0 (TID 58) (1175ad6b07ce, executor 2, partition 58, PROCESS_LOCAL, 7815 bytes)
[2026-04-29T14:39:30.805+0000] {subprocess.py:106} INFO - 26/04/29 14:39:30 INFO TaskSetManager: Finished task 57.0 in stage 0.0 (TID 57) in 54 ms on 1175ad6b07ce (executor 2) (58/90)
[2026-04-29T14:39:30.859+0000] {subprocess.py:106} INFO - 26/04/29 14:39:30 INFO TaskSetManager: Starting task 59.0 in stage 0.0 (TID 59) (1175ad6b07ce, executor 2, partition 59, PROCESS_LOCAL, 7815 bytes)
[2026-04-29T14:39:30.862+0000] {subprocess.py:106} INFO - 26/04/29 14:39:30 INFO TaskSetManager: Finished task 58.0 in stage 0.0 (TID 58) in 57 ms on 1175ad6b07ce (executor 2) (59/90)
[2026-04-29T14:39:30.916+0000] {subprocess.py:106} INFO - 26/04/29 14:39:30 INFO TaskSetManager: Starting task 60.0 in stage 0.0 (TID 60) (1175ad6b07ce, executor 2, partition 60, PROCESS_LOCAL, 7815 bytes)
[2026-04-29T14:39:30.917+0000] {subprocess.py:106} INFO - 26/04/29 14:39:30 INFO TaskSetManager: Finished task 59.0 in stage 0.0 (TID 59) in 59 ms on 1175ad6b07ce (executor 2) (60/90)
[2026-04-29T14:39:30.961+0000] {subprocess.py:106} INFO - 26/04/29 14:39:30 INFO TaskSetManager: Starting task 61.0 in stage 0.0 (TID 61) (1175ad6b07ce, executor 2, partition 61, PROCESS_LOCAL, 7815 bytes)
[2026-04-29T14:39:30.963+0000] {subprocess.py:106} INFO - 26/04/29 14:39:30 INFO TaskSetManager: Finished task 60.0 in stage 0.0 (TID 60) in 47 ms on 1175ad6b07ce (executor 2) (61/90)
[2026-04-29T14:39:31.008+0000] {subprocess.py:106} INFO - 26/04/29 14:39:31 INFO TaskSetManager: Starting task 62.0 in stage 0.0 (TID 62) (1175ad6b07ce, executor 2, partition 62, PROCESS_LOCAL, 7815 bytes)
[2026-04-29T14:39:31.010+0000] {subprocess.py:106} INFO - 26/04/29 14:39:31 INFO TaskSetManager: Finished task 61.0 in stage 0.0 (TID 61) in 49 ms on 1175ad6b07ce (executor 2) (62/90)
[2026-04-29T14:39:31.053+0000] {subprocess.py:106} INFO - 26/04/29 14:39:31 INFO TaskSetManager: Starting task 63.0 in stage 0.0 (TID 63) (1175ad6b07ce, executor 2, partition 63, PROCESS_LOCAL, 7815 bytes)
[2026-04-29T14:39:31.055+0000] {subprocess.py:106} INFO - 26/04/29 14:39:31 INFO TaskSetManager: Finished task 62.0 in stage 0.0 (TID 62) in 47 ms on 1175ad6b07ce (executor 2) (63/90)
[2026-04-29T14:39:31.098+0000] {subprocess.py:106} INFO - 26/04/29 14:39:31 INFO TaskSetManager: Starting task 64.0 in stage 0.0 (TID 64) (1175ad6b07ce, executor 2, partition 64, PROCESS_LOCAL, 7815 bytes)
[2026-04-29T14:39:31.100+0000] {subprocess.py:106} INFO - 26/04/29 14:39:31 INFO TaskSetManager: Finished task 63.0 in stage 0.0 (TID 63) in 47 ms on 1175ad6b07ce (executor 2) (64/90)
[2026-04-29T14:39:31.145+0000] {subprocess.py:106} INFO - 26/04/29 14:39:31 INFO TaskSetManager: Starting task 65.0 in stage 0.0 (TID 65) (1175ad6b07ce, executor 2, partition 65, PROCESS_LOCAL, 7815 bytes)
[2026-04-29T14:39:31.147+0000] {subprocess.py:106} INFO - 26/04/29 14:39:31 INFO TaskSetManager: Finished task 64.0 in stage 0.0 (TID 64) in 50 ms on 1175ad6b07ce (executor 2) (65/90)
[2026-04-29T14:39:31.190+0000] {subprocess.py:106} INFO - 26/04/29 14:39:31 INFO TaskSetManager: Starting task 66.0 in stage 0.0 (TID 66) (1175ad6b07ce, executor 2, partition 66, PROCESS_LOCAL, 7815 bytes)
[2026-04-29T14:39:31.191+0000] {subprocess.py:106} INFO - 26/04/29 14:39:31 INFO TaskSetManager: Finished task 65.0 in stage 0.0 (TID 65) in 46 ms on 1175ad6b07ce (executor 2) (66/90)
[2026-04-29T14:39:31.238+0000] {subprocess.py:106} INFO - 26/04/29 14:39:31 INFO TaskSetManager: Starting task 67.0 in stage 0.0 (TID 67) (1175ad6b07ce, executor 2, partition 67, PROCESS_LOCAL, 7815 bytes)
[2026-04-29T14:39:31.239+0000] {subprocess.py:106} INFO - 26/04/29 14:39:31 INFO TaskSetManager: Finished task 66.0 in stage 0.0 (TID 66) in 49 ms on 1175ad6b07ce (executor 2) (67/90)
[2026-04-29T14:39:31.845+0000] {subprocess.py:106} INFO - 26/04/29 14:39:31 INFO TaskSetManager: Starting task 68.0 in stage 0.0 (TID 68) (1175ad6b07ce, executor 2, partition 68, PROCESS_LOCAL, 7815 bytes)
[2026-04-29T14:39:31.846+0000] {subprocess.py:106} INFO - 26/04/29 14:39:31 INFO TaskSetManager: Finished task 67.0 in stage 0.0 (TID 67) in 608 ms on 1175ad6b07ce (executor 2) (68/90)
[2026-04-29T14:39:31.900+0000] {subprocess.py:106} INFO - 26/04/29 14:39:31 INFO TaskSetManager: Starting task 69.0 in stage 0.0 (TID 69) (1175ad6b07ce, executor 2, partition 69, PROCESS_LOCAL, 7815 bytes)
[2026-04-29T14:39:31.902+0000] {subprocess.py:106} INFO - 26/04/29 14:39:31 INFO TaskSetManager: Finished task 68.0 in stage 0.0 (TID 68) in 57 ms on 1175ad6b07ce (executor 2) (69/90)
[2026-04-29T14:39:29.084+0000] {subprocess.py:106} INFO - 26/04/29 14:39:29 INFO TaskSetManager: Starting task 70.0 in stage 0.0 (TID 70) (1175ad6b07ce, executor 2, partition 70, PROCESS_LOCAL, 7815 bytes)
[2026-04-29T14:39:29.087+0000] {subprocess.py:106} INFO - 26/04/29 14:39:29 INFO TaskSetManager: Finished task 69.0 in stage 0.0 (TID 69) in -2815 ms on 1175ad6b07ce (executor 2) (70/90)
[2026-04-29T14:39:29.138+0000] {subprocess.py:106} INFO - 26/04/29 14:39:29 INFO TaskSetManager: Starting task 71.0 in stage 0.0 (TID 71) (1175ad6b07ce, executor 2, partition 71, PROCESS_LOCAL, 7815 bytes)
[2026-04-29T14:39:29.148+0000] {subprocess.py:106} INFO - 26/04/29 14:39:29 INFO TaskSetManager: Finished task 70.0 in stage 0.0 (TID 70) in 58 ms on 1175ad6b07ce (executor 2) (71/90)
[2026-04-29T14:39:29.196+0000] {subprocess.py:106} INFO - 26/04/29 14:39:29 INFO TaskSetManager: Starting task 72.0 in stage 0.0 (TID 72) (1175ad6b07ce, executor 2, partition 72, PROCESS_LOCAL, 7815 bytes)
[2026-04-29T14:39:29.198+0000] {subprocess.py:106} INFO - 26/04/29 14:39:29 INFO TaskSetManager: Finished task 71.0 in stage 0.0 (TID 71) in 59 ms on 1175ad6b07ce (executor 2) (72/90)
[2026-04-29T14:39:29.254+0000] {subprocess.py:106} INFO - 26/04/29 14:39:29 INFO TaskSetManager: Starting task 73.0 in stage 0.0 (TID 73) (1175ad6b07ce, executor 2, partition 73, PROCESS_LOCAL, 7815 bytes)
[2026-04-29T14:39:29.260+0000] {subprocess.py:106} INFO - 26/04/29 14:39:29 INFO TaskSetManager: Finished task 72.0 in stage 0.0 (TID 72) in 61 ms on 1175ad6b07ce (executor 2) (73/90)
[2026-04-29T14:39:29.318+0000] {subprocess.py:106} INFO - 26/04/29 14:39:29 INFO TaskSetManager: Starting task 74.0 in stage 0.0 (TID 74) (1175ad6b07ce, executor 2, partition 74, PROCESS_LOCAL, 7815 bytes)
[2026-04-29T14:39:29.320+0000] {subprocess.py:106} INFO - 26/04/29 14:39:29 INFO TaskSetManager: Finished task 73.0 in stage 0.0 (TID 73) in 66 ms on 1175ad6b07ce (executor 2) (74/90)
[2026-04-29T14:39:29.371+0000] {subprocess.py:106} INFO - 26/04/29 14:39:29 INFO TaskSetManager: Starting task 75.0 in stage 0.0 (TID 75) (1175ad6b07ce, executor 2, partition 75, PROCESS_LOCAL, 7815 bytes)
[2026-04-29T14:39:29.374+0000] {subprocess.py:106} INFO - 26/04/29 14:39:29 INFO TaskSetManager: Finished task 74.0 in stage 0.0 (TID 74) in 55 ms on 1175ad6b07ce (executor 2) (75/90)
[2026-04-29T14:39:29.429+0000] {subprocess.py:106} INFO - 26/04/29 14:39:29 INFO TaskSetManager: Starting task 76.0 in stage 0.0 (TID 76) (1175ad6b07ce, executor 2, partition 76, PROCESS_LOCAL, 7815 bytes)
[2026-04-29T14:39:29.431+0000] {subprocess.py:106} INFO - 26/04/29 14:39:29 INFO TaskSetManager: Finished task 75.0 in stage 0.0 (TID 75) in 60 ms on 1175ad6b07ce (executor 2) (76/90)
[2026-04-29T14:39:29.495+0000] {subprocess.py:106} INFO - 26/04/29 14:39:29 INFO TaskSetManager: Starting task 77.0 in stage 0.0 (TID 77) (1175ad6b07ce, executor 2, partition 77, PROCESS_LOCAL, 7815 bytes)
[2026-04-29T14:39:29.497+0000] {subprocess.py:106} INFO - 26/04/29 14:39:29 INFO TaskSetManager: Finished task 76.0 in stage 0.0 (TID 76) in 68 ms on 1175ad6b07ce (executor 2) (77/90)
[2026-04-29T14:39:29.608+0000] {subprocess.py:106} INFO - 26/04/29 14:39:29 INFO TaskSetManager: Starting task 78.0 in stage 0.0 (TID 78) (1175ad6b07ce, executor 2, partition 78, PROCESS_LOCAL, 7815 bytes)
[2026-04-29T14:39:29.610+0000] {subprocess.py:106} INFO - 26/04/29 14:39:29 INFO TaskSetManager: Finished task 77.0 in stage 0.0 (TID 77) in 115 ms on 1175ad6b07ce (executor 2) (78/90)
[2026-04-29T14:39:29.658+0000] {subprocess.py:106} INFO - 26/04/29 14:39:29 INFO TaskSetManager: Starting task 79.0 in stage 0.0 (TID 79) (1175ad6b07ce, executor 2, partition 79, PROCESS_LOCAL, 7815 bytes)
[2026-04-29T14:39:29.659+0000] {subprocess.py:106} INFO - 26/04/29 14:39:29 INFO TaskSetManager: Finished task 78.0 in stage 0.0 (TID 78) in 52 ms on 1175ad6b07ce (executor 2) (79/90)
[2026-04-29T14:39:29.708+0000] {subprocess.py:106} INFO - 26/04/29 14:39:29 INFO TaskSetManager: Starting task 80.0 in stage 0.0 (TID 80) (1175ad6b07ce, executor 2, partition 80, PROCESS_LOCAL, 7815 bytes)
[2026-04-29T14:39:29.710+0000] {subprocess.py:106} INFO - 26/04/29 14:39:29 INFO TaskSetManager: Finished task 79.0 in stage 0.0 (TID 79) in 51 ms on 1175ad6b07ce (executor 2) (80/90)
[2026-04-29T14:39:29.755+0000] {subprocess.py:106} INFO - 26/04/29 14:39:29 INFO TaskSetManager: Starting task 81.0 in stage 0.0 (TID 81) (1175ad6b07ce, executor 2, partition 81, PROCESS_LOCAL, 7815 bytes)
[2026-04-29T14:39:29.757+0000] {subprocess.py:106} INFO - 26/04/29 14:39:29 INFO TaskSetManager: Finished task 80.0 in stage 0.0 (TID 80) in 49 ms on 1175ad6b07ce (executor 2) (81/90)
[2026-04-29T14:39:29.796+0000] {subprocess.py:106} INFO - 26/04/29 14:39:29 INFO TaskSetManager: Starting task 82.0 in stage 0.0 (TID 82) (1175ad6b07ce, executor 2, partition 82, PROCESS_LOCAL, 7815 bytes)
[2026-04-29T14:39:29.798+0000] {subprocess.py:106} INFO - 26/04/29 14:39:29 INFO TaskSetManager: Finished task 81.0 in stage 0.0 (TID 81) in 42 ms on 1175ad6b07ce (executor 2) (82/90)
[2026-04-29T14:39:29.836+0000] {subprocess.py:106} INFO - 26/04/29 14:39:29 INFO TaskSetManager: Starting task 83.0 in stage 0.0 (TID 83) (1175ad6b07ce, executor 2, partition 83, PROCESS_LOCAL, 7815 bytes)
[2026-04-29T14:39:29.839+0000] {subprocess.py:106} INFO - 26/04/29 14:39:29 INFO TaskSetManager: Finished task 82.0 in stage 0.0 (TID 82) in 43 ms on 1175ad6b07ce (executor 2) (83/90)
[2026-04-29T14:39:29.890+0000] {subprocess.py:106} INFO - 26/04/29 14:39:29 INFO TaskSetManager: Starting task 84.0 in stage 0.0 (TID 84) (1175ad6b07ce, executor 2, partition 84, PROCESS_LOCAL, 7815 bytes)
[2026-04-29T14:39:29.891+0000] {subprocess.py:106} INFO - 26/04/29 14:39:29 INFO TaskSetManager: Finished task 83.0 in stage 0.0 (TID 83) in 56 ms on 1175ad6b07ce (executor 2) (84/90)
[2026-04-29T14:39:29.940+0000] {subprocess.py:106} INFO - 26/04/29 14:39:29 INFO TaskSetManager: Starting task 85.0 in stage 0.0 (TID 85) (1175ad6b07ce, executor 2, partition 85, PROCESS_LOCAL, 7815 bytes)
[2026-04-29T14:39:29.948+0000] {subprocess.py:106} INFO - 26/04/29 14:39:29 INFO TaskSetManager: Finished task 84.0 in stage 0.0 (TID 84) in 51 ms on 1175ad6b07ce (executor 2) (85/90)
[2026-04-29T14:39:29.992+0000] {subprocess.py:106} INFO - 26/04/29 14:39:29 INFO TaskSetManager: Starting task 86.0 in stage 0.0 (TID 86) (1175ad6b07ce, executor 2, partition 86, PROCESS_LOCAL, 7815 bytes)
[2026-04-29T14:39:29.994+0000] {subprocess.py:106} INFO - 26/04/29 14:39:29 INFO TaskSetManager: Finished task 85.0 in stage 0.0 (TID 85) in 56 ms on 1175ad6b07ce (executor 2) (86/90)
[2026-04-29T14:39:30.043+0000] {subprocess.py:106} INFO - 26/04/29 14:39:30 INFO TaskSetManager: Starting task 87.0 in stage 0.0 (TID 87) (1175ad6b07ce, executor 2, partition 87, PROCESS_LOCAL, 7815 bytes)
[2026-04-29T14:39:30.045+0000] {subprocess.py:106} INFO - 26/04/29 14:39:30 INFO TaskSetManager: Finished task 86.0 in stage 0.0 (TID 86) in 53 ms on 1175ad6b07ce (executor 2) (87/90)
[2026-04-29T14:39:30.090+0000] {subprocess.py:106} INFO - 26/04/29 14:39:30 INFO TaskSetManager: Starting task 88.0 in stage 0.0 (TID 88) (1175ad6b07ce, executor 2, partition 88, PROCESS_LOCAL, 7815 bytes)
[2026-04-29T14:39:30.092+0000] {subprocess.py:106} INFO - 26/04/29 14:39:30 INFO TaskSetManager: Finished task 87.0 in stage 0.0 (TID 87) in 49 ms on 1175ad6b07ce (executor 2) (88/90)
[2026-04-29T14:39:30.143+0000] {subprocess.py:106} INFO - 26/04/29 14:39:30 INFO TaskSetManager: Starting task 89.0 in stage 0.0 (TID 89) (1175ad6b07ce, executor 2, partition 89, PROCESS_LOCAL, 7815 bytes)
[2026-04-29T14:39:30.145+0000] {subprocess.py:106} INFO - 26/04/29 14:39:30 INFO TaskSetManager: Finished task 88.0 in stage 0.0 (TID 88) in 54 ms on 1175ad6b07ce (executor 2) (89/90)
[2026-04-29T14:39:30.200+0000] {subprocess.py:106} INFO - 26/04/29 14:39:30 INFO TaskSetManager: Finished task 89.0 in stage 0.0 (TID 89) in 58 ms on 1175ad6b07ce (executor 2) (90/90)
[2026-04-29T14:39:30.202+0000] {subprocess.py:106} INFO - 26/04/29 14:39:30 INFO YarnScheduler: Removed TaskSet 0.0, whose tasks have all completed, from pool
[2026-04-29T14:39:30.203+0000] {subprocess.py:106} INFO - 26/04/29 14:39:30 INFO DAGScheduler: ResultStage 0 (json at NativeMethodAccessorImpl.java:0) finished in 7.693 s
[2026-04-29T14:39:30.210+0000] {subprocess.py:106} INFO - 26/04/29 14:39:30 INFO DAGScheduler: Job 0 is finished. Cancelling potential speculative or zombie tasks for this job
[2026-04-29T14:39:30.211+0000] {subprocess.py:106} INFO - 26/04/29 14:39:30 INFO YarnScheduler: Killing all running tasks in stage 0: Stage finished
[2026-04-29T14:39:30.214+0000] {subprocess.py:106} INFO - 26/04/29 14:39:30 INFO DAGScheduler: Job 0 finished: json at NativeMethodAccessorImpl.java:0, took 10.145249 s
[2026-04-29T14:39:30.238+0000] {subprocess.py:106} INFO - 26/04/29 14:39:30 INFO InMemoryFileIndex: It took 10960 ms to list leaf files for 90 paths.
[2026-04-29T14:39:30.744+0000] {subprocess.py:106} INFO - 26/04/29 14:39:30 INFO BlockManagerInfo: Removed broadcast_0_piece0 on 172.30.1.13:43309 in memory (size: 37.4 KiB, free: 434.4 MiB)
[2026-04-29T14:39:30.778+0000] {subprocess.py:106} INFO - 26/04/29 14:39:30 INFO BlockManagerInfo: Removed broadcast_0_piece0 on 1175ad6b07ce:34753 in memory (size: 37.4 KiB, free: 366.3 MiB)
[2026-04-29T14:39:34.692+0000] {subprocess.py:106} INFO - 26/04/29 14:39:34 INFO FileSourceStrategy: Pushed Filters:
[2026-04-29T14:39:34.693+0000] {subprocess.py:106} INFO - 26/04/29 14:39:34 INFO FileSourceStrategy: Post-Scan Filters:
[2026-04-29T14:39:34.842+0000] {subprocess.py:106} INFO - 26/04/29 14:39:34 INFO MemoryStore: Block broadcast_1 stored as values in memory (estimated size 204.4 KiB, free 434.2 MiB)
[2026-04-29T14:39:34.870+0000] {subprocess.py:106} INFO - 26/04/29 14:39:34 INFO MemoryStore: Block broadcast_1_piece0 stored as bytes in memory (estimated size 34.8 KiB, free 434.2 MiB)
[2026-04-29T14:39:34.872+0000] {subprocess.py:106} INFO - 26/04/29 14:39:34 INFO BlockManagerInfo: Added broadcast_1_piece0 in memory on 172.30.1.13:43309 (size: 34.8 KiB, free: 434.4 MiB)
[2026-04-29T14:39:34.878+0000] {subprocess.py:106} INFO - 26/04/29 14:39:34 INFO SparkContext: Created broadcast 1 from json at NativeMethodAccessorImpl.java:0
[2026-04-29T14:39:34.913+0000] {subprocess.py:106} INFO - 26/04/29 14:39:34 INFO FileSourceScanExec: Planning scan with bin packing, max size: 134217728 bytes, open cost is considered as scanning 4194304 bytes.
[2026-04-29T14:39:35.050+0000] {subprocess.py:106} INFO - 26/04/29 14:39:35 INFO SparkContext: Starting job: json at NativeMethodAccessorImpl.java:0
[2026-04-29T14:39:35.056+0000] {subprocess.py:106} INFO - 26/04/29 14:39:35 INFO DAGScheduler: Got job 1 (json at NativeMethodAccessorImpl.java:0) with 3 output partitions
[2026-04-29T14:39:35.057+0000] {subprocess.py:106} INFO - 26/04/29 14:39:35 INFO DAGScheduler: Final stage: ResultStage 1 (json at NativeMethodAccessorImpl.java:0)
[2026-04-29T14:39:35.057+0000] {subprocess.py:106} INFO - 26/04/29 14:39:35 INFO DAGScheduler: Parents of final stage: List()
[2026-04-29T14:39:35.058+0000] {subprocess.py:106} INFO - 26/04/29 14:39:35 INFO DAGScheduler: Missing parents: List()
[2026-04-29T14:39:35.059+0000] {subprocess.py:106} INFO - 26/04/29 14:39:35 INFO DAGScheduler: Submitting ResultStage 1 (MapPartitionsRDD[5] at json at NativeMethodAccessorImpl.java:0), which has no missing parents
[2026-04-29T14:39:35.121+0000] {subprocess.py:106} INFO - 26/04/29 14:39:35 INFO MemoryStore: Block broadcast_2 stored as values in memory (estimated size 16.7 KiB, free 434.2 MiB)
[2026-04-29T14:39:35.134+0000] {subprocess.py:106} INFO - 26/04/29 14:39:35 INFO MemoryStore: Block broadcast_2_piece0 stored as bytes in memory (estimated size 7.8 KiB, free 434.1 MiB)
[2026-04-29T14:39:35.137+0000] {subprocess.py:106} INFO - 26/04/29 14:39:35 INFO BlockManagerInfo: Added broadcast_2_piece0 in memory on 172.30.1.13:43309 (size: 7.8 KiB, free: 434.4 MiB)
[2026-04-29T14:39:35.138+0000] {subprocess.py:106} INFO - 26/04/29 14:39:35 INFO SparkContext: Created broadcast 2 from broadcast at DAGScheduler.scala:1580
[2026-04-29T14:39:35.139+0000] {subprocess.py:106} INFO - 26/04/29 14:39:35 INFO DAGScheduler: Submitting 3 missing tasks from ResultStage 1 (MapPartitionsRDD[5] at json at NativeMethodAccessorImpl.java:0) (first 15 tasks are for partitions Vector(0, 1, 2))
[2026-04-29T14:39:35.140+0000] {subprocess.py:106} INFO - 26/04/29 14:39:35 INFO YarnScheduler: Adding task set 1.0 with 3 tasks resource profile 0
[2026-04-29T14:39:35.148+0000] {subprocess.py:106} INFO - 26/04/29 14:39:35 INFO TaskSetManager: Starting task 0.0 in stage 1.0 (TID 90) (1175ad6b07ce, executor 2, partition 0, PROCESS_LOCAL, 12324 bytes)
[2026-04-29T14:39:35.219+0000] {subprocess.py:106} INFO - 26/04/29 14:39:35 INFO BlockManagerInfo: Added broadcast_2_piece0 in memory on 1175ad6b07ce:34753 (size: 7.8 KiB, free: 366.3 MiB)
[2026-04-29T14:39:35.229+0000] {subprocess.py:106} INFO - 26/04/29 14:39:35 INFO YarnSchedulerBackend$YarnDriverEndpoint: Registered executor NettyRpcEndpointRef(spark-client://Executor) (172.30.1.26:55940) with ID 1,  ResourceProfileId 0
[2026-04-29T14:39:35.410+0000] {subprocess.py:106} INFO - 26/04/29 14:39:35 INFO BlockManagerMasterEndpoint: Registering block manager 5b0353f352af:36671 with 366.3 MiB RAM, BlockManagerId(1, 5b0353f352af, 36671, None)
[2026-04-29T14:39:35.491+0000] {subprocess.py:106} INFO - 26/04/29 14:39:35 INFO TaskSetManager: Starting task 1.0 in stage 1.0 (TID 91) (5b0353f352af, executor 1, partition 1, PROCESS_LOCAL, 12324 bytes)
[2026-04-29T14:39:36.017+0000] {subprocess.py:106} INFO - 26/04/29 14:39:36 INFO BlockManagerInfo: Added broadcast_2_piece0 in memory on 5b0353f352af:36671 (size: 7.8 KiB, free: 366.3 MiB)
[2026-04-29T14:39:37.287+0000] {subprocess.py:106} INFO - 26/04/29 14:39:37 INFO BlockManagerInfo: Added broadcast_1_piece0 in memory on 1175ad6b07ce:34753 (size: 34.8 KiB, free: 366.3 MiB)
[2026-04-29T14:39:38.747+0000] {subprocess.py:106} INFO - 26/04/29 14:39:38 INFO BlockManagerInfo: Added broadcast_1_piece0 in memory on 5b0353f352af:36671 (size: 34.8 KiB, free: 366.3 MiB)
[2026-04-29T14:39:39.534+0000] {subprocess.py:106} INFO - 26/04/29 14:39:39 INFO TaskSetManager: Starting task 2.0 in stage 1.0 (TID 92) (1175ad6b07ce, executor 2, partition 2, PROCESS_LOCAL, 11538 bytes)
[2026-04-29T14:39:39.539+0000] {subprocess.py:106} INFO - 26/04/29 14:39:39 INFO TaskSetManager: Finished task 0.0 in stage 1.0 (TID 90) in 4396 ms on 1175ad6b07ce (executor 2) (1/3)
[2026-04-29T14:39:40.510+0000] {subprocess.py:106} INFO - 26/04/29 14:39:40 INFO TaskSetManager: Finished task 2.0 in stage 1.0 (TID 92) in 976 ms on 1175ad6b07ce (executor 2) (2/3)
[2026-04-29T14:39:40.915+0000] {subprocess.py:106} INFO - 26/04/29 14:39:40 INFO TaskSetManager: Finished task 1.0 in stage 1.0 (TID 91) in 5423 ms on 5b0353f352af (executor 1) (3/3)
[2026-04-29T14:39:40.916+0000] {subprocess.py:106} INFO - 26/04/29 14:39:40 INFO YarnScheduler: Removed TaskSet 1.0, whose tasks have all completed, from pool
[2026-04-29T14:39:40.920+0000] {subprocess.py:106} INFO - 26/04/29 14:39:40 INFO DAGScheduler: ResultStage 1 (json at NativeMethodAccessorImpl.java:0) finished in 5.857 s
[2026-04-29T14:39:40.921+0000] {subprocess.py:106} INFO - 26/04/29 14:39:40 INFO DAGScheduler: Job 1 is finished. Cancelling potential speculative or zombie tasks for this job
[2026-04-29T14:39:40.922+0000] {subprocess.py:106} INFO - 26/04/29 14:39:40 INFO YarnScheduler: Killing all running tasks in stage 1: Stage finished
[2026-04-29T14:39:40.923+0000] {subprocess.py:106} INFO - 26/04/29 14:39:40 INFO DAGScheduler: Job 1 finished: json at NativeMethodAccessorImpl.java:0, took 5.867991 s
[2026-04-29T14:39:41.164+0000] {subprocess.py:106} INFO - 26/04/29 14:39:41 INFO FileSourceStrategy: Pushed Filters:
[2026-04-29T14:39:41.166+0000] {subprocess.py:106} INFO - 26/04/29 14:39:41 INFO FileSourceStrategy: Post-Scan Filters:
[2026-04-29T14:39:41.924+0000] {subprocess.py:106} INFO - 26/04/29 14:39:41 INFO CodeGenerator: Code generated in 511.095999 ms
[2026-04-29T14:39:41.933+0000] {subprocess.py:106} INFO - 26/04/29 14:39:41 INFO MemoryStore: Block broadcast_3 stored as values in memory (estimated size 204.3 KiB, free 433.9 MiB)
[2026-04-29T14:39:41.956+0000] {subprocess.py:106} INFO - 26/04/29 14:39:41 INFO BlockManagerInfo: Removed broadcast_2_piece0 on 172.30.1.13:43309 in memory (size: 7.8 KiB, free: 434.4 MiB)
[2026-04-29T14:39:41.964+0000] {subprocess.py:106} INFO - 26/04/29 14:39:41 INFO BlockManagerInfo: Removed broadcast_2_piece0 on 1175ad6b07ce:34753 in memory (size: 7.8 KiB, free: 366.3 MiB)
[2026-04-29T14:39:41.971+0000] {subprocess.py:106} INFO - 26/04/29 14:39:41 INFO MemoryStore: Block broadcast_3_piece0 stored as bytes in memory (estimated size 34.8 KiB, free 433.9 MiB)
[2026-04-29T14:39:41.972+0000] {subprocess.py:106} INFO - 26/04/29 14:39:41 INFO BlockManagerInfo: Added broadcast_3_piece0 in memory on 172.30.1.13:43309 (size: 34.8 KiB, free: 434.3 MiB)
[2026-04-29T14:39:41.973+0000] {subprocess.py:106} INFO - 26/04/29 14:39:41 INFO SparkContext: Created broadcast 3 from showString at NativeMethodAccessorImpl.java:0
[2026-04-29T14:39:41.982+0000] {subprocess.py:106} INFO - 26/04/29 14:39:41 INFO FileSourceScanExec: Planning scan with bin packing, max size: 134217728 bytes, open cost is considered as scanning 4194304 bytes.
[2026-04-29T14:39:41.997+0000] {subprocess.py:106} INFO - 26/04/29 14:39:41 INFO BlockManagerInfo: Removed broadcast_2_piece0 on 5b0353f352af:36671 in memory (size: 7.8 KiB, free: 366.3 MiB)
[2026-04-29T14:39:42.067+0000] {subprocess.py:106} INFO - 26/04/29 14:39:42 INFO SparkContext: Starting job: showString at NativeMethodAccessorImpl.java:0
[2026-04-29T14:39:42.069+0000] {subprocess.py:106} INFO - 26/04/29 14:39:42 INFO DAGScheduler: Got job 2 (showString at NativeMethodAccessorImpl.java:0) with 1 output partitions
[2026-04-29T14:39:42.070+0000] {subprocess.py:106} INFO - 26/04/29 14:39:42 INFO DAGScheduler: Final stage: ResultStage 2 (showString at NativeMethodAccessorImpl.java:0)
[2026-04-29T14:39:42.071+0000] {subprocess.py:106} INFO - 26/04/29 14:39:42 INFO DAGScheduler: Parents of final stage: List()
[2026-04-29T14:39:42.072+0000] {subprocess.py:106} INFO - 26/04/29 14:39:42 INFO DAGScheduler: Missing parents: List()
[2026-04-29T14:39:42.073+0000] {subprocess.py:106} INFO - 26/04/29 14:39:42 INFO DAGScheduler: Submitting ResultStage 2 (MapPartitionsRDD[9] at showString at NativeMethodAccessorImpl.java:0), which has no missing parents
[2026-04-29T14:39:42.077+0000] {subprocess.py:106} INFO - 26/04/29 14:39:42 INFO MemoryStore: Block broadcast_4 stored as values in memory (estimated size 20.5 KiB, free 433.9 MiB)
[2026-04-29T14:39:42.089+0000] {subprocess.py:106} INFO - 26/04/29 14:39:42 INFO MemoryStore: Block broadcast_4_piece0 stored as bytes in memory (estimated size 8.4 KiB, free 433.9 MiB)
[2026-04-29T14:39:42.093+0000] {subprocess.py:106} INFO - 26/04/29 14:39:42 INFO BlockManagerInfo: Added broadcast_4_piece0 in memory on 172.30.1.13:43309 (size: 8.4 KiB, free: 434.3 MiB)
[2026-04-29T14:39:42.094+0000] {subprocess.py:106} INFO - 26/04/29 14:39:42 INFO SparkContext: Created broadcast 4 from broadcast at DAGScheduler.scala:1580
[2026-04-29T14:39:42.095+0000] {subprocess.py:106} INFO - 26/04/29 14:39:42 INFO DAGScheduler: Submitting 1 missing tasks from ResultStage 2 (MapPartitionsRDD[9] at showString at NativeMethodAccessorImpl.java:0) (first 15 tasks are for partitions Vector(0))
[2026-04-29T14:39:42.095+0000] {subprocess.py:106} INFO - 26/04/29 14:39:42 INFO YarnScheduler: Adding task set 2.0 with 1 tasks resource profile 0
[2026-04-29T14:39:42.098+0000] {subprocess.py:106} INFO - 26/04/29 14:39:42 INFO TaskSetManager: Starting task 0.0 in stage 2.0 (TID 93) (5b0353f352af, executor 1, partition 0, PROCESS_LOCAL, 12324 bytes)
[2026-04-29T14:39:42.154+0000] {subprocess.py:106} INFO - 26/04/29 14:39:42 INFO BlockManagerInfo: Added broadcast_4_piece0 in memory on 5b0353f352af:36671 (size: 8.4 KiB, free: 366.3 MiB)
[2026-04-29T14:39:42.460+0000] {subprocess.py:106} INFO - 26/04/29 14:39:42 INFO BlockManagerInfo: Added broadcast_3_piece0 in memory on 5b0353f352af:36671 (size: 34.8 KiB, free: 366.2 MiB)
[2026-04-29T14:39:42.624+0000] {subprocess.py:106} INFO - 26/04/29 14:39:42 INFO TaskSetManager: Finished task 0.0 in stage 2.0 (TID 93) in 525 ms on 5b0353f352af (executor 1) (1/1)
[2026-04-29T14:39:42.626+0000] {subprocess.py:106} INFO - 26/04/29 14:39:42 INFO YarnScheduler: Removed TaskSet 2.0, whose tasks have all completed, from pool
[2026-04-29T14:39:42.628+0000] {subprocess.py:106} INFO - 26/04/29 14:39:42 INFO DAGScheduler: ResultStage 2 (showString at NativeMethodAccessorImpl.java:0) finished in 0.552 s
[2026-04-29T14:39:42.629+0000] {subprocess.py:106} INFO - 26/04/29 14:39:42 INFO DAGScheduler: Job 2 is finished. Cancelling potential speculative or zombie tasks for this job
[2026-04-29T14:39:42.630+0000] {subprocess.py:106} INFO - 26/04/29 14:39:42 INFO YarnScheduler: Killing all running tasks in stage 2: Stage finished
[2026-04-29T14:39:42.631+0000] {subprocess.py:106} INFO - 26/04/29 14:39:42 INFO DAGScheduler: Job 2 finished: showString at NativeMethodAccessorImpl.java:0, took 0.558618 s
[2026-04-29T14:39:42.745+0000] {subprocess.py:106} INFO - 26/04/29 14:39:42 INFO CodeGenerator: Code generated in 62.274511 ms
[2026-04-29T14:39:42.766+0000] {subprocess.py:106} INFO - +----+-----+--------+-----+--------------------+-----+-----------+------+------+-----+--------+-----------------+-------------------+----------------+
[2026-04-29T14:39:42.768+0000] {subprocess.py:106} INFO - | Age|Cabin|Embarked| Fare|                Name|Parch|PassengerId|Pclass|   Sex|SibSp|Survived|           Ticket|         event_time|          source|
[2026-04-29T14:39:42.769+0000] {subprocess.py:106} INFO - +----+-----+--------+-----+--------------------+-----+-----------+------+------+-----+--------+-----------------+-------------------+----------------+
[2026-04-29T14:39:42.770+0000] {subprocess.py:106} INFO - |28.0|  C52|       S|26.55|Bjornstrom-Steffa...|    0|        431|     1|  male|    0|       1|           110564|2026-04-28 22:33:49|SIMULATED_DEVICE|
[2026-04-29T14:39:42.771+0000] {subprocess.py:106} INFO - |NULL| NULL|       S| 16.1|Thorneycroft, Mrs...|    0|        432|     3|female|    1|       1|           376564|2026-04-28 22:33:49|SIMULATED_DEVICE|
[2026-04-29T14:39:42.772+0000] {subprocess.py:106} INFO - |42.0| NULL|       S| 26.0|Louch, Mrs. Charl...|    0|        433|     2|female|    1|       1|       SC/AH 3085|2026-04-28 22:33:49|SIMULATED_DEVICE|
[2026-04-29T14:39:42.773+0000] {subprocess.py:106} INFO - |17.0| NULL|       S|7.125|Kallio, Mr. Nikol...|    0|        434|     3|  male|    0|       0|STON/O 2. 3101274|2026-04-28 22:33:49|SIMULATED_DEVICE|
[2026-04-29T14:39:42.774+0000] {subprocess.py:106} INFO - |50.0|  E44|       S| 55.9|Silvey, Mr. Willi...|    0|        435|     1|  male|    1|       0|            13507|2026-04-28 22:33:49|SIMULATED_DEVICE|
[2026-04-29T14:39:42.775+0000] {subprocess.py:106} INFO - +----+-----+--------+-----+--------------------+-----+-----------+------+------+-----+--------+-----------------+-------------------+----------------+
[2026-04-29T14:39:42.776+0000] {subprocess.py:106} INFO - only showing top 5 rows
[2026-04-29T14:39:42.777+0000] {subprocess.py:106} INFO - 
[2026-04-29T14:39:42.905+0000] {subprocess.py:106} INFO - 26/04/29 14:39:42 INFO FileSourceStrategy: Pushed Filters:
[2026-04-29T14:39:42.906+0000] {subprocess.py:106} INFO - 26/04/29 14:39:42 INFO FileSourceStrategy: Post-Scan Filters:
[2026-04-29T14:39:43.076+0000] {subprocess.py:106} INFO - 26/04/29 14:39:43 INFO CodeGenerator: Code generated in 21.894329 ms
[2026-04-29T14:39:43.082+0000] {subprocess.py:106} INFO - 26/04/29 14:39:43 INFO MemoryStore: Block broadcast_5 stored as values in memory (estimated size 204.3 KiB, free 433.7 MiB)
[2026-04-29T14:39:43.112+0000] {subprocess.py:106} INFO - 26/04/29 14:39:43 INFO BlockManagerInfo: Removed broadcast_4_piece0 on 172.30.1.13:43309 in memory (size: 8.4 KiB, free: 434.3 MiB)
[2026-04-29T14:39:43.119+0000] {subprocess.py:106} INFO - 26/04/29 14:39:43 INFO BlockManagerInfo: Removed broadcast_4_piece0 on 5b0353f352af:36671 in memory (size: 8.4 KiB, free: 366.2 MiB)
[2026-04-29T14:39:43.123+0000] {subprocess.py:106} INFO - 26/04/29 14:39:43 INFO MemoryStore: Block broadcast_5_piece0 stored as bytes in memory (estimated size 34.8 KiB, free 433.7 MiB)
[2026-04-29T14:39:43.129+0000] {subprocess.py:106} INFO - 26/04/29 14:39:43 INFO BlockManagerInfo: Added broadcast_5_piece0 in memory on 172.30.1.13:43309 (size: 34.8 KiB, free: 434.3 MiB)
[2026-04-29T14:39:43.132+0000] {subprocess.py:106} INFO - 26/04/29 14:39:43 INFO SparkContext: Created broadcast 5 from count at NativeMethodAccessorImpl.java:0
[2026-04-29T14:39:43.136+0000] {subprocess.py:106} INFO - 26/04/29 14:39:43 INFO FileSourceScanExec: Planning scan with bin packing, max size: 134217728 bytes, open cost is considered as scanning 4194304 bytes.
[2026-04-29T14:39:43.138+0000] {subprocess.py:106} INFO - 26/04/29 14:39:43 INFO BlockManagerInfo: Removed broadcast_3_piece0 on 172.30.1.13:43309 in memory (size: 34.8 KiB, free: 434.3 MiB)
[2026-04-29T14:39:43.147+0000] {subprocess.py:106} INFO - 26/04/29 14:39:43 INFO BlockManagerInfo: Removed broadcast_3_piece0 on 5b0353f352af:36671 in memory (size: 34.8 KiB, free: 366.3 MiB)
[2026-04-29T14:39:43.167+0000] {subprocess.py:106} INFO - 26/04/29 14:39:43 INFO BlockManagerInfo: Removed broadcast_1_piece0 on 172.30.1.13:43309 in memory (size: 34.8 KiB, free: 434.4 MiB)
[2026-04-29T14:39:43.173+0000] {subprocess.py:106} INFO - 26/04/29 14:39:43 INFO BlockManagerInfo: Removed broadcast_1_piece0 on 1175ad6b07ce:34753 in memory (size: 34.8 KiB, free: 366.3 MiB)
[2026-04-29T14:39:43.175+0000] {subprocess.py:106} INFO - 26/04/29 14:39:43 INFO BlockManagerInfo: Removed broadcast_1_piece0 on 5b0353f352af:36671 in memory (size: 34.8 KiB, free: 366.3 MiB)
[2026-04-29T14:39:43.234+0000] {subprocess.py:106} INFO - 26/04/29 14:39:43 INFO DAGScheduler: Registering RDD 13 (count at NativeMethodAccessorImpl.java:0) as input to shuffle 0
[2026-04-29T14:39:43.240+0000] {subprocess.py:106} INFO - 26/04/29 14:39:43 INFO DAGScheduler: Got map stage job 3 (count at NativeMethodAccessorImpl.java:0) with 3 output partitions
[2026-04-29T14:39:43.242+0000] {subprocess.py:106} INFO - 26/04/29 14:39:43 INFO DAGScheduler: Final stage: ShuffleMapStage 3 (count at NativeMethodAccessorImpl.java:0)
[2026-04-29T14:39:43.243+0000] {subprocess.py:106} INFO - 26/04/29 14:39:43 INFO DAGScheduler: Parents of final stage: List()
[2026-04-29T14:39:43.244+0000] {subprocess.py:106} INFO - 26/04/29 14:39:43 INFO DAGScheduler: Missing parents: List()
[2026-04-29T14:39:43.245+0000] {subprocess.py:106} INFO - 26/04/29 14:39:43 INFO DAGScheduler: Submitting ShuffleMapStage 3 (MapPartitionsRDD[13] at count at NativeMethodAccessorImpl.java:0), which has no missing parents
[2026-04-29T14:39:43.271+0000] {subprocess.py:106} INFO - 26/04/29 14:39:43 INFO MemoryStore: Block broadcast_6 stored as values in memory (estimated size 17.0 KiB, free 434.1 MiB)
[2026-04-29T14:39:43.274+0000] {subprocess.py:106} INFO - 26/04/29 14:39:43 INFO MemoryStore: Block broadcast_6_piece0 stored as bytes in memory (estimated size 8.3 KiB, free 434.1 MiB)
[2026-04-29T14:39:43.276+0000] {subprocess.py:106} INFO - 26/04/29 14:39:43 INFO BlockManagerInfo: Added broadcast_6_piece0 in memory on 172.30.1.13:43309 (size: 8.3 KiB, free: 434.4 MiB)
[2026-04-29T14:39:43.278+0000] {subprocess.py:106} INFO - 26/04/29 14:39:43 INFO SparkContext: Created broadcast 6 from broadcast at DAGScheduler.scala:1580
[2026-04-29T14:39:43.280+0000] {subprocess.py:106} INFO - 26/04/29 14:39:43 INFO DAGScheduler: Submitting 3 missing tasks from ShuffleMapStage 3 (MapPartitionsRDD[13] at count at NativeMethodAccessorImpl.java:0) (first 15 tasks are for partitions Vector(0, 1, 2))
[2026-04-29T14:39:43.281+0000] {subprocess.py:106} INFO - 26/04/29 14:39:43 INFO YarnScheduler: Adding task set 3.0 with 3 tasks resource profile 0
[2026-04-29T14:39:43.286+0000] {subprocess.py:106} INFO - 26/04/29 14:39:43 INFO TaskSetManager: Starting task 0.0 in stage 3.0 (TID 94) (1175ad6b07ce, executor 2, partition 0, PROCESS_LOCAL, 12313 bytes)
[2026-04-29T14:39:43.288+0000] {subprocess.py:106} INFO - 26/04/29 14:39:43 INFO TaskSetManager: Starting task 1.0 in stage 3.0 (TID 95) (5b0353f352af, executor 1, partition 1, PROCESS_LOCAL, 12313 bytes)
[2026-04-29T14:39:43.325+0000] {subprocess.py:106} INFO - 26/04/29 14:39:43 INFO BlockManagerInfo: Added broadcast_6_piece0 in memory on 1175ad6b07ce:34753 (size: 8.3 KiB, free: 366.3 MiB)
[2026-04-29T14:39:43.326+0000] {subprocess.py:106} INFO - 26/04/29 14:39:43 INFO BlockManagerInfo: Added broadcast_6_piece0 in memory on 5b0353f352af:36671 (size: 8.3 KiB, free: 366.3 MiB)
[2026-04-29T14:39:43.492+0000] {subprocess.py:106} INFO - 26/04/29 14:39:43 INFO BlockManagerInfo: Added broadcast_5_piece0 in memory on 5b0353f352af:36671 (size: 34.8 KiB, free: 366.3 MiB)
[2026-04-29T14:39:43.589+0000] {subprocess.py:106} INFO - 26/04/29 14:39:43 INFO BlockManagerInfo: Added broadcast_5_piece0 in memory on 1175ad6b07ce:34753 (size: 34.8 KiB, free: 366.3 MiB)
[2026-04-29T14:39:44.878+0000] {subprocess.py:106} INFO - 26/04/29 14:39:44 INFO TaskSetManager: Starting task 2.0 in stage 3.0 (TID 96) (5b0353f352af, executor 1, partition 2, PROCESS_LOCAL, 11527 bytes)
[2026-04-29T14:39:44.881+0000] {subprocess.py:106} INFO - 26/04/29 14:39:44 INFO TaskSetManager: Finished task 1.0 in stage 3.0 (TID 95) in 1594 ms on 5b0353f352af (executor 1) (1/3)
[2026-04-29T14:39:45.016+0000] {subprocess.py:106} INFO - 26/04/29 14:39:45 INFO TaskSetManager: Finished task 0.0 in stage 3.0 (TID 94) in 1732 ms on 1175ad6b07ce (executor 2) (2/3)
[2026-04-29T14:39:46.655+0000] {subprocess.py:106} INFO - 26/04/29 14:39:46 INFO TaskSetManager: Finished task 2.0 in stage 3.0 (TID 96) in 1779 ms on 5b0353f352af (executor 1) (3/3)
[2026-04-29T14:39:46.657+0000] {subprocess.py:106} INFO - 26/04/29 14:39:46 INFO YarnScheduler: Removed TaskSet 3.0, whose tasks have all completed, from pool
[2026-04-29T14:39:46.659+0000] {subprocess.py:106} INFO - 26/04/29 14:39:46 INFO DAGScheduler: ShuffleMapStage 3 (count at NativeMethodAccessorImpl.java:0) finished in 3.405 s
[2026-04-29T14:39:46.660+0000] {subprocess.py:106} INFO - 26/04/29 14:39:46 INFO DAGScheduler: looking for newly runnable stages
[2026-04-29T14:39:46.661+0000] {subprocess.py:106} INFO - 26/04/29 14:39:46 INFO DAGScheduler: running: Set()
[2026-04-29T14:39:46.662+0000] {subprocess.py:106} INFO - 26/04/29 14:39:46 INFO DAGScheduler: waiting: Set()
[2026-04-29T14:39:46.663+0000] {subprocess.py:106} INFO - 26/04/29 14:39:46 INFO DAGScheduler: failed: Set()
[2026-04-29T14:39:46.729+0000] {subprocess.py:106} INFO - 26/04/29 14:39:46 INFO CodeGenerator: Code generated in 22.144657 ms
[2026-04-29T14:39:46.772+0000] {subprocess.py:106} INFO - 26/04/29 14:39:46 INFO SparkContext: Starting job: count at NativeMethodAccessorImpl.java:0
[2026-04-29T14:39:46.774+0000] {subprocess.py:106} INFO - 26/04/29 14:39:46 INFO DAGScheduler: Got job 4 (count at NativeMethodAccessorImpl.java:0) with 1 output partitions
[2026-04-29T14:39:46.775+0000] {subprocess.py:106} INFO - 26/04/29 14:39:46 INFO DAGScheduler: Final stage: ResultStage 5 (count at NativeMethodAccessorImpl.java:0)
[2026-04-29T14:39:46.776+0000] {subprocess.py:106} INFO - 26/04/29 14:39:46 INFO DAGScheduler: Parents of final stage: List(ShuffleMapStage 4)
[2026-04-29T14:39:46.777+0000] {subprocess.py:106} INFO - 26/04/29 14:39:46 INFO DAGScheduler: Missing parents: List()
[2026-04-29T14:39:46.778+0000] {subprocess.py:106} INFO - 26/04/29 14:39:46 INFO DAGScheduler: Submitting ResultStage 5 (MapPartitionsRDD[16] at count at NativeMethodAccessorImpl.java:0), which has no missing parents
[2026-04-29T14:39:46.790+0000] {subprocess.py:106} INFO - 26/04/29 14:39:46 INFO MemoryStore: Block broadcast_7 stored as values in memory (estimated size 12.5 KiB, free 434.1 MiB)
[2026-04-29T14:39:46.792+0000] {subprocess.py:106} INFO - 26/04/29 14:39:46 INFO MemoryStore: Block broadcast_7_piece0 stored as bytes in memory (estimated size 5.9 KiB, free 434.1 MiB)
[2026-04-29T14:39:46.795+0000] {subprocess.py:106} INFO - 26/04/29 14:39:46 INFO BlockManagerInfo: Added broadcast_7_piece0 in memory on 172.30.1.13:43309 (size: 5.9 KiB, free: 434.4 MiB)
[2026-04-29T14:39:46.796+0000] {subprocess.py:106} INFO - 26/04/29 14:39:46 INFO SparkContext: Created broadcast 7 from broadcast at DAGScheduler.scala:1580
[2026-04-29T14:39:46.797+0000] {subprocess.py:106} INFO - 26/04/29 14:39:46 INFO DAGScheduler: Submitting 1 missing tasks from ResultStage 5 (MapPartitionsRDD[16] at count at NativeMethodAccessorImpl.java:0) (first 15 tasks are for partitions Vector(0))
[2026-04-29T14:39:46.798+0000] {subprocess.py:106} INFO - 26/04/29 14:39:46 INFO YarnScheduler: Adding task set 5.0 with 1 tasks resource profile 0
[2026-04-29T14:39:46.810+0000] {subprocess.py:106} INFO - 26/04/29 14:39:46 INFO TaskSetManager: Starting task 0.0 in stage 5.0 (TID 97) (1175ad6b07ce, executor 2, partition 0, NODE_LOCAL, 7626 bytes)
[2026-04-29T14:39:46.838+0000] {subprocess.py:106} INFO - 26/04/29 14:39:46 INFO BlockManagerInfo: Added broadcast_7_piece0 in memory on 1175ad6b07ce:34753 (size: 5.9 KiB, free: 366.3 MiB)
[2026-04-29T14:39:46.881+0000] {subprocess.py:106} INFO - 26/04/29 14:39:46 INFO MapOutputTrackerMasterEndpoint: Asked to send map output locations for shuffle 0 to 172.30.1.25:49092
[2026-04-29T14:39:47.128+0000] {subprocess.py:106} INFO - 26/04/29 14:39:47 INFO TaskSetManager: Finished task 0.0 in stage 5.0 (TID 97) in 320 ms on 1175ad6b07ce (executor 2) (1/1)
[2026-04-29T14:39:47.129+0000] {subprocess.py:106} INFO - 26/04/29 14:39:47 INFO YarnScheduler: Removed TaskSet 5.0, whose tasks have all completed, from pool
[2026-04-29T14:39:47.130+0000] {subprocess.py:106} INFO - 26/04/29 14:39:47 INFO DAGScheduler: ResultStage 5 (count at NativeMethodAccessorImpl.java:0) finished in 0.341 s
[2026-04-29T14:39:47.131+0000] {subprocess.py:106} INFO - 26/04/29 14:39:47 INFO DAGScheduler: Job 4 is finished. Cancelling potential speculative or zombie tasks for this job
[2026-04-29T14:39:47.132+0000] {subprocess.py:106} INFO - 26/04/29 14:39:47 INFO YarnScheduler: Killing all running tasks in stage 5: Stage finished
[2026-04-29T14:39:47.133+0000] {subprocess.py:106} INFO - 26/04/29 14:39:47 INFO DAGScheduler: Job 4 finished: count at NativeMethodAccessorImpl.java:0, took 0.358574 s
[2026-04-29T14:39:47.136+0000] {subprocess.py:106} INFO - 891
[2026-04-29T14:39:47.256+0000] {subprocess.py:106} INFO - 26/04/29 14:39:47 INFO FileSourceStrategy: Pushed Filters:
[2026-04-29T14:39:47.257+0000] {subprocess.py:106} INFO - 26/04/29 14:39:47 INFO FileSourceStrategy: Post-Scan Filters:
[2026-04-29T14:39:47.364+0000] {subprocess.py:106} INFO - 26/04/29 14:39:47 INFO ParquetUtils: Using default output committer for Parquet: org.apache.parquet.hadoop.ParquetOutputCommitter
[2026-04-29T14:39:47.436+0000] {subprocess.py:106} INFO - 26/04/29 14:39:47 INFO FileOutputCommitter: File Output Committer Algorithm version is 1
[2026-04-29T14:39:47.439+0000] {subprocess.py:106} INFO - 26/04/29 14:39:47 INFO FileOutputCommitter: FileOutputCommitter skip cleanup _temporary folders under output directory:false, ignore cleanup failures: false
[2026-04-29T14:39:47.441+0000] {subprocess.py:106} INFO - 26/04/29 14:39:47 INFO SQLHadoopMapReduceCommitProtocol: Using user defined output committer class org.apache.parquet.hadoop.ParquetOutputCommitter
[2026-04-29T14:39:47.442+0000] {subprocess.py:106} INFO - 26/04/29 14:39:47 INFO FileOutputCommitter: File Output Committer Algorithm version is 1
[2026-04-29T14:39:47.444+0000] {subprocess.py:106} INFO - 26/04/29 14:39:47 INFO FileOutputCommitter: FileOutputCommitter skip cleanup _temporary folders under output directory:false, ignore cleanup failures: false
[2026-04-29T14:39:47.445+0000] {subprocess.py:106} INFO - 26/04/29 14:39:47 INFO SQLHadoopMapReduceCommitProtocol: Using output committer class org.apache.parquet.hadoop.ParquetOutputCommitter
[2026-04-29T14:39:47.458+0000] {subprocess.py:106} INFO - 26/04/29 14:39:47 INFO MemoryStore: Block broadcast_8 stored as values in memory (estimated size 204.3 KiB, free 433.9 MiB)
[2026-04-29T14:39:47.474+0000] {subprocess.py:106} INFO - 26/04/29 14:39:47 INFO MemoryStore: Block broadcast_8_piece0 stored as bytes in memory (estimated size 34.8 KiB, free 433.9 MiB)
[2026-04-29T14:39:47.477+0000] {subprocess.py:106} INFO - 26/04/29 14:39:47 INFO BlockManagerInfo: Added broadcast_8_piece0 in memory on 172.30.1.13:43309 (size: 34.8 KiB, free: 434.3 MiB)
[2026-04-29T14:39:47.480+0000] {subprocess.py:106} INFO - 26/04/29 14:39:47 INFO SparkContext: Created broadcast 8 from save at NativeMethodAccessorImpl.java:0
[2026-04-29T14:39:47.482+0000] {subprocess.py:106} INFO - 26/04/29 14:39:47 INFO FileSourceScanExec: Planning scan with bin packing, max size: 134217728 bytes, open cost is considered as scanning 4194304 bytes.
[2026-04-29T14:39:47.531+0000] {subprocess.py:106} INFO - 26/04/29 14:39:47 INFO SparkContext: Starting job: save at NativeMethodAccessorImpl.java:0
[2026-04-29T14:39:47.534+0000] {subprocess.py:106} INFO - 26/04/29 14:39:47 INFO DAGScheduler: Got job 5 (save at NativeMethodAccessorImpl.java:0) with 3 output partitions
[2026-04-29T14:39:47.536+0000] {subprocess.py:106} INFO - 26/04/29 14:39:47 INFO DAGScheduler: Final stage: ResultStage 6 (save at NativeMethodAccessorImpl.java:0)
[2026-04-29T14:39:47.537+0000] {subprocess.py:106} INFO - 26/04/29 14:39:47 INFO DAGScheduler: Parents of final stage: List()
[2026-04-29T14:39:47.538+0000] {subprocess.py:106} INFO - 26/04/29 14:39:47 INFO DAGScheduler: Missing parents: List()
[2026-04-29T14:39:47.539+0000] {subprocess.py:106} INFO - 26/04/29 14:39:47 INFO DAGScheduler: Submitting ResultStage 6 (MapPartitionsRDD[19] at save at NativeMethodAccessorImpl.java:0), which has no missing parents
[2026-04-29T14:39:47.584+0000] {subprocess.py:106} INFO - 26/04/29 14:39:47 INFO MemoryStore: Block broadcast_9 stored as values in memory (estimated size 216.3 KiB, free 433.7 MiB)
[2026-04-29T14:39:47.612+0000] {subprocess.py:106} INFO - 26/04/29 14:39:47 INFO BlockManagerInfo: Removed broadcast_6_piece0 on 172.30.1.13:43309 in memory (size: 8.3 KiB, free: 434.3 MiB)
[2026-04-29T14:39:47.614+0000] {subprocess.py:106} INFO - 26/04/29 14:39:47 INFO MemoryStore: Block broadcast_9_piece0 stored as bytes in memory (estimated size 78.0 KiB, free 433.6 MiB)
[2026-04-29T14:39:47.620+0000] {subprocess.py:106} INFO - 26/04/29 14:39:47 INFO BlockManagerInfo: Removed broadcast_6_piece0 on 1175ad6b07ce:34753 in memory (size: 8.3 KiB, free: 366.3 MiB)
[2026-04-29T14:39:47.621+0000] {subprocess.py:106} INFO - 26/04/29 14:39:47 INFO BlockManagerInfo: Added broadcast_9_piece0 in memory on 172.30.1.13:43309 (size: 78.0 KiB, free: 434.3 MiB)
[2026-04-29T14:39:47.623+0000] {subprocess.py:106} INFO - 26/04/29 14:39:47 INFO SparkContext: Created broadcast 9 from broadcast at DAGScheduler.scala:1580
[2026-04-29T14:39:47.630+0000] {subprocess.py:106} INFO - 26/04/29 14:39:47 INFO DAGScheduler: Submitting 3 missing tasks from ResultStage 6 (MapPartitionsRDD[19] at save at NativeMethodAccessorImpl.java:0) (first 15 tasks are for partitions Vector(0, 1, 2))
[2026-04-29T14:39:47.631+0000] {subprocess.py:106} INFO - 26/04/29 14:39:47 INFO YarnScheduler: Adding task set 6.0 with 3 tasks resource profile 0
[2026-04-29T14:39:47.634+0000] {subprocess.py:106} INFO - 26/04/29 14:39:47 INFO BlockManagerInfo: Removed broadcast_6_piece0 on 5b0353f352af:36671 in memory (size: 8.3 KiB, free: 366.3 MiB)
[2026-04-29T14:39:47.635+0000] {subprocess.py:106} INFO - 26/04/29 14:39:47 INFO TaskSetManager: Starting task 0.0 in stage 6.0 (TID 98) (5b0353f352af, executor 1, partition 0, PROCESS_LOCAL, 12324 bytes)
[2026-04-29T14:39:47.639+0000] {subprocess.py:106} INFO - 26/04/29 14:39:47 INFO TaskSetManager: Starting task 1.0 in stage 6.0 (TID 99) (1175ad6b07ce, executor 2, partition 1, PROCESS_LOCAL, 12324 bytes)
[2026-04-29T14:39:47.704+0000] {subprocess.py:106} INFO - 26/04/29 14:39:47 INFO BlockManagerInfo: Removed broadcast_7_piece0 on 172.30.1.13:43309 in memory (size: 5.9 KiB, free: 434.3 MiB)
[2026-04-29T14:39:47.709+0000] {subprocess.py:106} INFO - 26/04/29 14:39:47 INFO BlockManagerInfo: Added broadcast_9_piece0 in memory on 5b0353f352af:36671 (size: 78.0 KiB, free: 366.2 MiB)
[2026-04-29T14:39:47.712+0000] {subprocess.py:106} INFO - 26/04/29 14:39:47 INFO BlockManagerInfo: Removed broadcast_7_piece0 on 1175ad6b07ce:34753 in memory (size: 5.9 KiB, free: 366.3 MiB)
[2026-04-29T14:39:47.714+0000] {subprocess.py:106} INFO - 26/04/29 14:39:47 INFO BlockManagerInfo: Added broadcast_9_piece0 in memory on 1175ad6b07ce:34753 (size: 78.0 KiB, free: 366.2 MiB)
[2026-04-29T14:39:47.721+0000] {subprocess.py:106} INFO - 26/04/29 14:39:47 INFO BlockManagerInfo: Removed broadcast_5_piece0 on 172.30.1.13:43309 in memory (size: 34.8 KiB, free: 434.3 MiB)
[2026-04-29T14:39:47.727+0000] {subprocess.py:106} INFO - 26/04/29 14:39:47 INFO BlockManagerInfo: Removed broadcast_5_piece0 on 1175ad6b07ce:34753 in memory (size: 34.8 KiB, free: 366.2 MiB)
[2026-04-29T14:39:47.732+0000] {subprocess.py:106} INFO - 26/04/29 14:39:47 INFO BlockManagerInfo: Removed broadcast_5_piece0 on 5b0353f352af:36671 in memory (size: 34.8 KiB, free: 366.2 MiB)
[2026-04-29T14:39:49.128+0000] {subprocess.py:106} INFO - 26/04/29 14:39:49 INFO BlockManagerInfo: Added broadcast_8_piece0 in memory on 1175ad6b07ce:34753 (size: 34.8 KiB, free: 366.2 MiB)
[2026-04-29T14:39:50.360+0000] {subprocess.py:106} INFO - 26/04/29 14:39:50 INFO BlockManagerInfo: Added broadcast_8_piece0 in memory on 5b0353f352af:36671 (size: 34.8 KiB, free: 366.2 MiB)
[2026-04-29T14:39:52.862+0000] {subprocess.py:106} INFO - 26/04/29 14:39:52 INFO TaskSetManager: Starting task 2.0 in stage 6.0 (TID 100) (5b0353f352af, executor 1, partition 2, PROCESS_LOCAL, 11538 bytes)
[2026-04-29T14:39:52.873+0000] {subprocess.py:106} INFO - 26/04/29 14:39:52 INFO TaskSetManager: Finished task 0.0 in stage 6.0 (TID 98) in 5244 ms on 5b0353f352af (executor 1) (1/3)
[2026-04-29T14:39:53.235+0000] {subprocess.py:106} INFO - 26/04/29 14:39:53 INFO TaskSetManager: Finished task 1.0 in stage 6.0 (TID 99) in 5607 ms on 1175ad6b07ce (executor 2) (2/3)
[2026-04-29T14:39:54.837+0000] {subprocess.py:106} INFO - 26/04/29 14:39:54 INFO TaskSetManager: Finished task 2.0 in stage 6.0 (TID 100) in 1975 ms on 5b0353f352af (executor 1) (3/3)
[2026-04-29T14:39:54.838+0000] {subprocess.py:106} INFO - 26/04/29 14:39:54 INFO YarnScheduler: Removed TaskSet 6.0, whose tasks have all completed, from pool
[2026-04-29T14:39:54.839+0000] {subprocess.py:106} INFO - 26/04/29 14:39:54 INFO DAGScheduler: ResultStage 6 (save at NativeMethodAccessorImpl.java:0) finished in 7.300 s
[2026-04-29T14:39:54.840+0000] {subprocess.py:106} INFO - 26/04/29 14:39:54 INFO DAGScheduler: Job 5 is finished. Cancelling potential speculative or zombie tasks for this job
[2026-04-29T14:39:54.841+0000] {subprocess.py:106} INFO - 26/04/29 14:39:54 INFO YarnScheduler: Killing all running tasks in stage 6: Stage finished
[2026-04-29T14:39:54.843+0000] {subprocess.py:106} INFO - 26/04/29 14:39:54 INFO DAGScheduler: Job 5 finished: save at NativeMethodAccessorImpl.java:0, took 7.307858 s
[2026-04-29T14:39:54.844+0000] {subprocess.py:106} INFO - 26/04/29 14:39:54 INFO FileFormatWriter: Start to commit write Job e3100d10-376d-4466-8673-ccd0e8f1e260.
[2026-04-29T14:39:54.961+0000] {subprocess.py:106} INFO - 26/04/29 14:39:54 INFO FileFormatWriter: Write Job e3100d10-376d-4466-8673-ccd0e8f1e260 committed. Elapsed time: 117 ms.
[2026-04-29T14:39:54.967+0000] {subprocess.py:106} INFO - 26/04/29 14:39:54 INFO FileFormatWriter: Finished processing stats for write job e3100d10-376d-4466-8673-ccd0e8f1e260.
[2026-04-29T14:39:54.974+0000] {subprocess.py:106} INFO - Data written to Bronze Layer in HDFS
[2026-04-29T14:39:55.073+0000] {subprocess.py:106} INFO - 26/04/29 14:39:55 INFO SparkContext: Invoking stop() from shutdown hook
[2026-04-29T14:39:55.075+0000] {subprocess.py:106} INFO - 26/04/29 14:39:55 INFO SparkContext: SparkContext is stopping with exitCode 0.
[2026-04-29T14:39:55.102+0000] {subprocess.py:106} INFO - 26/04/29 14:39:55 INFO SparkUI: Stopped Spark web UI at http://172.30.1.13:4040
[2026-04-29T14:39:55.113+0000] {subprocess.py:106} INFO - 26/04/29 14:39:55 INFO YarnClientSchedulerBackend: Interrupting monitor thread
[2026-04-29T14:39:55.143+0000] {subprocess.py:106} INFO - 26/04/29 14:39:55 INFO YarnClientSchedulerBackend: Shutting down all executors
[2026-04-29T14:39:55.145+0000] {subprocess.py:106} INFO - 26/04/29 14:39:55 INFO YarnSchedulerBackend$YarnDriverEndpoint: Asking each executor to shut down
[2026-04-29T14:39:55.154+0000] {subprocess.py:106} INFO - 26/04/29 14:39:55 INFO YarnClientSchedulerBackend: YARN client scheduler backend Stopped
[2026-04-29T14:39:55.173+0000] {subprocess.py:106} INFO - 26/04/29 14:39:55 INFO MapOutputTrackerMasterEndpoint: MapOutputTrackerMasterEndpoint stopped!
[2026-04-29T14:39:55.216+0000] {subprocess.py:106} INFO - 26/04/29 14:39:55 INFO MemoryStore: MemoryStore cleared
[2026-04-29T14:39:55.220+0000] {subprocess.py:106} INFO - 26/04/29 14:39:55 INFO BlockManager: BlockManager stopped
[2026-04-29T14:39:55.225+0000] {subprocess.py:106} INFO - 26/04/29 14:39:55 INFO BlockManagerMaster: BlockManagerMaster stopped
[2026-04-29T14:39:55.236+0000] {subprocess.py:106} INFO - 26/04/29 14:39:55 INFO OutputCommitCoordinator$OutputCommitCoordinatorEndpoint: OutputCommitCoordinator stopped!
[2026-04-29T14:39:55.265+0000] {subprocess.py:106} INFO - 26/04/29 14:39:55 INFO SparkContext: Successfully stopped SparkContext
[2026-04-29T14:39:55.266+0000] {subprocess.py:106} INFO - 26/04/29 14:39:55 INFO ShutdownHookManager: Shutdown hook called
[2026-04-29T14:39:55.267+0000] {subprocess.py:106} INFO - 26/04/29 14:39:55 INFO ShutdownHookManager: Deleting directory /tmp/spark-64d4f732-0b16-4b1c-ba56-8fbfc3d38bac/pyspark-98fe5d9b-1440-407a-8782-6a1e3150cf81
[2026-04-29T14:39:55.276+0000] {subprocess.py:106} INFO - 26/04/29 14:39:55 INFO ShutdownHookManager: Deleting directory /tmp/spark-d9081900-3cfa-4230-9b83-aee4ec06c87e
[2026-04-29T14:39:55.287+0000] {subprocess.py:106} INFO - 26/04/29 14:39:55 INFO ShutdownHookManager: Deleting directory /tmp/spark-64d4f732-0b16-4b1c-ba56-8fbfc3d38bac
[2026-04-29T14:39:55.536+0000] {subprocess.py:110} INFO - Command exited with return code 0
[2026-04-29T14:39:55.597+0000] {taskinstance.py:340} INFO - ::group::Post task execution logs
[2026-04-29T14:39:55.598+0000] {taskinstance.py:352} INFO - Marking task as SUCCESS. dag_id=titanic_dag, task_id=extraction, run_id=manual__2026-04-29T14:38:31.769157+00:00, execution_date=20260429T143831, start_date=20260429T143837, end_date=20260429T143955
[2026-04-29T14:39:55.675+0000] {local_task_job_runner.py:266} INFO - Task exited with return code 0
[2026-04-29T14:39:55.723+0000] {taskinstance.py:3895} INFO - 1 downstream tasks scheduled from follow-on schedule check
[2026-04-29T14:39:55.732+0000] {local_task_job_runner.py:245} INFO - ::endgroup::
