[2026-04-29T01:42:15.858+0000] {local_task_job_runner.py:123} INFO - ::group::Pre task execution logs
[2026-04-29T01:42:15.893+0000] {taskinstance.py:2613} INFO - Dependencies all met for dep_context=non-requeueable deps ti=<TaskInstance: titanic_dag.extraction manual__2026-04-29T01:42:06.700423+00:00 [queued]>
[2026-04-29T01:42:15.911+0000] {taskinstance.py:2613} INFO - Dependencies all met for dep_context=requeueable deps ti=<TaskInstance: titanic_dag.extraction manual__2026-04-29T01:42:06.700423+00:00 [queued]>
[2026-04-29T01:42:15.912+0000] {taskinstance.py:2866} INFO - Starting attempt 1 of 1
[2026-04-29T01:42:15.943+0000] {taskinstance.py:2889} INFO - Executing <Task(BashOperator): extraction> on 2026-04-29 01:42:06.700423+00:00
[2026-04-29T01:42:15.960+0000] {standard_task_runner.py:72} INFO - Started process 3441 to run task
[2026-04-29T01:42:15.975+0000] {standard_task_runner.py:104} INFO - Running: ['***', 'tasks', 'run', 'titanic_dag', 'extraction', 'manual__2026-04-29T01:42:06.700423+00:00', '--job-id', '106', '--raw', '--subdir', 'DAGS_FOLDER/titanic_dag.py', '--cfg-path', '/tmp/tmperd2n8os']
[2026-04-29T01:42:15.981+0000] {standard_task_runner.py:105} INFO - Job 106: Subtask extraction
[2026-04-29T01:42:16.174+0000] {task_command.py:467} INFO - Running <TaskInstance: titanic_dag.extraction manual__2026-04-29T01:42:06.700423+00:00 [running]> on host 9fbda7c5f6bc
[2026-04-29T01:42:16.411+0000] {taskinstance.py:3132} INFO - Exporting env vars: AIRFLOW_CTX_DAG_OWNER='***' AIRFLOW_CTX_DAG_ID='titanic_dag' AIRFLOW_CTX_TASK_ID='extraction' AIRFLOW_CTX_EXECUTION_DATE='2026-04-29T01:42:06.700423+00:00' AIRFLOW_CTX_TRY_NUMBER='1' AIRFLOW_CTX_DAG_RUN_ID='manual__2026-04-29T01:42:06.700423+00:00'
[2026-04-29T01:42:16.413+0000] {taskinstance.py:731} INFO - ::endgroup::
[2026-04-29T01:42:16.470+0000] {subprocess.py:78} INFO - Tmp dir root location: /tmp
[2026-04-29T01:42:16.475+0000] {subprocess.py:88} INFO - Running command: ['/usr/bin/bash', '-c', '\n        docker exec spark-jupyter spark-submit /home/jovyan/work/Scripts/extraction.py\n        ']
[2026-04-29T01:42:16.501+0000] {subprocess.py:99} INFO - Output:
[2026-04-29T01:42:23.874+0000] {subprocess.py:106} INFO - 26/04/29 01:42:23 INFO SparkContext: Running Spark version 3.5.0
[2026-04-29T01:42:23.878+0000] {subprocess.py:106} INFO - 26/04/29 01:42:23 INFO SparkContext: OS info Linux, 6.6.87.2-microsoft-standard-WSL2, amd64
[2026-04-29T01:42:23.879+0000] {subprocess.py:106} INFO - 26/04/29 01:42:23 INFO SparkContext: Java version 17.0.8.1
[2026-04-29T01:42:24.066+0000] {subprocess.py:106} INFO - 26/04/29 01:42:24 WARN NativeCodeLoader: Unable to load native-hadoop library for your platform... using builtin-java classes where applicable
[2026-04-29T01:42:24.321+0000] {subprocess.py:106} INFO - 26/04/29 01:42:24 INFO ResourceUtils: ==============================================================
[2026-04-29T01:42:24.322+0000] {subprocess.py:106} INFO - 26/04/29 01:42:24 INFO ResourceUtils: No custom resources configured for spark.driver.
[2026-04-29T01:42:24.324+0000] {subprocess.py:106} INFO - 26/04/29 01:42:24 INFO ResourceUtils: ==============================================================
[2026-04-29T01:42:24.325+0000] {subprocess.py:106} INFO - 26/04/29 01:42:24 INFO SparkContext: Submitted application: BronzeLayerIngestion
[2026-04-29T01:42:24.378+0000] {subprocess.py:106} INFO - 26/04/29 01:42:24 INFO ResourceProfile: Default ResourceProfile created, executor resources: Map(cores -> name: cores, amount: 1, script: , vendor: , memory -> name: memory, amount: 1024, script: , vendor: , offHeap -> name: offHeap, amount: 0, script: , vendor: ), task resources: Map(cpus -> name: cpus, amount: 1.0)
[2026-04-29T01:42:24.397+0000] {subprocess.py:106} INFO - 26/04/29 01:42:24 INFO ResourceProfile: Limiting resource is cpus at 1 tasks per executor
[2026-04-29T01:42:24.402+0000] {subprocess.py:106} INFO - 26/04/29 01:42:24 INFO ResourceProfileManager: Added ResourceProfile id: 0
[2026-04-29T01:42:24.560+0000] {subprocess.py:106} INFO - 26/04/29 01:42:24 INFO SecurityManager: Changing view acls to: root
[2026-04-29T01:42:24.562+0000] {subprocess.py:106} INFO - 26/04/29 01:42:24 INFO SecurityManager: Changing modify acls to: root
[2026-04-29T01:42:24.563+0000] {subprocess.py:106} INFO - 26/04/29 01:42:24 INFO SecurityManager: Changing view acls groups to:
[2026-04-29T01:42:24.564+0000] {subprocess.py:106} INFO - 26/04/29 01:42:24 INFO SecurityManager: Changing modify acls groups to:
[2026-04-29T01:42:24.566+0000] {subprocess.py:106} INFO - 26/04/29 01:42:24 INFO SecurityManager: SecurityManager: authentication disabled; ui acls disabled; users with view permissions: root; groups with view permissions: EMPTY; users with modify permissions: root; groups with modify permissions: EMPTY
[2026-04-29T01:42:25.331+0000] {subprocess.py:106} INFO - 26/04/29 01:42:25 INFO Utils: Successfully started service 'sparkDriver' on port 35635.
[2026-04-29T01:42:25.434+0000] {subprocess.py:106} INFO - 26/04/29 01:42:25 INFO SparkEnv: Registering MapOutputTracker
[2026-04-29T01:42:25.538+0000] {subprocess.py:106} INFO - 26/04/29 01:42:25 INFO SparkEnv: Registering BlockManagerMaster
[2026-04-29T01:42:25.591+0000] {subprocess.py:106} INFO - 26/04/29 01:42:25 INFO BlockManagerMasterEndpoint: Using org.apache.spark.storage.DefaultTopologyMapper for getting topology information
[2026-04-29T01:42:25.592+0000] {subprocess.py:106} INFO - 26/04/29 01:42:25 INFO BlockManagerMasterEndpoint: BlockManagerMasterEndpoint up
[2026-04-29T01:42:25.661+0000] {subprocess.py:106} INFO - 26/04/29 01:42:25 INFO SparkEnv: Registering BlockManagerMasterHeartbeat
[2026-04-29T01:42:25.757+0000] {subprocess.py:106} INFO - 26/04/29 01:42:25 INFO DiskBlockManager: Created local directory at /tmp/blockmgr-74e4180e-0bf4-4328-b0c8-695e0e91d4be
[2026-04-29T01:42:25.797+0000] {subprocess.py:106} INFO - 26/04/29 01:42:25 INFO MemoryStore: MemoryStore started with capacity 434.4 MiB
[2026-04-29T01:42:25.899+0000] {subprocess.py:106} INFO - 26/04/29 01:42:25 INFO SparkEnv: Registering OutputCommitCoordinator
[2026-04-29T01:42:26.295+0000] {subprocess.py:106} INFO - 26/04/29 01:42:26 INFO JettyUtils: Start Jetty 0.0.0.0:4040 for SparkUI
[2026-04-29T01:42:26.459+0000] {subprocess.py:106} INFO - 26/04/29 01:42:26 WARN Utils: Service 'SparkUI' could not bind on port 4040. Attempting port 4041.
[2026-04-29T01:42:26.479+0000] {subprocess.py:106} INFO - 26/04/29 01:42:26 INFO Utils: Successfully started service 'SparkUI' on port 4041.
[2026-04-29T01:42:24.711+0000] {subprocess.py:106} INFO - 26/04/29 01:42:24 INFO DefaultNoHARMFailoverProxyProvider: Connecting to ResourceManager at resourcemanager/172.30.1.24:8032
[2026-04-29T01:42:26.500+0000] {subprocess.py:106} INFO - 26/04/29 01:42:26 INFO Configuration: resource-types.xml not found
[2026-04-29T01:42:26.501+0000] {subprocess.py:106} INFO - 26/04/29 01:42:26 INFO ResourceUtils: Unable to find 'resource-types.xml'.
[2026-04-29T01:42:26.532+0000] {subprocess.py:106} INFO - 26/04/29 01:42:26 INFO Client: Verifying our application has not requested more than the maximum memory capability of the cluster (8192 MB per container)
[2026-04-29T01:42:26.534+0000] {subprocess.py:106} INFO - 26/04/29 01:42:26 INFO Client: Will allocate AM container, with 896 MB memory including 384 MB overhead
[2026-04-29T01:42:26.536+0000] {subprocess.py:106} INFO - 26/04/29 01:42:26 INFO Client: Setting up container launch context for our AM
[2026-04-29T01:42:26.537+0000] {subprocess.py:106} INFO - 26/04/29 01:42:26 INFO Client: Setting up the launch environment for our AM container
[2026-04-29T01:42:26.545+0000] {subprocess.py:106} INFO - 26/04/29 01:42:26 INFO Client: Preparing resources for our AM container
[2026-04-29T01:42:26.626+0000] {subprocess.py:106} INFO - 26/04/29 01:42:26 WARN Client: Neither spark.yarn.jars nor spark.yarn.archive is set, falling back to uploading libraries under SPARK_HOME.
[2026-04-29T01:42:36.121+0000] {subprocess.py:106} INFO - 26/04/29 01:42:36 INFO Client: Uploading resource file:/tmp/spark-1cc7931c-ed18-4e73-871c-de44bd223052/__spark_libs__14024354447207553008.zip -> hdfs://hadoop-namenode:9000/user/root/.sparkStaging/application_1777423294598_0002/__spark_libs__14024354447207553008.zip
[2026-04-29T01:42:47.421+0000] {subprocess.py:106} INFO - 26/04/29 01:42:47 INFO Client: Uploading resource file:/tmp/spark-1cc7931c-ed18-4e73-871c-de44bd223052/__spark_conf__18023768954986079016.zip -> hdfs://hadoop-namenode:9000/user/root/.sparkStaging/application_1777423294598_0002/__spark_conf__.zip
[2026-04-29T01:42:47.548+0000] {subprocess.py:106} INFO - 26/04/29 01:42:47 INFO SecurityManager: Changing view acls to: root
[2026-04-29T01:42:47.550+0000] {subprocess.py:106} INFO - 26/04/29 01:42:47 INFO SecurityManager: Changing modify acls to: root
[2026-04-29T01:42:47.551+0000] {subprocess.py:106} INFO - 26/04/29 01:42:47 INFO SecurityManager: Changing view acls groups to:
[2026-04-29T01:42:47.552+0000] {subprocess.py:106} INFO - 26/04/29 01:42:47 INFO SecurityManager: Changing modify acls groups to:
[2026-04-29T01:42:47.553+0000] {subprocess.py:106} INFO - 26/04/29 01:42:47 INFO SecurityManager: SecurityManager: authentication disabled; ui acls disabled; users with view permissions: root; groups with view permissions: EMPTY; users with modify permissions: root; groups with modify permissions: EMPTY
[2026-04-29T01:42:47.580+0000] {subprocess.py:106} INFO - 26/04/29 01:42:47 INFO Client: Submitting application application_1777423294598_0002 to ResourceManager
[2026-04-29T01:42:47.955+0000] {subprocess.py:106} INFO - 26/04/29 01:42:47 INFO YarnClientImpl: Submitted application application_1777423294598_0002
[2026-04-29T01:42:48.962+0000] {subprocess.py:106} INFO - 26/04/29 01:42:48 INFO Client: Application report for application_1777423294598_0002 (state: ACCEPTED)
[2026-04-29T01:42:48.968+0000] {subprocess.py:106} INFO - 26/04/29 01:42:48 INFO Client:
[2026-04-29T01:42:48.969+0000] {subprocess.py:106} INFO - 	 client token: N/A
[2026-04-29T01:42:48.971+0000] {subprocess.py:106} INFO - 	 diagnostics: [Wed Apr 29 01:42:48 +0000 2026] Scheduler has assigned a container for AM, waiting for AM container to be launched
[2026-04-29T01:42:48.972+0000] {subprocess.py:106} INFO - 	 ApplicationMaster host: N/A
[2026-04-29T01:42:48.973+0000] {subprocess.py:106} INFO - 	 ApplicationMaster RPC port: -1
[2026-04-29T01:42:48.974+0000] {subprocess.py:106} INFO - 	 queue: default
[2026-04-29T01:42:48.975+0000] {subprocess.py:106} INFO - 	 start time: 1777426967664
[2026-04-29T01:42:48.976+0000] {subprocess.py:106} INFO - 	 final status: UNDEFINED
[2026-04-29T01:42:48.977+0000] {subprocess.py:106} INFO - 	 tracking URL: http://resourcemanager:8088/proxy/application_1777423294598_0002/
[2026-04-29T01:42:48.978+0000] {subprocess.py:106} INFO - 	 user: root
[2026-04-29T01:43:04.749+0000] {subprocess.py:106} INFO - 26/04/29 01:43:04 INFO Client: Application report for application_1777423294598_0002 (state: RUNNING)
[2026-04-29T01:43:04.752+0000] {subprocess.py:106} INFO - 26/04/29 01:43:04 INFO Client:
[2026-04-29T01:43:04.756+0000] {subprocess.py:106} INFO - 	 client token: N/A
[2026-04-29T01:43:04.758+0000] {subprocess.py:106} INFO - 	 diagnostics: N/A
[2026-04-29T01:43:04.760+0000] {subprocess.py:106} INFO - 	 ApplicationMaster host: 172.30.1.25
[2026-04-29T01:43:04.761+0000] {subprocess.py:106} INFO - 	 ApplicationMaster RPC port: -1
[2026-04-29T01:43:04.762+0000] {subprocess.py:106} INFO - 	 queue: default
[2026-04-29T01:43:04.764+0000] {subprocess.py:106} INFO - 	 start time: 1777426967664
[2026-04-29T01:43:04.765+0000] {subprocess.py:106} INFO - 	 final status: UNDEFINED
[2026-04-29T01:43:04.766+0000] {subprocess.py:106} INFO - 	 tracking URL: http://resourcemanager:8088/proxy/application_1777423294598_0002/
[2026-04-29T01:43:04.767+0000] {subprocess.py:106} INFO - 	 user: root
[2026-04-29T01:43:04.768+0000] {subprocess.py:106} INFO - 26/04/29 01:43:04 INFO YarnClientSchedulerBackend: Application application_1777423294598_0002 has started running.
[2026-04-29T01:43:04.779+0000] {subprocess.py:106} INFO - 26/04/29 01:43:04 INFO Utils: Successfully started service 'org.apache.spark.network.netty.NettyBlockTransferService' on port 34503.
[2026-04-29T01:43:04.781+0000] {subprocess.py:106} INFO - 26/04/29 01:43:04 INFO NettyBlockTransferService: Server created on 172.30.1.13 0.0.0.0:34503
[2026-04-29T01:43:04.783+0000] {subprocess.py:106} INFO - 26/04/29 01:43:04 INFO BlockManager: Using org.apache.spark.storage.RandomBlockReplicationPolicy for block replication policy
[2026-04-29T01:43:04.806+0000] {subprocess.py:106} INFO - 26/04/29 01:43:04 INFO BlockManagerMaster: Registering BlockManager BlockManagerId(driver, 172.30.1.13, 34503, None)
[2026-04-29T01:43:04.823+0000] {subprocess.py:106} INFO - 26/04/29 01:43:04 INFO BlockManagerMasterEndpoint: Registering block manager 172.30.1.13:34503 with 434.4 MiB RAM, BlockManagerId(driver, 172.30.1.13, 34503, None)
[2026-04-29T01:43:04.825+0000] {subprocess.py:106} INFO - 26/04/29 01:43:04 INFO BlockManagerMaster: Registered BlockManager BlockManagerId(driver, 172.30.1.13, 34503, None)
[2026-04-29T01:43:04.829+0000] {subprocess.py:106} INFO - 26/04/29 01:43:04 INFO BlockManager: Initialized BlockManager: BlockManagerId(driver, 172.30.1.13, 34503, None)
[2026-04-29T01:43:05.269+0000] {subprocess.py:106} INFO - 26/04/29 01:43:05 INFO YarnClientSchedulerBackend: Add WebUI Filter. org.apache.hadoop.yarn.server.webproxy.amfilter.AmIpFilter, Map(PROXY_HOSTS -> resourcemanager, PROXY_URI_BASES -> http://resourcemanager:8088/proxy/application_1777423294598_0002), /proxy/application_1777423294598_0002
[2026-04-29T01:43:05.272+0000] {subprocess.py:106} INFO - 26/04/29 01:43:05 INFO ServerInfo: Adding filter to /stages/stage/kill: org.apache.hadoop.yarn.server.webproxy.amfilter.AmIpFilter
[2026-04-29T01:43:05.295+0000] {subprocess.py:106} INFO - 26/04/29 01:43:05 INFO ServerInfo: Adding filter to /metrics/json: org.apache.hadoop.yarn.server.webproxy.amfilter.AmIpFilter
[2026-04-29T01:43:05.300+0000] {subprocess.py:106} INFO - 26/04/29 01:43:05 INFO YarnClientSchedulerBackend: SchedulerBackend is ready for scheduling beginning after waiting maxRegisteredResourcesWaitingTime: 30000000000(ns)
[2026-04-29T01:43:05.700+0000] {subprocess.py:106} INFO - Spark Connected
[2026-04-29T01:43:05.713+0000] {subprocess.py:106} INFO - 26/04/29 01:43:05 INFO SharedState: Setting hive.metastore.warehouse.dir ('null') to the value of spark.sql.warehouse.dir.
[2026-04-29T01:43:05.720+0000] {subprocess.py:106} INFO - 26/04/29 01:43:05 INFO SharedState: Warehouse path is 'file:/home/jovyan/spark-warehouse'.
[2026-04-29T01:43:05.744+0000] {subprocess.py:106} INFO - 26/04/29 01:43:05 INFO ServerInfo: Adding filter to /SQL: org.apache.hadoop.yarn.server.webproxy.amfilter.AmIpFilter
[2026-04-29T01:43:05.748+0000] {subprocess.py:106} INFO - 26/04/29 01:43:05 INFO ServerInfo: Adding filter to /SQL/json: org.apache.hadoop.yarn.server.webproxy.amfilter.AmIpFilter
[2026-04-29T01:43:05.752+0000] {subprocess.py:106} INFO - 26/04/29 01:43:05 INFO ServerInfo: Adding filter to /SQL/execution: org.apache.hadoop.yarn.server.webproxy.amfilter.AmIpFilter
[2026-04-29T01:43:05.756+0000] {subprocess.py:106} INFO - 26/04/29 01:43:05 INFO ServerInfo: Adding filter to /SQL/execution/json: org.apache.hadoop.yarn.server.webproxy.amfilter.AmIpFilter
[2026-04-29T01:43:05.761+0000] {subprocess.py:106} INFO - 26/04/29 01:43:05 INFO ServerInfo: Adding filter to /static/sql: org.apache.hadoop.yarn.server.webproxy.amfilter.AmIpFilter
[2026-04-29T01:43:06.008+0000] {subprocess.py:106} INFO - 26/04/29 01:43:06 INFO YarnSchedulerBackend$YarnSchedulerEndpoint: ApplicationMaster registered as NettyRpcEndpointRef(spark-client://YarnAM)
[2026-04-29T01:43:11.161+0000] {subprocess.py:106} INFO - 26/04/29 01:43:11 INFO InMemoryFileIndex: It took 3816 ms to list leaf files for 1 paths.
[2026-04-29T01:43:11.474+0000] {subprocess.py:106} INFO - 26/04/29 01:43:11 INFO HadoopFSUtils: Listing leaf files and directories in parallel under 90 paths. The first several paths are: file:/home/jovyan/work/data/raw_events/event_20260428_223151_213561.json, file:/home/jovyan/work/data/raw_events/event_20260428_223154_236371.json, file:/home/jovyan/work/data/raw_events/event_20260428_223157_254374.json, file:/home/jovyan/work/data/raw_events/event_20260428_223200_270923.json, file:/home/jovyan/work/data/raw_events/event_20260428_223200_982218.json, file:/home/jovyan/work/data/raw_events/event_20260428_223204_000493.json, file:/home/jovyan/work/data/raw_events/event_20260428_223207_020858.json, file:/home/jovyan/work/data/raw_events/event_20260428_223210_039646.json, file:/home/jovyan/work/data/raw_events/event_20260428_223213_055249.json, file:/home/jovyan/work/data/raw_events/event_20260428_223216_074974.json.
[2026-04-29T01:43:13.173+0000] {subprocess.py:106} INFO - 26/04/29 01:43:13 INFO SparkContext: Starting job: json at NativeMethodAccessorImpl.java:0
[2026-04-29T01:43:13.246+0000] {subprocess.py:106} INFO - 26/04/29 01:43:13 INFO DAGScheduler: Got job 0 (json at NativeMethodAccessorImpl.java:0) with 90 output partitions
[2026-04-29T01:43:13.253+0000] {subprocess.py:106} INFO - 26/04/29 01:43:13 INFO DAGScheduler: Final stage: ResultStage 0 (json at NativeMethodAccessorImpl.java:0)
[2026-04-29T01:43:13.254+0000] {subprocess.py:106} INFO - 26/04/29 01:43:13 INFO DAGScheduler: Parents of final stage: List()
[2026-04-29T01:43:13.256+0000] {subprocess.py:106} INFO - 26/04/29 01:43:13 INFO DAGScheduler: Missing parents: List()
[2026-04-29T01:43:13.261+0000] {subprocess.py:106} INFO - 26/04/29 01:43:13 INFO DAGScheduler: Submitting ResultStage 0 (MapPartitionsRDD[1] at json at NativeMethodAccessorImpl.java:0), which has no missing parents
[2026-04-29T01:43:13.870+0000] {subprocess.py:106} INFO - 26/04/29 01:43:13 INFO MemoryStore: Block broadcast_0 stored as values in memory (estimated size 103.6 KiB, free 434.3 MiB)
[2026-04-29T01:43:14.279+0000] {subprocess.py:106} INFO - 26/04/29 01:43:14 INFO MemoryStore: Block broadcast_0_piece0 stored as bytes in memory (estimated size 37.4 KiB, free 434.3 MiB)
[2026-04-29T01:43:14.287+0000] {subprocess.py:106} INFO - 26/04/29 01:43:14 INFO BlockManagerInfo: Added broadcast_0_piece0 in memory on 172.30.1.13:34503 (size: 37.4 KiB, free: 434.4 MiB)
[2026-04-29T01:43:14.314+0000] {subprocess.py:106} INFO - 26/04/29 01:43:14 INFO SparkContext: Created broadcast 0 from broadcast at DAGScheduler.scala:1580
[2026-04-29T01:43:14.776+0000] {subprocess.py:106} INFO - 26/04/29 01:43:14 INFO DAGScheduler: Submitting 90 missing tasks from ResultStage 0 (MapPartitionsRDD[1] at json at NativeMethodAccessorImpl.java:0) (first 15 tasks are for partitions Vector(0, 1, 2, 3, 4, 5, 6, 7, 8, 9, 10, 11, 12, 13, 14))
[2026-04-29T01:43:14.779+0000] {subprocess.py:106} INFO - 26/04/29 01:43:14 INFO YarnScheduler: Adding task set 0.0 with 90 tasks resource profile 0
[2026-04-29T01:43:20.982+0000] {subprocess.py:106} INFO - 26/04/29 01:43:20 INFO YarnSchedulerBackend$YarnDriverEndpoint: Registered executor NettyRpcEndpointRef(spark-client://Executor) (172.30.1.25:45778) with ID 1,  ResourceProfileId 0
[2026-04-29T01:43:21.569+0000] {subprocess.py:106} INFO - 26/04/29 01:43:21 INFO BlockManagerMasterEndpoint: Registering block manager 1175ad6b07ce:36309 with 366.3 MiB RAM, BlockManagerId(1, 1175ad6b07ce, 36309, None)
[2026-04-29T01:43:21.885+0000] {subprocess.py:106} INFO - 26/04/29 01:43:21 INFO TaskSetManager: Starting task 0.0 in stage 0.0 (TID 0) (1175ad6b07ce, executor 1, partition 0, PROCESS_LOCAL, 7815 bytes)
[2026-04-29T01:43:25.514+0000] {subprocess.py:106} INFO - 26/04/29 01:43:25 INFO BlockManagerInfo: Added broadcast_0_piece0 in memory on 1175ad6b07ce:36309 (size: 37.4 KiB, free: 366.3 MiB)
[2026-04-29T01:43:27.052+0000] {subprocess.py:106} INFO - 26/04/29 01:43:27 INFO TaskSetManager: Starting task 1.0 in stage 0.0 (TID 1) (1175ad6b07ce, executor 1, partition 1, PROCESS_LOCAL, 7815 bytes)
[2026-04-29T01:43:27.074+0000] {subprocess.py:106} INFO - 26/04/29 01:43:27 INFO TaskSetManager: Finished task 0.0 in stage 0.0 (TID 0) in 5280 ms on 1175ad6b07ce (executor 1) (1/90)
[2026-04-29T01:43:27.180+0000] {subprocess.py:106} INFO - 26/04/29 01:43:27 INFO TaskSetManager: Starting task 2.0 in stage 0.0 (TID 2) (1175ad6b07ce, executor 1, partition 2, PROCESS_LOCAL, 7815 bytes)
[2026-04-29T01:43:27.183+0000] {subprocess.py:106} INFO - 26/04/29 01:43:27 INFO TaskSetManager: Finished task 1.0 in stage 0.0 (TID 1) in 139 ms on 1175ad6b07ce (executor 1) (2/90)
[2026-04-29T01:43:27.280+0000] {subprocess.py:106} INFO - 26/04/29 01:43:27 INFO TaskSetManager: Starting task 3.0 in stage 0.0 (TID 3) (1175ad6b07ce, executor 1, partition 3, PROCESS_LOCAL, 7815 bytes)
[2026-04-29T01:43:27.289+0000] {subprocess.py:106} INFO - 26/04/29 01:43:27 INFO TaskSetManager: Finished task 2.0 in stage 0.0 (TID 2) in 106 ms on 1175ad6b07ce (executor 1) (3/90)
[2026-04-29T01:43:27.381+0000] {subprocess.py:106} INFO - 26/04/29 01:43:27 INFO TaskSetManager: Starting task 4.0 in stage 0.0 (TID 4) (1175ad6b07ce, executor 1, partition 4, PROCESS_LOCAL, 7815 bytes)
[2026-04-29T01:43:27.384+0000] {subprocess.py:106} INFO - 26/04/29 01:43:27 INFO TaskSetManager: Finished task 3.0 in stage 0.0 (TID 3) in 107 ms on 1175ad6b07ce (executor 1) (4/90)
[2026-04-29T01:43:27.468+0000] {subprocess.py:106} INFO - 26/04/29 01:43:27 INFO TaskSetManager: Starting task 5.0 in stage 0.0 (TID 5) (1175ad6b07ce, executor 1, partition 5, PROCESS_LOCAL, 7815 bytes)
[2026-04-29T01:43:27.472+0000] {subprocess.py:106} INFO - 26/04/29 01:43:27 INFO TaskSetManager: Finished task 4.0 in stage 0.0 (TID 4) in 91 ms on 1175ad6b07ce (executor 1) (5/90)
[2026-04-29T01:43:27.544+0000] {subprocess.py:106} INFO - 26/04/29 01:43:27 INFO TaskSetManager: Starting task 6.0 in stage 0.0 (TID 6) (1175ad6b07ce, executor 1, partition 6, PROCESS_LOCAL, 7815 bytes)
[2026-04-29T01:43:27.547+0000] {subprocess.py:106} INFO - 26/04/29 01:43:27 INFO TaskSetManager: Finished task 5.0 in stage 0.0 (TID 5) in 80 ms on 1175ad6b07ce (executor 1) (6/90)
[2026-04-29T01:43:27.616+0000] {subprocess.py:106} INFO - 26/04/29 01:43:27 INFO TaskSetManager: Starting task 7.0 in stage 0.0 (TID 7) (1175ad6b07ce, executor 1, partition 7, PROCESS_LOCAL, 7815 bytes)
[2026-04-29T01:43:27.619+0000] {subprocess.py:106} INFO - 26/04/29 01:43:27 INFO TaskSetManager: Finished task 6.0 in stage 0.0 (TID 6) in 76 ms on 1175ad6b07ce (executor 1) (7/90)
[2026-04-29T01:43:27.753+0000] {subprocess.py:106} INFO - 26/04/29 01:43:27 INFO TaskSetManager: Starting task 8.0 in stage 0.0 (TID 8) (1175ad6b07ce, executor 1, partition 8, PROCESS_LOCAL, 7815 bytes)
[2026-04-29T01:43:27.756+0000] {subprocess.py:106} INFO - 26/04/29 01:43:27 INFO TaskSetManager: Finished task 7.0 in stage 0.0 (TID 7) in 141 ms on 1175ad6b07ce (executor 1) (8/90)
[2026-04-29T01:43:27.813+0000] {subprocess.py:106} INFO - 26/04/29 01:43:27 INFO TaskSetManager: Starting task 9.0 in stage 0.0 (TID 9) (1175ad6b07ce, executor 1, partition 9, PROCESS_LOCAL, 7815 bytes)
[2026-04-29T01:43:27.816+0000] {subprocess.py:106} INFO - 26/04/29 01:43:27 INFO TaskSetManager: Finished task 8.0 in stage 0.0 (TID 8) in 66 ms on 1175ad6b07ce (executor 1) (9/90)
[2026-04-29T01:43:27.882+0000] {subprocess.py:106} INFO - 26/04/29 01:43:27 INFO TaskSetManager: Starting task 10.0 in stage 0.0 (TID 10) (1175ad6b07ce, executor 1, partition 10, PROCESS_LOCAL, 7815 bytes)
[2026-04-29T01:43:27.884+0000] {subprocess.py:106} INFO - 26/04/29 01:43:27 INFO TaskSetManager: Finished task 9.0 in stage 0.0 (TID 9) in 71 ms on 1175ad6b07ce (executor 1) (10/90)
[2026-04-29T01:43:27.947+0000] {subprocess.py:106} INFO - 26/04/29 01:43:27 INFO TaskSetManager: Starting task 11.0 in stage 0.0 (TID 11) (1175ad6b07ce, executor 1, partition 11, PROCESS_LOCAL, 7815 bytes)
[2026-04-29T01:43:27.949+0000] {subprocess.py:106} INFO - 26/04/29 01:43:27 INFO TaskSetManager: Finished task 10.0 in stage 0.0 (TID 10) in 66 ms on 1175ad6b07ce (executor 1) (11/90)
[2026-04-29T01:43:28.019+0000] {subprocess.py:106} INFO - 26/04/29 01:43:28 INFO TaskSetManager: Starting task 12.0 in stage 0.0 (TID 12) (1175ad6b07ce, executor 1, partition 12, PROCESS_LOCAL, 7815 bytes)
[2026-04-29T01:43:28.027+0000] {subprocess.py:106} INFO - 26/04/29 01:43:28 INFO TaskSetManager: Finished task 11.0 in stage 0.0 (TID 11) in 76 ms on 1175ad6b07ce (executor 1) (12/90)
[2026-04-29T01:43:28.085+0000] {subprocess.py:106} INFO - 26/04/29 01:43:28 INFO TaskSetManager: Starting task 13.0 in stage 0.0 (TID 13) (1175ad6b07ce, executor 1, partition 13, PROCESS_LOCAL, 7815 bytes)
[2026-04-29T01:43:28.087+0000] {subprocess.py:106} INFO - 26/04/29 01:43:28 INFO TaskSetManager: Finished task 12.0 in stage 0.0 (TID 12) in 69 ms on 1175ad6b07ce (executor 1) (13/90)
[2026-04-29T01:43:28.147+0000] {subprocess.py:106} INFO - 26/04/29 01:43:28 INFO TaskSetManager: Starting task 14.0 in stage 0.0 (TID 14) (1175ad6b07ce, executor 1, partition 14, PROCESS_LOCAL, 7815 bytes)
[2026-04-29T01:43:28.149+0000] {subprocess.py:106} INFO - 26/04/29 01:43:28 INFO TaskSetManager: Finished task 13.0 in stage 0.0 (TID 13) in 66 ms on 1175ad6b07ce (executor 1) (14/90)
[2026-04-29T01:43:28.214+0000] {subprocess.py:106} INFO - 26/04/29 01:43:28 INFO TaskSetManager: Starting task 15.0 in stage 0.0 (TID 15) (1175ad6b07ce, executor 1, partition 15, PROCESS_LOCAL, 7815 bytes)
[2026-04-29T01:43:28.216+0000] {subprocess.py:106} INFO - 26/04/29 01:43:28 INFO TaskSetManager: Finished task 14.0 in stage 0.0 (TID 14) in 70 ms on 1175ad6b07ce (executor 1) (15/90)
[2026-04-29T01:43:28.281+0000] {subprocess.py:106} INFO - 26/04/29 01:43:28 INFO TaskSetManager: Starting task 16.0 in stage 0.0 (TID 16) (1175ad6b07ce, executor 1, partition 16, PROCESS_LOCAL, 7815 bytes)
[2026-04-29T01:43:28.283+0000] {subprocess.py:106} INFO - 26/04/29 01:43:28 INFO TaskSetManager: Finished task 15.0 in stage 0.0 (TID 15) in 72 ms on 1175ad6b07ce (executor 1) (16/90)
[2026-04-29T01:43:28.343+0000] {subprocess.py:106} INFO - 26/04/29 01:43:28 INFO TaskSetManager: Starting task 17.0 in stage 0.0 (TID 17) (1175ad6b07ce, executor 1, partition 17, PROCESS_LOCAL, 7815 bytes)
[2026-04-29T01:43:28.345+0000] {subprocess.py:106} INFO - 26/04/29 01:43:28 INFO TaskSetManager: Finished task 16.0 in stage 0.0 (TID 16) in 65 ms on 1175ad6b07ce (executor 1) (17/90)
[2026-04-29T01:43:28.407+0000] {subprocess.py:106} INFO - 26/04/29 01:43:28 INFO TaskSetManager: Starting task 18.0 in stage 0.0 (TID 18) (1175ad6b07ce, executor 1, partition 18, PROCESS_LOCAL, 7815 bytes)
[2026-04-29T01:43:28.409+0000] {subprocess.py:106} INFO - 26/04/29 01:43:28 INFO TaskSetManager: Finished task 17.0 in stage 0.0 (TID 17) in 67 ms on 1175ad6b07ce (executor 1) (18/90)
[2026-04-29T01:43:28.470+0000] {subprocess.py:106} INFO - 26/04/29 01:43:28 INFO TaskSetManager: Starting task 19.0 in stage 0.0 (TID 19) (1175ad6b07ce, executor 1, partition 19, PROCESS_LOCAL, 7815 bytes)
[2026-04-29T01:43:28.472+0000] {subprocess.py:106} INFO - 26/04/29 01:43:28 INFO TaskSetManager: Finished task 18.0 in stage 0.0 (TID 18) in 66 ms on 1175ad6b07ce (executor 1) (19/90)
[2026-04-29T01:43:28.527+0000] {subprocess.py:106} INFO - 26/04/29 01:43:28 INFO TaskSetManager: Starting task 20.0 in stage 0.0 (TID 20) (1175ad6b07ce, executor 1, partition 20, PROCESS_LOCAL, 7815 bytes)
[2026-04-29T01:43:28.531+0000] {subprocess.py:106} INFO - 26/04/29 01:43:28 INFO TaskSetManager: Finished task 19.0 in stage 0.0 (TID 19) in 61 ms on 1175ad6b07ce (executor 1) (20/90)
[2026-04-29T01:43:28.591+0000] {subprocess.py:106} INFO - 26/04/29 01:43:28 INFO TaskSetManager: Starting task 21.0 in stage 0.0 (TID 21) (1175ad6b07ce, executor 1, partition 21, PROCESS_LOCAL, 7815 bytes)
[2026-04-29T01:43:28.593+0000] {subprocess.py:106} INFO - 26/04/29 01:43:28 INFO TaskSetManager: Finished task 20.0 in stage 0.0 (TID 20) in 66 ms on 1175ad6b07ce (executor 1) (21/90)
[2026-04-29T01:43:28.658+0000] {subprocess.py:106} INFO - 26/04/29 01:43:28 INFO TaskSetManager: Starting task 22.0 in stage 0.0 (TID 22) (1175ad6b07ce, executor 1, partition 22, PROCESS_LOCAL, 7815 bytes)
[2026-04-29T01:43:28.661+0000] {subprocess.py:106} INFO - 26/04/29 01:43:28 INFO TaskSetManager: Finished task 21.0 in stage 0.0 (TID 21) in 70 ms on 1175ad6b07ce (executor 1) (22/90)
[2026-04-29T01:43:28.720+0000] {subprocess.py:106} INFO - 26/04/29 01:43:28 INFO TaskSetManager: Starting task 23.0 in stage 0.0 (TID 23) (1175ad6b07ce, executor 1, partition 23, PROCESS_LOCAL, 7815 bytes)
[2026-04-29T01:43:28.721+0000] {subprocess.py:106} INFO - 26/04/29 01:43:28 INFO TaskSetManager: Finished task 22.0 in stage 0.0 (TID 22) in 64 ms on 1175ad6b07ce (executor 1) (23/90)
[2026-04-29T01:43:28.782+0000] {subprocess.py:106} INFO - 26/04/29 01:43:28 INFO TaskSetManager: Starting task 24.0 in stage 0.0 (TID 24) (1175ad6b07ce, executor 1, partition 24, PROCESS_LOCAL, 7815 bytes)
[2026-04-29T01:43:28.786+0000] {subprocess.py:106} INFO - 26/04/29 01:43:28 INFO TaskSetManager: Finished task 23.0 in stage 0.0 (TID 23) in 65 ms on 1175ad6b07ce (executor 1) (24/90)
[2026-04-29T01:43:28.846+0000] {subprocess.py:106} INFO - 26/04/29 01:43:28 INFO TaskSetManager: Starting task 25.0 in stage 0.0 (TID 25) (1175ad6b07ce, executor 1, partition 25, PROCESS_LOCAL, 7815 bytes)
[2026-04-29T01:43:28.848+0000] {subprocess.py:106} INFO - 26/04/29 01:43:28 INFO TaskSetManager: Finished task 24.0 in stage 0.0 (TID 24) in 67 ms on 1175ad6b07ce (executor 1) (25/90)
[2026-04-29T01:43:28.907+0000] {subprocess.py:106} INFO - 26/04/29 01:43:28 INFO TaskSetManager: Starting task 26.0 in stage 0.0 (TID 26) (1175ad6b07ce, executor 1, partition 26, PROCESS_LOCAL, 7815 bytes)
[2026-04-29T01:43:28.909+0000] {subprocess.py:106} INFO - 26/04/29 01:43:28 INFO TaskSetManager: Finished task 25.0 in stage 0.0 (TID 25) in 63 ms on 1175ad6b07ce (executor 1) (26/90)
[2026-04-29T01:43:28.964+0000] {subprocess.py:106} INFO - 26/04/29 01:43:28 INFO TaskSetManager: Starting task 27.0 in stage 0.0 (TID 27) (1175ad6b07ce, executor 1, partition 27, PROCESS_LOCAL, 7815 bytes)
[2026-04-29T01:43:28.965+0000] {subprocess.py:106} INFO - 26/04/29 01:43:28 INFO TaskSetManager: Finished task 26.0 in stage 0.0 (TID 26) in 59 ms on 1175ad6b07ce (executor 1) (27/90)
[2026-04-29T01:43:29.022+0000] {subprocess.py:106} INFO - 26/04/29 01:43:29 INFO TaskSetManager: Starting task 28.0 in stage 0.0 (TID 28) (1175ad6b07ce, executor 1, partition 28, PROCESS_LOCAL, 7815 bytes)
[2026-04-29T01:43:29.026+0000] {subprocess.py:106} INFO - 26/04/29 01:43:29 INFO TaskSetManager: Finished task 27.0 in stage 0.0 (TID 27) in 61 ms on 1175ad6b07ce (executor 1) (28/90)
[2026-04-29T01:43:29.086+0000] {subprocess.py:106} INFO - 26/04/29 01:43:29 INFO TaskSetManager: Starting task 29.0 in stage 0.0 (TID 29) (1175ad6b07ce, executor 1, partition 29, PROCESS_LOCAL, 7815 bytes)
[2026-04-29T01:43:29.088+0000] {subprocess.py:106} INFO - 26/04/29 01:43:29 INFO TaskSetManager: Finished task 28.0 in stage 0.0 (TID 28) in 66 ms on 1175ad6b07ce (executor 1) (29/90)
[2026-04-29T01:43:29.148+0000] {subprocess.py:106} INFO - 26/04/29 01:43:29 INFO TaskSetManager: Starting task 30.0 in stage 0.0 (TID 30) (1175ad6b07ce, executor 1, partition 30, PROCESS_LOCAL, 7815 bytes)
[2026-04-29T01:43:29.150+0000] {subprocess.py:106} INFO - 26/04/29 01:43:29 INFO TaskSetManager: Finished task 29.0 in stage 0.0 (TID 29) in 65 ms on 1175ad6b07ce (executor 1) (30/90)
[2026-04-29T01:43:29.210+0000] {subprocess.py:106} INFO - 26/04/29 01:43:29 INFO TaskSetManager: Starting task 31.0 in stage 0.0 (TID 31) (1175ad6b07ce, executor 1, partition 31, PROCESS_LOCAL, 7815 bytes)
[2026-04-29T01:43:29.211+0000] {subprocess.py:106} INFO - 26/04/29 01:43:29 INFO TaskSetManager: Finished task 30.0 in stage 0.0 (TID 30) in 63 ms on 1175ad6b07ce (executor 1) (31/90)
[2026-04-29T01:43:29.278+0000] {subprocess.py:106} INFO - 26/04/29 01:43:29 INFO TaskSetManager: Starting task 32.0 in stage 0.0 (TID 32) (1175ad6b07ce, executor 1, partition 32, PROCESS_LOCAL, 7815 bytes)
[2026-04-29T01:43:29.280+0000] {subprocess.py:106} INFO - 26/04/29 01:43:29 INFO TaskSetManager: Finished task 31.0 in stage 0.0 (TID 31) in 72 ms on 1175ad6b07ce (executor 1) (32/90)
[2026-04-29T01:43:29.337+0000] {subprocess.py:106} INFO - 26/04/29 01:43:29 INFO TaskSetManager: Starting task 33.0 in stage 0.0 (TID 33) (1175ad6b07ce, executor 1, partition 33, PROCESS_LOCAL, 7815 bytes)
[2026-04-29T01:43:29.339+0000] {subprocess.py:106} INFO - 26/04/29 01:43:29 INFO TaskSetManager: Finished task 32.0 in stage 0.0 (TID 32) in 62 ms on 1175ad6b07ce (executor 1) (33/90)
[2026-04-29T01:43:29.404+0000] {subprocess.py:106} INFO - 26/04/29 01:43:29 INFO TaskSetManager: Starting task 34.0 in stage 0.0 (TID 34) (1175ad6b07ce, executor 1, partition 34, PROCESS_LOCAL, 7815 bytes)
[2026-04-29T01:43:29.406+0000] {subprocess.py:106} INFO - 26/04/29 01:43:29 INFO TaskSetManager: Finished task 33.0 in stage 0.0 (TID 33) in 69 ms on 1175ad6b07ce (executor 1) (34/90)
[2026-04-29T01:43:29.463+0000] {subprocess.py:106} INFO - 26/04/29 01:43:29 INFO TaskSetManager: Starting task 35.0 in stage 0.0 (TID 35) (1175ad6b07ce, executor 1, partition 35, PROCESS_LOCAL, 7815 bytes)
[2026-04-29T01:43:29.465+0000] {subprocess.py:106} INFO - 26/04/29 01:43:29 INFO TaskSetManager: Finished task 34.0 in stage 0.0 (TID 34) in 61 ms on 1175ad6b07ce (executor 1) (35/90)
[2026-04-29T01:43:29.528+0000] {subprocess.py:106} INFO - 26/04/29 01:43:29 INFO TaskSetManager: Starting task 36.0 in stage 0.0 (TID 36) (1175ad6b07ce, executor 1, partition 36, PROCESS_LOCAL, 7815 bytes)
[2026-04-29T01:43:29.531+0000] {subprocess.py:106} INFO - 26/04/29 01:43:29 INFO TaskSetManager: Finished task 35.0 in stage 0.0 (TID 35) in 67 ms on 1175ad6b07ce (executor 1) (36/90)
[2026-04-29T01:43:29.599+0000] {subprocess.py:106} INFO - 26/04/29 01:43:29 INFO TaskSetManager: Starting task 37.0 in stage 0.0 (TID 37) (1175ad6b07ce, executor 1, partition 37, PROCESS_LOCAL, 7815 bytes)
[2026-04-29T01:43:29.602+0000] {subprocess.py:106} INFO - 26/04/29 01:43:29 INFO TaskSetManager: Finished task 36.0 in stage 0.0 (TID 36) in 75 ms on 1175ad6b07ce (executor 1) (37/90)
[2026-04-29T01:43:29.659+0000] {subprocess.py:106} INFO - 26/04/29 01:43:29 INFO TaskSetManager: Starting task 38.0 in stage 0.0 (TID 38) (1175ad6b07ce, executor 1, partition 38, PROCESS_LOCAL, 7815 bytes)
[2026-04-29T01:43:29.661+0000] {subprocess.py:106} INFO - 26/04/29 01:43:29 INFO TaskSetManager: Finished task 37.0 in stage 0.0 (TID 37) in 62 ms on 1175ad6b07ce (executor 1) (38/90)
[2026-04-29T01:43:29.721+0000] {subprocess.py:106} INFO - 26/04/29 01:43:29 INFO TaskSetManager: Starting task 39.0 in stage 0.0 (TID 39) (1175ad6b07ce, executor 1, partition 39, PROCESS_LOCAL, 7815 bytes)
[2026-04-29T01:43:29.723+0000] {subprocess.py:106} INFO - 26/04/29 01:43:29 INFO TaskSetManager: Finished task 38.0 in stage 0.0 (TID 38) in 63 ms on 1175ad6b07ce (executor 1) (39/90)
[2026-04-29T01:43:29.781+0000] {subprocess.py:106} INFO - 26/04/29 01:43:29 INFO TaskSetManager: Starting task 40.0 in stage 0.0 (TID 40) (1175ad6b07ce, executor 1, partition 40, PROCESS_LOCAL, 7815 bytes)
[2026-04-29T01:43:29.784+0000] {subprocess.py:106} INFO - 26/04/29 01:43:29 INFO TaskSetManager: Finished task 39.0 in stage 0.0 (TID 39) in 63 ms on 1175ad6b07ce (executor 1) (40/90)
[2026-04-29T01:43:29.841+0000] {subprocess.py:106} INFO - 26/04/29 01:43:29 INFO TaskSetManager: Starting task 41.0 in stage 0.0 (TID 41) (1175ad6b07ce, executor 1, partition 41, PROCESS_LOCAL, 7815 bytes)
[2026-04-29T01:43:29.843+0000] {subprocess.py:106} INFO - 26/04/29 01:43:29 INFO TaskSetManager: Finished task 40.0 in stage 0.0 (TID 40) in 61 ms on 1175ad6b07ce (executor 1) (41/90)
[2026-04-29T01:43:29.899+0000] {subprocess.py:106} INFO - 26/04/29 01:43:29 INFO TaskSetManager: Starting task 42.0 in stage 0.0 (TID 42) (1175ad6b07ce, executor 1, partition 42, PROCESS_LOCAL, 7815 bytes)
[2026-04-29T01:43:29.901+0000] {subprocess.py:106} INFO - 26/04/29 01:43:29 INFO TaskSetManager: Finished task 41.0 in stage 0.0 (TID 41) in 60 ms on 1175ad6b07ce (executor 1) (42/90)
[2026-04-29T01:43:29.977+0000] {subprocess.py:106} INFO - 26/04/29 01:43:29 INFO TaskSetManager: Starting task 43.0 in stage 0.0 (TID 43) (1175ad6b07ce, executor 1, partition 43, PROCESS_LOCAL, 7815 bytes)
[2026-04-29T01:43:29.979+0000] {subprocess.py:106} INFO - 26/04/29 01:43:29 INFO TaskSetManager: Finished task 42.0 in stage 0.0 (TID 42) in 80 ms on 1175ad6b07ce (executor 1) (43/90)
[2026-04-29T01:43:30.047+0000] {subprocess.py:106} INFO - 26/04/29 01:43:30 INFO TaskSetManager: Starting task 44.0 in stage 0.0 (TID 44) (1175ad6b07ce, executor 1, partition 44, PROCESS_LOCAL, 7815 bytes)
[2026-04-29T01:43:30.050+0000] {subprocess.py:106} INFO - 26/04/29 01:43:30 INFO TaskSetManager: Finished task 43.0 in stage 0.0 (TID 43) in 73 ms on 1175ad6b07ce (executor 1) (44/90)
[2026-04-29T01:43:30.124+0000] {subprocess.py:106} INFO - 26/04/29 01:43:30 INFO TaskSetManager: Starting task 45.0 in stage 0.0 (TID 45) (1175ad6b07ce, executor 1, partition 45, PROCESS_LOCAL, 7815 bytes)
[2026-04-29T01:43:30.128+0000] {subprocess.py:106} INFO - 26/04/29 01:43:30 INFO TaskSetManager: Finished task 44.0 in stage 0.0 (TID 44) in 75 ms on 1175ad6b07ce (executor 1) (45/90)
[2026-04-29T01:43:30.264+0000] {subprocess.py:106} INFO - 26/04/29 01:43:30 INFO TaskSetManager: Starting task 46.0 in stage 0.0 (TID 46) (1175ad6b07ce, executor 1, partition 46, PROCESS_LOCAL, 7815 bytes)
[2026-04-29T01:43:30.266+0000] {subprocess.py:106} INFO - 26/04/29 01:43:30 INFO TaskSetManager: Finished task 45.0 in stage 0.0 (TID 45) in 145 ms on 1175ad6b07ce (executor 1) (46/90)
[2026-04-29T01:43:30.322+0000] {subprocess.py:106} INFO - 26/04/29 01:43:30 INFO TaskSetManager: Starting task 47.0 in stage 0.0 (TID 47) (1175ad6b07ce, executor 1, partition 47, PROCESS_LOCAL, 7815 bytes)
[2026-04-29T01:43:30.327+0000] {subprocess.py:106} INFO - 26/04/29 01:43:30 INFO TaskSetManager: Finished task 46.0 in stage 0.0 (TID 46) in 62 ms on 1175ad6b07ce (executor 1) (47/90)
[2026-04-29T01:43:30.376+0000] {subprocess.py:106} INFO - 26/04/29 01:43:30 INFO TaskSetManager: Starting task 48.0 in stage 0.0 (TID 48) (1175ad6b07ce, executor 1, partition 48, PROCESS_LOCAL, 7815 bytes)
[2026-04-29T01:43:30.378+0000] {subprocess.py:106} INFO - 26/04/29 01:43:30 INFO TaskSetManager: Finished task 47.0 in stage 0.0 (TID 47) in 57 ms on 1175ad6b07ce (executor 1) (48/90)
[2026-04-29T01:43:30.432+0000] {subprocess.py:106} INFO - 26/04/29 01:43:30 INFO TaskSetManager: Starting task 49.0 in stage 0.0 (TID 49) (1175ad6b07ce, executor 1, partition 49, PROCESS_LOCAL, 7815 bytes)
[2026-04-29T01:43:30.436+0000] {subprocess.py:106} INFO - 26/04/29 01:43:30 INFO TaskSetManager: Finished task 48.0 in stage 0.0 (TID 48) in 59 ms on 1175ad6b07ce (executor 1) (49/90)
[2026-04-29T01:43:30.500+0000] {subprocess.py:106} INFO - 26/04/29 01:43:30 INFO TaskSetManager: Starting task 50.0 in stage 0.0 (TID 50) (1175ad6b07ce, executor 1, partition 50, PROCESS_LOCAL, 7815 bytes)
[2026-04-29T01:43:30.501+0000] {subprocess.py:106} INFO - 26/04/29 01:43:30 INFO TaskSetManager: Finished task 49.0 in stage 0.0 (TID 49) in 70 ms on 1175ad6b07ce (executor 1) (50/90)
[2026-04-29T01:43:30.569+0000] {subprocess.py:106} INFO - 26/04/29 01:43:30 INFO TaskSetManager: Starting task 51.0 in stage 0.0 (TID 51) (1175ad6b07ce, executor 1, partition 51, PROCESS_LOCAL, 7815 bytes)
[2026-04-29T01:43:30.572+0000] {subprocess.py:106} INFO - 26/04/29 01:43:30 INFO TaskSetManager: Finished task 50.0 in stage 0.0 (TID 50) in 74 ms on 1175ad6b07ce (executor 1) (51/90)
[2026-04-29T01:43:30.657+0000] {subprocess.py:106} INFO - 26/04/29 01:43:30 INFO TaskSetManager: Starting task 52.0 in stage 0.0 (TID 52) (1175ad6b07ce, executor 1, partition 52, PROCESS_LOCAL, 7815 bytes)
[2026-04-29T01:43:30.660+0000] {subprocess.py:106} INFO - 26/04/29 01:43:30 INFO TaskSetManager: Finished task 51.0 in stage 0.0 (TID 51) in 90 ms on 1175ad6b07ce (executor 1) (52/90)
[2026-04-29T01:43:30.716+0000] {subprocess.py:106} INFO - 26/04/29 01:43:30 INFO TaskSetManager: Starting task 53.0 in stage 0.0 (TID 53) (1175ad6b07ce, executor 1, partition 53, PROCESS_LOCAL, 7815 bytes)
[2026-04-29T01:43:30.718+0000] {subprocess.py:106} INFO - 26/04/29 01:43:30 INFO TaskSetManager: Finished task 52.0 in stage 0.0 (TID 52) in 63 ms on 1175ad6b07ce (executor 1) (53/90)
[2026-04-29T01:43:30.768+0000] {subprocess.py:106} INFO - 26/04/29 01:43:30 INFO TaskSetManager: Starting task 54.0 in stage 0.0 (TID 54) (1175ad6b07ce, executor 1, partition 54, PROCESS_LOCAL, 7815 bytes)
[2026-04-29T01:43:30.770+0000] {subprocess.py:106} INFO - 26/04/29 01:43:30 INFO TaskSetManager: Finished task 53.0 in stage 0.0 (TID 53) in 55 ms on 1175ad6b07ce (executor 1) (54/90)
[2026-04-29T01:43:30.829+0000] {subprocess.py:106} INFO - 26/04/29 01:43:30 INFO TaskSetManager: Starting task 55.0 in stage 0.0 (TID 55) (1175ad6b07ce, executor 1, partition 55, PROCESS_LOCAL, 7815 bytes)
[2026-04-29T01:43:30.830+0000] {subprocess.py:106} INFO - 26/04/29 01:43:30 INFO TaskSetManager: Finished task 54.0 in stage 0.0 (TID 54) in 63 ms on 1175ad6b07ce (executor 1) (55/90)
[2026-04-29T01:43:30.894+0000] {subprocess.py:106} INFO - 26/04/29 01:43:30 INFO TaskSetManager: Starting task 56.0 in stage 0.0 (TID 56) (1175ad6b07ce, executor 1, partition 56, PROCESS_LOCAL, 7815 bytes)
[2026-04-29T01:43:30.897+0000] {subprocess.py:106} INFO - 26/04/29 01:43:30 INFO TaskSetManager: Finished task 55.0 in stage 0.0 (TID 55) in 66 ms on 1175ad6b07ce (executor 1) (56/90)
[2026-04-29T01:43:30.955+0000] {subprocess.py:106} INFO - 26/04/29 01:43:30 INFO TaskSetManager: Starting task 57.0 in stage 0.0 (TID 57) (1175ad6b07ce, executor 1, partition 57, PROCESS_LOCAL, 7815 bytes)
[2026-04-29T01:43:30.957+0000] {subprocess.py:106} INFO - 26/04/29 01:43:30 INFO TaskSetManager: Finished task 56.0 in stage 0.0 (TID 56) in 65 ms on 1175ad6b07ce (executor 1) (57/90)
[2026-04-29T01:43:31.015+0000] {subprocess.py:106} INFO - 26/04/29 01:43:31 INFO TaskSetManager: Starting task 58.0 in stage 0.0 (TID 58) (1175ad6b07ce, executor 1, partition 58, PROCESS_LOCAL, 7815 bytes)
[2026-04-29T01:43:31.018+0000] {subprocess.py:106} INFO - 26/04/29 01:43:31 INFO TaskSetManager: Finished task 57.0 in stage 0.0 (TID 57) in 61 ms on 1175ad6b07ce (executor 1) (58/90)
[2026-04-29T01:43:31.070+0000] {subprocess.py:106} INFO - 26/04/29 01:43:31 INFO TaskSetManager: Starting task 59.0 in stage 0.0 (TID 59) (1175ad6b07ce, executor 1, partition 59, PROCESS_LOCAL, 7815 bytes)
[2026-04-29T01:43:31.072+0000] {subprocess.py:106} INFO - 26/04/29 01:43:31 INFO TaskSetManager: Finished task 58.0 in stage 0.0 (TID 58) in 57 ms on 1175ad6b07ce (executor 1) (59/90)
[2026-04-29T01:43:31.132+0000] {subprocess.py:106} INFO - 26/04/29 01:43:31 INFO TaskSetManager: Starting task 60.0 in stage 0.0 (TID 60) (1175ad6b07ce, executor 1, partition 60, PROCESS_LOCAL, 7815 bytes)
[2026-04-29T01:43:31.134+0000] {subprocess.py:106} INFO - 26/04/29 01:43:31 INFO TaskSetManager: Finished task 59.0 in stage 0.0 (TID 59) in 62 ms on 1175ad6b07ce (executor 1) (60/90)
[2026-04-29T01:43:31.244+0000] {subprocess.py:106} INFO - 26/04/29 01:43:31 INFO TaskSetManager: Starting task 61.0 in stage 0.0 (TID 61) (1175ad6b07ce, executor 1, partition 61, PROCESS_LOCAL, 7815 bytes)
[2026-04-29T01:43:31.245+0000] {subprocess.py:106} INFO - 26/04/29 01:43:31 INFO TaskSetManager: Finished task 60.0 in stage 0.0 (TID 60) in 114 ms on 1175ad6b07ce (executor 1) (61/90)
[2026-04-29T01:43:31.303+0000] {subprocess.py:106} INFO - 26/04/29 01:43:31 INFO TaskSetManager: Starting task 62.0 in stage 0.0 (TID 62) (1175ad6b07ce, executor 1, partition 62, PROCESS_LOCAL, 7815 bytes)
[2026-04-29T01:43:31.439+0000] {subprocess.py:106} INFO - 26/04/29 01:43:31 INFO TaskSetManager: Finished task 61.0 in stage 0.0 (TID 61) in 60 ms on 1175ad6b07ce (executor 1) (62/90)
[2026-04-29T01:43:31.487+0000] {subprocess.py:106} INFO - 26/04/29 01:43:31 INFO TaskSetManager: Starting task 63.0 in stage 0.0 (TID 63) (1175ad6b07ce, executor 1, partition 63, PROCESS_LOCAL, 7815 bytes)
[2026-04-29T01:43:31.491+0000] {subprocess.py:106} INFO - 26/04/29 01:43:31 INFO TaskSetManager: Finished task 62.0 in stage 0.0 (TID 62) in 187 ms on 1175ad6b07ce (executor 1) (63/90)
[2026-04-29T01:43:31.549+0000] {subprocess.py:106} INFO - 26/04/29 01:43:31 INFO TaskSetManager: Starting task 64.0 in stage 0.0 (TID 64) (1175ad6b07ce, executor 1, partition 64, PROCESS_LOCAL, 7815 bytes)
[2026-04-29T01:43:31.550+0000] {subprocess.py:106} INFO - 26/04/29 01:43:31 INFO TaskSetManager: Finished task 63.0 in stage 0.0 (TID 63) in 65 ms on 1175ad6b07ce (executor 1) (64/90)
[2026-04-29T01:43:31.609+0000] {subprocess.py:106} INFO - 26/04/29 01:43:31 INFO TaskSetManager: Starting task 65.0 in stage 0.0 (TID 65) (1175ad6b07ce, executor 1, partition 65, PROCESS_LOCAL, 7815 bytes)
[2026-04-29T01:43:31.611+0000] {subprocess.py:106} INFO - 26/04/29 01:43:31 INFO TaskSetManager: Finished task 64.0 in stage 0.0 (TID 64) in 62 ms on 1175ad6b07ce (executor 1) (65/90)
[2026-04-29T01:43:31.664+0000] {subprocess.py:106} INFO - 26/04/29 01:43:31 INFO TaskSetManager: Starting task 66.0 in stage 0.0 (TID 66) (1175ad6b07ce, executor 1, partition 66, PROCESS_LOCAL, 7815 bytes)
[2026-04-29T01:43:31.666+0000] {subprocess.py:106} INFO - 26/04/29 01:43:31 INFO TaskSetManager: Finished task 65.0 in stage 0.0 (TID 65) in 56 ms on 1175ad6b07ce (executor 1) (66/90)
[2026-04-29T01:43:31.728+0000] {subprocess.py:106} INFO - 26/04/29 01:43:31 INFO TaskSetManager: Starting task 67.0 in stage 0.0 (TID 67) (1175ad6b07ce, executor 1, partition 67, PROCESS_LOCAL, 7815 bytes)
[2026-04-29T01:43:31.731+0000] {subprocess.py:106} INFO - 26/04/29 01:43:31 INFO TaskSetManager: Finished task 66.0 in stage 0.0 (TID 66) in 66 ms on 1175ad6b07ce (executor 1) (67/90)
[2026-04-29T01:43:31.791+0000] {subprocess.py:106} INFO - 26/04/29 01:43:31 INFO TaskSetManager: Starting task 68.0 in stage 0.0 (TID 68) (1175ad6b07ce, executor 1, partition 68, PROCESS_LOCAL, 7815 bytes)
[2026-04-29T01:43:31.792+0000] {subprocess.py:106} INFO - 26/04/29 01:43:31 INFO TaskSetManager: Finished task 67.0 in stage 0.0 (TID 67) in 65 ms on 1175ad6b07ce (executor 1) (68/90)
[2026-04-29T01:43:31.846+0000] {subprocess.py:106} INFO - 26/04/29 01:43:31 INFO TaskSetManager: Starting task 69.0 in stage 0.0 (TID 69) (1175ad6b07ce, executor 1, partition 69, PROCESS_LOCAL, 7815 bytes)
[2026-04-29T01:43:31.847+0000] {subprocess.py:106} INFO - 26/04/29 01:43:31 INFO TaskSetManager: Finished task 68.0 in stage 0.0 (TID 68) in 56 ms on 1175ad6b07ce (executor 1) (69/90)
[2026-04-29T01:43:31.898+0000] {subprocess.py:106} INFO - 26/04/29 01:43:31 INFO TaskSetManager: Starting task 70.0 in stage 0.0 (TID 70) (1175ad6b07ce, executor 1, partition 70, PROCESS_LOCAL, 7815 bytes)
[2026-04-29T01:43:31.901+0000] {subprocess.py:106} INFO - 26/04/29 01:43:31 INFO TaskSetManager: Finished task 69.0 in stage 0.0 (TID 69) in 55 ms on 1175ad6b07ce (executor 1) (70/90)
[2026-04-29T01:43:31.958+0000] {subprocess.py:106} INFO - 26/04/29 01:43:31 INFO TaskSetManager: Starting task 71.0 in stage 0.0 (TID 71) (1175ad6b07ce, executor 1, partition 71, PROCESS_LOCAL, 7815 bytes)
[2026-04-29T01:43:31.959+0000] {subprocess.py:106} INFO - 26/04/29 01:43:31 INFO TaskSetManager: Finished task 70.0 in stage 0.0 (TID 70) in 61 ms on 1175ad6b07ce (executor 1) (71/90)
[2026-04-29T01:43:32.011+0000] {subprocess.py:106} INFO - 26/04/29 01:43:32 INFO TaskSetManager: Starting task 72.0 in stage 0.0 (TID 72) (1175ad6b07ce, executor 1, partition 72, PROCESS_LOCAL, 7815 bytes)
[2026-04-29T01:43:32.013+0000] {subprocess.py:106} INFO - 26/04/29 01:43:32 INFO TaskSetManager: Finished task 71.0 in stage 0.0 (TID 71) in 56 ms on 1175ad6b07ce (executor 1) (72/90)
[2026-04-29T01:43:32.072+0000] {subprocess.py:106} INFO - 26/04/29 01:43:32 INFO TaskSetManager: Starting task 73.0 in stage 0.0 (TID 73) (1175ad6b07ce, executor 1, partition 73, PROCESS_LOCAL, 7815 bytes)
[2026-04-29T01:43:32.073+0000] {subprocess.py:106} INFO - 26/04/29 01:43:32 INFO TaskSetManager: Finished task 72.0 in stage 0.0 (TID 72) in 62 ms on 1175ad6b07ce (executor 1) (73/90)
[2026-04-29T01:43:32.131+0000] {subprocess.py:106} INFO - 26/04/29 01:43:32 INFO TaskSetManager: Starting task 74.0 in stage 0.0 (TID 74) (1175ad6b07ce, executor 1, partition 74, PROCESS_LOCAL, 7815 bytes)
[2026-04-29T01:43:32.133+0000] {subprocess.py:106} INFO - 26/04/29 01:43:32 INFO TaskSetManager: Finished task 73.0 in stage 0.0 (TID 73) in 62 ms on 1175ad6b07ce (executor 1) (74/90)
[2026-04-29T01:43:32.192+0000] {subprocess.py:106} INFO - 26/04/29 01:43:32 INFO TaskSetManager: Starting task 75.0 in stage 0.0 (TID 75) (1175ad6b07ce, executor 1, partition 75, PROCESS_LOCAL, 7815 bytes)
[2026-04-29T01:43:32.199+0000] {subprocess.py:106} INFO - 26/04/29 01:43:32 INFO TaskSetManager: Finished task 74.0 in stage 0.0 (TID 74) in 62 ms on 1175ad6b07ce (executor 1) (75/90)
[2026-04-29T01:43:32.252+0000] {subprocess.py:106} INFO - 26/04/29 01:43:32 INFO TaskSetManager: Starting task 76.0 in stage 0.0 (TID 76) (1175ad6b07ce, executor 1, partition 76, PROCESS_LOCAL, 7815 bytes)
[2026-04-29T01:43:32.253+0000] {subprocess.py:106} INFO - 26/04/29 01:43:32 INFO TaskSetManager: Finished task 75.0 in stage 0.0 (TID 75) in 62 ms on 1175ad6b07ce (executor 1) (76/90)
[2026-04-29T01:43:32.312+0000] {subprocess.py:106} INFO - 26/04/29 01:43:32 INFO TaskSetManager: Starting task 77.0 in stage 0.0 (TID 77) (1175ad6b07ce, executor 1, partition 77, PROCESS_LOCAL, 7815 bytes)
[2026-04-29T01:43:32.314+0000] {subprocess.py:106} INFO - 26/04/29 01:43:32 INFO TaskSetManager: Finished task 76.0 in stage 0.0 (TID 76) in 62 ms on 1175ad6b07ce (executor 1) (77/90)
[2026-04-29T01:43:32.374+0000] {subprocess.py:106} INFO - 26/04/29 01:43:32 INFO TaskSetManager: Starting task 78.0 in stage 0.0 (TID 78) (1175ad6b07ce, executor 1, partition 78, PROCESS_LOCAL, 7815 bytes)
[2026-04-29T01:43:32.376+0000] {subprocess.py:106} INFO - 26/04/29 01:43:32 INFO TaskSetManager: Finished task 77.0 in stage 0.0 (TID 77) in 63 ms on 1175ad6b07ce (executor 1) (78/90)
[2026-04-29T01:43:32.436+0000] {subprocess.py:106} INFO - 26/04/29 01:43:32 INFO TaskSetManager: Starting task 79.0 in stage 0.0 (TID 79) (1175ad6b07ce, executor 1, partition 79, PROCESS_LOCAL, 7815 bytes)
[2026-04-29T01:43:32.438+0000] {subprocess.py:106} INFO - 26/04/29 01:43:32 INFO TaskSetManager: Finished task 78.0 in stage 0.0 (TID 78) in 66 ms on 1175ad6b07ce (executor 1) (79/90)
[2026-04-29T01:43:32.494+0000] {subprocess.py:106} INFO - 26/04/29 01:43:32 INFO TaskSetManager: Starting task 80.0 in stage 0.0 (TID 80) (1175ad6b07ce, executor 1, partition 80, PROCESS_LOCAL, 7815 bytes)
[2026-04-29T01:43:32.495+0000] {subprocess.py:106} INFO - 26/04/29 01:43:32 INFO TaskSetManager: Finished task 79.0 in stage 0.0 (TID 79) in 59 ms on 1175ad6b07ce (executor 1) (80/90)
[2026-04-29T01:43:32.568+0000] {subprocess.py:106} INFO - 26/04/29 01:43:32 INFO TaskSetManager: Starting task 81.0 in stage 0.0 (TID 81) (1175ad6b07ce, executor 1, partition 81, PROCESS_LOCAL, 7815 bytes)
[2026-04-29T01:43:32.570+0000] {subprocess.py:106} INFO - 26/04/29 01:43:32 INFO TaskSetManager: Finished task 80.0 in stage 0.0 (TID 80) in 74 ms on 1175ad6b07ce (executor 1) (81/90)
[2026-04-29T01:43:32.622+0000] {subprocess.py:106} INFO - 26/04/29 01:43:32 INFO TaskSetManager: Starting task 82.0 in stage 0.0 (TID 82) (1175ad6b07ce, executor 1, partition 82, PROCESS_LOCAL, 7815 bytes)
[2026-04-29T01:43:32.624+0000] {subprocess.py:106} INFO - 26/04/29 01:43:32 INFO TaskSetManager: Finished task 81.0 in stage 0.0 (TID 81) in 58 ms on 1175ad6b07ce (executor 1) (82/90)
[2026-04-29T01:43:32.668+0000] {subprocess.py:106} INFO - 26/04/29 01:43:32 INFO TaskSetManager: Starting task 83.0 in stage 0.0 (TID 83) (1175ad6b07ce, executor 1, partition 83, PROCESS_LOCAL, 7815 bytes)
[2026-04-29T01:43:32.669+0000] {subprocess.py:106} INFO - 26/04/29 01:43:32 INFO TaskSetManager: Finished task 82.0 in stage 0.0 (TID 82) in 47 ms on 1175ad6b07ce (executor 1) (83/90)
[2026-04-29T01:43:32.727+0000] {subprocess.py:106} INFO - 26/04/29 01:43:32 INFO TaskSetManager: Starting task 84.0 in stage 0.0 (TID 84) (1175ad6b07ce, executor 1, partition 84, PROCESS_LOCAL, 7815 bytes)
[2026-04-29T01:43:32.731+0000] {subprocess.py:106} INFO - 26/04/29 01:43:32 INFO TaskSetManager: Finished task 83.0 in stage 0.0 (TID 83) in 59 ms on 1175ad6b07ce (executor 1) (84/90)
[2026-04-29T01:43:32.788+0000] {subprocess.py:106} INFO - 26/04/29 01:43:32 INFO TaskSetManager: Starting task 85.0 in stage 0.0 (TID 85) (1175ad6b07ce, executor 1, partition 85, PROCESS_LOCAL, 7815 bytes)
[2026-04-29T01:43:32.790+0000] {subprocess.py:106} INFO - 26/04/29 01:43:32 INFO TaskSetManager: Finished task 84.0 in stage 0.0 (TID 84) in 66 ms on 1175ad6b07ce (executor 1) (85/90)
[2026-04-29T01:43:32.841+0000] {subprocess.py:106} INFO - 26/04/29 01:43:32 INFO TaskSetManager: Starting task 86.0 in stage 0.0 (TID 86) (1175ad6b07ce, executor 1, partition 86, PROCESS_LOCAL, 7815 bytes)
[2026-04-29T01:43:32.842+0000] {subprocess.py:106} INFO - 26/04/29 01:43:32 INFO TaskSetManager: Finished task 85.0 in stage 0.0 (TID 85) in 55 ms on 1175ad6b07ce (executor 1) (86/90)
[2026-04-29T01:43:32.887+0000] {subprocess.py:106} INFO - 26/04/29 01:43:32 INFO TaskSetManager: Starting task 87.0 in stage 0.0 (TID 87) (1175ad6b07ce, executor 1, partition 87, PROCESS_LOCAL, 7815 bytes)
[2026-04-29T01:43:32.895+0000] {subprocess.py:106} INFO - 26/04/29 01:43:32 INFO TaskSetManager: Finished task 86.0 in stage 0.0 (TID 86) in 49 ms on 1175ad6b07ce (executor 1) (87/90)
[2026-04-29T01:43:32.936+0000] {subprocess.py:106} INFO - 26/04/29 01:43:32 INFO TaskSetManager: Starting task 88.0 in stage 0.0 (TID 88) (1175ad6b07ce, executor 1, partition 88, PROCESS_LOCAL, 7815 bytes)
[2026-04-29T01:43:32.938+0000] {subprocess.py:106} INFO - 26/04/29 01:43:32 INFO TaskSetManager: Finished task 87.0 in stage 0.0 (TID 87) in 51 ms on 1175ad6b07ce (executor 1) (88/90)
[2026-04-29T01:43:32.992+0000] {subprocess.py:106} INFO - 26/04/29 01:43:32 INFO TaskSetManager: Starting task 89.0 in stage 0.0 (TID 89) (1175ad6b07ce, executor 1, partition 89, PROCESS_LOCAL, 7815 bytes)
[2026-04-29T01:43:32.994+0000] {subprocess.py:106} INFO - 26/04/29 01:43:32 INFO TaskSetManager: Finished task 88.0 in stage 0.0 (TID 88) in 55 ms on 1175ad6b07ce (executor 1) (89/90)
[2026-04-29T01:43:33.049+0000] {subprocess.py:106} INFO - 26/04/29 01:43:33 INFO TaskSetManager: Finished task 89.0 in stage 0.0 (TID 89) in 61 ms on 1175ad6b07ce (executor 1) (90/90)
[2026-04-29T01:43:33.051+0000] {subprocess.py:106} INFO - 26/04/29 01:43:33 INFO YarnScheduler: Removed TaskSet 0.0, whose tasks have all completed, from pool
[2026-04-29T01:43:33.055+0000] {subprocess.py:106} INFO - 26/04/29 01:43:33 INFO DAGScheduler: ResultStage 0 (json at NativeMethodAccessorImpl.java:0) finished in 19.413 s
[2026-04-29T01:43:33.059+0000] {subprocess.py:106} INFO - 26/04/29 01:43:33 INFO DAGScheduler: Job 0 is finished. Cancelling potential speculative or zombie tasks for this job
[2026-04-29T01:43:33.060+0000] {subprocess.py:106} INFO - 26/04/29 01:43:33 INFO YarnScheduler: Killing all running tasks in stage 0: Stage finished
[2026-04-29T01:43:33.064+0000] {subprocess.py:106} INFO - 26/04/29 01:43:33 INFO DAGScheduler: Job 0 finished: json at NativeMethodAccessorImpl.java:0, took 22.245389 s
[2026-04-29T01:43:33.090+0000] {subprocess.py:106} INFO - 26/04/29 01:43:33 INFO InMemoryFileIndex: It took 23974 ms to list leaf files for 90 paths.
[2026-04-29T01:43:34.713+0000] {subprocess.py:106} INFO - 26/04/29 01:43:34 INFO YarnSchedulerBackend$YarnDriverEndpoint: Registered executor NettyRpcEndpointRef(spark-client://Executor) (172.30.1.26:57148) with ID 2,  ResourceProfileId 0
[2026-04-29T01:43:34.890+0000] {subprocess.py:106} INFO - 26/04/29 01:43:34 INFO BlockManagerMasterEndpoint: Registering block manager 5b0353f352af:35269 with 366.3 MiB RAM, BlockManagerId(2, 5b0353f352af, 35269, None)
[2026-04-29T01:43:35.288+0000] {subprocess.py:106} INFO - 26/04/29 01:43:35 INFO BlockManagerInfo: Removed broadcast_0_piece0 on 172.30.1.13:34503 in memory (size: 37.4 KiB, free: 434.4 MiB)
[2026-04-29T01:43:35.342+0000] {subprocess.py:106} INFO - 26/04/29 01:43:35 INFO BlockManagerInfo: Removed broadcast_0_piece0 on 1175ad6b07ce:36309 in memory (size: 37.4 KiB, free: 366.3 MiB)
[2026-04-29T01:43:38.297+0000] {subprocess.py:106} INFO - 26/04/29 01:43:38 INFO FileSourceStrategy: Pushed Filters:
[2026-04-29T01:43:38.299+0000] {subprocess.py:106} INFO - 26/04/29 01:43:38 INFO FileSourceStrategy: Post-Scan Filters:
[2026-04-29T01:43:38.433+0000] {subprocess.py:106} INFO - 26/04/29 01:43:38 INFO MemoryStore: Block broadcast_1 stored as values in memory (estimated size 204.4 KiB, free 434.2 MiB)
[2026-04-29T01:43:38.464+0000] {subprocess.py:106} INFO - 26/04/29 01:43:38 INFO MemoryStore: Block broadcast_1_piece0 stored as bytes in memory (estimated size 34.8 KiB, free 434.2 MiB)
[2026-04-29T01:43:38.467+0000] {subprocess.py:106} INFO - 26/04/29 01:43:38 INFO BlockManagerInfo: Added broadcast_1_piece0 in memory on 172.30.1.13:34503 (size: 34.8 KiB, free: 434.4 MiB)
[2026-04-29T01:43:38.468+0000] {subprocess.py:106} INFO - 26/04/29 01:43:38 INFO SparkContext: Created broadcast 1 from json at NativeMethodAccessorImpl.java:0
[2026-04-29T01:43:38.508+0000] {subprocess.py:106} INFO - 26/04/29 01:43:38 INFO FileSourceScanExec: Planning scan with bin packing, max size: 134217728 bytes, open cost is considered as scanning 4194304 bytes.
[2026-04-29T01:43:38.679+0000] {subprocess.py:106} INFO - 26/04/29 01:43:38 INFO SparkContext: Starting job: json at NativeMethodAccessorImpl.java:0
[2026-04-29T01:43:38.681+0000] {subprocess.py:106} INFO - 26/04/29 01:43:38 INFO DAGScheduler: Got job 1 (json at NativeMethodAccessorImpl.java:0) with 3 output partitions
[2026-04-29T01:43:38.682+0000] {subprocess.py:106} INFO - 26/04/29 01:43:38 INFO DAGScheduler: Final stage: ResultStage 1 (json at NativeMethodAccessorImpl.java:0)
[2026-04-29T01:43:38.683+0000] {subprocess.py:106} INFO - 26/04/29 01:43:38 INFO DAGScheduler: Parents of final stage: List()
[2026-04-29T01:43:38.684+0000] {subprocess.py:106} INFO - 26/04/29 01:43:38 INFO DAGScheduler: Missing parents: List()
[2026-04-29T01:43:38.685+0000] {subprocess.py:106} INFO - 26/04/29 01:43:38 INFO DAGScheduler: Submitting ResultStage 1 (MapPartitionsRDD[5] at json at NativeMethodAccessorImpl.java:0), which has no missing parents
[2026-04-29T01:43:38.781+0000] {subprocess.py:106} INFO - 26/04/29 01:43:38 INFO MemoryStore: Block broadcast_2 stored as values in memory (estimated size 16.7 KiB, free 434.2 MiB)
[2026-04-29T01:43:38.797+0000] {subprocess.py:106} INFO - 26/04/29 01:43:38 INFO MemoryStore: Block broadcast_2_piece0 stored as bytes in memory (estimated size 7.8 KiB, free 434.1 MiB)
[2026-04-29T01:43:38.813+0000] {subprocess.py:106} INFO - 26/04/29 01:43:38 INFO BlockManagerInfo: Added broadcast_2_piece0 in memory on 172.30.1.13:34503 (size: 7.8 KiB, free: 434.4 MiB)
[2026-04-29T01:43:38.818+0000] {subprocess.py:106} INFO - 26/04/29 01:43:38 INFO SparkContext: Created broadcast 2 from broadcast at DAGScheduler.scala:1580
[2026-04-29T01:43:38.825+0000] {subprocess.py:106} INFO - 26/04/29 01:43:38 INFO DAGScheduler: Submitting 3 missing tasks from ResultStage 1 (MapPartitionsRDD[5] at json at NativeMethodAccessorImpl.java:0) (first 15 tasks are for partitions Vector(0, 1, 2))
[2026-04-29T01:43:38.826+0000] {subprocess.py:106} INFO - 26/04/29 01:43:38 INFO YarnScheduler: Adding task set 1.0 with 3 tasks resource profile 0
[2026-04-29T01:43:38.843+0000] {subprocess.py:106} INFO - 26/04/29 01:43:38 INFO TaskSetManager: Starting task 0.0 in stage 1.0 (TID 90) (1175ad6b07ce, executor 1, partition 0, PROCESS_LOCAL, 12324 bytes)
[2026-04-29T01:43:38.847+0000] {subprocess.py:106} INFO - 26/04/29 01:43:38 INFO TaskSetManager: Starting task 1.0 in stage 1.0 (TID 91) (5b0353f352af, executor 2, partition 1, PROCESS_LOCAL, 12324 bytes)
[2026-04-29T01:43:38.969+0000] {subprocess.py:106} INFO - 26/04/29 01:43:38 INFO BlockManagerInfo: Added broadcast_2_piece0 in memory on 1175ad6b07ce:36309 (size: 7.8 KiB, free: 366.3 MiB)
[2026-04-29T01:43:39.451+0000] {subprocess.py:106} INFO - 26/04/29 01:43:39 INFO BlockManagerInfo: Added broadcast_2_piece0 in memory on 5b0353f352af:35269 (size: 7.8 KiB, free: 366.3 MiB)
[2026-04-29T01:43:40.975+0000] {subprocess.py:106} INFO - 26/04/29 01:43:40 INFO BlockManagerInfo: Added broadcast_1_piece0 in memory on 1175ad6b07ce:36309 (size: 34.8 KiB, free: 366.3 MiB)
[2026-04-29T01:43:42.310+0000] {subprocess.py:106} INFO - 26/04/29 01:43:42 INFO BlockManagerInfo: Added broadcast_1_piece0 in memory on 5b0353f352af:35269 (size: 34.8 KiB, free: 366.3 MiB)
[2026-04-29T01:43:44.074+0000] {subprocess.py:106} INFO - 26/04/29 01:43:44 INFO TaskSetManager: Starting task 2.0 in stage 1.0 (TID 92) (1175ad6b07ce, executor 1, partition 2, PROCESS_LOCAL, 11538 bytes)
[2026-04-29T01:43:44.079+0000] {subprocess.py:106} INFO - 26/04/29 01:43:44 INFO TaskSetManager: Finished task 0.0 in stage 1.0 (TID 90) in 5258 ms on 1175ad6b07ce (executor 1) (1/3)
[2026-04-29T01:43:45.545+0000] {subprocess.py:106} INFO - 26/04/29 01:43:45 INFO TaskSetManager: Finished task 1.0 in stage 1.0 (TID 91) in 6702 ms on 5b0353f352af (executor 2) (2/3)
[2026-04-29T01:43:46.194+0000] {subprocess.py:106} INFO - 26/04/29 01:43:46 INFO TaskSetManager: Finished task 2.0 in stage 1.0 (TID 92) in 2121 ms on 1175ad6b07ce (executor 1) (3/3)
[2026-04-29T01:43:46.196+0000] {subprocess.py:106} INFO - 26/04/29 01:43:46 INFO YarnScheduler: Removed TaskSet 1.0, whose tasks have all completed, from pool
[2026-04-29T01:43:46.198+0000] {subprocess.py:106} INFO - 26/04/29 01:43:46 INFO DAGScheduler: ResultStage 1 (json at NativeMethodAccessorImpl.java:0) finished in 7.506 s
[2026-04-29T01:43:46.199+0000] {subprocess.py:106} INFO - 26/04/29 01:43:46 INFO DAGScheduler: Job 1 is finished. Cancelling potential speculative or zombie tasks for this job
[2026-04-29T01:43:46.200+0000] {subprocess.py:106} INFO - 26/04/29 01:43:46 INFO YarnScheduler: Killing all running tasks in stage 1: Stage finished
[2026-04-29T01:43:46.201+0000] {subprocess.py:106} INFO - 26/04/29 01:43:46 INFO DAGScheduler: Job 1 finished: json at NativeMethodAccessorImpl.java:0, took 7.518612 s
[2026-04-29T01:43:46.463+0000] {subprocess.py:106} INFO - 26/04/29 01:43:46 INFO FileSourceStrategy: Pushed Filters:
[2026-04-29T01:43:46.464+0000] {subprocess.py:106} INFO - 26/04/29 01:43:46 INFO FileSourceStrategy: Post-Scan Filters:
[2026-04-29T01:43:47.358+0000] {subprocess.py:106} INFO - 26/04/29 01:43:47 INFO CodeGenerator: Code generated in 628.790098 ms
[2026-04-29T01:43:47.370+0000] {subprocess.py:106} INFO - 26/04/29 01:43:47 INFO MemoryStore: Block broadcast_3 stored as values in memory (estimated size 204.3 KiB, free 433.9 MiB)
[2026-04-29T01:43:47.421+0000] {subprocess.py:106} INFO - 26/04/29 01:43:47 INFO BlockManagerInfo: Removed broadcast_1_piece0 on 172.30.1.13:34503 in memory (size: 34.8 KiB, free: 434.4 MiB)
[2026-04-29T01:43:47.434+0000] {subprocess.py:106} INFO - 26/04/29 01:43:47 INFO BlockManagerInfo: Removed broadcast_1_piece0 on 1175ad6b07ce:36309 in memory (size: 34.8 KiB, free: 366.3 MiB)
[2026-04-29T01:43:47.438+0000] {subprocess.py:106} INFO - 26/04/29 01:43:47 INFO MemoryStore: Block broadcast_3_piece0 stored as bytes in memory (estimated size 34.8 KiB, free 434.1 MiB)
[2026-04-29T01:43:47.441+0000] {subprocess.py:106} INFO - 26/04/29 01:43:47 INFO BlockManagerInfo: Added broadcast_3_piece0 in memory on 172.30.1.13:34503 (size: 34.8 KiB, free: 434.4 MiB)
[2026-04-29T01:43:47.445+0000] {subprocess.py:106} INFO - 26/04/29 01:43:47 INFO SparkContext: Created broadcast 3 from showString at NativeMethodAccessorImpl.java:0
[2026-04-29T01:43:47.453+0000] {subprocess.py:106} INFO - 26/04/29 01:43:47 INFO BlockManagerInfo: Removed broadcast_1_piece0 on 5b0353f352af:35269 in memory (size: 34.8 KiB, free: 366.3 MiB)
[2026-04-29T01:43:47.459+0000] {subprocess.py:106} INFO - 26/04/29 01:43:47 INFO FileSourceScanExec: Planning scan with bin packing, max size: 134217728 bytes, open cost is considered as scanning 4194304 bytes.
[2026-04-29T01:43:47.474+0000] {subprocess.py:106} INFO - 26/04/29 01:43:47 INFO BlockManagerInfo: Removed broadcast_2_piece0 on 172.30.1.13:34503 in memory (size: 7.8 KiB, free: 434.4 MiB)
[2026-04-29T01:43:47.481+0000] {subprocess.py:106} INFO - 26/04/29 01:43:47 INFO BlockManagerInfo: Removed broadcast_2_piece0 on 5b0353f352af:35269 in memory (size: 7.8 KiB, free: 366.3 MiB)
[2026-04-29T01:43:47.483+0000] {subprocess.py:106} INFO - 26/04/29 01:43:47 INFO BlockManagerInfo: Removed broadcast_2_piece0 on 1175ad6b07ce:36309 in memory (size: 7.8 KiB, free: 366.3 MiB)
[2026-04-29T01:43:47.584+0000] {subprocess.py:106} INFO - 26/04/29 01:43:47 INFO SparkContext: Starting job: showString at NativeMethodAccessorImpl.java:0
[2026-04-29T01:43:47.586+0000] {subprocess.py:106} INFO - 26/04/29 01:43:47 INFO DAGScheduler: Got job 2 (showString at NativeMethodAccessorImpl.java:0) with 1 output partitions
[2026-04-29T01:43:47.591+0000] {subprocess.py:106} INFO - 26/04/29 01:43:47 INFO DAGScheduler: Final stage: ResultStage 2 (showString at NativeMethodAccessorImpl.java:0)
[2026-04-29T01:43:47.592+0000] {subprocess.py:106} INFO - 26/04/29 01:43:47 INFO DAGScheduler: Parents of final stage: List()
[2026-04-29T01:43:47.594+0000] {subprocess.py:106} INFO - 26/04/29 01:43:47 INFO DAGScheduler: Missing parents: List()
[2026-04-29T01:43:47.595+0000] {subprocess.py:106} INFO - 26/04/29 01:43:47 INFO DAGScheduler: Submitting ResultStage 2 (MapPartitionsRDD[9] at showString at NativeMethodAccessorImpl.java:0), which has no missing parents
[2026-04-29T01:43:47.603+0000] {subprocess.py:106} INFO - 26/04/29 01:43:47 INFO MemoryStore: Block broadcast_4 stored as values in memory (estimated size 20.5 KiB, free 434.1 MiB)
[2026-04-29T01:43:47.620+0000] {subprocess.py:106} INFO - 26/04/29 01:43:47 INFO MemoryStore: Block broadcast_4_piece0 stored as bytes in memory (estimated size 8.4 KiB, free 434.1 MiB)
[2026-04-29T01:43:47.623+0000] {subprocess.py:106} INFO - 26/04/29 01:43:47 INFO BlockManagerInfo: Added broadcast_4_piece0 in memory on 172.30.1.13:34503 (size: 8.4 KiB, free: 434.4 MiB)
[2026-04-29T01:43:47.625+0000] {subprocess.py:106} INFO - 26/04/29 01:43:47 INFO SparkContext: Created broadcast 4 from broadcast at DAGScheduler.scala:1580
[2026-04-29T01:43:47.627+0000] {subprocess.py:106} INFO - 26/04/29 01:43:47 INFO DAGScheduler: Submitting 1 missing tasks from ResultStage 2 (MapPartitionsRDD[9] at showString at NativeMethodAccessorImpl.java:0) (first 15 tasks are for partitions Vector(0))
[2026-04-29T01:43:47.628+0000] {subprocess.py:106} INFO - 26/04/29 01:43:47 INFO YarnScheduler: Adding task set 2.0 with 1 tasks resource profile 0
[2026-04-29T01:43:47.634+0000] {subprocess.py:106} INFO - 26/04/29 01:43:47 INFO TaskSetManager: Starting task 0.0 in stage 2.0 (TID 93) (5b0353f352af, executor 2, partition 0, PROCESS_LOCAL, 12324 bytes)
[2026-04-29T01:43:47.726+0000] {subprocess.py:106} INFO - 26/04/29 01:43:47 INFO BlockManagerInfo: Added broadcast_4_piece0 in memory on 5b0353f352af:35269 (size: 8.4 KiB, free: 366.3 MiB)
[2026-04-29T01:43:48.590+0000] {subprocess.py:106} INFO - 26/04/29 01:43:48 INFO BlockManagerInfo: Added broadcast_3_piece0 in memory on 5b0353f352af:35269 (size: 34.8 KiB, free: 366.3 MiB)
[2026-04-29T01:43:49.065+0000] {subprocess.py:106} INFO - 26/04/29 01:43:49 INFO TaskSetManager: Finished task 0.0 in stage 2.0 (TID 93) in 1432 ms on 5b0353f352af (executor 2) (1/1)
[2026-04-29T01:43:49.067+0000] {subprocess.py:106} INFO - 26/04/29 01:43:49 INFO YarnScheduler: Removed TaskSet 2.0, whose tasks have all completed, from pool
[2026-04-29T01:43:49.070+0000] {subprocess.py:106} INFO - 26/04/29 01:43:49 INFO DAGScheduler: ResultStage 2 (showString at NativeMethodAccessorImpl.java:0) finished in 1.475 s
[2026-04-29T01:43:49.071+0000] {subprocess.py:106} INFO - 26/04/29 01:43:49 INFO DAGScheduler: Job 2 is finished. Cancelling potential speculative or zombie tasks for this job
[2026-04-29T01:43:49.072+0000] {subprocess.py:106} INFO - 26/04/29 01:43:49 INFO YarnScheduler: Killing all running tasks in stage 2: Stage finished
[2026-04-29T01:43:49.074+0000] {subprocess.py:106} INFO - 26/04/29 01:43:49 INFO DAGScheduler: Job 2 finished: showString at NativeMethodAccessorImpl.java:0, took 1.485050 s
[2026-04-29T01:43:49.373+0000] {subprocess.py:106} INFO - 26/04/29 01:43:49 INFO CodeGenerator: Code generated in 117.920253 ms
[2026-04-29T01:43:49.450+0000] {subprocess.py:106} INFO - +----+-----+--------+-----+--------------------+-----+-----------+------+------+-----+--------+-----------------+-------------------+----------------+
[2026-04-29T01:43:49.452+0000] {subprocess.py:106} INFO - | Age|Cabin|Embarked| Fare|                Name|Parch|PassengerId|Pclass|   Sex|SibSp|Survived|           Ticket|         event_time|          source|
[2026-04-29T01:43:49.452+0000] {subprocess.py:106} INFO - +----+-----+--------+-----+--------------------+-----+-----------+------+------+-----+--------+-----------------+-------------------+----------------+
[2026-04-29T01:43:49.453+0000] {subprocess.py:106} INFO - |28.0|  C52|       S|26.55|Bjornstrom-Steffa...|    0|        431|     1|  male|    0|       1|           110564|2026-04-28 22:33:49|SIMULATED_DEVICE|
[2026-04-29T01:43:49.455+0000] {subprocess.py:106} INFO - |NULL| NULL|       S| 16.1|Thorneycroft, Mrs...|    0|        432|     3|female|    1|       1|           376564|2026-04-28 22:33:49|SIMULATED_DEVICE|
[2026-04-29T01:43:49.456+0000] {subprocess.py:106} INFO - |42.0| NULL|       S| 26.0|Louch, Mrs. Charl...|    0|        433|     2|female|    1|       1|       SC/AH 3085|2026-04-28 22:33:49|SIMULATED_DEVICE|
[2026-04-29T01:43:49.457+0000] {subprocess.py:106} INFO - |17.0| NULL|       S|7.125|Kallio, Mr. Nikol...|    0|        434|     3|  male|    0|       0|STON/O 2. 3101274|2026-04-28 22:33:49|SIMULATED_DEVICE|
[2026-04-29T01:43:49.458+0000] {subprocess.py:106} INFO - |50.0|  E44|       S| 55.9|Silvey, Mr. Willi...|    0|        435|     1|  male|    1|       0|            13507|2026-04-28 22:33:49|SIMULATED_DEVICE|
[2026-04-29T01:43:49.459+0000] {subprocess.py:106} INFO - +----+-----+--------+-----+--------------------+-----+-----------+------+------+-----+--------+-----------------+-------------------+----------------+
[2026-04-29T01:43:49.460+0000] {subprocess.py:106} INFO - only showing top 5 rows
[2026-04-29T01:43:49.461+0000] {subprocess.py:106} INFO - 
[2026-04-29T01:43:49.880+0000] {subprocess.py:106} INFO - 26/04/29 01:43:49 INFO FileSourceStrategy: Pushed Filters:
[2026-04-29T01:43:49.881+0000] {subprocess.py:106} INFO - 26/04/29 01:43:49 INFO FileSourceStrategy: Post-Scan Filters:
[2026-04-29T01:43:51.986+0000] {subprocess.py:106} INFO - 26/04/29 01:43:51 INFO CodeGenerator: Code generated in 22.292709 ms
[2026-04-29T01:43:51.991+0000] {subprocess.py:106} INFO - 26/04/29 01:43:51 INFO MemoryStore: Block broadcast_5 stored as values in memory (estimated size 204.3 KiB, free 433.9 MiB)
[2026-04-29T01:43:52.015+0000] {subprocess.py:106} INFO - 26/04/29 01:43:52 INFO BlockManagerInfo: Removed broadcast_4_piece0 on 172.30.1.13:34503 in memory (size: 8.4 KiB, free: 434.4 MiB)
[2026-04-29T01:43:52.024+0000] {subprocess.py:106} INFO - 26/04/29 01:43:52 INFO BlockManagerInfo: Removed broadcast_4_piece0 on 5b0353f352af:35269 in memory (size: 8.4 KiB, free: 366.3 MiB)
[2026-04-29T01:43:52.032+0000] {subprocess.py:106} INFO - 26/04/29 01:43:52 INFO MemoryStore: Block broadcast_5_piece0 stored as bytes in memory (estimated size 34.8 KiB, free 433.9 MiB)
[2026-04-29T01:43:52.035+0000] {subprocess.py:106} INFO - 26/04/29 01:43:52 INFO BlockManagerInfo: Added broadcast_5_piece0 in memory on 172.30.1.13:34503 (size: 34.8 KiB, free: 434.3 MiB)
[2026-04-29T01:43:52.038+0000] {subprocess.py:106} INFO - 26/04/29 01:43:52 INFO SparkContext: Created broadcast 5 from count at NativeMethodAccessorImpl.java:0
[2026-04-29T01:43:52.040+0000] {subprocess.py:106} INFO - 26/04/29 01:43:52 INFO FileSourceScanExec: Planning scan with bin packing, max size: 134217728 bytes, open cost is considered as scanning 4194304 bytes.
[2026-04-29T01:43:52.042+0000] {subprocess.py:106} INFO - 26/04/29 01:43:52 INFO BlockManagerInfo: Removed broadcast_3_piece0 on 172.30.1.13:34503 in memory (size: 34.8 KiB, free: 434.4 MiB)
[2026-04-29T01:43:52.047+0000] {subprocess.py:106} INFO - 26/04/29 01:43:52 INFO BlockManagerInfo: Removed broadcast_3_piece0 on 5b0353f352af:35269 in memory (size: 34.8 KiB, free: 366.3 MiB)
[2026-04-29T01:43:48.294+0000] {subprocess.py:106} INFO - 26/04/29 01:43:48 INFO DAGScheduler: Registering RDD 13 (count at NativeMethodAccessorImpl.java:0) as input to shuffle 0
[2026-04-29T01:43:48.329+0000] {subprocess.py:106} INFO - 26/04/29 01:43:48 INFO DAGScheduler: Got map stage job 3 (count at NativeMethodAccessorImpl.java:0) with 3 output partitions
[2026-04-29T01:43:48.330+0000] {subprocess.py:106} INFO - 26/04/29 01:43:48 INFO DAGScheduler: Final stage: ShuffleMapStage 3 (count at NativeMethodAccessorImpl.java:0)
[2026-04-29T01:43:48.333+0000] {subprocess.py:106} INFO - 26/04/29 01:43:48 INFO DAGScheduler: Parents of final stage: List()
[2026-04-29T01:43:48.334+0000] {subprocess.py:106} INFO - 26/04/29 01:43:48 INFO DAGScheduler: Missing parents: List()
[2026-04-29T01:43:48.335+0000] {subprocess.py:106} INFO - 26/04/29 01:43:48 INFO DAGScheduler: Submitting ShuffleMapStage 3 (MapPartitionsRDD[13] at count at NativeMethodAccessorImpl.java:0), which has no missing parents
[2026-04-29T01:43:48.390+0000] {subprocess.py:106} INFO - 26/04/29 01:43:48 INFO MemoryStore: Block broadcast_6 stored as values in memory (estimated size 17.0 KiB, free 434.1 MiB)
[2026-04-29T01:43:48.402+0000] {subprocess.py:106} INFO - 26/04/29 01:43:48 INFO MemoryStore: Block broadcast_6_piece0 stored as bytes in memory (estimated size 8.3 KiB, free 434.1 MiB)
[2026-04-29T01:43:48.406+0000] {subprocess.py:106} INFO - 26/04/29 01:43:48 INFO BlockManagerInfo: Added broadcast_6_piece0 in memory on 172.30.1.13:34503 (size: 8.3 KiB, free: 434.4 MiB)
[2026-04-29T01:43:48.408+0000] {subprocess.py:106} INFO - 26/04/29 01:43:48 INFO SparkContext: Created broadcast 6 from broadcast at DAGScheduler.scala:1580
[2026-04-29T01:43:48.411+0000] {subprocess.py:106} INFO - 26/04/29 01:43:48 INFO DAGScheduler: Submitting 3 missing tasks from ShuffleMapStage 3 (MapPartitionsRDD[13] at count at NativeMethodAccessorImpl.java:0) (first 15 tasks are for partitions Vector(0, 1, 2))
[2026-04-29T01:43:48.413+0000] {subprocess.py:106} INFO - 26/04/29 01:43:48 INFO YarnScheduler: Adding task set 3.0 with 3 tasks resource profile 0
[2026-04-29T01:43:48.417+0000] {subprocess.py:106} INFO - 26/04/29 01:43:48 INFO TaskSetManager: Starting task 0.0 in stage 3.0 (TID 94) (1175ad6b07ce, executor 1, partition 0, PROCESS_LOCAL, 12313 bytes)
[2026-04-29T01:43:48.420+0000] {subprocess.py:106} INFO - 26/04/29 01:43:48 INFO TaskSetManager: Starting task 1.0 in stage 3.0 (TID 95) (5b0353f352af, executor 2, partition 1, PROCESS_LOCAL, 12313 bytes)
[2026-04-29T01:43:48.466+0000] {subprocess.py:106} INFO - 26/04/29 01:43:48 INFO BlockManagerInfo: Added broadcast_6_piece0 in memory on 5b0353f352af:35269 (size: 8.3 KiB, free: 366.3 MiB)
[2026-04-29T01:43:48.487+0000] {subprocess.py:106} INFO - 26/04/29 01:43:48 INFO BlockManagerInfo: Added broadcast_6_piece0 in memory on 1175ad6b07ce:36309 (size: 8.3 KiB, free: 366.3 MiB)
[2026-04-29T01:43:49.014+0000] {subprocess.py:106} INFO - 26/04/29 01:43:49 INFO BlockManagerInfo: Added broadcast_5_piece0 in memory on 5b0353f352af:35269 (size: 34.8 KiB, free: 366.3 MiB)
[2026-04-29T01:43:49.284+0000] {subprocess.py:106} INFO - 26/04/29 01:43:49 INFO BlockManagerInfo: Added broadcast_5_piece0 in memory on 1175ad6b07ce:36309 (size: 34.8 KiB, free: 366.3 MiB)
[2026-04-29T01:43:51.043+0000] {subprocess.py:106} INFO - 26/04/29 01:43:51 INFO TaskSetManager: Starting task 2.0 in stage 3.0 (TID 96) (5b0353f352af, executor 2, partition 2, PROCESS_LOCAL, 11527 bytes)
[2026-04-29T01:43:51.081+0000] {subprocess.py:106} INFO - 26/04/29 01:43:51 INFO TaskSetManager: Finished task 1.0 in stage 3.0 (TID 95) in 2663 ms on 5b0353f352af (executor 2) (1/3)
[2026-04-29T01:43:51.417+0000] {subprocess.py:106} INFO - 26/04/29 01:43:51 INFO TaskSetManager: Finished task 0.0 in stage 3.0 (TID 94) in 3003 ms on 1175ad6b07ce (executor 1) (2/3)
[2026-04-29T01:43:53.084+0000] {subprocess.py:106} INFO - 26/04/29 01:43:53 INFO TaskSetManager: Finished task 2.0 in stage 3.0 (TID 96) in 2038 ms on 5b0353f352af (executor 2) (3/3)
[2026-04-29T01:43:53.088+0000] {subprocess.py:106} INFO - 26/04/29 01:43:53 INFO YarnScheduler: Removed TaskSet 3.0, whose tasks have all completed, from pool
[2026-04-29T01:43:53.089+0000] {subprocess.py:106} INFO - 26/04/29 01:43:53 INFO DAGScheduler: ShuffleMapStage 3 (count at NativeMethodAccessorImpl.java:0) finished in 4.741 s
[2026-04-29T01:43:53.091+0000] {subprocess.py:106} INFO - 26/04/29 01:43:53 INFO DAGScheduler: looking for newly runnable stages
[2026-04-29T01:43:53.092+0000] {subprocess.py:106} INFO - 26/04/29 01:43:53 INFO DAGScheduler: running: Set()
[2026-04-29T01:43:53.093+0000] {subprocess.py:106} INFO - 26/04/29 01:43:53 INFO DAGScheduler: waiting: Set()
[2026-04-29T01:43:53.094+0000] {subprocess.py:106} INFO - 26/04/29 01:43:53 INFO DAGScheduler: failed: Set()
[2026-04-29T01:43:53.286+0000] {subprocess.py:106} INFO - 26/04/29 01:43:53 INFO CodeGenerator: Code generated in 24.904189 ms
[2026-04-29T01:43:53.414+0000] {subprocess.py:106} INFO - 26/04/29 01:43:53 INFO SparkContext: Starting job: count at NativeMethodAccessorImpl.java:0
[2026-04-29T01:43:53.417+0000] {subprocess.py:106} INFO - 26/04/29 01:43:53 INFO DAGScheduler: Got job 4 (count at NativeMethodAccessorImpl.java:0) with 1 output partitions
[2026-04-29T01:43:53.419+0000] {subprocess.py:106} INFO - 26/04/29 01:43:53 INFO DAGScheduler: Final stage: ResultStage 5 (count at NativeMethodAccessorImpl.java:0)
[2026-04-29T01:43:53.420+0000] {subprocess.py:106} INFO - 26/04/29 01:43:53 INFO DAGScheduler: Parents of final stage: List(ShuffleMapStage 4)
[2026-04-29T01:43:53.421+0000] {subprocess.py:106} INFO - 26/04/29 01:43:53 INFO DAGScheduler: Missing parents: List()
[2026-04-29T01:43:53.422+0000] {subprocess.py:106} INFO - 26/04/29 01:43:53 INFO DAGScheduler: Submitting ResultStage 5 (MapPartitionsRDD[16] at count at NativeMethodAccessorImpl.java:0), which has no missing parents
[2026-04-29T01:43:53.498+0000] {subprocess.py:106} INFO - 26/04/29 01:43:53 INFO MemoryStore: Block broadcast_7 stored as values in memory (estimated size 12.5 KiB, free 434.1 MiB)
[2026-04-29T01:43:53.514+0000] {subprocess.py:106} INFO - 26/04/29 01:43:53 INFO MemoryStore: Block broadcast_7_piece0 stored as bytes in memory (estimated size 5.9 KiB, free 434.1 MiB)
[2026-04-29T01:43:53.517+0000] {subprocess.py:106} INFO - 26/04/29 01:43:53 INFO BlockManagerInfo: Added broadcast_7_piece0 in memory on 172.30.1.13:34503 (size: 5.9 KiB, free: 434.4 MiB)
[2026-04-29T01:43:53.519+0000] {subprocess.py:106} INFO - 26/04/29 01:43:53 INFO BlockManagerInfo: Removed broadcast_6_piece0 on 172.30.1.13:34503 in memory (size: 8.3 KiB, free: 434.4 MiB)
[2026-04-29T01:43:53.521+0000] {subprocess.py:106} INFO - 26/04/29 01:43:53 INFO SparkContext: Created broadcast 7 from broadcast at DAGScheduler.scala:1580
[2026-04-29T01:43:53.522+0000] {subprocess.py:106} INFO - 26/04/29 01:43:53 INFO DAGScheduler: Submitting 1 missing tasks from ResultStage 5 (MapPartitionsRDD[16] at count at NativeMethodAccessorImpl.java:0) (first 15 tasks are for partitions Vector(0))
[2026-04-29T01:43:53.524+0000] {subprocess.py:106} INFO - 26/04/29 01:43:53 INFO YarnScheduler: Adding task set 5.0 with 1 tasks resource profile 0
[2026-04-29T01:43:53.525+0000] {subprocess.py:106} INFO - 26/04/29 01:43:53 INFO BlockManagerInfo: Removed broadcast_6_piece0 on 5b0353f352af:35269 in memory (size: 8.3 KiB, free: 366.3 MiB)
[2026-04-29T01:43:53.526+0000] {subprocess.py:106} INFO - 26/04/29 01:43:53 INFO BlockManagerInfo: Removed broadcast_6_piece0 on 1175ad6b07ce:36309 in memory (size: 8.3 KiB, free: 366.3 MiB)
[2026-04-29T01:43:53.594+0000] {subprocess.py:106} INFO - 26/04/29 01:43:53 INFO TaskSetManager: Starting task 0.0 in stage 5.0 (TID 97) (5b0353f352af, executor 2, partition 0, NODE_LOCAL, 7626 bytes)
[2026-04-29T01:43:53.633+0000] {subprocess.py:106} INFO - 26/04/29 01:43:53 INFO BlockManagerInfo: Added broadcast_7_piece0 in memory on 5b0353f352af:35269 (size: 5.9 KiB, free: 366.3 MiB)
[2026-04-29T01:43:53.827+0000] {subprocess.py:106} INFO - 26/04/29 01:43:53 INFO MapOutputTrackerMasterEndpoint: Asked to send map output locations for shuffle 0 to 172.30.1.26:57148
[2026-04-29T01:43:54.815+0000] {subprocess.py:106} INFO - 26/04/29 01:43:54 INFO TaskSetManager: Finished task 0.0 in stage 5.0 (TID 97) in 1219 ms on 5b0353f352af (executor 2) (1/1)
[2026-04-29T01:43:54.817+0000] {subprocess.py:106} INFO - 26/04/29 01:43:54 INFO YarnScheduler: Removed TaskSet 5.0, whose tasks have all completed, from pool
[2026-04-29T01:43:54.818+0000] {subprocess.py:106} INFO - 26/04/29 01:43:54 INFO DAGScheduler: ResultStage 5 (count at NativeMethodAccessorImpl.java:0) finished in 1.316 s
[2026-04-29T01:43:54.819+0000] {subprocess.py:106} INFO - 26/04/29 01:43:54 INFO DAGScheduler: Job 4 is finished. Cancelling potential speculative or zombie tasks for this job
[2026-04-29T01:43:54.820+0000] {subprocess.py:106} INFO - 26/04/29 01:43:54 INFO YarnScheduler: Killing all running tasks in stage 5: Stage finished
[2026-04-29T01:43:54.822+0000] {subprocess.py:106} INFO - 26/04/29 01:43:54 INFO DAGScheduler: Job 4 finished: count at NativeMethodAccessorImpl.java:0, took 1.398622 s
[2026-04-29T01:43:54.823+0000] {subprocess.py:106} INFO - 891
[2026-04-29T01:43:55.469+0000] {subprocess.py:106} INFO - 26/04/29 01:43:55 INFO FileSourceStrategy: Pushed Filters:
[2026-04-29T01:43:55.470+0000] {subprocess.py:106} INFO - 26/04/29 01:43:55 INFO FileSourceStrategy: Post-Scan Filters:
[2026-04-29T01:43:56.072+0000] {subprocess.py:106} INFO - 26/04/29 01:43:56 INFO ParquetUtils: Using default output committer for Parquet: org.apache.parquet.hadoop.ParquetOutputCommitter
[2026-04-29T01:43:56.413+0000] {subprocess.py:106} INFO - 26/04/29 01:43:56 INFO FileOutputCommitter: File Output Committer Algorithm version is 1
[2026-04-29T01:43:56.415+0000] {subprocess.py:106} INFO - 26/04/29 01:43:56 INFO FileOutputCommitter: FileOutputCommitter skip cleanup _temporary folders under output directory:false, ignore cleanup failures: false
[2026-04-29T01:43:56.417+0000] {subprocess.py:106} INFO - 26/04/29 01:43:56 INFO SQLHadoopMapReduceCommitProtocol: Using user defined output committer class org.apache.parquet.hadoop.ParquetOutputCommitter
[2026-04-29T01:43:56.418+0000] {subprocess.py:106} INFO - 26/04/29 01:43:56 INFO FileOutputCommitter: File Output Committer Algorithm version is 1
[2026-04-29T01:43:56.423+0000] {subprocess.py:106} INFO - 26/04/29 01:43:56 INFO FileOutputCommitter: FileOutputCommitter skip cleanup _temporary folders under output directory:false, ignore cleanup failures: false
[2026-04-29T01:43:56.424+0000] {subprocess.py:106} INFO - 26/04/29 01:43:56 INFO SQLHadoopMapReduceCommitProtocol: Using output committer class org.apache.parquet.hadoop.ParquetOutputCommitter
[2026-04-29T01:43:56.492+0000] {subprocess.py:106} INFO - 26/04/29 01:43:56 INFO MemoryStore: Block broadcast_8 stored as values in memory (estimated size 204.3 KiB, free 433.9 MiB)
[2026-04-29T01:43:56.514+0000] {subprocess.py:106} INFO - 26/04/29 01:43:56 INFO BlockManagerInfo: Removed broadcast_5_piece0 on 172.30.1.13:34503 in memory (size: 34.8 KiB, free: 434.4 MiB)
[2026-04-29T01:43:56.519+0000] {subprocess.py:106} INFO - 26/04/29 01:43:56 INFO BlockManagerInfo: Removed broadcast_5_piece0 on 5b0353f352af:35269 in memory (size: 34.8 KiB, free: 366.3 MiB)
[2026-04-29T01:43:56.520+0000] {subprocess.py:106} INFO - 26/04/29 01:43:56 INFO BlockManagerInfo: Removed broadcast_5_piece0 on 1175ad6b07ce:36309 in memory (size: 34.8 KiB, free: 366.3 MiB)
[2026-04-29T01:43:56.524+0000] {subprocess.py:106} INFO - 26/04/29 01:43:56 INFO MemoryStore: Block broadcast_8_piece0 stored as bytes in memory (estimated size 34.8 KiB, free 434.1 MiB)
[2026-04-29T01:43:56.526+0000] {subprocess.py:106} INFO - 26/04/29 01:43:56 INFO BlockManagerInfo: Added broadcast_8_piece0 in memory on 172.30.1.13:34503 (size: 34.8 KiB, free: 434.4 MiB)
[2026-04-29T01:43:56.529+0000] {subprocess.py:106} INFO - 26/04/29 01:43:56 INFO SparkContext: Created broadcast 8 from save at NativeMethodAccessorImpl.java:0
[2026-04-29T01:43:56.532+0000] {subprocess.py:106} INFO - 26/04/29 01:43:56 INFO FileSourceScanExec: Planning scan with bin packing, max size: 134217728 bytes, open cost is considered as scanning 4194304 bytes.
[2026-04-29T01:43:56.545+0000] {subprocess.py:106} INFO - 26/04/29 01:43:56 INFO BlockManagerInfo: Removed broadcast_7_piece0 on 172.30.1.13:34503 in memory (size: 5.9 KiB, free: 434.4 MiB)
[2026-04-29T01:43:56.554+0000] {subprocess.py:106} INFO - 26/04/29 01:43:56 INFO BlockManagerInfo: Removed broadcast_7_piece0 on 5b0353f352af:35269 in memory (size: 5.9 KiB, free: 366.3 MiB)
[2026-04-29T01:43:56.594+0000] {subprocess.py:106} INFO - 26/04/29 01:43:56 INFO SparkContext: Starting job: save at NativeMethodAccessorImpl.java:0
[2026-04-29T01:43:56.597+0000] {subprocess.py:106} INFO - 26/04/29 01:43:56 INFO DAGScheduler: Got job 5 (save at NativeMethodAccessorImpl.java:0) with 3 output partitions
[2026-04-29T01:43:56.600+0000] {subprocess.py:106} INFO - 26/04/29 01:43:56 INFO DAGScheduler: Final stage: ResultStage 6 (save at NativeMethodAccessorImpl.java:0)
[2026-04-29T01:43:56.601+0000] {subprocess.py:106} INFO - 26/04/29 01:43:56 INFO DAGScheduler: Parents of final stage: List()
[2026-04-29T01:43:56.603+0000] {subprocess.py:106} INFO - 26/04/29 01:43:56 INFO DAGScheduler: Missing parents: List()
[2026-04-29T01:43:56.604+0000] {subprocess.py:106} INFO - 26/04/29 01:43:56 INFO DAGScheduler: Submitting ResultStage 6 (MapPartitionsRDD[19] at save at NativeMethodAccessorImpl.java:0), which has no missing parents
[2026-04-29T01:43:56.675+0000] {subprocess.py:106} INFO - 26/04/29 01:43:56 INFO MemoryStore: Block broadcast_9 stored as values in memory (estimated size 216.3 KiB, free 434.0 MiB)
[2026-04-29T01:43:56.694+0000] {subprocess.py:106} INFO - 26/04/29 01:43:56 INFO MemoryStore: Block broadcast_9_piece0 stored as bytes in memory (estimated size 78.1 KiB, free 433.9 MiB)
[2026-04-29T01:43:56.696+0000] {subprocess.py:106} INFO - 26/04/29 01:43:56 INFO BlockManagerInfo: Added broadcast_9_piece0 in memory on 172.30.1.13:34503 (size: 78.1 KiB, free: 434.3 MiB)
[2026-04-29T01:43:56.698+0000] {subprocess.py:106} INFO - 26/04/29 01:43:56 INFO SparkContext: Created broadcast 9 from broadcast at DAGScheduler.scala:1580
[2026-04-29T01:43:56.699+0000] {subprocess.py:106} INFO - 26/04/29 01:43:56 INFO DAGScheduler: Submitting 3 missing tasks from ResultStage 6 (MapPartitionsRDD[19] at save at NativeMethodAccessorImpl.java:0) (first 15 tasks are for partitions Vector(0, 1, 2))
[2026-04-29T01:43:56.700+0000] {subprocess.py:106} INFO - 26/04/29 01:43:56 INFO YarnScheduler: Adding task set 6.0 with 3 tasks resource profile 0
[2026-04-29T01:43:56.702+0000] {subprocess.py:106} INFO - 26/04/29 01:43:56 INFO TaskSetManager: Starting task 0.0 in stage 6.0 (TID 98) (5b0353f352af, executor 2, partition 0, PROCESS_LOCAL, 12324 bytes)
[2026-04-29T01:43:56.704+0000] {subprocess.py:106} INFO - 26/04/29 01:43:56 INFO TaskSetManager: Starting task 1.0 in stage 6.0 (TID 99) (1175ad6b07ce, executor 1, partition 1, PROCESS_LOCAL, 12324 bytes)
[2026-04-29T01:43:56.729+0000] {subprocess.py:106} INFO - 26/04/29 01:43:56 INFO BlockManagerInfo: Added broadcast_9_piece0 in memory on 1175ad6b07ce:36309 (size: 78.1 KiB, free: 366.2 MiB)
[2026-04-29T01:43:56.731+0000] {subprocess.py:106} INFO - 26/04/29 01:43:56 INFO BlockManagerInfo: Added broadcast_9_piece0 in memory on 5b0353f352af:35269 (size: 78.1 KiB, free: 366.2 MiB)
[2026-04-29T01:44:00.021+0000] {subprocess.py:106} INFO - 26/04/29 01:44:00 INFO BlockManagerInfo: Added broadcast_8_piece0 in memory on 1175ad6b07ce:36309 (size: 34.8 KiB, free: 366.2 MiB)
[2026-04-29T01:44:01.498+0000] {subprocess.py:106} INFO - 26/04/29 01:44:01 INFO BlockManagerInfo: Added broadcast_8_piece0 in memory on 5b0353f352af:35269 (size: 34.8 KiB, free: 366.2 MiB)
[2026-04-29T01:44:05.370+0000] {subprocess.py:106} INFO - 26/04/29 01:44:05 INFO TaskSetManager: Starting task 2.0 in stage 6.0 (TID 100) (5b0353f352af, executor 2, partition 2, PROCESS_LOCAL, 11538 bytes)
[2026-04-29T01:44:05.402+0000] {subprocess.py:106} INFO - 26/04/29 01:44:05 INFO TaskSetManager: Finished task 0.0 in stage 6.0 (TID 98) in 8570 ms on 5b0353f352af (executor 2) (1/3)
[2026-04-29T01:44:07.652+0000] {subprocess.py:106} INFO - 26/04/29 01:44:06 INFO TaskSetManager: Finished task 1.0 in stage 6.0 (TID 99) in 10060 ms on 1175ad6b07ce (executor 1) (2/3)
[2026-04-29T01:44:08.019+0000] {subprocess.py:106} INFO - 26/04/29 01:44:07 INFO TaskSetManager: Finished task 2.0 in stage 6.0 (TID 100) in 2737 ms on 5b0353f352af (executor 2) (3/3)
[2026-04-29T01:44:08.023+0000] {subprocess.py:106} INFO - 26/04/29 01:44:07 INFO YarnScheduler: Removed TaskSet 6.0, whose tasks have all completed, from pool
[2026-04-29T01:44:08.025+0000] {subprocess.py:106} INFO - 26/04/29 01:44:07 INFO DAGScheduler: ResultStage 6 (save at NativeMethodAccessorImpl.java:0) finished in 11.389 s
[2026-04-29T01:44:08.027+0000] {subprocess.py:106} INFO - 26/04/29 01:44:07 INFO DAGScheduler: Job 5 is finished. Cancelling potential speculative or zombie tasks for this job
[2026-04-29T01:44:08.028+0000] {subprocess.py:106} INFO - 26/04/29 01:44:07 INFO YarnScheduler: Killing all running tasks in stage 6: Stage finished
[2026-04-29T01:44:08.030+0000] {subprocess.py:106} INFO - 26/04/29 01:44:07 INFO DAGScheduler: Job 5 finished: save at NativeMethodAccessorImpl.java:0, took 11.397725 s
[2026-04-29T01:44:08.031+0000] {subprocess.py:106} INFO - 26/04/29 01:44:08 INFO FileFormatWriter: Start to commit write Job db14a6b5-f390-4790-bdd9-b0efe210eb57.
[2026-04-29T01:44:08.271+0000] {subprocess.py:106} INFO - 26/04/29 01:44:08 INFO FileFormatWriter: Write Job db14a6b5-f390-4790-bdd9-b0efe210eb57 committed. Elapsed time: 258 ms.
[2026-04-29T01:44:08.278+0000] {subprocess.py:106} INFO - 26/04/29 01:44:08 INFO FileFormatWriter: Finished processing stats for write job db14a6b5-f390-4790-bdd9-b0efe210eb57.
[2026-04-29T01:44:08.287+0000] {subprocess.py:106} INFO - Data written to Bronze Layer in HDFS
[2026-04-29T01:44:08.505+0000] {subprocess.py:106} INFO - 26/04/29 01:44:08 INFO SparkContext: Invoking stop() from shutdown hook
[2026-04-29T01:44:08.508+0000] {subprocess.py:106} INFO - 26/04/29 01:44:08 INFO SparkContext: SparkContext is stopping with exitCode 0.
[2026-04-29T01:44:08.553+0000] {subprocess.py:106} INFO - 26/04/29 01:44:08 INFO SparkUI: Stopped Spark web UI at http://172.30.1.13:4041
[2026-04-29T01:44:08.599+0000] {subprocess.py:106} INFO - 26/04/29 01:44:08 INFO YarnClientSchedulerBackend: Interrupting monitor thread
[2026-04-29T01:44:08.648+0000] {subprocess.py:106} INFO - 26/04/29 01:44:08 INFO YarnClientSchedulerBackend: Shutting down all executors
[2026-04-29T01:44:08.650+0000] {subprocess.py:106} INFO - 26/04/29 01:44:08 INFO YarnSchedulerBackend$YarnDriverEndpoint: Asking each executor to shut down
[2026-04-29T01:44:08.652+0000] {subprocess.py:106} INFO - 26/04/29 01:44:08 INFO YarnClientSchedulerBackend: YARN client scheduler backend Stopped
[2026-04-29T01:44:08.669+0000] {subprocess.py:106} INFO - 26/04/29 01:44:08 INFO MapOutputTrackerMasterEndpoint: MapOutputTrackerMasterEndpoint stopped!
[2026-04-29T01:44:08.886+0000] {subprocess.py:106} INFO - 26/04/29 01:44:08 INFO MemoryStore: MemoryStore cleared
[2026-04-29T01:44:08.888+0000] {subprocess.py:106} INFO - 26/04/29 01:44:08 INFO BlockManager: BlockManager stopped
[2026-04-29T01:44:08.889+0000] {subprocess.py:106} INFO - 26/04/29 01:44:08 INFO BlockManagerMaster: BlockManagerMaster stopped
[2026-04-29T01:44:08.890+0000] {subprocess.py:106} INFO - 26/04/29 01:44:08 INFO OutputCommitCoordinator$OutputCommitCoordinatorEndpoint: OutputCommitCoordinator stopped!
[2026-04-29T01:44:08.935+0000] {subprocess.py:106} INFO - 26/04/29 01:44:08 INFO SparkContext: Successfully stopped SparkContext
[2026-04-29T01:44:08.936+0000] {subprocess.py:106} INFO - 26/04/29 01:44:08 INFO ShutdownHookManager: Shutdown hook called
[2026-04-29T01:44:08.938+0000] {subprocess.py:106} INFO - 26/04/29 01:44:08 INFO ShutdownHookManager: Deleting directory /tmp/spark-1cc7931c-ed18-4e73-871c-de44bd223052/pyspark-060ba455-c9d0-4420-a91a-cef1a54856c2
[2026-04-29T01:44:08.942+0000] {subprocess.py:106} INFO - 26/04/29 01:44:08 INFO ShutdownHookManager: Deleting directory /tmp/spark-6f6712f2-5095-4718-9db3-3200ce5d4776
[2026-04-29T01:44:08.944+0000] {subprocess.py:106} INFO - 26/04/29 01:44:08 INFO ShutdownHookManager: Deleting directory /tmp/spark-1cc7931c-ed18-4e73-871c-de44bd223052
[2026-04-29T01:44:09.398+0000] {subprocess.py:110} INFO - Command exited with return code 0
[2026-04-29T01:44:09.552+0000] {taskinstance.py:340} INFO - ::group::Post task execution logs
[2026-04-29T01:44:09.554+0000] {taskinstance.py:352} INFO - Marking task as SUCCESS. dag_id=titanic_dag, task_id=extraction, run_id=manual__2026-04-29T01:42:06.700423+00:00, execution_date=20260429T014206, start_date=20260429T014215, end_date=20260429T014409
[2026-04-29T01:44:09.616+0000] {local_task_job_runner.py:266} INFO - Task exited with return code 0
[2026-04-29T01:44:09.678+0000] {taskinstance.py:3895} INFO - 1 downstream tasks scheduled from follow-on schedule check
[2026-04-29T01:44:09.683+0000] {local_task_job_runner.py:245} INFO - ::endgroup::
