[2026-04-16T12:58:10.699+0000] {local_task_job_runner.py:123} INFO - ::group::Pre task execution logs
[2026-04-16T12:58:10.712+0000] {taskinstance.py:2613} INFO - Dependencies all met for dep_context=non-requeueable deps ti=<TaskInstance: titanic_dag.transform manual__2026-04-16T12:58:01.188648+00:00 [queued]>
[2026-04-16T12:58:10.718+0000] {taskinstance.py:2613} INFO - Dependencies all met for dep_context=requeueable deps ti=<TaskInstance: titanic_dag.transform manual__2026-04-16T12:58:01.188648+00:00 [queued]>
[2026-04-16T12:58:10.718+0000] {taskinstance.py:2866} INFO - Starting attempt 1 of 1
[2026-04-16T12:58:10.729+0000] {taskinstance.py:2889} INFO - Executing <Task(BashOperator): transform> on 2026-04-16 12:58:01.188648+00:00
[2026-04-16T12:58:10.734+0000] {standard_task_runner.py:72} INFO - Started process 963 to run task
[2026-04-16T12:58:10.737+0000] {standard_task_runner.py:104} INFO - Running: ['***', 'tasks', 'run', 'titanic_dag', 'transform', 'manual__2026-04-16T12:58:01.188648+00:00', '--job-id', '78', '--raw', '--subdir', 'DAGS_FOLDER/titanic_dag.py', '--cfg-path', '/tmp/tmptwkb73pw']
[2026-04-16T12:58:10.739+0000] {standard_task_runner.py:105} INFO - Job 78: Subtask transform
[2026-04-16T12:58:10.791+0000] {task_command.py:467} INFO - Running <TaskInstance: titanic_dag.transform manual__2026-04-16T12:58:01.188648+00:00 [running]> on host 9fbda7c5f6bc
[2026-04-16T12:58:10.860+0000] {taskinstance.py:3132} INFO - Exporting env vars: AIRFLOW_CTX_DAG_OWNER='***' AIRFLOW_CTX_DAG_ID='titanic_dag' AIRFLOW_CTX_TASK_ID='transform' AIRFLOW_CTX_EXECUTION_DATE='2026-04-16T12:58:01.188648+00:00' AIRFLOW_CTX_TRY_NUMBER='1' AIRFLOW_CTX_DAG_RUN_ID='manual__2026-04-16T12:58:01.188648+00:00'
[2026-04-16T12:58:10.861+0000] {taskinstance.py:731} INFO - ::endgroup::
[2026-04-16T12:58:10.875+0000] {subprocess.py:78} INFO - Tmp dir root location: /tmp
[2026-04-16T12:58:10.876+0000] {subprocess.py:88} INFO - Running command: ['/usr/bin/bash', '-c', '\n        set -e\n        docker exec spark-jupyter bash -c "\n        spark-submit /home/jovyan/work/titanic_spark.py\n        "\n        ']
[2026-04-16T12:58:10.886+0000] {subprocess.py:99} INFO - Output:
[2026-04-16T12:58:12.392+0000] {subprocess.py:106} INFO - python3: can't open file '/home/jovyan/work/titanic_spark.py': [Errno 2] No such file or directory
[2026-04-16T12:58:12.402+0000] {subprocess.py:106} INFO - 26/04/16 12:58:12 INFO ShutdownHookManager: Shutdown hook called
[2026-04-16T12:58:12.404+0000] {subprocess.py:106} INFO - 26/04/16 12:58:12 INFO ShutdownHookManager: Deleting directory /tmp/spark-3243d8fe-db84-4550-a3b6-a63db943d903
[2026-04-16T12:58:12.454+0000] {subprocess.py:110} INFO - Command exited with return code 2
[2026-04-16T12:58:12.467+0000] {taskinstance.py:3311} ERROR - Task failed with exception
Traceback (most recent call last):
  File "/home/airflow/.local/lib/python3.12/site-packages/airflow/models/taskinstance.py", line 767, in _execute_task
    result = _execute_callable(context=context, **execute_callable_kwargs)
             ^^^^^^^^^^^^^^^^^^^^^^^^^^^^^^^^^^^^^^^^^^^^^^^^^^^^^^^^^^^^^
  File "/home/airflow/.local/lib/python3.12/site-packages/airflow/models/taskinstance.py", line 733, in _execute_callable
    return ExecutionCallableRunner(
           ^^^^^^^^^^^^^^^^^^^^^^^^
  File "/home/airflow/.local/lib/python3.12/site-packages/airflow/utils/operator_helpers.py", line 252, in run
    return self.func(*args, **kwargs)
           ^^^^^^^^^^^^^^^^^^^^^^^^^^
  File "/home/airflow/.local/lib/python3.12/site-packages/airflow/models/baseoperator.py", line 422, in wrapper
    return func(self, *args, **kwargs)
           ^^^^^^^^^^^^^^^^^^^^^^^^^^^
  File "/home/airflow/.local/lib/python3.12/site-packages/airflow/operators/bash.py", line 276, in execute
    raise AirflowException(
airflow.exceptions.AirflowException: Bash command failed. The command returned a non-zero exit code 2.
[2026-04-16T12:58:12.472+0000] {taskinstance.py:1225} INFO - Marking task as FAILED. dag_id=titanic_dag, task_id=transform, run_id=manual__2026-04-16T12:58:01.188648+00:00, execution_date=20260416T125801, start_date=20260416T125810, end_date=20260416T125812
[2026-04-16T12:58:12.482+0000] {taskinstance.py:340} INFO - ::group::Post task execution logs
[2026-04-16T12:58:12.482+0000] {standard_task_runner.py:124} ERROR - Failed to execute job 78 for task transform (Bash command failed. The command returned a non-zero exit code 2.; 963)
Traceback (most recent call last):
  File "/home/airflow/.local/lib/python3.12/site-packages/airflow/task/task_runner/standard_task_runner.py", line 117, in _start_by_fork
    ret = args.func(args, dag=self.dag)
          ^^^^^^^^^^^^^^^^^^^^^^^^^^^^^
  File "/home/airflow/.local/lib/python3.12/site-packages/airflow/cli/cli_config.py", line 49, in command
    return func(*args, **kwargs)
           ^^^^^^^^^^^^^^^^^^^^^
  File "/home/airflow/.local/lib/python3.12/site-packages/airflow/utils/cli.py", line 116, in wrapper
    return f(*args, **kwargs)
           ^^^^^^^^^^^^^^^^^^
  File "/home/airflow/.local/lib/python3.12/site-packages/airflow/cli/commands/task_command.py", line 483, in task_run
    task_return_code = _run_task_by_selected_method(args, _dag, ti)
                       ^^^^^^^^^^^^^^^^^^^^^^^^^^^^^^^^^^^^^^^^^^^^
  File "/home/airflow/.local/lib/python3.12/site-packages/airflow/cli/commands/task_command.py", line 256, in _run_task_by_selected_method
    return _run_raw_task(args, ti)
           ^^^^^^^^^^^^^^^^^^^^^^^
  File "/home/airflow/.local/lib/python3.12/site-packages/airflow/cli/commands/task_command.py", line 341, in _run_raw_task
    return ti._run_raw_task(
           ^^^^^^^^^^^^^^^^^
  File "/home/airflow/.local/lib/python3.12/site-packages/airflow/utils/session.py", line 97, in wrapper
    return func(*args, session=session, **kwargs)
           ^^^^^^^^^^^^^^^^^^^^^^^^^^^^^^^^^^^^^^
  File "/home/airflow/.local/lib/python3.12/site-packages/airflow/models/taskinstance.py", line 3005, in _run_raw_task
    return _run_raw_task(
           ^^^^^^^^^^^^^^
  File "/home/airflow/.local/lib/python3.12/site-packages/airflow/models/taskinstance.py", line 273, in _run_raw_task
    TaskInstance._execute_task_with_callbacks(
  File "/home/airflow/.local/lib/python3.12/site-packages/airflow/models/taskinstance.py", line 3159, in _execute_task_with_callbacks
    result = self._execute_task(context, task_orig)
             ^^^^^^^^^^^^^^^^^^^^^^^^^^^^^^^^^^^^^^
  File "/home/airflow/.local/lib/python3.12/site-packages/airflow/models/taskinstance.py", line 3183, in _execute_task
    return _execute_task(self, context, task_orig)
           ^^^^^^^^^^^^^^^^^^^^^^^^^^^^^^^^^^^^^^^
  File "/home/airflow/.local/lib/python3.12/site-packages/airflow/models/taskinstance.py", line 767, in _execute_task
    result = _execute_callable(context=context, **execute_callable_kwargs)
             ^^^^^^^^^^^^^^^^^^^^^^^^^^^^^^^^^^^^^^^^^^^^^^^^^^^^^^^^^^^^^
  File "/home/airflow/.local/lib/python3.12/site-packages/airflow/models/taskinstance.py", line 733, in _execute_callable
    return ExecutionCallableRunner(
           ^^^^^^^^^^^^^^^^^^^^^^^^
  File "/home/airflow/.local/lib/python3.12/site-packages/airflow/utils/operator_helpers.py", line 252, in run
    return self.func(*args, **kwargs)
           ^^^^^^^^^^^^^^^^^^^^^^^^^^
  File "/home/airflow/.local/lib/python3.12/site-packages/airflow/models/baseoperator.py", line 422, in wrapper
    return func(self, *args, **kwargs)
           ^^^^^^^^^^^^^^^^^^^^^^^^^^^
  File "/home/airflow/.local/lib/python3.12/site-packages/airflow/operators/bash.py", line 276, in execute
    raise AirflowException(
airflow.exceptions.AirflowException: Bash command failed. The command returned a non-zero exit code 2.
[2026-04-16T12:58:12.515+0000] {local_task_job_runner.py:266} INFO - Task exited with return code 1
[2026-04-16T12:58:12.535+0000] {taskinstance.py:3895} INFO - 0 downstream tasks scheduled from follow-on schedule check
[2026-04-16T12:58:12.537+0000] {local_task_job_runner.py:245} INFO - ::endgroup::
