[2026-04-29T14:25:16.848+0000] {local_task_job_runner.py:123} INFO - ::group::Pre task execution logs
[2026-04-29T14:25:16.880+0000] {taskinstance.py:2613} INFO - Dependencies all met for dep_context=non-requeueable deps ti=<TaskInstance: titanic_dag.extraction manual__2026-04-29T14:25:07.769618+00:00 [queued]>
[2026-04-29T14:25:16.898+0000] {taskinstance.py:2613} INFO - Dependencies all met for dep_context=requeueable deps ti=<TaskInstance: titanic_dag.extraction manual__2026-04-29T14:25:07.769618+00:00 [queued]>
[2026-04-29T14:25:16.905+0000] {taskinstance.py:2866} INFO - Starting attempt 1 of 1
[2026-04-29T14:25:16.971+0000] {taskinstance.py:2889} INFO - Executing <Task(BashOperator): extraction> on 2026-04-29 14:25:07.769618+00:00
[2026-04-29T14:25:16.990+0000] {standard_task_runner.py:72} INFO - Started process 883 to run task
[2026-04-29T14:25:17.000+0000] {standard_task_runner.py:104} INFO - Running: ['***', 'tasks', 'run', 'titanic_dag', 'extraction', 'manual__2026-04-29T14:25:07.769618+00:00', '--job-id', '192', '--raw', '--subdir', 'DAGS_FOLDER/titanic_dag.py', '--cfg-path', '/tmp/tmpty8it3qn']
[2026-04-29T14:25:17.006+0000] {standard_task_runner.py:105} INFO - Job 192: Subtask extraction
[2026-04-29T14:25:17.161+0000] {task_command.py:467} INFO - Running <TaskInstance: titanic_dag.extraction manual__2026-04-29T14:25:07.769618+00:00 [running]> on host 9fbda7c5f6bc
[2026-04-29T14:25:17.536+0000] {taskinstance.py:3132} INFO - Exporting env vars: AIRFLOW_CTX_DAG_OWNER='***' AIRFLOW_CTX_DAG_ID='titanic_dag' AIRFLOW_CTX_TASK_ID='extraction' AIRFLOW_CTX_EXECUTION_DATE='2026-04-29T14:25:07.769618+00:00' AIRFLOW_CTX_TRY_NUMBER='1' AIRFLOW_CTX_DAG_RUN_ID='manual__2026-04-29T14:25:07.769618+00:00'
[2026-04-29T14:25:17.539+0000] {taskinstance.py:731} INFO - ::endgroup::
[2026-04-29T14:25:17.595+0000] {subprocess.py:78} INFO - Tmp dir root location: /tmp
[2026-04-29T14:25:17.600+0000] {subprocess.py:88} INFO - Running command: ['/usr/bin/bash', '-c', '\n        docker exec spark-jupyter spark-submit /home/jovyan/work/Scripts/extraction.py\n        ']
[2026-04-29T14:25:17.667+0000] {subprocess.py:99} INFO - Output:
[2026-04-29T14:25:24.002+0000] {subprocess.py:106} INFO - 26/04/29 14:25:23 INFO SparkContext: Running Spark version 3.5.0
[2026-04-29T14:25:24.007+0000] {subprocess.py:106} INFO - 26/04/29 14:25:24 INFO SparkContext: OS info Linux, 6.6.87.2-microsoft-standard-WSL2, amd64
[2026-04-29T14:25:24.009+0000] {subprocess.py:106} INFO - 26/04/29 14:25:24 INFO SparkContext: Java version 17.0.8.1
[2026-04-29T14:25:24.136+0000] {subprocess.py:106} INFO - 26/04/29 14:25:24 WARN NativeCodeLoader: Unable to load native-hadoop library for your platform... using builtin-java classes where applicable
[2026-04-29T14:25:24.345+0000] {subprocess.py:106} INFO - 26/04/29 14:25:24 INFO ResourceUtils: ==============================================================
[2026-04-29T14:25:24.346+0000] {subprocess.py:106} INFO - 26/04/29 14:25:24 INFO ResourceUtils: No custom resources configured for spark.driver.
[2026-04-29T14:25:24.347+0000] {subprocess.py:106} INFO - 26/04/29 14:25:24 INFO ResourceUtils: ==============================================================
[2026-04-29T14:25:24.348+0000] {subprocess.py:106} INFO - 26/04/29 14:25:24 INFO SparkContext: Submitted application: BronzeLayerIngestion
[2026-04-29T14:25:24.394+0000] {subprocess.py:106} INFO - 26/04/29 14:25:24 INFO ResourceProfile: Default ResourceProfile created, executor resources: Map(cores -> name: cores, amount: 1, script: , vendor: , memory -> name: memory, amount: 1024, script: , vendor: , offHeap -> name: offHeap, amount: 0, script: , vendor: ), task resources: Map(cpus -> name: cpus, amount: 1.0)
[2026-04-29T14:25:24.415+0000] {subprocess.py:106} INFO - 26/04/29 14:25:24 INFO ResourceProfile: Limiting resource is cpus at 1 tasks per executor
[2026-04-29T14:25:24.420+0000] {subprocess.py:106} INFO - 26/04/29 14:25:24 INFO ResourceProfileManager: Added ResourceProfile id: 0
[2026-04-29T14:25:24.537+0000] {subprocess.py:106} INFO - 26/04/29 14:25:24 INFO SecurityManager: Changing view acls to: root
[2026-04-29T14:25:24.544+0000] {subprocess.py:106} INFO - 26/04/29 14:25:24 INFO SecurityManager: Changing modify acls to: root
[2026-04-29T14:25:24.545+0000] {subprocess.py:106} INFO - 26/04/29 14:25:24 INFO SecurityManager: Changing view acls groups to:
[2026-04-29T14:25:24.546+0000] {subprocess.py:106} INFO - 26/04/29 14:25:24 INFO SecurityManager: Changing modify acls groups to:
[2026-04-29T14:25:24.547+0000] {subprocess.py:106} INFO - 26/04/29 14:25:24 INFO SecurityManager: SecurityManager: authentication disabled; ui acls disabled; users with view permissions: root; groups with view permissions: EMPTY; users with modify permissions: root; groups with modify permissions: EMPTY
[2026-04-29T14:25:25.118+0000] {subprocess.py:106} INFO - 26/04/29 14:25:25 INFO Utils: Successfully started service 'sparkDriver' on port 41533.
[2026-04-29T14:25:25.185+0000] {subprocess.py:106} INFO - 26/04/29 14:25:25 INFO SparkEnv: Registering MapOutputTracker
[2026-04-29T14:25:25.272+0000] {subprocess.py:106} INFO - 26/04/29 14:25:25 INFO SparkEnv: Registering BlockManagerMaster
[2026-04-29T14:25:25.310+0000] {subprocess.py:106} INFO - 26/04/29 14:25:25 INFO BlockManagerMasterEndpoint: Using org.apache.spark.storage.DefaultTopologyMapper for getting topology information
[2026-04-29T14:25:25.311+0000] {subprocess.py:106} INFO - 26/04/29 14:25:25 INFO BlockManagerMasterEndpoint: BlockManagerMasterEndpoint up
[2026-04-29T14:25:25.371+0000] {subprocess.py:106} INFO - 26/04/29 14:25:25 INFO SparkEnv: Registering BlockManagerMasterHeartbeat
[2026-04-29T14:25:25.419+0000] {subprocess.py:106} INFO - 26/04/29 14:25:25 INFO DiskBlockManager: Created local directory at /tmp/blockmgr-fd49b56f-3443-4b9c-ae6f-c2a9c13d7c15
[2026-04-29T14:25:25.497+0000] {subprocess.py:106} INFO - 26/04/29 14:25:25 INFO MemoryStore: MemoryStore started with capacity 434.4 MiB
[2026-04-29T14:25:25.533+0000] {subprocess.py:106} INFO - 26/04/29 14:25:25 INFO SparkEnv: Registering OutputCommitCoordinator
[2026-04-29T14:25:25.970+0000] {subprocess.py:106} INFO - 26/04/29 14:25:25 INFO JettyUtils: Start Jetty 0.0.0.0:4040 for SparkUI
[2026-04-29T14:25:26.063+0000] {subprocess.py:106} INFO - 26/04/29 14:25:26 WARN Utils: Service 'SparkUI' could not bind on port 4040. Attempting port 4041.
[2026-04-29T14:25:26.083+0000] {subprocess.py:106} INFO - 26/04/29 14:25:26 INFO Utils: Successfully started service 'SparkUI' on port 4041.
[2026-04-29T14:25:26.444+0000] {subprocess.py:106} INFO - 26/04/29 14:25:26 INFO DefaultNoHARMFailoverProxyProvider: Connecting to ResourceManager at resourcemanager/172.30.1.24:8032
[2026-04-29T14:25:28.789+0000] {subprocess.py:106} INFO - 26/04/29 14:25:28 INFO Configuration: resource-types.xml not found
[2026-04-29T14:25:28.790+0000] {subprocess.py:106} INFO - 26/04/29 14:25:28 INFO ResourceUtils: Unable to find 'resource-types.xml'.
[2026-04-29T14:25:28.817+0000] {subprocess.py:106} INFO - 26/04/29 14:25:28 INFO Client: Verifying our application has not requested more than the maximum memory capability of the cluster (8192 MB per container)
[2026-04-29T14:25:28.818+0000] {subprocess.py:106} INFO - 26/04/29 14:25:28 INFO Client: Will allocate AM container, with 896 MB memory including 384 MB overhead
[2026-04-29T14:25:28.822+0000] {subprocess.py:106} INFO - 26/04/29 14:25:28 INFO Client: Setting up container launch context for our AM
[2026-04-29T14:25:28.823+0000] {subprocess.py:106} INFO - 26/04/29 14:25:28 INFO Client: Setting up the launch environment for our AM container
[2026-04-29T14:25:28.831+0000] {subprocess.py:106} INFO - 26/04/29 14:25:28 INFO Client: Preparing resources for our AM container
[2026-04-29T14:25:28.916+0000] {subprocess.py:106} INFO - 26/04/29 14:25:28 WARN Client: Neither spark.yarn.jars nor spark.yarn.archive is set, falling back to uploading libraries under SPARK_HOME.
[2026-04-29T14:25:47.993+0000] {subprocess.py:106} INFO - 26/04/29 14:25:47 INFO Client: Uploading resource file:/tmp/spark-3f501ba5-29b6-4ae2-8d31-d206930fc46b/__spark_libs__5319362871758870851.zip -> hdfs://hadoop-namenode:9000/user/root/.sparkStaging/application_1777471681820_0006/__spark_libs__5319362871758870851.zip
[2026-04-29T14:25:59.001+0000] {subprocess.py:106} INFO - 26/04/29 14:25:58 INFO Client: Uploading resource file:/tmp/spark-3f501ba5-29b6-4ae2-8d31-d206930fc46b/__spark_conf__6080801778872314874.zip -> hdfs://hadoop-namenode:9000/user/root/.sparkStaging/application_1777471681820_0006/__spark_conf__.zip
[2026-04-29T14:25:59.122+0000] {subprocess.py:106} INFO - 26/04/29 14:25:59 INFO SecurityManager: Changing view acls to: root
[2026-04-29T14:25:59.124+0000] {subprocess.py:106} INFO - 26/04/29 14:25:59 INFO SecurityManager: Changing modify acls to: root
[2026-04-29T14:25:59.125+0000] {subprocess.py:106} INFO - 26/04/29 14:25:59 INFO SecurityManager: Changing view acls groups to:
[2026-04-29T14:25:59.126+0000] {subprocess.py:106} INFO - 26/04/29 14:25:59 INFO SecurityManager: Changing modify acls groups to:
[2026-04-29T14:25:59.127+0000] {subprocess.py:106} INFO - 26/04/29 14:25:59 INFO SecurityManager: SecurityManager: authentication disabled; ui acls disabled; users with view permissions: root; groups with view permissions: EMPTY; users with modify permissions: root; groups with modify permissions: EMPTY
[2026-04-29T14:25:59.159+0000] {subprocess.py:106} INFO - 26/04/29 14:25:59 INFO Client: Submitting application application_1777471681820_0006 to ResourceManager
[2026-04-29T14:25:59.250+0000] {subprocess.py:106} INFO - 26/04/29 14:25:59 INFO YarnClientImpl: Submitted application application_1777471681820_0006
[2026-04-29T14:26:00.258+0000] {subprocess.py:106} INFO - 26/04/29 14:26:00 INFO Client: Application report for application_1777471681820_0006 (state: ACCEPTED)
[2026-04-29T14:26:00.264+0000] {subprocess.py:106} INFO - 26/04/29 14:26:00 INFO Client:
[2026-04-29T14:26:00.266+0000] {subprocess.py:106} INFO - 	 client token: N/A
[2026-04-29T14:26:00.267+0000] {subprocess.py:106} INFO - 	 diagnostics: AM container is launched, waiting for AM container to Register with RM
[2026-04-29T14:26:00.268+0000] {subprocess.py:106} INFO - 	 ApplicationMaster host: N/A
[2026-04-29T14:26:00.269+0000] {subprocess.py:106} INFO - 	 ApplicationMaster RPC port: -1
[2026-04-29T14:26:00.270+0000] {subprocess.py:106} INFO - 	 queue: default
[2026-04-29T14:26:00.271+0000] {subprocess.py:106} INFO - 	 start time: 1777472759200
[2026-04-29T14:26:00.272+0000] {subprocess.py:106} INFO - 	 final status: UNDEFINED
[2026-04-29T14:26:00.273+0000] {subprocess.py:106} INFO - 	 tracking URL: http://resourcemanager:8088/proxy/application_1777471681820_0006/
[2026-04-29T14:26:00.274+0000] {subprocess.py:106} INFO - 	 user: root
[2026-04-29T14:26:26.480+0000] {subprocess.py:106} INFO - 26/04/29 14:26:26 INFO YarnClientSchedulerBackend: Add WebUI Filter. org.apache.hadoop.yarn.server.webproxy.amfilter.AmIpFilter, Map(PROXY_HOSTS -> resourcemanager, PROXY_URI_BASES -> http://resourcemanager:8088/proxy/application_1777471681820_0006), /proxy/application_1777471681820_0006
[2026-04-29T14:26:26.529+0000] {subprocess.py:106} INFO - 26/04/29 14:26:26 INFO Client: Application report for application_1777471681820_0006 (state: RUNNING)
[2026-04-29T14:26:26.530+0000] {subprocess.py:106} INFO - 26/04/29 14:26:26 INFO Client:
[2026-04-29T14:26:26.531+0000] {subprocess.py:106} INFO - 	 client token: N/A
[2026-04-29T14:26:26.532+0000] {subprocess.py:106} INFO - 	 diagnostics: N/A
[2026-04-29T14:26:26.533+0000] {subprocess.py:106} INFO - 	 ApplicationMaster host: 172.30.1.25
[2026-04-29T14:26:26.534+0000] {subprocess.py:106} INFO - 	 ApplicationMaster RPC port: -1
[2026-04-29T14:26:26.535+0000] {subprocess.py:106} INFO - 	 queue: default
[2026-04-29T14:26:26.536+0000] {subprocess.py:106} INFO - 	 start time: 1777472759200
[2026-04-29T14:26:26.537+0000] {subprocess.py:106} INFO - 	 final status: UNDEFINED
[2026-04-29T14:26:26.540+0000] {subprocess.py:106} INFO - 	 tracking URL: http://resourcemanager:8088/proxy/application_1777471681820_0006/
[2026-04-29T14:26:26.544+0000] {subprocess.py:106} INFO - 	 user: root
[2026-04-29T14:26:26.545+0000] {subprocess.py:106} INFO - 26/04/29 14:26:26 INFO YarnClientSchedulerBackend: Application application_1777471681820_0006 has started running.
[2026-04-29T14:26:26.559+0000] {subprocess.py:106} INFO - 26/04/29 14:26:26 INFO Utils: Successfully started service 'org.apache.spark.network.netty.NettyBlockTransferService' on port 38743.
[2026-04-29T14:26:26.561+0000] {subprocess.py:106} INFO - 26/04/29 14:26:26 INFO NettyBlockTransferService: Server created on 172.30.1.13 0.0.0.0:38743
[2026-04-29T14:26:26.566+0000] {subprocess.py:106} INFO - 26/04/29 14:26:26 INFO BlockManager: Using org.apache.spark.storage.RandomBlockReplicationPolicy for block replication policy
[2026-04-29T14:26:26.590+0000] {subprocess.py:106} INFO - 26/04/29 14:26:26 INFO BlockManagerMaster: Registering BlockManager BlockManagerId(driver, 172.30.1.13, 38743, None)
[2026-04-29T14:26:26.599+0000] {subprocess.py:106} INFO - 26/04/29 14:26:26 INFO BlockManagerMasterEndpoint: Registering block manager 172.30.1.13:38743 with 434.4 MiB RAM, BlockManagerId(driver, 172.30.1.13, 38743, None)
[2026-04-29T14:26:26.606+0000] {subprocess.py:106} INFO - 26/04/29 14:26:26 INFO BlockManagerMaster: Registered BlockManager BlockManagerId(driver, 172.30.1.13, 38743, None)
[2026-04-29T14:26:26.610+0000] {subprocess.py:106} INFO - 26/04/29 14:26:26 INFO BlockManager: Initialized BlockManager: BlockManagerId(driver, 172.30.1.13, 38743, None)
[2026-04-29T14:26:29.616+0000] {subprocess.py:106} INFO - 26/04/29 14:26:29 INFO YarnSchedulerBackend$YarnSchedulerEndpoint: ApplicationMaster registered as NettyRpcEndpointRef(spark-client://YarnAM)
[2026-04-29T14:26:29.935+0000] {subprocess.py:106} INFO - 26/04/29 14:26:29 INFO ServerInfo: Adding filter to /jobs: org.apache.hadoop.yarn.server.webproxy.amfilter.AmIpFilter
[2026-04-29T14:26:29.961+0000] {subprocess.py:106} INFO - 26/04/29 14:26:29 INFO ServerInfo: Adding filter to /jobs/json: org.apache.hadoop.yarn.server.webproxy.amfilter.AmIpFilter
[2026-04-29T14:26:29.967+0000] {subprocess.py:106} INFO - 26/04/29 14:26:29 INFO ServerInfo: Adding filter to /jobs/job: org.apache.hadoop.yarn.server.webproxy.amfilter.AmIpFilter
[2026-04-29T14:26:29.975+0000] {subprocess.py:106} INFO - 26/04/29 14:26:29 INFO ServerInfo: Adding filter to /jobs/job/json: org.apache.hadoop.yarn.server.webproxy.amfilter.AmIpFilter
[2026-04-29T14:26:29.979+0000] {subprocess.py:106} INFO - 26/04/29 14:26:29 INFO ServerInfo: Adding filter to /stages: org.apache.hadoop.yarn.server.webproxy.amfilter.AmIpFilter
[2026-04-29T14:26:29.980+0000] {subprocess.py:106} INFO - 26/04/29 14:26:29 INFO ServerInfo: Adding filter to /stages/json: org.apache.hadoop.yarn.server.webproxy.amfilter.AmIpFilter
[2026-04-29T14:26:29.983+0000] {subprocess.py:106} INFO - 26/04/29 14:26:29 INFO ServerInfo: Adding filter to /stages/stage: org.apache.hadoop.yarn.server.webproxy.amfilter.AmIpFilter
[2026-04-29T14:26:29.989+0000] {subprocess.py:106} INFO - 26/04/29 14:26:29 INFO ServerInfo: Adding filter to /stages/stage/json: org.apache.hadoop.yarn.server.webproxy.amfilter.AmIpFilter
[2026-04-29T14:26:29.995+0000] {subprocess.py:106} INFO - 26/04/29 14:26:29 INFO ServerInfo: Adding filter to /stages/pool: org.apache.hadoop.yarn.server.webproxy.amfilter.AmIpFilter
[2026-04-29T14:26:29.999+0000] {subprocess.py:106} INFO - 26/04/29 14:26:29 INFO ServerInfo: Adding filter to /stages/pool/json: org.apache.hadoop.yarn.server.webproxy.amfilter.AmIpFilter
[2026-04-29T14:26:30.006+0000] {subprocess.py:106} INFO - 26/04/29 14:26:30 INFO ServerInfo: Adding filter to /storage: org.apache.hadoop.yarn.server.webproxy.amfilter.AmIpFilter
[2026-04-29T14:26:30.008+0000] {subprocess.py:106} INFO - 26/04/29 14:26:30 INFO ServerInfo: Adding filter to /storage/json: org.apache.hadoop.yarn.server.webproxy.amfilter.AmIpFilter
[2026-04-29T14:26:30.012+0000] {subprocess.py:106} INFO - 26/04/29 14:26:30 INFO ServerInfo: Adding filter to /storage/rdd: org.apache.hadoop.yarn.server.webproxy.amfilter.AmIpFilter
[2026-04-29T14:26:30.016+0000] {subprocess.py:106} INFO - 26/04/29 14:26:30 INFO ServerInfo: Adding filter to /storage/rdd/json: org.apache.hadoop.yarn.server.webproxy.amfilter.AmIpFilter
[2026-04-29T14:26:30.024+0000] {subprocess.py:106} INFO - 26/04/29 14:26:30 INFO ServerInfo: Adding filter to /environment: org.apache.hadoop.yarn.server.webproxy.amfilter.AmIpFilter
[2026-04-29T14:26:30.029+0000] {subprocess.py:106} INFO - 26/04/29 14:26:30 INFO ServerInfo: Adding filter to /environment/json: org.apache.hadoop.yarn.server.webproxy.amfilter.AmIpFilter
[2026-04-29T14:26:30.033+0000] {subprocess.py:106} INFO - 26/04/29 14:26:30 INFO ServerInfo: Adding filter to /executors: org.apache.hadoop.yarn.server.webproxy.amfilter.AmIpFilter
[2026-04-29T14:26:30.037+0000] {subprocess.py:106} INFO - 26/04/29 14:26:30 INFO ServerInfo: Adding filter to /executors/json: org.apache.hadoop.yarn.server.webproxy.amfilter.AmIpFilter
[2026-04-29T14:26:30.045+0000] {subprocess.py:106} INFO - 26/04/29 14:26:30 INFO ServerInfo: Adding filter to /executors/threadDump: org.apache.hadoop.yarn.server.webproxy.amfilter.AmIpFilter
[2026-04-29T14:26:30.047+0000] {subprocess.py:106} INFO - 26/04/29 14:26:30 INFO ServerInfo: Adding filter to /executors/threadDump/json: org.apache.hadoop.yarn.server.webproxy.amfilter.AmIpFilter
[2026-04-29T14:26:30.052+0000] {subprocess.py:106} INFO - 26/04/29 14:26:30 INFO ServerInfo: Adding filter to /executors/heapHistogram: org.apache.hadoop.yarn.server.webproxy.amfilter.AmIpFilter
[2026-04-29T14:26:30.053+0000] {subprocess.py:106} INFO - 26/04/29 14:26:30 INFO ServerInfo: Adding filter to /executors/heapHistogram/json: org.apache.hadoop.yarn.server.webproxy.amfilter.AmIpFilter
[2026-04-29T14:26:30.058+0000] {subprocess.py:106} INFO - 26/04/29 14:26:30 INFO ServerInfo: Adding filter to /static: org.apache.hadoop.yarn.server.webproxy.amfilter.AmIpFilter
[2026-04-29T14:26:30.168+0000] {subprocess.py:106} INFO - 26/04/29 14:26:30 INFO ServerInfo: Adding filter to /: org.apache.hadoop.yarn.server.webproxy.amfilter.AmIpFilter
[2026-04-29T14:26:30.172+0000] {subprocess.py:106} INFO - 26/04/29 14:26:30 INFO ServerInfo: Adding filter to /api: org.apache.hadoop.yarn.server.webproxy.amfilter.AmIpFilter
[2026-04-29T14:26:30.228+0000] {subprocess.py:106} INFO - 26/04/29 14:26:30 INFO ServerInfo: Adding filter to /jobs/job/kill: org.apache.hadoop.yarn.server.webproxy.amfilter.AmIpFilter
[2026-04-29T14:26:30.232+0000] {subprocess.py:106} INFO - 26/04/29 14:26:30 INFO ServerInfo: Adding filter to /stages/stage/kill: org.apache.hadoop.yarn.server.webproxy.amfilter.AmIpFilter
[2026-04-29T14:26:30.247+0000] {subprocess.py:106} INFO - 26/04/29 14:26:30 INFO ServerInfo: Adding filter to /metrics/json: org.apache.hadoop.yarn.server.webproxy.amfilter.AmIpFilter
[2026-04-29T14:26:30.251+0000] {subprocess.py:106} INFO - 26/04/29 14:26:30 INFO YarnClientSchedulerBackend: SchedulerBackend is ready for scheduling beginning after waiting maxRegisteredResourcesWaitingTime: 30000000000(ns)
[2026-04-29T14:26:31.080+0000] {subprocess.py:106} INFO - Spark Connected
[2026-04-29T14:26:31.109+0000] {subprocess.py:106} INFO - 26/04/29 14:26:31 INFO SharedState: Setting hive.metastore.warehouse.dir ('null') to the value of spark.sql.warehouse.dir.
[2026-04-29T14:26:31.114+0000] {subprocess.py:106} INFO - 26/04/29 14:26:31 INFO SharedState: Warehouse path is 'file:/home/jovyan/spark-warehouse'.
[2026-04-29T14:26:31.145+0000] {subprocess.py:106} INFO - 26/04/29 14:26:31 INFO ServerInfo: Adding filter to /SQL: org.apache.hadoop.yarn.server.webproxy.amfilter.AmIpFilter
[2026-04-29T14:26:31.150+0000] {subprocess.py:106} INFO - 26/04/29 14:26:31 INFO ServerInfo: Adding filter to /SQL/json: org.apache.hadoop.yarn.server.webproxy.amfilter.AmIpFilter
[2026-04-29T14:26:31.154+0000] {subprocess.py:106} INFO - 26/04/29 14:26:31 INFO ServerInfo: Adding filter to /SQL/execution: org.apache.hadoop.yarn.server.webproxy.amfilter.AmIpFilter
[2026-04-29T14:26:31.158+0000] {subprocess.py:106} INFO - 26/04/29 14:26:31 INFO ServerInfo: Adding filter to /SQL/execution/json: org.apache.hadoop.yarn.server.webproxy.amfilter.AmIpFilter
[2026-04-29T14:26:31.164+0000] {subprocess.py:106} INFO - 26/04/29 14:26:31 INFO ServerInfo: Adding filter to /static/sql: org.apache.hadoop.yarn.server.webproxy.amfilter.AmIpFilter
[2026-04-29T14:26:51.441+0000] {subprocess.py:106} INFO - 26/04/29 14:26:51 INFO InMemoryFileIndex: It took 3986 ms to list leaf files for 1 paths.
[2026-04-29T14:26:52.331+0000] {subprocess.py:106} INFO - 26/04/29 14:26:52 INFO HadoopFSUtils: Listing leaf files and directories in parallel under 90 paths. The first several paths are: file:/home/jovyan/work/data/raw_events/event_20260428_223151_213561.json, file:/home/jovyan/work/data/raw_events/event_20260428_223154_236371.json, file:/home/jovyan/work/data/raw_events/event_20260428_223157_254374.json, file:/home/jovyan/work/data/raw_events/event_20260428_223200_270923.json, file:/home/jovyan/work/data/raw_events/event_20260428_223200_982218.json, file:/home/jovyan/work/data/raw_events/event_20260428_223204_000493.json, file:/home/jovyan/work/data/raw_events/event_20260428_223207_020858.json, file:/home/jovyan/work/data/raw_events/event_20260428_223210_039646.json, file:/home/jovyan/work/data/raw_events/event_20260428_223213_055249.json, file:/home/jovyan/work/data/raw_events/event_20260428_223216_074974.json.
[2026-04-29T14:26:55.106+0000] {subprocess.py:106} INFO - 26/04/29 14:26:55 INFO SparkContext: Starting job: json at NativeMethodAccessorImpl.java:0
[2026-04-29T14:26:55.177+0000] {subprocess.py:106} INFO - 26/04/29 14:26:55 INFO DAGScheduler: Got job 0 (json at NativeMethodAccessorImpl.java:0) with 90 output partitions
[2026-04-29T14:26:55.185+0000] {subprocess.py:106} INFO - 26/04/29 14:26:55 INFO DAGScheduler: Final stage: ResultStage 0 (json at NativeMethodAccessorImpl.java:0)
[2026-04-29T14:26:55.186+0000] {subprocess.py:106} INFO - 26/04/29 14:26:55 INFO DAGScheduler: Parents of final stage: List()
[2026-04-29T14:26:55.187+0000] {subprocess.py:106} INFO - 26/04/29 14:26:55 INFO DAGScheduler: Missing parents: List()
[2026-04-29T14:26:55.204+0000] {subprocess.py:106} INFO - 26/04/29 14:26:55 INFO DAGScheduler: Submitting ResultStage 0 (MapPartitionsRDD[1] at json at NativeMethodAccessorImpl.java:0), which has no missing parents
[2026-04-29T14:26:55.423+0000] {subprocess.py:106} INFO - 26/04/29 14:26:55 INFO MemoryStore: Block broadcast_0 stored as values in memory (estimated size 103.6 KiB, free 434.3 MiB)
[2026-04-29T14:26:55.505+0000] {subprocess.py:106} INFO - 26/04/29 14:26:55 INFO MemoryStore: Block broadcast_0_piece0 stored as bytes in memory (estimated size 37.4 KiB, free 434.3 MiB)
[2026-04-29T14:26:55.512+0000] {subprocess.py:106} INFO - 26/04/29 14:26:55 INFO BlockManagerInfo: Added broadcast_0_piece0 in memory on 172.30.1.13:38743 (size: 37.4 KiB, free: 434.4 MiB)
[2026-04-29T14:26:55.524+0000] {subprocess.py:106} INFO - 26/04/29 14:26:55 INFO SparkContext: Created broadcast 0 from broadcast at DAGScheduler.scala:1580
[2026-04-29T14:26:55.581+0000] {subprocess.py:106} INFO - 26/04/29 14:26:55 INFO DAGScheduler: Submitting 90 missing tasks from ResultStage 0 (MapPartitionsRDD[1] at json at NativeMethodAccessorImpl.java:0) (first 15 tasks are for partitions Vector(0, 1, 2, 3, 4, 5, 6, 7, 8, 9, 10, 11, 12, 13, 14))
[2026-04-29T14:26:55.582+0000] {subprocess.py:106} INFO - 26/04/29 14:26:55 INFO YarnScheduler: Adding task set 0.0 with 90 tasks resource profile 0
[2026-04-29T14:26:56.744+0000] {subprocess.py:106} INFO - 26/04/29 14:26:56 INFO YarnSchedulerBackend$YarnDriverEndpoint: Registered executor NettyRpcEndpointRef(spark-client://Executor) (172.30.1.25:60792) with ID 1,  ResourceProfileId 0
[2026-04-29T14:26:57.057+0000] {subprocess.py:106} INFO - 26/04/29 14:26:57 INFO BlockManagerMasterEndpoint: Registering block manager 1175ad6b07ce:44835 with 366.3 MiB RAM, BlockManagerId(1, 1175ad6b07ce, 44835, None)
[2026-04-29T14:26:57.250+0000] {subprocess.py:106} INFO - 26/04/29 14:26:57 INFO TaskSetManager: Starting task 0.0 in stage 0.0 (TID 0) (1175ad6b07ce, executor 1, partition 0, PROCESS_LOCAL, 7815 bytes)
[2026-04-29T14:26:58.093+0000] {subprocess.py:106} INFO - 26/04/29 14:26:58 INFO BlockManagerInfo: Added broadcast_0_piece0 in memory on 1175ad6b07ce:44835 (size: 37.4 KiB, free: 366.3 MiB)
[2026-04-29T14:26:59.736+0000] {subprocess.py:106} INFO - 26/04/29 14:26:59 INFO TaskSetManager: Starting task 1.0 in stage 0.0 (TID 1) (1175ad6b07ce, executor 1, partition 1, PROCESS_LOCAL, 7815 bytes)
[2026-04-29T14:26:59.765+0000] {subprocess.py:106} INFO - 26/04/29 14:26:59 INFO TaskSetManager: Finished task 0.0 in stage 0.0 (TID 0) in 2589 ms on 1175ad6b07ce (executor 1) (1/90)
[2026-04-29T14:26:59.903+0000] {subprocess.py:106} INFO - 26/04/29 14:26:59 INFO TaskSetManager: Starting task 2.0 in stage 0.0 (TID 2) (1175ad6b07ce, executor 1, partition 2, PROCESS_LOCAL, 7815 bytes)
[2026-04-29T14:26:59.904+0000] {subprocess.py:106} INFO - 26/04/29 14:26:59 INFO TaskSetManager: Finished task 1.0 in stage 0.0 (TID 1) in 173 ms on 1175ad6b07ce (executor 1) (2/90)
[2026-04-29T14:27:00.009+0000] {subprocess.py:106} INFO - 26/04/29 14:27:00 INFO TaskSetManager: Starting task 3.0 in stage 0.0 (TID 3) (1175ad6b07ce, executor 1, partition 3, PROCESS_LOCAL, 7815 bytes)
[2026-04-29T14:27:00.020+0000] {subprocess.py:106} INFO - 26/04/29 14:27:00 INFO TaskSetManager: Finished task 2.0 in stage 0.0 (TID 2) in 118 ms on 1175ad6b07ce (executor 1) (3/90)
[2026-04-29T14:27:00.187+0000] {subprocess.py:106} INFO - 26/04/29 14:27:00 INFO TaskSetManager: Starting task 4.0 in stage 0.0 (TID 4) (1175ad6b07ce, executor 1, partition 4, PROCESS_LOCAL, 7815 bytes)
[2026-04-29T14:27:00.190+0000] {subprocess.py:106} INFO - 26/04/29 14:27:00 INFO TaskSetManager: Finished task 3.0 in stage 0.0 (TID 3) in 184 ms on 1175ad6b07ce (executor 1) (4/90)
[2026-04-29T14:27:00.356+0000] {subprocess.py:106} INFO - 26/04/29 14:27:00 INFO TaskSetManager: Starting task 5.0 in stage 0.0 (TID 5) (1175ad6b07ce, executor 1, partition 5, PROCESS_LOCAL, 7815 bytes)
[2026-04-29T14:27:00.367+0000] {subprocess.py:106} INFO - 26/04/29 14:27:00 INFO TaskSetManager: Finished task 4.0 in stage 0.0 (TID 4) in 185 ms on 1175ad6b07ce (executor 1) (5/90)
[2026-04-29T14:27:00.504+0000] {subprocess.py:106} INFO - 26/04/29 14:27:00 INFO TaskSetManager: Starting task 6.0 in stage 0.0 (TID 6) (1175ad6b07ce, executor 1, partition 6, PROCESS_LOCAL, 7815 bytes)
[2026-04-29T14:27:00.513+0000] {subprocess.py:106} INFO - 26/04/29 14:27:00 INFO TaskSetManager: Finished task 5.0 in stage 0.0 (TID 5) in 160 ms on 1175ad6b07ce (executor 1) (6/90)
[2026-04-29T14:27:00.606+0000] {subprocess.py:106} INFO - 26/04/29 14:27:00 INFO TaskSetManager: Starting task 7.0 in stage 0.0 (TID 7) (1175ad6b07ce, executor 1, partition 7, PROCESS_LOCAL, 7815 bytes)
[2026-04-29T14:27:00.611+0000] {subprocess.py:106} INFO - 26/04/29 14:27:00 INFO TaskSetManager: Finished task 6.0 in stage 0.0 (TID 6) in 105 ms on 1175ad6b07ce (executor 1) (7/90)
[2026-04-29T14:27:00.701+0000] {subprocess.py:106} INFO - 26/04/29 14:27:00 INFO TaskSetManager: Starting task 8.0 in stage 0.0 (TID 8) (1175ad6b07ce, executor 1, partition 8, PROCESS_LOCAL, 7815 bytes)
[2026-04-29T14:27:00.708+0000] {subprocess.py:106} INFO - 26/04/29 14:27:00 INFO TaskSetManager: Finished task 7.0 in stage 0.0 (TID 7) in 101 ms on 1175ad6b07ce (executor 1) (8/90)
[2026-04-29T14:27:00.768+0000] {subprocess.py:106} INFO - 26/04/29 14:27:00 INFO TaskSetManager: Starting task 9.0 in stage 0.0 (TID 9) (1175ad6b07ce, executor 1, partition 9, PROCESS_LOCAL, 7815 bytes)
[2026-04-29T14:27:00.774+0000] {subprocess.py:106} INFO - 26/04/29 14:27:00 INFO TaskSetManager: Finished task 8.0 in stage 0.0 (TID 8) in 75 ms on 1175ad6b07ce (executor 1) (9/90)
[2026-04-29T14:27:00.828+0000] {subprocess.py:106} INFO - 26/04/29 14:27:00 INFO TaskSetManager: Starting task 10.0 in stage 0.0 (TID 10) (1175ad6b07ce, executor 1, partition 10, PROCESS_LOCAL, 7815 bytes)
[2026-04-29T14:27:00.832+0000] {subprocess.py:106} INFO - 26/04/29 14:27:00 INFO TaskSetManager: Finished task 9.0 in stage 0.0 (TID 9) in 64 ms on 1175ad6b07ce (executor 1) (10/90)
[2026-04-29T14:27:00.893+0000] {subprocess.py:106} INFO - 26/04/29 14:27:00 INFO TaskSetManager: Starting task 11.0 in stage 0.0 (TID 11) (1175ad6b07ce, executor 1, partition 11, PROCESS_LOCAL, 7815 bytes)
[2026-04-29T14:27:00.894+0000] {subprocess.py:106} INFO - 26/04/29 14:27:00 INFO TaskSetManager: Finished task 10.0 in stage 0.0 (TID 10) in 64 ms on 1175ad6b07ce (executor 1) (11/90)
[2026-04-29T14:27:00.943+0000] {subprocess.py:106} INFO - 26/04/29 14:27:00 INFO TaskSetManager: Starting task 12.0 in stage 0.0 (TID 12) (1175ad6b07ce, executor 1, partition 12, PROCESS_LOCAL, 7815 bytes)
[2026-04-29T14:27:00.947+0000] {subprocess.py:106} INFO - 26/04/29 14:27:00 INFO TaskSetManager: Finished task 11.0 in stage 0.0 (TID 11) in 59 ms on 1175ad6b07ce (executor 1) (12/90)
[2026-04-29T14:27:01.033+0000] {subprocess.py:106} INFO - 26/04/29 14:27:01 INFO TaskSetManager: Starting task 13.0 in stage 0.0 (TID 13) (1175ad6b07ce, executor 1, partition 13, PROCESS_LOCAL, 7815 bytes)
[2026-04-29T14:27:01.041+0000] {subprocess.py:106} INFO - 26/04/29 14:27:01 INFO TaskSetManager: Finished task 12.0 in stage 0.0 (TID 12) in 96 ms on 1175ad6b07ce (executor 1) (13/90)
[2026-04-29T14:27:01.118+0000] {subprocess.py:106} INFO - 26/04/29 14:27:01 INFO TaskSetManager: Starting task 14.0 in stage 0.0 (TID 14) (1175ad6b07ce, executor 1, partition 14, PROCESS_LOCAL, 7815 bytes)
[2026-04-29T14:27:01.125+0000] {subprocess.py:106} INFO - 26/04/29 14:27:01 INFO TaskSetManager: Finished task 13.0 in stage 0.0 (TID 13) in 88 ms on 1175ad6b07ce (executor 1) (14/90)
[2026-04-29T14:27:01.183+0000] {subprocess.py:106} INFO - 26/04/29 14:27:01 INFO TaskSetManager: Starting task 15.0 in stage 0.0 (TID 15) (1175ad6b07ce, executor 1, partition 15, PROCESS_LOCAL, 7815 bytes)
[2026-04-29T14:27:01.187+0000] {subprocess.py:106} INFO - 26/04/29 14:27:01 INFO TaskSetManager: Finished task 14.0 in stage 0.0 (TID 14) in 69 ms on 1175ad6b07ce (executor 1) (15/90)
[2026-04-29T14:27:01.260+0000] {subprocess.py:106} INFO - 26/04/29 14:27:01 INFO TaskSetManager: Starting task 16.0 in stage 0.0 (TID 16) (1175ad6b07ce, executor 1, partition 16, PROCESS_LOCAL, 7815 bytes)
[2026-04-29T14:27:01.263+0000] {subprocess.py:106} INFO - 26/04/29 14:27:01 INFO TaskSetManager: Finished task 15.0 in stage 0.0 (TID 15) in 83 ms on 1175ad6b07ce (executor 1) (16/90)
[2026-04-29T14:27:01.332+0000] {subprocess.py:106} INFO - 26/04/29 14:27:01 INFO TaskSetManager: Starting task 17.0 in stage 0.0 (TID 17) (1175ad6b07ce, executor 1, partition 17, PROCESS_LOCAL, 7815 bytes)
[2026-04-29T14:27:01.334+0000] {subprocess.py:106} INFO - 26/04/29 14:27:01 INFO TaskSetManager: Finished task 16.0 in stage 0.0 (TID 16) in 70 ms on 1175ad6b07ce (executor 1) (17/90)
[2026-04-29T14:27:01.402+0000] {subprocess.py:106} INFO - 26/04/29 14:27:01 INFO TaskSetManager: Starting task 18.0 in stage 0.0 (TID 18) (1175ad6b07ce, executor 1, partition 18, PROCESS_LOCAL, 7815 bytes)
[2026-04-29T14:27:01.404+0000] {subprocess.py:106} INFO - 26/04/29 14:27:01 INFO TaskSetManager: Finished task 17.0 in stage 0.0 (TID 17) in 76 ms on 1175ad6b07ce (executor 1) (18/90)
[2026-04-29T14:27:01.478+0000] {subprocess.py:106} INFO - 26/04/29 14:27:01 INFO TaskSetManager: Starting task 19.0 in stage 0.0 (TID 19) (1175ad6b07ce, executor 1, partition 19, PROCESS_LOCAL, 7815 bytes)
[2026-04-29T14:27:01.482+0000] {subprocess.py:106} INFO - 26/04/29 14:27:01 INFO TaskSetManager: Finished task 18.0 in stage 0.0 (TID 18) in 84 ms on 1175ad6b07ce (executor 1) (19/90)
[2026-04-29T14:27:01.538+0000] {subprocess.py:106} INFO - 26/04/29 14:27:01 INFO TaskSetManager: Starting task 20.0 in stage 0.0 (TID 20) (1175ad6b07ce, executor 1, partition 20, PROCESS_LOCAL, 7815 bytes)
[2026-04-29T14:27:01.541+0000] {subprocess.py:106} INFO - 26/04/29 14:27:01 INFO TaskSetManager: Finished task 19.0 in stage 0.0 (TID 19) in 65 ms on 1175ad6b07ce (executor 1) (20/90)
[2026-04-29T14:27:01.600+0000] {subprocess.py:106} INFO - 26/04/29 14:27:01 INFO TaskSetManager: Starting task 21.0 in stage 0.0 (TID 21) (1175ad6b07ce, executor 1, partition 21, PROCESS_LOCAL, 7815 bytes)
[2026-04-29T14:27:01.602+0000] {subprocess.py:106} INFO - 26/04/29 14:27:01 INFO TaskSetManager: Finished task 20.0 in stage 0.0 (TID 20) in 65 ms on 1175ad6b07ce (executor 1) (21/90)
[2026-04-29T14:27:01.704+0000] {subprocess.py:106} INFO - 26/04/29 14:27:01 INFO TaskSetManager: Starting task 22.0 in stage 0.0 (TID 22) (1175ad6b07ce, executor 1, partition 22, PROCESS_LOCAL, 7815 bytes)
[2026-04-29T14:27:01.715+0000] {subprocess.py:106} INFO - 26/04/29 14:27:01 INFO TaskSetManager: Finished task 21.0 in stage 0.0 (TID 21) in 108 ms on 1175ad6b07ce (executor 1) (22/90)
[2026-04-29T14:27:01.764+0000] {subprocess.py:106} INFO - 26/04/29 14:27:01 INFO TaskSetManager: Starting task 23.0 in stage 0.0 (TID 23) (1175ad6b07ce, executor 1, partition 23, PROCESS_LOCAL, 7815 bytes)
[2026-04-29T14:27:01.767+0000] {subprocess.py:106} INFO - 26/04/29 14:27:01 INFO TaskSetManager: Finished task 22.0 in stage 0.0 (TID 22) in 64 ms on 1175ad6b07ce (executor 1) (23/90)
[2026-04-29T14:27:01.836+0000] {subprocess.py:106} INFO - 26/04/29 14:27:01 INFO TaskSetManager: Starting task 24.0 in stage 0.0 (TID 24) (1175ad6b07ce, executor 1, partition 24, PROCESS_LOCAL, 7815 bytes)
[2026-04-29T14:27:01.837+0000] {subprocess.py:106} INFO - 26/04/29 14:27:01 INFO TaskSetManager: Finished task 23.0 in stage 0.0 (TID 23) in 71 ms on 1175ad6b07ce (executor 1) (24/90)
[2026-04-29T14:27:01.883+0000] {subprocess.py:106} INFO - 26/04/29 14:27:01 INFO TaskSetManager: Starting task 25.0 in stage 0.0 (TID 25) (1175ad6b07ce, executor 1, partition 25, PROCESS_LOCAL, 7815 bytes)
[2026-04-29T14:27:01.885+0000] {subprocess.py:106} INFO - 26/04/29 14:27:01 INFO TaskSetManager: Finished task 24.0 in stage 0.0 (TID 24) in 57 ms on 1175ad6b07ce (executor 1) (25/90)
[2026-04-29T14:27:01.938+0000] {subprocess.py:106} INFO - 26/04/29 14:27:01 INFO TaskSetManager: Starting task 26.0 in stage 0.0 (TID 26) (1175ad6b07ce, executor 1, partition 26, PROCESS_LOCAL, 7815 bytes)
[2026-04-29T14:27:01.942+0000] {subprocess.py:106} INFO - 26/04/29 14:27:01 INFO TaskSetManager: Finished task 25.0 in stage 0.0 (TID 25) in 60 ms on 1175ad6b07ce (executor 1) (26/90)
[2026-04-29T14:27:02.002+0000] {subprocess.py:106} INFO - 26/04/29 14:27:01 INFO TaskSetManager: Starting task 27.0 in stage 0.0 (TID 27) (1175ad6b07ce, executor 1, partition 27, PROCESS_LOCAL, 7815 bytes)
[2026-04-29T14:27:02.010+0000] {subprocess.py:106} INFO - 26/04/29 14:27:02 INFO TaskSetManager: Finished task 26.0 in stage 0.0 (TID 26) in 71 ms on 1175ad6b07ce (executor 1) (27/90)
[2026-04-29T14:27:02.086+0000] {subprocess.py:106} INFO - 26/04/29 14:27:02 INFO TaskSetManager: Starting task 28.0 in stage 0.0 (TID 28) (1175ad6b07ce, executor 1, partition 28, PROCESS_LOCAL, 7815 bytes)
[2026-04-29T14:27:02.091+0000] {subprocess.py:106} INFO - 26/04/29 14:27:02 INFO TaskSetManager: Finished task 27.0 in stage 0.0 (TID 27) in 90 ms on 1175ad6b07ce (executor 1) (28/90)
[2026-04-29T14:27:02.166+0000] {subprocess.py:106} INFO - 26/04/29 14:27:02 INFO TaskSetManager: Starting task 29.0 in stage 0.0 (TID 29) (1175ad6b07ce, executor 1, partition 29, PROCESS_LOCAL, 7815 bytes)
[2026-04-29T14:27:02.168+0000] {subprocess.py:106} INFO - 26/04/29 14:27:02 INFO TaskSetManager: Finished task 28.0 in stage 0.0 (TID 28) in 81 ms on 1175ad6b07ce (executor 1) (29/90)
[2026-04-29T14:27:02.229+0000] {subprocess.py:106} INFO - 26/04/29 14:27:02 INFO TaskSetManager: Starting task 30.0 in stage 0.0 (TID 30) (1175ad6b07ce, executor 1, partition 30, PROCESS_LOCAL, 7815 bytes)
[2026-04-29T14:27:02.231+0000] {subprocess.py:106} INFO - 26/04/29 14:27:02 INFO TaskSetManager: Finished task 29.0 in stage 0.0 (TID 29) in 67 ms on 1175ad6b07ce (executor 1) (30/90)
[2026-04-29T14:27:02.290+0000] {subprocess.py:106} INFO - 26/04/29 14:27:02 INFO TaskSetManager: Starting task 31.0 in stage 0.0 (TID 31) (1175ad6b07ce, executor 1, partition 31, PROCESS_LOCAL, 7815 bytes)
[2026-04-29T14:27:02.292+0000] {subprocess.py:106} INFO - 26/04/29 14:27:02 INFO TaskSetManager: Finished task 30.0 in stage 0.0 (TID 30) in 66 ms on 1175ad6b07ce (executor 1) (31/90)
[2026-04-29T14:27:02.351+0000] {subprocess.py:106} INFO - 26/04/29 14:27:02 INFO TaskSetManager: Starting task 32.0 in stage 0.0 (TID 32) (1175ad6b07ce, executor 1, partition 32, PROCESS_LOCAL, 7815 bytes)
[2026-04-29T14:27:02.353+0000] {subprocess.py:106} INFO - 26/04/29 14:27:02 INFO TaskSetManager: Finished task 31.0 in stage 0.0 (TID 31) in 64 ms on 1175ad6b07ce (executor 1) (32/90)
[2026-04-29T14:27:02.422+0000] {subprocess.py:106} INFO - 26/04/29 14:27:02 INFO TaskSetManager: Starting task 33.0 in stage 0.0 (TID 33) (1175ad6b07ce, executor 1, partition 33, PROCESS_LOCAL, 7815 bytes)
[2026-04-29T14:27:02.426+0000] {subprocess.py:106} INFO - 26/04/29 14:27:02 INFO TaskSetManager: Finished task 32.0 in stage 0.0 (TID 32) in 75 ms on 1175ad6b07ce (executor 1) (33/90)
[2026-04-29T14:27:02.497+0000] {subprocess.py:106} INFO - 26/04/29 14:27:02 INFO TaskSetManager: Starting task 34.0 in stage 0.0 (TID 34) (1175ad6b07ce, executor 1, partition 34, PROCESS_LOCAL, 7815 bytes)
[2026-04-29T14:27:02.500+0000] {subprocess.py:106} INFO - 26/04/29 14:27:02 INFO TaskSetManager: Finished task 33.0 in stage 0.0 (TID 33) in 78 ms on 1175ad6b07ce (executor 1) (34/90)
[2026-04-29T14:27:02.551+0000] {subprocess.py:106} INFO - 26/04/29 14:27:02 INFO TaskSetManager: Starting task 35.0 in stage 0.0 (TID 35) (1175ad6b07ce, executor 1, partition 35, PROCESS_LOCAL, 7815 bytes)
[2026-04-29T14:27:02.556+0000] {subprocess.py:106} INFO - 26/04/29 14:27:02 INFO TaskSetManager: Finished task 34.0 in stage 0.0 (TID 34) in 56 ms on 1175ad6b07ce (executor 1) (35/90)
[2026-04-29T14:27:02.612+0000] {subprocess.py:106} INFO - 26/04/29 14:27:02 INFO TaskSetManager: Starting task 36.0 in stage 0.0 (TID 36) (1175ad6b07ce, executor 1, partition 36, PROCESS_LOCAL, 7815 bytes)
[2026-04-29T14:27:02.616+0000] {subprocess.py:106} INFO - 26/04/29 14:27:02 INFO TaskSetManager: Finished task 35.0 in stage 0.0 (TID 35) in 65 ms on 1175ad6b07ce (executor 1) (36/90)
[2026-04-29T14:27:02.674+0000] {subprocess.py:106} INFO - 26/04/29 14:27:02 INFO TaskSetManager: Starting task 37.0 in stage 0.0 (TID 37) (1175ad6b07ce, executor 1, partition 37, PROCESS_LOCAL, 7815 bytes)
[2026-04-29T14:27:02.676+0000] {subprocess.py:106} INFO - 26/04/29 14:27:02 INFO TaskSetManager: Finished task 36.0 in stage 0.0 (TID 36) in 62 ms on 1175ad6b07ce (executor 1) (37/90)
[2026-04-29T14:27:02.734+0000] {subprocess.py:106} INFO - 26/04/29 14:27:02 INFO TaskSetManager: Starting task 38.0 in stage 0.0 (TID 38) (1175ad6b07ce, executor 1, partition 38, PROCESS_LOCAL, 7815 bytes)
[2026-04-29T14:27:02.737+0000] {subprocess.py:106} INFO - 26/04/29 14:27:02 INFO TaskSetManager: Finished task 37.0 in stage 0.0 (TID 37) in 67 ms on 1175ad6b07ce (executor 1) (38/90)
[2026-04-29T14:27:02.783+0000] {subprocess.py:106} INFO - 26/04/29 14:27:02 INFO TaskSetManager: Starting task 39.0 in stage 0.0 (TID 39) (1175ad6b07ce, executor 1, partition 39, PROCESS_LOCAL, 7815 bytes)
[2026-04-29T14:27:02.786+0000] {subprocess.py:106} INFO - 26/04/29 14:27:02 INFO TaskSetManager: Finished task 38.0 in stage 0.0 (TID 38) in 53 ms on 1175ad6b07ce (executor 1) (39/90)
[2026-04-29T14:27:02.834+0000] {subprocess.py:106} INFO - 26/04/29 14:27:02 INFO TaskSetManager: Starting task 40.0 in stage 0.0 (TID 40) (1175ad6b07ce, executor 1, partition 40, PROCESS_LOCAL, 7815 bytes)
[2026-04-29T14:27:02.837+0000] {subprocess.py:106} INFO - 26/04/29 14:27:02 INFO TaskSetManager: Finished task 39.0 in stage 0.0 (TID 39) in 54 ms on 1175ad6b07ce (executor 1) (40/90)
[2026-04-29T14:27:02.898+0000] {subprocess.py:106} INFO - 26/04/29 14:27:02 INFO TaskSetManager: Starting task 41.0 in stage 0.0 (TID 41) (1175ad6b07ce, executor 1, partition 41, PROCESS_LOCAL, 7815 bytes)
[2026-04-29T14:27:02.899+0000] {subprocess.py:106} INFO - 26/04/29 14:27:02 INFO TaskSetManager: Finished task 40.0 in stage 0.0 (TID 40) in 63 ms on 1175ad6b07ce (executor 1) (41/90)
[2026-04-29T14:27:03.003+0000] {subprocess.py:106} INFO - 26/04/29 14:27:02 INFO TaskSetManager: Starting task 42.0 in stage 0.0 (TID 42) (1175ad6b07ce, executor 1, partition 42, PROCESS_LOCAL, 7815 bytes)
[2026-04-29T14:27:03.009+0000] {subprocess.py:106} INFO - 26/04/29 14:27:02 INFO TaskSetManager: Finished task 41.0 in stage 0.0 (TID 41) in 104 ms on 1175ad6b07ce (executor 1) (42/90)
[2026-04-29T14:27:03.099+0000] {subprocess.py:106} INFO - 26/04/29 14:27:03 INFO TaskSetManager: Starting task 43.0 in stage 0.0 (TID 43) (1175ad6b07ce, executor 1, partition 43, PROCESS_LOCAL, 7815 bytes)
[2026-04-29T14:27:03.103+0000] {subprocess.py:106} INFO - 26/04/29 14:27:03 INFO TaskSetManager: Finished task 42.0 in stage 0.0 (TID 42) in 114 ms on 1175ad6b07ce (executor 1) (43/90)
[2026-04-29T14:27:03.220+0000] {subprocess.py:106} INFO - 26/04/29 14:27:03 INFO TaskSetManager: Starting task 44.0 in stage 0.0 (TID 44) (1175ad6b07ce, executor 1, partition 44, PROCESS_LOCAL, 7815 bytes)
[2026-04-29T14:27:03.239+0000] {subprocess.py:106} INFO - 26/04/29 14:27:03 INFO TaskSetManager: Finished task 43.0 in stage 0.0 (TID 43) in 139 ms on 1175ad6b07ce (executor 1) (44/90)
[2026-04-29T14:27:03.330+0000] {subprocess.py:106} INFO - 26/04/29 14:27:03 INFO TaskSetManager: Starting task 45.0 in stage 0.0 (TID 45) (1175ad6b07ce, executor 1, partition 45, PROCESS_LOCAL, 7815 bytes)
[2026-04-29T14:27:03.334+0000] {subprocess.py:106} INFO - 26/04/29 14:27:03 INFO TaskSetManager: Finished task 44.0 in stage 0.0 (TID 44) in 116 ms on 1175ad6b07ce (executor 1) (45/90)
[2026-04-29T14:27:03.407+0000] {subprocess.py:106} INFO - 26/04/29 14:27:03 INFO TaskSetManager: Starting task 46.0 in stage 0.0 (TID 46) (1175ad6b07ce, executor 1, partition 46, PROCESS_LOCAL, 7815 bytes)
[2026-04-29T14:27:03.415+0000] {subprocess.py:106} INFO - 26/04/29 14:27:03 INFO TaskSetManager: Finished task 45.0 in stage 0.0 (TID 45) in 87 ms on 1175ad6b07ce (executor 1) (46/90)
[2026-04-29T14:27:03.491+0000] {subprocess.py:106} INFO - 26/04/29 14:27:03 INFO TaskSetManager: Starting task 47.0 in stage 0.0 (TID 47) (1175ad6b07ce, executor 1, partition 47, PROCESS_LOCAL, 7815 bytes)
[2026-04-29T14:27:03.502+0000] {subprocess.py:106} INFO - 26/04/29 14:27:03 INFO TaskSetManager: Finished task 46.0 in stage 0.0 (TID 46) in 94 ms on 1175ad6b07ce (executor 1) (47/90)
[2026-04-29T14:27:03.629+0000] {subprocess.py:106} INFO - 26/04/29 14:27:03 INFO TaskSetManager: Starting task 48.0 in stage 0.0 (TID 48) (1175ad6b07ce, executor 1, partition 48, PROCESS_LOCAL, 7815 bytes)
[2026-04-29T14:27:03.630+0000] {subprocess.py:106} INFO - 26/04/29 14:27:03 INFO TaskSetManager: Finished task 47.0 in stage 0.0 (TID 47) in 136 ms on 1175ad6b07ce (executor 1) (48/90)
[2026-04-29T14:27:03.696+0000] {subprocess.py:106} INFO - 26/04/29 14:27:03 INFO TaskSetManager: Starting task 49.0 in stage 0.0 (TID 49) (1175ad6b07ce, executor 1, partition 49, PROCESS_LOCAL, 7815 bytes)
[2026-04-29T14:27:03.699+0000] {subprocess.py:106} INFO - 26/04/29 14:27:03 INFO TaskSetManager: Finished task 48.0 in stage 0.0 (TID 48) in 78 ms on 1175ad6b07ce (executor 1) (49/90)
[2026-04-29T14:27:03.762+0000] {subprocess.py:106} INFO - 26/04/29 14:27:03 INFO TaskSetManager: Starting task 50.0 in stage 0.0 (TID 50) (1175ad6b07ce, executor 1, partition 50, PROCESS_LOCAL, 7815 bytes)
[2026-04-29T14:27:03.780+0000] {subprocess.py:106} INFO - 26/04/29 14:27:03 INFO TaskSetManager: Finished task 49.0 in stage 0.0 (TID 49) in 68 ms on 1175ad6b07ce (executor 1) (50/90)
[2026-04-29T14:27:03.842+0000] {subprocess.py:106} INFO - 26/04/29 14:27:03 INFO TaskSetManager: Starting task 51.0 in stage 0.0 (TID 51) (1175ad6b07ce, executor 1, partition 51, PROCESS_LOCAL, 7815 bytes)
[2026-04-29T14:27:03.847+0000] {subprocess.py:106} INFO - 26/04/29 14:27:03 INFO TaskSetManager: Finished task 50.0 in stage 0.0 (TID 50) in 83 ms on 1175ad6b07ce (executor 1) (51/90)
[2026-04-29T14:27:03.933+0000] {subprocess.py:106} INFO - 26/04/29 14:27:03 INFO TaskSetManager: Starting task 52.0 in stage 0.0 (TID 52) (1175ad6b07ce, executor 1, partition 52, PROCESS_LOCAL, 7815 bytes)
[2026-04-29T14:27:03.937+0000] {subprocess.py:106} INFO - 26/04/29 14:27:03 INFO TaskSetManager: Finished task 51.0 in stage 0.0 (TID 51) in 98 ms on 1175ad6b07ce (executor 1) (52/90)
[2026-04-29T14:27:03.986+0000] {subprocess.py:106} INFO - 26/04/29 14:27:03 INFO TaskSetManager: Starting task 53.0 in stage 0.0 (TID 53) (1175ad6b07ce, executor 1, partition 53, PROCESS_LOCAL, 7815 bytes)
[2026-04-29T14:27:03.988+0000] {subprocess.py:106} INFO - 26/04/29 14:27:03 INFO TaskSetManager: Finished task 52.0 in stage 0.0 (TID 52) in 57 ms on 1175ad6b07ce (executor 1) (53/90)
[2026-04-29T14:27:04.030+0000] {subprocess.py:106} INFO - 26/04/29 14:27:04 INFO TaskSetManager: Starting task 54.0 in stage 0.0 (TID 54) (1175ad6b07ce, executor 1, partition 54, PROCESS_LOCAL, 7815 bytes)
[2026-04-29T14:27:04.032+0000] {subprocess.py:106} INFO - 26/04/29 14:27:04 INFO TaskSetManager: Finished task 53.0 in stage 0.0 (TID 53) in 46 ms on 1175ad6b07ce (executor 1) (54/90)
[2026-04-29T14:27:04.074+0000] {subprocess.py:106} INFO - 26/04/29 14:27:04 INFO TaskSetManager: Starting task 55.0 in stage 0.0 (TID 55) (1175ad6b07ce, executor 1, partition 55, PROCESS_LOCAL, 7815 bytes)
[2026-04-29T14:27:04.076+0000] {subprocess.py:106} INFO - 26/04/29 14:27:04 INFO TaskSetManager: Finished task 54.0 in stage 0.0 (TID 54) in 46 ms on 1175ad6b07ce (executor 1) (55/90)
[2026-04-29T14:27:04.115+0000] {subprocess.py:106} INFO - 26/04/29 14:27:04 INFO TaskSetManager: Starting task 56.0 in stage 0.0 (TID 56) (1175ad6b07ce, executor 1, partition 56, PROCESS_LOCAL, 7815 bytes)
[2026-04-29T14:27:04.116+0000] {subprocess.py:106} INFO - 26/04/29 14:27:04 INFO TaskSetManager: Finished task 55.0 in stage 0.0 (TID 55) in 44 ms on 1175ad6b07ce (executor 1) (56/90)
[2026-04-29T14:27:04.160+0000] {subprocess.py:106} INFO - 26/04/29 14:27:04 INFO TaskSetManager: Starting task 57.0 in stage 0.0 (TID 57) (1175ad6b07ce, executor 1, partition 57, PROCESS_LOCAL, 7815 bytes)
[2026-04-29T14:27:04.164+0000] {subprocess.py:106} INFO - 26/04/29 14:27:04 INFO TaskSetManager: Finished task 56.0 in stage 0.0 (TID 56) in 48 ms on 1175ad6b07ce (executor 1) (57/90)
[2026-04-29T14:27:04.205+0000] {subprocess.py:106} INFO - 26/04/29 14:27:04 INFO TaskSetManager: Starting task 58.0 in stage 0.0 (TID 58) (1175ad6b07ce, executor 1, partition 58, PROCESS_LOCAL, 7815 bytes)
[2026-04-29T14:27:04.207+0000] {subprocess.py:106} INFO - 26/04/29 14:27:04 INFO TaskSetManager: Finished task 57.0 in stage 0.0 (TID 57) in 48 ms on 1175ad6b07ce (executor 1) (58/90)
[2026-04-29T14:27:04.272+0000] {subprocess.py:106} INFO - 26/04/29 14:27:04 INFO TaskSetManager: Starting task 59.0 in stage 0.0 (TID 59) (1175ad6b07ce, executor 1, partition 59, PROCESS_LOCAL, 7815 bytes)
[2026-04-29T14:27:04.273+0000] {subprocess.py:106} INFO - 26/04/29 14:27:04 INFO TaskSetManager: Finished task 58.0 in stage 0.0 (TID 58) in 67 ms on 1175ad6b07ce (executor 1) (59/90)
[2026-04-29T14:27:04.342+0000] {subprocess.py:106} INFO - 26/04/29 14:27:04 INFO TaskSetManager: Starting task 60.0 in stage 0.0 (TID 60) (1175ad6b07ce, executor 1, partition 60, PROCESS_LOCAL, 7815 bytes)
[2026-04-29T14:27:04.344+0000] {subprocess.py:106} INFO - 26/04/29 14:27:04 INFO TaskSetManager: Finished task 59.0 in stage 0.0 (TID 59) in 77 ms on 1175ad6b07ce (executor 1) (60/90)
[2026-04-29T14:27:04.409+0000] {subprocess.py:106} INFO - 26/04/29 14:27:04 INFO TaskSetManager: Starting task 61.0 in stage 0.0 (TID 61) (1175ad6b07ce, executor 1, partition 61, PROCESS_LOCAL, 7815 bytes)
[2026-04-29T14:27:04.411+0000] {subprocess.py:106} INFO - 26/04/29 14:27:04 INFO TaskSetManager: Finished task 60.0 in stage 0.0 (TID 60) in 70 ms on 1175ad6b07ce (executor 1) (61/90)
[2026-04-29T14:27:04.463+0000] {subprocess.py:106} INFO - 26/04/29 14:27:04 INFO TaskSetManager: Starting task 62.0 in stage 0.0 (TID 62) (1175ad6b07ce, executor 1, partition 62, PROCESS_LOCAL, 7815 bytes)
[2026-04-29T14:27:04.465+0000] {subprocess.py:106} INFO - 26/04/29 14:27:04 INFO TaskSetManager: Finished task 61.0 in stage 0.0 (TID 61) in 57 ms on 1175ad6b07ce (executor 1) (62/90)
[2026-04-29T14:27:04.533+0000] {subprocess.py:106} INFO - 26/04/29 14:27:04 INFO TaskSetManager: Starting task 63.0 in stage 0.0 (TID 63) (1175ad6b07ce, executor 1, partition 63, PROCESS_LOCAL, 7815 bytes)
[2026-04-29T14:27:04.535+0000] {subprocess.py:106} INFO - 26/04/29 14:27:04 INFO TaskSetManager: Finished task 62.0 in stage 0.0 (TID 62) in 73 ms on 1175ad6b07ce (executor 1) (63/90)
[2026-04-29T14:27:04.590+0000] {subprocess.py:106} INFO - 26/04/29 14:27:04 INFO TaskSetManager: Starting task 64.0 in stage 0.0 (TID 64) (1175ad6b07ce, executor 1, partition 64, PROCESS_LOCAL, 7815 bytes)
[2026-04-29T14:27:04.592+0000] {subprocess.py:106} INFO - 26/04/29 14:27:04 INFO TaskSetManager: Finished task 63.0 in stage 0.0 (TID 63) in 58 ms on 1175ad6b07ce (executor 1) (64/90)
[2026-04-29T14:27:04.641+0000] {subprocess.py:106} INFO - 26/04/29 14:27:04 INFO TaskSetManager: Starting task 65.0 in stage 0.0 (TID 65) (1175ad6b07ce, executor 1, partition 65, PROCESS_LOCAL, 7815 bytes)
[2026-04-29T14:27:04.643+0000] {subprocess.py:106} INFO - 26/04/29 14:27:04 INFO TaskSetManager: Finished task 64.0 in stage 0.0 (TID 64) in 55 ms on 1175ad6b07ce (executor 1) (65/90)
[2026-04-29T14:27:04.689+0000] {subprocess.py:106} INFO - 26/04/29 14:27:04 INFO TaskSetManager: Starting task 66.0 in stage 0.0 (TID 66) (1175ad6b07ce, executor 1, partition 66, PROCESS_LOCAL, 7815 bytes)
[2026-04-29T14:27:04.691+0000] {subprocess.py:106} INFO - 26/04/29 14:27:04 INFO TaskSetManager: Finished task 65.0 in stage 0.0 (TID 65) in 52 ms on 1175ad6b07ce (executor 1) (66/90)
[2026-04-29T14:27:04.746+0000] {subprocess.py:106} INFO - 26/04/29 14:27:04 INFO TaskSetManager: Starting task 67.0 in stage 0.0 (TID 67) (1175ad6b07ce, executor 1, partition 67, PROCESS_LOCAL, 7815 bytes)
[2026-04-29T14:27:04.749+0000] {subprocess.py:106} INFO - 26/04/29 14:27:04 INFO TaskSetManager: Finished task 66.0 in stage 0.0 (TID 66) in 60 ms on 1175ad6b07ce (executor 1) (67/90)
[2026-04-29T14:27:04.807+0000] {subprocess.py:106} INFO - 26/04/29 14:27:04 INFO TaskSetManager: Starting task 68.0 in stage 0.0 (TID 68) (1175ad6b07ce, executor 1, partition 68, PROCESS_LOCAL, 7815 bytes)
[2026-04-29T14:27:04.808+0000] {subprocess.py:106} INFO - 26/04/29 14:27:04 INFO TaskSetManager: Finished task 67.0 in stage 0.0 (TID 67) in 63 ms on 1175ad6b07ce (executor 1) (68/90)
[2026-04-29T14:27:04.853+0000] {subprocess.py:106} INFO - 26/04/29 14:27:04 INFO TaskSetManager: Starting task 69.0 in stage 0.0 (TID 69) (1175ad6b07ce, executor 1, partition 69, PROCESS_LOCAL, 7815 bytes)
[2026-04-29T14:27:04.856+0000] {subprocess.py:106} INFO - 26/04/29 14:27:04 INFO TaskSetManager: Finished task 68.0 in stage 0.0 (TID 68) in 48 ms on 1175ad6b07ce (executor 1) (69/90)
[2026-04-29T14:27:04.914+0000] {subprocess.py:106} INFO - 26/04/29 14:27:04 INFO TaskSetManager: Starting task 70.0 in stage 0.0 (TID 70) (1175ad6b07ce, executor 1, partition 70, PROCESS_LOCAL, 7815 bytes)
[2026-04-29T14:27:04.916+0000] {subprocess.py:106} INFO - 26/04/29 14:27:04 INFO TaskSetManager: Finished task 69.0 in stage 0.0 (TID 69) in 61 ms on 1175ad6b07ce (executor 1) (70/90)
[2026-04-29T14:27:04.965+0000] {subprocess.py:106} INFO - 26/04/29 14:27:04 INFO TaskSetManager: Starting task 71.0 in stage 0.0 (TID 71) (1175ad6b07ce, executor 1, partition 71, PROCESS_LOCAL, 7815 bytes)
[2026-04-29T14:27:04.966+0000] {subprocess.py:106} INFO - 26/04/29 14:27:04 INFO TaskSetManager: Finished task 70.0 in stage 0.0 (TID 70) in 55 ms on 1175ad6b07ce (executor 1) (71/90)
[2026-04-29T14:27:05.012+0000] {subprocess.py:106} INFO - 26/04/29 14:27:05 INFO TaskSetManager: Starting task 72.0 in stage 0.0 (TID 72) (1175ad6b07ce, executor 1, partition 72, PROCESS_LOCAL, 7815 bytes)
[2026-04-29T14:27:05.013+0000] {subprocess.py:106} INFO - 26/04/29 14:27:05 INFO TaskSetManager: Finished task 71.0 in stage 0.0 (TID 71) in 49 ms on 1175ad6b07ce (executor 1) (72/90)
[2026-04-29T14:27:05.068+0000] {subprocess.py:106} INFO - 26/04/29 14:27:05 INFO TaskSetManager: Starting task 73.0 in stage 0.0 (TID 73) (1175ad6b07ce, executor 1, partition 73, PROCESS_LOCAL, 7815 bytes)
[2026-04-29T14:27:05.071+0000] {subprocess.py:106} INFO - 26/04/29 14:27:05 INFO TaskSetManager: Finished task 72.0 in stage 0.0 (TID 72) in 59 ms on 1175ad6b07ce (executor 1) (73/90)
[2026-04-29T14:27:05.112+0000] {subprocess.py:106} INFO - 26/04/29 14:27:05 INFO TaskSetManager: Starting task 74.0 in stage 0.0 (TID 74) (1175ad6b07ce, executor 1, partition 74, PROCESS_LOCAL, 7815 bytes)
[2026-04-29T14:27:05.114+0000] {subprocess.py:106} INFO - 26/04/29 14:27:05 INFO TaskSetManager: Finished task 73.0 in stage 0.0 (TID 73) in 47 ms on 1175ad6b07ce (executor 1) (74/90)
[2026-04-29T14:27:05.160+0000] {subprocess.py:106} INFO - 26/04/29 14:27:05 INFO TaskSetManager: Starting task 75.0 in stage 0.0 (TID 75) (1175ad6b07ce, executor 1, partition 75, PROCESS_LOCAL, 7815 bytes)
[2026-04-29T14:27:05.164+0000] {subprocess.py:106} INFO - 26/04/29 14:27:05 INFO TaskSetManager: Finished task 74.0 in stage 0.0 (TID 74) in 47 ms on 1175ad6b07ce (executor 1) (75/90)
[2026-04-29T14:27:05.228+0000] {subprocess.py:106} INFO - 26/04/29 14:27:05 INFO TaskSetManager: Starting task 76.0 in stage 0.0 (TID 76) (1175ad6b07ce, executor 1, partition 76, PROCESS_LOCAL, 7815 bytes)
[2026-04-29T14:27:05.230+0000] {subprocess.py:106} INFO - 26/04/29 14:27:05 INFO TaskSetManager: Finished task 75.0 in stage 0.0 (TID 75) in 71 ms on 1175ad6b07ce (executor 1) (76/90)
[2026-04-29T14:27:05.287+0000] {subprocess.py:106} INFO - 26/04/29 14:27:05 INFO TaskSetManager: Starting task 77.0 in stage 0.0 (TID 77) (1175ad6b07ce, executor 1, partition 77, PROCESS_LOCAL, 7815 bytes)
[2026-04-29T14:27:05.288+0000] {subprocess.py:106} INFO - 26/04/29 14:27:05 INFO TaskSetManager: Finished task 76.0 in stage 0.0 (TID 76) in 61 ms on 1175ad6b07ce (executor 1) (77/90)
[2026-04-29T14:27:05.347+0000] {subprocess.py:106} INFO - 26/04/29 14:27:05 INFO TaskSetManager: Starting task 78.0 in stage 0.0 (TID 78) (1175ad6b07ce, executor 1, partition 78, PROCESS_LOCAL, 7815 bytes)
[2026-04-29T14:27:05.348+0000] {subprocess.py:106} INFO - 26/04/29 14:27:05 INFO TaskSetManager: Finished task 77.0 in stage 0.0 (TID 77) in 65 ms on 1175ad6b07ce (executor 1) (78/90)
[2026-04-29T14:27:05.414+0000] {subprocess.py:106} INFO - 26/04/29 14:27:05 INFO TaskSetManager: Starting task 79.0 in stage 0.0 (TID 79) (1175ad6b07ce, executor 1, partition 79, PROCESS_LOCAL, 7815 bytes)
[2026-04-29T14:27:05.416+0000] {subprocess.py:106} INFO - 26/04/29 14:27:05 INFO TaskSetManager: Finished task 78.0 in stage 0.0 (TID 78) in 70 ms on 1175ad6b07ce (executor 1) (79/90)
[2026-04-29T14:27:05.471+0000] {subprocess.py:106} INFO - 26/04/29 14:27:05 INFO TaskSetManager: Starting task 80.0 in stage 0.0 (TID 80) (1175ad6b07ce, executor 1, partition 80, PROCESS_LOCAL, 7815 bytes)
[2026-04-29T14:27:05.473+0000] {subprocess.py:106} INFO - 26/04/29 14:27:05 INFO TaskSetManager: Finished task 79.0 in stage 0.0 (TID 79) in 59 ms on 1175ad6b07ce (executor 1) (80/90)
[2026-04-29T14:27:05.537+0000] {subprocess.py:106} INFO - 26/04/29 14:27:05 INFO TaskSetManager: Starting task 81.0 in stage 0.0 (TID 81) (1175ad6b07ce, executor 1, partition 81, PROCESS_LOCAL, 7815 bytes)
[2026-04-29T14:27:05.540+0000] {subprocess.py:106} INFO - 26/04/29 14:27:05 INFO TaskSetManager: Finished task 80.0 in stage 0.0 (TID 80) in 68 ms on 1175ad6b07ce (executor 1) (81/90)
[2026-04-29T14:27:05.589+0000] {subprocess.py:106} INFO - 26/04/29 14:27:05 INFO TaskSetManager: Starting task 82.0 in stage 0.0 (TID 82) (1175ad6b07ce, executor 1, partition 82, PROCESS_LOCAL, 7815 bytes)
[2026-04-29T14:27:05.590+0000] {subprocess.py:106} INFO - 26/04/29 14:27:05 INFO TaskSetManager: Finished task 81.0 in stage 0.0 (TID 81) in 55 ms on 1175ad6b07ce (executor 1) (82/90)
[2026-04-29T14:27:05.664+0000] {subprocess.py:106} INFO - 26/04/29 14:27:05 INFO TaskSetManager: Starting task 83.0 in stage 0.0 (TID 83) (1175ad6b07ce, executor 1, partition 83, PROCESS_LOCAL, 7815 bytes)
[2026-04-29T14:27:05.666+0000] {subprocess.py:106} INFO - 26/04/29 14:27:05 INFO TaskSetManager: Finished task 82.0 in stage 0.0 (TID 82) in 78 ms on 1175ad6b07ce (executor 1) (83/90)
[2026-04-29T14:27:05.711+0000] {subprocess.py:106} INFO - 26/04/29 14:27:05 INFO TaskSetManager: Starting task 84.0 in stage 0.0 (TID 84) (1175ad6b07ce, executor 1, partition 84, PROCESS_LOCAL, 7815 bytes)
[2026-04-29T14:27:05.714+0000] {subprocess.py:106} INFO - 26/04/29 14:27:05 INFO TaskSetManager: Finished task 83.0 in stage 0.0 (TID 83) in 47 ms on 1175ad6b07ce (executor 1) (84/90)
[2026-04-29T14:27:05.756+0000] {subprocess.py:106} INFO - 26/04/29 14:27:05 INFO TaskSetManager: Starting task 85.0 in stage 0.0 (TID 85) (1175ad6b07ce, executor 1, partition 85, PROCESS_LOCAL, 7815 bytes)
[2026-04-29T14:27:05.758+0000] {subprocess.py:106} INFO - 26/04/29 14:27:05 INFO TaskSetManager: Finished task 84.0 in stage 0.0 (TID 84) in 50 ms on 1175ad6b07ce (executor 1) (85/90)
[2026-04-29T14:27:05.809+0000] {subprocess.py:106} INFO - 26/04/29 14:27:05 INFO TaskSetManager: Starting task 86.0 in stage 0.0 (TID 86) (1175ad6b07ce, executor 1, partition 86, PROCESS_LOCAL, 7815 bytes)
[2026-04-29T14:27:05.811+0000] {subprocess.py:106} INFO - 26/04/29 14:27:05 INFO TaskSetManager: Finished task 85.0 in stage 0.0 (TID 85) in 55 ms on 1175ad6b07ce (executor 1) (86/90)
[2026-04-29T14:27:05.853+0000] {subprocess.py:106} INFO - 26/04/29 14:27:05 INFO TaskSetManager: Starting task 87.0 in stage 0.0 (TID 87) (1175ad6b07ce, executor 1, partition 87, PROCESS_LOCAL, 7815 bytes)
[2026-04-29T14:27:05.856+0000] {subprocess.py:106} INFO - 26/04/29 14:27:05 INFO TaskSetManager: Finished task 86.0 in stage 0.0 (TID 86) in 47 ms on 1175ad6b07ce (executor 1) (87/90)
[2026-04-29T14:27:05.902+0000] {subprocess.py:106} INFO - 26/04/29 14:27:05 INFO TaskSetManager: Starting task 88.0 in stage 0.0 (TID 88) (1175ad6b07ce, executor 1, partition 88, PROCESS_LOCAL, 7815 bytes)
[2026-04-29T14:27:05.903+0000] {subprocess.py:106} INFO - 26/04/29 14:27:05 INFO TaskSetManager: Finished task 87.0 in stage 0.0 (TID 87) in 50 ms on 1175ad6b07ce (executor 1) (88/90)
[2026-04-29T14:27:05.947+0000] {subprocess.py:106} INFO - 26/04/29 14:27:05 INFO TaskSetManager: Starting task 89.0 in stage 0.0 (TID 89) (1175ad6b07ce, executor 1, partition 89, PROCESS_LOCAL, 7815 bytes)
[2026-04-29T14:27:05.948+0000] {subprocess.py:106} INFO - 26/04/29 14:27:05 INFO TaskSetManager: Finished task 88.0 in stage 0.0 (TID 88) in 46 ms on 1175ad6b07ce (executor 1) (89/90)
[2026-04-29T14:27:05.998+0000] {subprocess.py:106} INFO - 26/04/29 14:27:05 INFO TaskSetManager: Finished task 89.0 in stage 0.0 (TID 89) in 52 ms on 1175ad6b07ce (executor 1) (90/90)
[2026-04-29T14:27:06.001+0000] {subprocess.py:106} INFO - 26/04/29 14:27:05 INFO YarnScheduler: Removed TaskSet 0.0, whose tasks have all completed, from pool
[2026-04-29T14:27:06.002+0000] {subprocess.py:106} INFO - 26/04/29 14:27:05 INFO DAGScheduler: ResultStage 0 (json at NativeMethodAccessorImpl.java:0) finished in 10.732 s
[2026-04-29T14:27:06.007+0000] {subprocess.py:106} INFO - 26/04/29 14:27:06 INFO DAGScheduler: Job 0 is finished. Cancelling potential speculative or zombie tasks for this job
[2026-04-29T14:27:06.009+0000] {subprocess.py:106} INFO - 26/04/29 14:27:06 INFO YarnScheduler: Killing all running tasks in stage 0: Stage finished
[2026-04-29T14:27:06.012+0000] {subprocess.py:106} INFO - 26/04/29 14:27:06 INFO DAGScheduler: Job 0 finished: json at NativeMethodAccessorImpl.java:0, took 13.266948 s
[2026-04-29T14:27:06.041+0000] {subprocess.py:106} INFO - 26/04/29 14:27:06 INFO InMemoryFileIndex: It took 16074 ms to list leaf files for 90 paths.
[2026-04-29T14:27:06.610+0000] {subprocess.py:106} INFO - 26/04/29 14:27:06 INFO YarnSchedulerBackend$YarnDriverEndpoint: Registered executor NettyRpcEndpointRef(spark-client://Executor) (172.30.1.26:38628) with ID 2,  ResourceProfileId 0
[2026-04-29T14:27:06.778+0000] {subprocess.py:106} INFO - 26/04/29 14:27:06 INFO BlockManagerMasterEndpoint: Registering block manager 5b0353f352af:46343 with 366.3 MiB RAM, BlockManagerId(2, 5b0353f352af, 46343, None)
[2026-04-29T14:27:07.156+0000] {subprocess.py:106} INFO - 26/04/29 14:27:07 INFO BlockManagerInfo: Removed broadcast_0_piece0 on 172.30.1.13:38743 in memory (size: 37.4 KiB, free: 434.4 MiB)
[2026-04-29T14:27:07.185+0000] {subprocess.py:106} INFO - 26/04/29 14:27:07 INFO BlockManagerInfo: Removed broadcast_0_piece0 on 1175ad6b07ce:44835 in memory (size: 37.4 KiB, free: 366.3 MiB)
[2026-04-29T14:27:10.780+0000] {subprocess.py:106} INFO - 26/04/29 14:27:10 INFO FileSourceStrategy: Pushed Filters:
[2026-04-29T14:27:10.782+0000] {subprocess.py:106} INFO - 26/04/29 14:27:10 INFO FileSourceStrategy: Post-Scan Filters:
[2026-04-29T14:27:10.886+0000] {subprocess.py:106} INFO - 26/04/29 14:27:10 INFO MemoryStore: Block broadcast_1 stored as values in memory (estimated size 204.4 KiB, free 434.2 MiB)
[2026-04-29T14:27:10.917+0000] {subprocess.py:106} INFO - 26/04/29 14:27:10 INFO MemoryStore: Block broadcast_1_piece0 stored as bytes in memory (estimated size 34.8 KiB, free 434.2 MiB)
[2026-04-29T14:27:10.923+0000] {subprocess.py:106} INFO - 26/04/29 14:27:10 INFO BlockManagerInfo: Added broadcast_1_piece0 in memory on 172.30.1.13:38743 (size: 34.8 KiB, free: 434.4 MiB)
[2026-04-29T14:27:10.926+0000] {subprocess.py:106} INFO - 26/04/29 14:27:10 INFO SparkContext: Created broadcast 1 from json at NativeMethodAccessorImpl.java:0
[2026-04-29T14:27:10.968+0000] {subprocess.py:106} INFO - 26/04/29 14:27:10 INFO FileSourceScanExec: Planning scan with bin packing, max size: 134217728 bytes, open cost is considered as scanning 4194304 bytes.
[2026-04-29T14:27:11.125+0000] {subprocess.py:106} INFO - 26/04/29 14:27:11 INFO SparkContext: Starting job: json at NativeMethodAccessorImpl.java:0
[2026-04-29T14:27:11.127+0000] {subprocess.py:106} INFO - 26/04/29 14:27:11 INFO DAGScheduler: Got job 1 (json at NativeMethodAccessorImpl.java:0) with 3 output partitions
[2026-04-29T14:27:11.128+0000] {subprocess.py:106} INFO - 26/04/29 14:27:11 INFO DAGScheduler: Final stage: ResultStage 1 (json at NativeMethodAccessorImpl.java:0)
[2026-04-29T14:27:11.129+0000] {subprocess.py:106} INFO - 26/04/29 14:27:11 INFO DAGScheduler: Parents of final stage: List()
[2026-04-29T14:27:11.130+0000] {subprocess.py:106} INFO - 26/04/29 14:27:11 INFO DAGScheduler: Missing parents: List()
[2026-04-29T14:27:11.131+0000] {subprocess.py:106} INFO - 26/04/29 14:27:11 INFO DAGScheduler: Submitting ResultStage 1 (MapPartitionsRDD[5] at json at NativeMethodAccessorImpl.java:0), which has no missing parents
[2026-04-29T14:27:11.206+0000] {subprocess.py:106} INFO - 26/04/29 14:27:11 INFO MemoryStore: Block broadcast_2 stored as values in memory (estimated size 16.7 KiB, free 434.2 MiB)
[2026-04-29T14:27:11.217+0000] {subprocess.py:106} INFO - 26/04/29 14:27:11 INFO MemoryStore: Block broadcast_2_piece0 stored as bytes in memory (estimated size 7.8 KiB, free 434.1 MiB)
[2026-04-29T14:27:11.219+0000] {subprocess.py:106} INFO - 26/04/29 14:27:11 INFO BlockManagerInfo: Added broadcast_2_piece0 in memory on 172.30.1.13:38743 (size: 7.8 KiB, free: 434.4 MiB)
[2026-04-29T14:27:11.221+0000] {subprocess.py:106} INFO - 26/04/29 14:27:11 INFO SparkContext: Created broadcast 2 from broadcast at DAGScheduler.scala:1580
[2026-04-29T14:27:11.222+0000] {subprocess.py:106} INFO - 26/04/29 14:27:11 INFO DAGScheduler: Submitting 3 missing tasks from ResultStage 1 (MapPartitionsRDD[5] at json at NativeMethodAccessorImpl.java:0) (first 15 tasks are for partitions Vector(0, 1, 2))
[2026-04-29T14:27:11.223+0000] {subprocess.py:106} INFO - 26/04/29 14:27:11 INFO YarnScheduler: Adding task set 1.0 with 3 tasks resource profile 0
[2026-04-29T14:27:11.236+0000] {subprocess.py:106} INFO - 26/04/29 14:27:11 INFO TaskSetManager: Starting task 0.0 in stage 1.0 (TID 90) (5b0353f352af, executor 2, partition 0, PROCESS_LOCAL, 12324 bytes)
[2026-04-29T14:27:11.237+0000] {subprocess.py:106} INFO - 26/04/29 14:27:11 INFO TaskSetManager: Starting task 1.0 in stage 1.0 (TID 91) (1175ad6b07ce, executor 1, partition 1, PROCESS_LOCAL, 12324 bytes)
[2026-04-29T14:27:11.317+0000] {subprocess.py:106} INFO - 26/04/29 14:27:11 INFO BlockManagerInfo: Added broadcast_2_piece0 in memory on 1175ad6b07ce:44835 (size: 7.8 KiB, free: 366.3 MiB)
[2026-04-29T14:27:11.786+0000] {subprocess.py:106} INFO - 26/04/29 14:27:11 INFO BlockManagerInfo: Added broadcast_2_piece0 in memory on 5b0353f352af:46343 (size: 7.8 KiB, free: 366.3 MiB)
[2026-04-29T14:27:13.177+0000] {subprocess.py:106} INFO - 26/04/29 14:27:13 INFO BlockManagerInfo: Added broadcast_1_piece0 in memory on 1175ad6b07ce:44835 (size: 34.8 KiB, free: 366.3 MiB)
[2026-04-29T14:27:14.325+0000] {subprocess.py:106} INFO - 26/04/29 14:27:14 INFO BlockManagerInfo: Added broadcast_1_piece0 in memory on 5b0353f352af:46343 (size: 34.8 KiB, free: 366.3 MiB)
[2026-04-29T14:27:15.205+0000] {subprocess.py:106} INFO - 26/04/29 14:27:15 INFO TaskSetManager: Starting task 2.0 in stage 1.0 (TID 92) (1175ad6b07ce, executor 1, partition 2, PROCESS_LOCAL, 11538 bytes)
[2026-04-29T14:27:15.209+0000] {subprocess.py:106} INFO - 26/04/29 14:27:15 INFO TaskSetManager: Finished task 1.0 in stage 1.0 (TID 91) in 3972 ms on 1175ad6b07ce (executor 1) (1/3)
[2026-04-29T14:27:16.214+0000] {subprocess.py:106} INFO - 26/04/29 14:27:16 INFO TaskSetManager: Finished task 2.0 in stage 1.0 (TID 92) in 1010 ms on 1175ad6b07ce (executor 1) (2/3)
[2026-04-29T14:27:16.559+0000] {subprocess.py:106} INFO - 26/04/29 14:27:16 INFO TaskSetManager: Finished task 0.0 in stage 1.0 (TID 90) in 5331 ms on 5b0353f352af (executor 2) (3/3)
[2026-04-29T14:27:16.564+0000] {subprocess.py:106} INFO - 26/04/29 14:27:16 INFO YarnScheduler: Removed TaskSet 1.0, whose tasks have all completed, from pool
[2026-04-29T14:27:16.565+0000] {subprocess.py:106} INFO - 26/04/29 14:27:16 INFO DAGScheduler: ResultStage 1 (json at NativeMethodAccessorImpl.java:0) finished in 5.425 s
[2026-04-29T14:27:16.565+0000] {subprocess.py:106} INFO - 26/04/29 14:27:16 INFO DAGScheduler: Job 1 is finished. Cancelling potential speculative or zombie tasks for this job
[2026-04-29T14:27:16.566+0000] {subprocess.py:106} INFO - 26/04/29 14:27:16 INFO YarnScheduler: Killing all running tasks in stage 1: Stage finished
[2026-04-29T14:27:16.567+0000] {subprocess.py:106} INFO - 26/04/29 14:27:16 INFO DAGScheduler: Job 1 finished: json at NativeMethodAccessorImpl.java:0, took 5.437104 s
[2026-04-29T14:27:16.815+0000] {subprocess.py:106} INFO - 26/04/29 14:27:16 INFO FileSourceStrategy: Pushed Filters:
[2026-04-29T14:27:16.816+0000] {subprocess.py:106} INFO - 26/04/29 14:27:16 INFO FileSourceStrategy: Post-Scan Filters:
[2026-04-29T14:27:17.555+0000] {subprocess.py:106} INFO - 26/04/29 14:27:17 INFO CodeGenerator: Code generated in 471.318166 ms
[2026-04-29T14:27:17.564+0000] {subprocess.py:106} INFO - 26/04/29 14:27:17 INFO MemoryStore: Block broadcast_3 stored as values in memory (estimated size 204.3 KiB, free 433.9 MiB)
[2026-04-29T14:27:17.593+0000] {subprocess.py:106} INFO - 26/04/29 14:27:17 INFO BlockManagerInfo: Removed broadcast_2_piece0 on 172.30.1.13:38743 in memory (size: 7.8 KiB, free: 434.4 MiB)
[2026-04-29T14:27:17.597+0000] {subprocess.py:106} INFO - 26/04/29 14:27:17 INFO BlockManagerInfo: Removed broadcast_2_piece0 on 1175ad6b07ce:44835 in memory (size: 7.8 KiB, free: 366.3 MiB)
[2026-04-29T14:27:17.607+0000] {subprocess.py:106} INFO - 26/04/29 14:27:17 INFO MemoryStore: Block broadcast_3_piece0 stored as bytes in memory (estimated size 34.8 KiB, free 433.9 MiB)
[2026-04-29T14:27:17.609+0000] {subprocess.py:106} INFO - 26/04/29 14:27:17 INFO BlockManagerInfo: Added broadcast_3_piece0 in memory on 172.30.1.13:38743 (size: 34.8 KiB, free: 434.3 MiB)
[2026-04-29T14:27:17.610+0000] {subprocess.py:106} INFO - 26/04/29 14:27:17 INFO SparkContext: Created broadcast 3 from showString at NativeMethodAccessorImpl.java:0
[2026-04-29T14:27:17.613+0000] {subprocess.py:106} INFO - 26/04/29 14:27:17 INFO BlockManagerInfo: Removed broadcast_2_piece0 on 5b0353f352af:46343 in memory (size: 7.8 KiB, free: 366.3 MiB)
[2026-04-29T14:27:17.621+0000] {subprocess.py:106} INFO - 26/04/29 14:27:17 INFO FileSourceScanExec: Planning scan with bin packing, max size: 134217728 bytes, open cost is considered as scanning 4194304 bytes.
[2026-04-29T14:27:17.635+0000] {subprocess.py:106} INFO - 26/04/29 14:27:17 INFO BlockManagerInfo: Removed broadcast_1_piece0 on 172.30.1.13:38743 in memory (size: 34.8 KiB, free: 434.4 MiB)
[2026-04-29T14:27:17.643+0000] {subprocess.py:106} INFO - 26/04/29 14:27:17 INFO BlockManagerInfo: Removed broadcast_1_piece0 on 5b0353f352af:46343 in memory (size: 34.8 KiB, free: 366.3 MiB)
[2026-04-29T14:27:17.645+0000] {subprocess.py:106} INFO - 26/04/29 14:27:17 INFO BlockManagerInfo: Removed broadcast_1_piece0 on 1175ad6b07ce:44835 in memory (size: 34.8 KiB, free: 366.3 MiB)
[2026-04-29T14:27:17.716+0000] {subprocess.py:106} INFO - 26/04/29 14:27:17 INFO SparkContext: Starting job: showString at NativeMethodAccessorImpl.java:0
[2026-04-29T14:27:17.718+0000] {subprocess.py:106} INFO - 26/04/29 14:27:17 INFO DAGScheduler: Got job 2 (showString at NativeMethodAccessorImpl.java:0) with 1 output partitions
[2026-04-29T14:27:17.719+0000] {subprocess.py:106} INFO - 26/04/29 14:27:17 INFO DAGScheduler: Final stage: ResultStage 2 (showString at NativeMethodAccessorImpl.java:0)
[2026-04-29T14:27:17.721+0000] {subprocess.py:106} INFO - 26/04/29 14:27:17 INFO DAGScheduler: Parents of final stage: List()
[2026-04-29T14:27:17.722+0000] {subprocess.py:106} INFO - 26/04/29 14:27:17 INFO DAGScheduler: Missing parents: List()
[2026-04-29T14:27:17.723+0000] {subprocess.py:106} INFO - 26/04/29 14:27:17 INFO DAGScheduler: Submitting ResultStage 2 (MapPartitionsRDD[9] at showString at NativeMethodAccessorImpl.java:0), which has no missing parents
[2026-04-29T14:27:17.730+0000] {subprocess.py:106} INFO - 26/04/29 14:27:17 INFO MemoryStore: Block broadcast_4 stored as values in memory (estimated size 20.5 KiB, free 434.1 MiB)
[2026-04-29T14:27:17.742+0000] {subprocess.py:106} INFO - 26/04/29 14:27:17 INFO MemoryStore: Block broadcast_4_piece0 stored as bytes in memory (estimated size 8.4 KiB, free 434.1 MiB)
[2026-04-29T14:27:17.745+0000] {subprocess.py:106} INFO - 26/04/29 14:27:17 INFO BlockManagerInfo: Added broadcast_4_piece0 in memory on 172.30.1.13:38743 (size: 8.4 KiB, free: 434.4 MiB)
[2026-04-29T14:27:17.746+0000] {subprocess.py:106} INFO - 26/04/29 14:27:17 INFO SparkContext: Created broadcast 4 from broadcast at DAGScheduler.scala:1580
[2026-04-29T14:27:17.747+0000] {subprocess.py:106} INFO - 26/04/29 14:27:17 INFO DAGScheduler: Submitting 1 missing tasks from ResultStage 2 (MapPartitionsRDD[9] at showString at NativeMethodAccessorImpl.java:0) (first 15 tasks are for partitions Vector(0))
[2026-04-29T14:27:17.748+0000] {subprocess.py:106} INFO - 26/04/29 14:27:17 INFO YarnScheduler: Adding task set 2.0 with 1 tasks resource profile 0
[2026-04-29T14:27:17.751+0000] {subprocess.py:106} INFO - 26/04/29 14:27:17 INFO TaskSetManager: Starting task 0.0 in stage 2.0 (TID 93) (1175ad6b07ce, executor 1, partition 0, PROCESS_LOCAL, 12324 bytes)
[2026-04-29T14:27:17.777+0000] {subprocess.py:106} INFO - 26/04/29 14:27:17 INFO BlockManagerInfo: Added broadcast_4_piece0 in memory on 1175ad6b07ce:44835 (size: 8.4 KiB, free: 366.3 MiB)
[2026-04-29T14:27:18.118+0000] {subprocess.py:106} INFO - 26/04/29 14:27:18 INFO BlockManagerInfo: Added broadcast_3_piece0 in memory on 1175ad6b07ce:44835 (size: 34.8 KiB, free: 366.3 MiB)
[2026-04-29T14:27:18.403+0000] {subprocess.py:106} INFO - 26/04/29 14:27:18 INFO TaskSetManager: Finished task 0.0 in stage 2.0 (TID 93) in 651 ms on 1175ad6b07ce (executor 1) (1/1)
[2026-04-29T14:27:18.404+0000] {subprocess.py:106} INFO - 26/04/29 14:27:18 INFO YarnScheduler: Removed TaskSet 2.0, whose tasks have all completed, from pool
[2026-04-29T14:27:18.411+0000] {subprocess.py:106} INFO - 26/04/29 14:27:18 INFO DAGScheduler: ResultStage 2 (showString at NativeMethodAccessorImpl.java:0) finished in 0.685 s
[2026-04-29T14:27:18.412+0000] {subprocess.py:106} INFO - 26/04/29 14:27:18 INFO DAGScheduler: Job 2 is finished. Cancelling potential speculative or zombie tasks for this job
[2026-04-29T14:27:18.415+0000] {subprocess.py:106} INFO - 26/04/29 14:27:18 INFO YarnScheduler: Killing all running tasks in stage 2: Stage finished
[2026-04-29T14:27:18.417+0000] {subprocess.py:106} INFO - 26/04/29 14:27:18 INFO DAGScheduler: Job 2 finished: showString at NativeMethodAccessorImpl.java:0, took 0.695981 s
[2026-04-29T14:27:18.616+0000] {subprocess.py:106} INFO - 26/04/29 14:27:18 INFO CodeGenerator: Code generated in 84.95974 ms
[2026-04-29T14:27:18.641+0000] {subprocess.py:106} INFO - +----+-----+--------+-----+--------------------+-----+-----------+------+------+-----+--------+-----------------+-------------------+----------------+
[2026-04-29T14:27:18.643+0000] {subprocess.py:106} INFO - | Age|Cabin|Embarked| Fare|                Name|Parch|PassengerId|Pclass|   Sex|SibSp|Survived|           Ticket|         event_time|          source|
[2026-04-29T14:27:18.644+0000] {subprocess.py:106} INFO - +----+-----+--------+-----+--------------------+-----+-----------+------+------+-----+--------+-----------------+-------------------+----------------+
[2026-04-29T14:27:18.645+0000] {subprocess.py:106} INFO - |28.0|  C52|       S|26.55|Bjornstrom-Steffa...|    0|        431|     1|  male|    0|       1|           110564|2026-04-28 22:33:49|SIMULATED_DEVICE|
[2026-04-29T14:27:18.646+0000] {subprocess.py:106} INFO - |NULL| NULL|       S| 16.1|Thorneycroft, Mrs...|    0|        432|     3|female|    1|       1|           376564|2026-04-28 22:33:49|SIMULATED_DEVICE|
[2026-04-29T14:27:18.647+0000] {subprocess.py:106} INFO - |42.0| NULL|       S| 26.0|Louch, Mrs. Charl...|    0|        433|     2|female|    1|       1|       SC/AH 3085|2026-04-28 22:33:49|SIMULATED_DEVICE|
[2026-04-29T14:27:18.648+0000] {subprocess.py:106} INFO - |17.0| NULL|       S|7.125|Kallio, Mr. Nikol...|    0|        434|     3|  male|    0|       0|STON/O 2. 3101274|2026-04-28 22:33:49|SIMULATED_DEVICE|
[2026-04-29T14:27:18.649+0000] {subprocess.py:106} INFO - |50.0|  E44|       S| 55.9|Silvey, Mr. Willi...|    0|        435|     1|  male|    1|       0|            13507|2026-04-28 22:33:49|SIMULATED_DEVICE|
[2026-04-29T14:27:18.650+0000] {subprocess.py:106} INFO - +----+-----+--------+-----+--------------------+-----+-----------+------+------+-----+--------+-----------------+-------------------+----------------+
[2026-04-29T14:27:18.653+0000] {subprocess.py:106} INFO - only showing top 5 rows
[2026-04-29T14:27:18.654+0000] {subprocess.py:106} INFO - 
[2026-04-29T14:27:18.824+0000] {subprocess.py:106} INFO - 26/04/29 14:27:18 INFO FileSourceStrategy: Pushed Filters:
[2026-04-29T14:27:18.825+0000] {subprocess.py:106} INFO - 26/04/29 14:27:18 INFO FileSourceStrategy: Post-Scan Filters:
[2026-04-29T14:27:19.039+0000] {subprocess.py:106} INFO - 26/04/29 14:27:19 INFO CodeGenerator: Code generated in 29.88626 ms
[2026-04-29T14:27:19.045+0000] {subprocess.py:106} INFO - 26/04/29 14:27:19 INFO MemoryStore: Block broadcast_5 stored as values in memory (estimated size 204.3 KiB, free 433.9 MiB)
[2026-04-29T14:27:19.068+0000] {subprocess.py:106} INFO - 26/04/29 14:27:19 INFO BlockManagerInfo: Removed broadcast_4_piece0 on 172.30.1.13:38743 in memory (size: 8.4 KiB, free: 434.4 MiB)
[2026-04-29T14:27:19.073+0000] {subprocess.py:106} INFO - 26/04/29 14:27:19 INFO BlockManagerInfo: Removed broadcast_4_piece0 on 1175ad6b07ce:44835 in memory (size: 8.4 KiB, free: 366.3 MiB)
[2026-04-29T14:27:19.075+0000] {subprocess.py:106} INFO - 26/04/29 14:27:19 INFO MemoryStore: Block broadcast_5_piece0 stored as bytes in memory (estimated size 34.8 KiB, free 433.9 MiB)
[2026-04-29T14:27:19.078+0000] {subprocess.py:106} INFO - 26/04/29 14:27:19 INFO BlockManagerInfo: Added broadcast_5_piece0 in memory on 172.30.1.13:38743 (size: 34.8 KiB, free: 434.3 MiB)
[2026-04-29T14:27:19.080+0000] {subprocess.py:106} INFO - 26/04/29 14:27:19 INFO SparkContext: Created broadcast 5 from count at NativeMethodAccessorImpl.java:0
[2026-04-29T14:27:19.084+0000] {subprocess.py:106} INFO - 26/04/29 14:27:19 INFO FileSourceScanExec: Planning scan with bin packing, max size: 134217728 bytes, open cost is considered as scanning 4194304 bytes.
[2026-04-29T14:27:19.093+0000] {subprocess.py:106} INFO - 26/04/29 14:27:19 INFO BlockManagerInfo: Removed broadcast_3_piece0 on 172.30.1.13:38743 in memory (size: 34.8 KiB, free: 434.4 MiB)
[2026-04-29T14:27:19.097+0000] {subprocess.py:106} INFO - 26/04/29 14:27:19 INFO BlockManagerInfo: Removed broadcast_3_piece0 on 1175ad6b07ce:44835 in memory (size: 34.8 KiB, free: 366.3 MiB)
[2026-04-29T14:27:19.168+0000] {subprocess.py:106} INFO - 26/04/29 14:27:19 INFO DAGScheduler: Registering RDD 13 (count at NativeMethodAccessorImpl.java:0) as input to shuffle 0
[2026-04-29T14:27:19.176+0000] {subprocess.py:106} INFO - 26/04/29 14:27:19 INFO DAGScheduler: Got map stage job 3 (count at NativeMethodAccessorImpl.java:0) with 3 output partitions
[2026-04-29T14:27:19.177+0000] {subprocess.py:106} INFO - 26/04/29 14:27:19 INFO DAGScheduler: Final stage: ShuffleMapStage 3 (count at NativeMethodAccessorImpl.java:0)
[2026-04-29T14:27:19.178+0000] {subprocess.py:106} INFO - 26/04/29 14:27:19 INFO DAGScheduler: Parents of final stage: List()
[2026-04-29T14:27:19.179+0000] {subprocess.py:106} INFO - 26/04/29 14:27:19 INFO DAGScheduler: Missing parents: List()
[2026-04-29T14:27:19.181+0000] {subprocess.py:106} INFO - 26/04/29 14:27:19 INFO DAGScheduler: Submitting ShuffleMapStage 3 (MapPartitionsRDD[13] at count at NativeMethodAccessorImpl.java:0), which has no missing parents
[2026-04-29T14:27:19.213+0000] {subprocess.py:106} INFO - 26/04/29 14:27:19 INFO MemoryStore: Block broadcast_6 stored as values in memory (estimated size 17.0 KiB, free 434.1 MiB)
[2026-04-29T14:27:19.230+0000] {subprocess.py:106} INFO - 26/04/29 14:27:19 INFO MemoryStore: Block broadcast_6_piece0 stored as bytes in memory (estimated size 8.3 KiB, free 434.1 MiB)
[2026-04-29T14:27:19.236+0000] {subprocess.py:106} INFO - 26/04/29 14:27:19 INFO BlockManagerInfo: Added broadcast_6_piece0 in memory on 172.30.1.13:38743 (size: 8.3 KiB, free: 434.4 MiB)
[2026-04-29T14:27:19.238+0000] {subprocess.py:106} INFO - 26/04/29 14:27:19 INFO SparkContext: Created broadcast 6 from broadcast at DAGScheduler.scala:1580
[2026-04-29T14:27:19.244+0000] {subprocess.py:106} INFO - 26/04/29 14:27:19 INFO DAGScheduler: Submitting 3 missing tasks from ShuffleMapStage 3 (MapPartitionsRDD[13] at count at NativeMethodAccessorImpl.java:0) (first 15 tasks are for partitions Vector(0, 1, 2))
[2026-04-29T14:27:19.245+0000] {subprocess.py:106} INFO - 26/04/29 14:27:19 INFO YarnScheduler: Adding task set 3.0 with 3 tasks resource profile 0
[2026-04-29T14:27:19.247+0000] {subprocess.py:106} INFO - 26/04/29 14:27:19 INFO TaskSetManager: Starting task 0.0 in stage 3.0 (TID 94) (5b0353f352af, executor 2, partition 0, PROCESS_LOCAL, 12313 bytes)
[2026-04-29T14:27:19.248+0000] {subprocess.py:106} INFO - 26/04/29 14:27:19 INFO TaskSetManager: Starting task 1.0 in stage 3.0 (TID 95) (1175ad6b07ce, executor 1, partition 1, PROCESS_LOCAL, 12313 bytes)
[2026-04-29T14:27:19.284+0000] {subprocess.py:106} INFO - 26/04/29 14:27:19 INFO BlockManagerInfo: Added broadcast_6_piece0 in memory on 1175ad6b07ce:44835 (size: 8.3 KiB, free: 366.3 MiB)
[2026-04-29T14:27:19.336+0000] {subprocess.py:106} INFO - 26/04/29 14:27:19 INFO BlockManagerInfo: Added broadcast_6_piece0 in memory on 5b0353f352af:46343 (size: 8.3 KiB, free: 366.3 MiB)
[2026-04-29T14:27:19.486+0000] {subprocess.py:106} INFO - 26/04/29 14:27:19 INFO BlockManagerInfo: Added broadcast_5_piece0 in memory on 1175ad6b07ce:44835 (size: 34.8 KiB, free: 366.3 MiB)
[2026-04-29T14:27:19.648+0000] {subprocess.py:106} INFO - 26/04/29 14:27:19 INFO BlockManagerInfo: Added broadcast_5_piece0 in memory on 5b0353f352af:46343 (size: 34.8 KiB, free: 366.3 MiB)
[2026-04-29T14:27:20.955+0000] {subprocess.py:106} INFO - 26/04/29 14:27:20 INFO TaskSetManager: Starting task 2.0 in stage 3.0 (TID 96) (1175ad6b07ce, executor 1, partition 2, PROCESS_LOCAL, 11527 bytes)
[2026-04-29T14:27:20.961+0000] {subprocess.py:106} INFO - 26/04/29 14:27:20 INFO TaskSetManager: Finished task 1.0 in stage 3.0 (TID 95) in 1713 ms on 1175ad6b07ce (executor 1) (1/3)
[2026-04-29T14:27:21.165+0000] {subprocess.py:106} INFO - 26/04/29 14:27:21 INFO TaskSetManager: Finished task 0.0 in stage 3.0 (TID 94) in 1921 ms on 5b0353f352af (executor 2) (2/3)
[2026-04-29T14:27:22.497+0000] {subprocess.py:106} INFO - 26/04/29 14:27:22 INFO TaskSetManager: Finished task 2.0 in stage 3.0 (TID 96) in 1542 ms on 1175ad6b07ce (executor 1) (3/3)
[2026-04-29T14:27:22.500+0000] {subprocess.py:106} INFO - 26/04/29 14:27:22 INFO YarnScheduler: Removed TaskSet 3.0, whose tasks have all completed, from pool
[2026-04-29T14:27:22.501+0000] {subprocess.py:106} INFO - 26/04/29 14:27:22 INFO DAGScheduler: ShuffleMapStage 3 (count at NativeMethodAccessorImpl.java:0) finished in 3.310 s
[2026-04-29T14:27:22.504+0000] {subprocess.py:106} INFO - 26/04/29 14:27:22 INFO DAGScheduler: looking for newly runnable stages
[2026-04-29T14:27:22.505+0000] {subprocess.py:106} INFO - 26/04/29 14:27:22 INFO DAGScheduler: running: Set()
[2026-04-29T14:27:22.506+0000] {subprocess.py:106} INFO - 26/04/29 14:27:22 INFO DAGScheduler: waiting: Set()
[2026-04-29T14:27:22.507+0000] {subprocess.py:106} INFO - 26/04/29 14:27:22 INFO DAGScheduler: failed: Set()
[2026-04-29T14:27:22.582+0000] {subprocess.py:106} INFO - 26/04/29 14:27:22 INFO CodeGenerator: Code generated in 22.67114 ms
[2026-04-29T14:27:22.629+0000] {subprocess.py:106} INFO - 26/04/29 14:27:22 INFO SparkContext: Starting job: count at NativeMethodAccessorImpl.java:0
[2026-04-29T14:27:22.633+0000] {subprocess.py:106} INFO - 26/04/29 14:27:22 INFO DAGScheduler: Got job 4 (count at NativeMethodAccessorImpl.java:0) with 1 output partitions
[2026-04-29T14:27:22.636+0000] {subprocess.py:106} INFO - 26/04/29 14:27:22 INFO DAGScheduler: Final stage: ResultStage 5 (count at NativeMethodAccessorImpl.java:0)
[2026-04-29T14:27:22.637+0000] {subprocess.py:106} INFO - 26/04/29 14:27:22 INFO DAGScheduler: Parents of final stage: List(ShuffleMapStage 4)
[2026-04-29T14:27:22.638+0000] {subprocess.py:106} INFO - 26/04/29 14:27:22 INFO DAGScheduler: Missing parents: List()
[2026-04-29T14:27:22.639+0000] {subprocess.py:106} INFO - 26/04/29 14:27:22 INFO DAGScheduler: Submitting ResultStage 5 (MapPartitionsRDD[16] at count at NativeMethodAccessorImpl.java:0), which has no missing parents
[2026-04-29T14:27:22.654+0000] {subprocess.py:106} INFO - 26/04/29 14:27:22 INFO MemoryStore: Block broadcast_7 stored as values in memory (estimated size 12.5 KiB, free 434.1 MiB)
[2026-04-29T14:27:22.667+0000] {subprocess.py:106} INFO - 26/04/29 14:27:22 INFO MemoryStore: Block broadcast_7_piece0 stored as bytes in memory (estimated size 5.9 KiB, free 434.1 MiB)
[2026-04-29T14:27:22.671+0000] {subprocess.py:106} INFO - 26/04/29 14:27:22 INFO BlockManagerInfo: Added broadcast_7_piece0 in memory on 172.30.1.13:38743 (size: 5.9 KiB, free: 434.4 MiB)
[2026-04-29T14:27:22.673+0000] {subprocess.py:106} INFO - 26/04/29 14:27:22 INFO BlockManagerInfo: Removed broadcast_6_piece0 on 172.30.1.13:38743 in memory (size: 8.3 KiB, free: 434.4 MiB)
[2026-04-29T14:27:22.675+0000] {subprocess.py:106} INFO - 26/04/29 14:27:22 INFO SparkContext: Created broadcast 7 from broadcast at DAGScheduler.scala:1580
[2026-04-29T14:27:22.677+0000] {subprocess.py:106} INFO - 26/04/29 14:27:22 INFO DAGScheduler: Submitting 1 missing tasks from ResultStage 5 (MapPartitionsRDD[16] at count at NativeMethodAccessorImpl.java:0) (first 15 tasks are for partitions Vector(0))
[2026-04-29T14:27:22.678+0000] {subprocess.py:106} INFO - 26/04/29 14:27:22 INFO YarnScheduler: Adding task set 5.0 with 1 tasks resource profile 0
[2026-04-29T14:27:22.679+0000] {subprocess.py:106} INFO - 26/04/29 14:27:22 INFO BlockManagerInfo: Removed broadcast_6_piece0 on 1175ad6b07ce:44835 in memory (size: 8.3 KiB, free: 366.3 MiB)
[2026-04-29T14:27:22.680+0000] {subprocess.py:106} INFO - 26/04/29 14:27:22 INFO BlockManagerInfo: Removed broadcast_6_piece0 on 5b0353f352af:46343 in memory (size: 8.3 KiB, free: 366.3 MiB)
[2026-04-29T14:27:22.690+0000] {subprocess.py:106} INFO - 26/04/29 14:27:22 INFO TaskSetManager: Starting task 0.0 in stage 5.0 (TID 97) (5b0353f352af, executor 2, partition 0, NODE_LOCAL, 7626 bytes)
[2026-04-29T14:27:22.735+0000] {subprocess.py:106} INFO - 26/04/29 14:27:22 INFO BlockManagerInfo: Added broadcast_7_piece0 in memory on 5b0353f352af:46343 (size: 5.9 KiB, free: 366.3 MiB)
[2026-04-29T14:27:22.789+0000] {subprocess.py:106} INFO - 26/04/29 14:27:22 INFO MapOutputTrackerMasterEndpoint: Asked to send map output locations for shuffle 0 to 172.30.1.26:38628
[2026-04-29T14:27:23.061+0000] {subprocess.py:106} INFO - 26/04/29 14:27:23 INFO TaskSetManager: Finished task 0.0 in stage 5.0 (TID 97) in 370 ms on 5b0353f352af (executor 2) (1/1)
[2026-04-29T14:27:23.063+0000] {subprocess.py:106} INFO - 26/04/29 14:27:23 INFO YarnScheduler: Removed TaskSet 5.0, whose tasks have all completed, from pool
[2026-04-29T14:27:23.065+0000] {subprocess.py:106} INFO - 26/04/29 14:27:23 INFO DAGScheduler: ResultStage 5 (count at NativeMethodAccessorImpl.java:0) finished in 0.408 s
[2026-04-29T14:27:23.067+0000] {subprocess.py:106} INFO - 26/04/29 14:27:23 INFO DAGScheduler: Job 4 is finished. Cancelling potential speculative or zombie tasks for this job
[2026-04-29T14:27:23.068+0000] {subprocess.py:106} INFO - 26/04/29 14:27:23 INFO YarnScheduler: Killing all running tasks in stage 5: Stage finished
[2026-04-29T14:27:23.070+0000] {subprocess.py:106} INFO - 26/04/29 14:27:23 INFO DAGScheduler: Job 4 finished: count at NativeMethodAccessorImpl.java:0, took 0.437280 s
[2026-04-29T14:27:23.074+0000] {subprocess.py:106} INFO - 891
[2026-04-29T14:27:23.205+0000] {subprocess.py:106} INFO - 26/04/29 14:27:23 INFO FileSourceStrategy: Pushed Filters:
[2026-04-29T14:27:23.206+0000] {subprocess.py:106} INFO - 26/04/29 14:27:23 INFO FileSourceStrategy: Post-Scan Filters:
[2026-04-29T14:27:23.294+0000] {subprocess.py:106} INFO - 26/04/29 14:27:23 INFO ParquetUtils: Using default output committer for Parquet: org.apache.parquet.hadoop.ParquetOutputCommitter
[2026-04-29T14:27:23.350+0000] {subprocess.py:106} INFO - 26/04/29 14:27:23 INFO FileOutputCommitter: File Output Committer Algorithm version is 1
[2026-04-29T14:27:23.352+0000] {subprocess.py:106} INFO - 26/04/29 14:27:23 INFO FileOutputCommitter: FileOutputCommitter skip cleanup _temporary folders under output directory:false, ignore cleanup failures: false
[2026-04-29T14:27:23.354+0000] {subprocess.py:106} INFO - 26/04/29 14:27:23 INFO SQLHadoopMapReduceCommitProtocol: Using user defined output committer class org.apache.parquet.hadoop.ParquetOutputCommitter
[2026-04-29T14:27:23.358+0000] {subprocess.py:106} INFO - 26/04/29 14:27:23 INFO FileOutputCommitter: File Output Committer Algorithm version is 1
[2026-04-29T14:27:23.359+0000] {subprocess.py:106} INFO - 26/04/29 14:27:23 INFO FileOutputCommitter: FileOutputCommitter skip cleanup _temporary folders under output directory:false, ignore cleanup failures: false
[2026-04-29T14:27:23.362+0000] {subprocess.py:106} INFO - 26/04/29 14:27:23 INFO SQLHadoopMapReduceCommitProtocol: Using output committer class org.apache.parquet.hadoop.ParquetOutputCommitter
[2026-04-29T14:27:23.369+0000] {subprocess.py:106} INFO - 26/04/29 14:27:23 INFO MemoryStore: Block broadcast_8 stored as values in memory (estimated size 204.3 KiB, free 433.9 MiB)
[2026-04-29T14:27:23.390+0000] {subprocess.py:106} INFO - 26/04/29 14:27:23 INFO BlockManagerInfo: Removed broadcast_5_piece0 on 172.30.1.13:38743 in memory (size: 34.8 KiB, free: 434.4 MiB)
[2026-04-29T14:27:23.394+0000] {subprocess.py:106} INFO - 26/04/29 14:27:23 INFO BlockManagerInfo: Removed broadcast_5_piece0 on 1175ad6b07ce:44835 in memory (size: 34.8 KiB, free: 366.3 MiB)
[2026-04-29T14:27:23.396+0000] {subprocess.py:106} INFO - 26/04/29 14:27:23 INFO MemoryStore: Block broadcast_8_piece0 stored as bytes in memory (estimated size 34.8 KiB, free 434.1 MiB)
[2026-04-29T14:27:23.397+0000] {subprocess.py:106} INFO - 26/04/29 14:27:23 INFO BlockManagerInfo: Removed broadcast_5_piece0 on 5b0353f352af:46343 in memory (size: 34.8 KiB, free: 366.3 MiB)
[2026-04-29T14:27:23.399+0000] {subprocess.py:106} INFO - 26/04/29 14:27:23 INFO BlockManagerInfo: Added broadcast_8_piece0 in memory on 172.30.1.13:38743 (size: 34.8 KiB, free: 434.4 MiB)
[2026-04-29T14:27:23.403+0000] {subprocess.py:106} INFO - 26/04/29 14:27:23 INFO SparkContext: Created broadcast 8 from save at NativeMethodAccessorImpl.java:0
[2026-04-29T14:27:23.405+0000] {subprocess.py:106} INFO - 26/04/29 14:27:23 INFO FileSourceScanExec: Planning scan with bin packing, max size: 134217728 bytes, open cost is considered as scanning 4194304 bytes.
[2026-04-29T14:27:23.415+0000] {subprocess.py:106} INFO - 26/04/29 14:27:23 INFO BlockManagerInfo: Removed broadcast_7_piece0 on 172.30.1.13:38743 in memory (size: 5.9 KiB, free: 434.4 MiB)
[2026-04-29T14:27:23.423+0000] {subprocess.py:106} INFO - 26/04/29 14:27:23 INFO BlockManagerInfo: Removed broadcast_7_piece0 on 5b0353f352af:46343 in memory (size: 5.9 KiB, free: 366.3 MiB)
[2026-04-29T14:27:23.463+0000] {subprocess.py:106} INFO - 26/04/29 14:27:23 INFO SparkContext: Starting job: save at NativeMethodAccessorImpl.java:0
[2026-04-29T14:27:23.468+0000] {subprocess.py:106} INFO - 26/04/29 14:27:23 INFO DAGScheduler: Got job 5 (save at NativeMethodAccessorImpl.java:0) with 3 output partitions
[2026-04-29T14:27:23.470+0000] {subprocess.py:106} INFO - 26/04/29 14:27:23 INFO DAGScheduler: Final stage: ResultStage 6 (save at NativeMethodAccessorImpl.java:0)
[2026-04-29T14:27:23.471+0000] {subprocess.py:106} INFO - 26/04/29 14:27:23 INFO DAGScheduler: Parents of final stage: List()
[2026-04-29T14:27:23.472+0000] {subprocess.py:106} INFO - 26/04/29 14:27:23 INFO DAGScheduler: Missing parents: List()
[2026-04-29T14:27:23.474+0000] {subprocess.py:106} INFO - 26/04/29 14:27:23 INFO DAGScheduler: Submitting ResultStage 6 (MapPartitionsRDD[19] at save at NativeMethodAccessorImpl.java:0), which has no missing parents
[2026-04-29T14:27:23.513+0000] {subprocess.py:106} INFO - 26/04/29 14:27:23 INFO MemoryStore: Block broadcast_9 stored as values in memory (estimated size 216.3 KiB, free 434.0 MiB)
[2026-04-29T14:27:23.525+0000] {subprocess.py:106} INFO - 26/04/29 14:27:23 INFO MemoryStore: Block broadcast_9_piece0 stored as bytes in memory (estimated size 78.0 KiB, free 433.9 MiB)
[2026-04-29T14:27:23.528+0000] {subprocess.py:106} INFO - 26/04/29 14:27:23 INFO BlockManagerInfo: Added broadcast_9_piece0 in memory on 172.30.1.13:38743 (size: 78.0 KiB, free: 434.3 MiB)
[2026-04-29T14:27:23.530+0000] {subprocess.py:106} INFO - 26/04/29 14:27:23 INFO SparkContext: Created broadcast 9 from broadcast at DAGScheduler.scala:1580
[2026-04-29T14:27:23.532+0000] {subprocess.py:106} INFO - 26/04/29 14:27:23 INFO DAGScheduler: Submitting 3 missing tasks from ResultStage 6 (MapPartitionsRDD[19] at save at NativeMethodAccessorImpl.java:0) (first 15 tasks are for partitions Vector(0, 1, 2))
[2026-04-29T14:27:23.533+0000] {subprocess.py:106} INFO - 26/04/29 14:27:23 INFO YarnScheduler: Adding task set 6.0 with 3 tasks resource profile 0
[2026-04-29T14:27:23.535+0000] {subprocess.py:106} INFO - 26/04/29 14:27:23 INFO TaskSetManager: Starting task 0.0 in stage 6.0 (TID 98) (5b0353f352af, executor 2, partition 0, PROCESS_LOCAL, 12324 bytes)
[2026-04-29T14:27:23.536+0000] {subprocess.py:106} INFO - 26/04/29 14:27:23 INFO TaskSetManager: Starting task 1.0 in stage 6.0 (TID 99) (1175ad6b07ce, executor 1, partition 1, PROCESS_LOCAL, 12324 bytes)
[2026-04-29T14:27:23.571+0000] {subprocess.py:106} INFO - 26/04/29 14:27:23 INFO BlockManagerInfo: Added broadcast_9_piece0 in memory on 1175ad6b07ce:44835 (size: 78.0 KiB, free: 366.2 MiB)
[2026-04-29T14:27:23.572+0000] {subprocess.py:106} INFO - 26/04/29 14:27:23 INFO BlockManagerInfo: Added broadcast_9_piece0 in memory on 5b0353f352af:46343 (size: 78.0 KiB, free: 366.2 MiB)
[2026-04-29T14:27:22.552+0000] {subprocess.py:106} INFO - 26/04/29 14:27:22 INFO BlockManagerInfo: Added broadcast_8_piece0 in memory on 1175ad6b07ce:44835 (size: 34.8 KiB, free: 366.2 MiB)
[2026-04-29T14:27:24.182+0000] {subprocess.py:106} INFO - 26/04/29 14:27:24 INFO BlockManagerInfo: Added broadcast_8_piece0 in memory on 5b0353f352af:46343 (size: 34.8 KiB, free: 366.2 MiB)
[2026-04-29T14:27:26.397+0000] {subprocess.py:106} INFO - 26/04/29 14:27:26 INFO TaskSetManager: Starting task 2.0 in stage 6.0 (TID 100) (1175ad6b07ce, executor 1, partition 2, PROCESS_LOCAL, 11538 bytes)
[2026-04-29T14:27:26.406+0000] {subprocess.py:106} INFO - 26/04/29 14:27:26 INFO TaskSetManager: Finished task 1.0 in stage 6.0 (TID 99) in 2870 ms on 1175ad6b07ce (executor 1) (1/3)
[2026-04-29T14:27:26.783+0000] {subprocess.py:106} INFO - 26/04/29 14:27:26 INFO TaskSetManager: Finished task 0.0 in stage 6.0 (TID 98) in 3244 ms on 5b0353f352af (executor 2) (2/3)
[2026-04-29T14:27:28.383+0000] {subprocess.py:106} INFO - 26/04/29 14:27:28 INFO TaskSetManager: Finished task 2.0 in stage 6.0 (TID 100) in 1985 ms on 1175ad6b07ce (executor 1) (3/3)
[2026-04-29T14:27:28.385+0000] {subprocess.py:106} INFO - 26/04/29 14:27:28 INFO YarnScheduler: Removed TaskSet 6.0, whose tasks have all completed, from pool
[2026-04-29T14:27:28.386+0000] {subprocess.py:106} INFO - 26/04/29 14:27:28 INFO DAGScheduler: ResultStage 6 (save at NativeMethodAccessorImpl.java:0) finished in 4.907 s
[2026-04-29T14:27:28.387+0000] {subprocess.py:106} INFO - 26/04/29 14:27:28 INFO DAGScheduler: Job 5 is finished. Cancelling potential speculative or zombie tasks for this job
[2026-04-29T14:27:28.388+0000] {subprocess.py:106} INFO - 26/04/29 14:27:28 INFO YarnScheduler: Killing all running tasks in stage 6: Stage finished
[2026-04-29T14:27:28.389+0000] {subprocess.py:106} INFO - 26/04/29 14:27:28 INFO DAGScheduler: Job 5 finished: save at NativeMethodAccessorImpl.java:0, took 7.184917 s
[2026-04-29T14:27:28.390+0000] {subprocess.py:106} INFO - 26/04/29 14:27:28 INFO FileFormatWriter: Start to commit write Job 80d05d95-d227-4f72-b954-9a918915a711.
[2026-04-29T14:27:28.468+0000] {subprocess.py:106} INFO - 26/04/29 14:27:28 INFO FileFormatWriter: Write Job 80d05d95-d227-4f72-b954-9a918915a711 committed. Elapsed time: 79 ms.
[2026-04-29T14:27:28.474+0000] {subprocess.py:106} INFO - 26/04/29 14:27:28 INFO FileFormatWriter: Finished processing stats for write job 80d05d95-d227-4f72-b954-9a918915a711.
[2026-04-29T14:27:28.480+0000] {subprocess.py:106} INFO - Data written to Bronze Layer in HDFS
[2026-04-29T14:27:28.574+0000] {subprocess.py:106} INFO - 26/04/29 14:27:28 INFO SparkContext: Invoking stop() from shutdown hook
[2026-04-29T14:27:28.575+0000] {subprocess.py:106} INFO - 26/04/29 14:27:28 INFO SparkContext: SparkContext is stopping with exitCode 0.
[2026-04-29T14:27:28.591+0000] {subprocess.py:106} INFO - 26/04/29 14:27:28 INFO SparkUI: Stopped Spark web UI at http://172.30.1.13:4041
[2026-04-29T14:27:28.612+0000] {subprocess.py:106} INFO - 26/04/29 14:27:28 INFO YarnClientSchedulerBackend: Interrupting monitor thread
[2026-04-29T14:27:28.642+0000] {subprocess.py:106} INFO - 26/04/29 14:27:28 INFO YarnClientSchedulerBackend: Shutting down all executors
[2026-04-29T14:27:28.644+0000] {subprocess.py:106} INFO - 26/04/29 14:27:28 INFO YarnSchedulerBackend$YarnDriverEndpoint: Asking each executor to shut down
[2026-04-29T14:27:28.650+0000] {subprocess.py:106} INFO - 26/04/29 14:27:28 INFO YarnClientSchedulerBackend: YARN client scheduler backend Stopped
[2026-04-29T14:27:28.667+0000] {subprocess.py:106} INFO - 26/04/29 14:27:28 INFO MapOutputTrackerMasterEndpoint: MapOutputTrackerMasterEndpoint stopped!
[2026-04-29T14:27:28.702+0000] {subprocess.py:106} INFO - 26/04/29 14:27:28 INFO MemoryStore: MemoryStore cleared
[2026-04-29T14:27:28.706+0000] {subprocess.py:106} INFO - 26/04/29 14:27:28 INFO BlockManager: BlockManager stopped
[2026-04-29T14:27:28.708+0000] {subprocess.py:106} INFO - 26/04/29 14:27:28 INFO BlockManagerMaster: BlockManagerMaster stopped
[2026-04-29T14:27:28.714+0000] {subprocess.py:106} INFO - 26/04/29 14:27:28 INFO OutputCommitCoordinator$OutputCommitCoordinatorEndpoint: OutputCommitCoordinator stopped!
[2026-04-29T14:27:28.762+0000] {subprocess.py:106} INFO - 26/04/29 14:27:28 INFO SparkContext: Successfully stopped SparkContext
[2026-04-29T14:27:28.764+0000] {subprocess.py:106} INFO - 26/04/29 14:27:28 INFO ShutdownHookManager: Shutdown hook called
[2026-04-29T14:27:28.766+0000] {subprocess.py:106} INFO - 26/04/29 14:27:28 INFO ShutdownHookManager: Deleting directory /tmp/spark-3f501ba5-29b6-4ae2-8d31-d206930fc46b
[2026-04-29T14:27:28.778+0000] {subprocess.py:106} INFO - 26/04/29 14:27:28 INFO ShutdownHookManager: Deleting directory /tmp/spark-3f501ba5-29b6-4ae2-8d31-d206930fc46b/pyspark-c367f661-c708-4da3-bb8c-fae71113efa5
[2026-04-29T14:27:28.787+0000] {subprocess.py:106} INFO - 26/04/29 14:27:28 INFO ShutdownHookManager: Deleting directory /tmp/spark-b892b2ac-6e63-4eb5-9417-7136f13e7193
[2026-04-29T14:27:29.094+0000] {subprocess.py:110} INFO - Command exited with return code 0
[2026-04-29T14:27:29.156+0000] {taskinstance.py:340} INFO - ::group::Post task execution logs
[2026-04-29T14:27:29.158+0000] {taskinstance.py:352} INFO - Marking task as SUCCESS. dag_id=titanic_dag, task_id=extraction, run_id=manual__2026-04-29T14:25:07.769618+00:00, execution_date=20260429T142507, start_date=20260429T142516, end_date=20260429T142729
[2026-04-29T14:27:29.231+0000] {local_task_job_runner.py:266} INFO - Task exited with return code 0
[2026-04-29T14:27:29.278+0000] {taskinstance.py:3895} INFO - 1 downstream tasks scheduled from follow-on schedule check
[2026-04-29T14:27:29.283+0000] {local_task_job_runner.py:245} INFO - ::endgroup::
