[2026-04-16T12:46:28.138+0000] {local_task_job_runner.py:123} INFO - ::group::Pre task execution logs
[2026-04-16T12:46:28.152+0000] {taskinstance.py:2613} INFO - Dependencies all met for dep_context=non-requeueable deps ti=<TaskInstance: titanic_dag.upload_to_hdfs manual__2026-04-16T12:46:25.090385+00:00 [queued]>
[2026-04-16T12:46:28.158+0000] {taskinstance.py:2613} INFO - Dependencies all met for dep_context=requeueable deps ti=<TaskInstance: titanic_dag.upload_to_hdfs manual__2026-04-16T12:46:25.090385+00:00 [queued]>
[2026-04-16T12:46:28.159+0000] {taskinstance.py:2866} INFO - Starting attempt 1 of 1
[2026-04-16T12:46:28.170+0000] {taskinstance.py:2889} INFO - Executing <Task(BashOperator): upload_to_hdfs> on 2026-04-16 12:46:25.090385+00:00
[2026-04-16T12:46:28.174+0000] {standard_task_runner.py:72} INFO - Started process 2003 to run task
[2026-04-16T12:46:28.178+0000] {standard_task_runner.py:104} INFO - Running: ['***', 'tasks', 'run', 'titanic_dag', 'upload_to_hdfs', 'manual__2026-04-16T12:46:25.090385+00:00', '--job-id', '65', '--raw', '--subdir', 'DAGS_FOLDER/titanic_dag.py', '--cfg-path', '/tmp/tmpx2qgt7pv']
[2026-04-16T12:46:28.180+0000] {standard_task_runner.py:105} INFO - Job 65: Subtask upload_to_hdfs
[2026-04-16T12:46:28.236+0000] {task_command.py:467} INFO - Running <TaskInstance: titanic_dag.upload_to_hdfs manual__2026-04-16T12:46:25.090385+00:00 [running]> on host 336e2b210568
[2026-04-16T12:46:28.308+0000] {taskinstance.py:3132} INFO - Exporting env vars: AIRFLOW_CTX_DAG_OWNER='***' AIRFLOW_CTX_DAG_ID='titanic_dag' AIRFLOW_CTX_TASK_ID='upload_to_hdfs' AIRFLOW_CTX_EXECUTION_DATE='2026-04-16T12:46:25.090385+00:00' AIRFLOW_CTX_TRY_NUMBER='1' AIRFLOW_CTX_DAG_RUN_ID='manual__2026-04-16T12:46:25.090385+00:00'
[2026-04-16T12:46:28.309+0000] {taskinstance.py:731} INFO - ::endgroup::
[2026-04-16T12:46:28.322+0000] {subprocess.py:78} INFO - Tmp dir root location: /tmp
[2026-04-16T12:46:28.324+0000] {subprocess.py:88} INFO - Running command: ['/usr/bin/bash', '-c', '\n        hdfs dfs -fs hdfs://hadoop-namenode:9000 -mkdir -p /user/***/titanic\n\n        hdfs dfs -fs hdfs://hadoop-namenode:9000 -put -f /opt/***/data/Titanic-Dataset.csv /user/***/titanic/\n        ']
[2026-04-16T12:46:28.333+0000] {subprocess.py:99} INFO - Output:
[2026-04-16T12:46:31.385+0000] {subprocess.py:110} INFO - Command exited with return code 0
[2026-04-16T12:46:31.409+0000] {taskinstance.py:340} INFO - ::group::Post task execution logs
[2026-04-16T12:46:31.410+0000] {taskinstance.py:352} INFO - Marking task as SUCCESS. dag_id=titanic_dag, task_id=upload_to_hdfs, run_id=manual__2026-04-16T12:46:25.090385+00:00, execution_date=20260416T124625, start_date=20260416T124628, end_date=20260416T124631
[2026-04-16T12:46:31.880+0000] {local_task_job_runner.py:266} INFO - Task exited with return code 0
[2026-04-16T12:46:31.900+0000] {taskinstance.py:3895} INFO - 1 downstream tasks scheduled from follow-on schedule check
[2026-04-16T12:46:31.902+0000] {local_task_job_runner.py:245} INFO - ::endgroup::
