[2026-04-29T15:22:00.708+0000] {local_task_job_runner.py:123} INFO - ::group::Pre task execution logs
[2026-04-29T15:22:00.746+0000] {taskinstance.py:2613} INFO - Dependencies all met for dep_context=non-requeueable deps ti=<TaskInstance: titanic_dag.extraction manual__2026-04-29T15:21:50.474689+00:00 [queued]>
[2026-04-29T15:22:00.764+0000] {taskinstance.py:2613} INFO - Dependencies all met for dep_context=requeueable deps ti=<TaskInstance: titanic_dag.extraction manual__2026-04-29T15:21:50.474689+00:00 [queued]>
[2026-04-29T15:22:00.766+0000] {taskinstance.py:2866} INFO - Starting attempt 1 of 1
[2026-04-29T15:22:00.796+0000] {taskinstance.py:2889} INFO - Executing <Task(BashOperator): extraction> on 2026-04-29 15:21:50.474689+00:00
[2026-04-29T15:22:00.809+0000] {standard_task_runner.py:72} INFO - Started process 1541 to run task
[2026-04-29T15:22:00.817+0000] {standard_task_runner.py:104} INFO - Running: ['***', 'tasks', 'run', 'titanic_dag', 'extraction', 'manual__2026-04-29T15:21:50.474689+00:00', '--job-id', '202', '--raw', '--subdir', 'DAGS_FOLDER/titanic_dag.py', '--cfg-path', '/tmp/tmpsma0dyfy']
[2026-04-29T15:22:00.823+0000] {standard_task_runner.py:105} INFO - Job 202: Subtask extraction
[2026-04-29T15:22:00.965+0000] {task_command.py:467} INFO - Running <TaskInstance: titanic_dag.extraction manual__2026-04-29T15:21:50.474689+00:00 [running]> on host 9fbda7c5f6bc
[2026-04-29T15:22:01.170+0000] {taskinstance.py:3132} INFO - Exporting env vars: AIRFLOW_CTX_DAG_OWNER='***' AIRFLOW_CTX_DAG_ID='titanic_dag' AIRFLOW_CTX_TASK_ID='extraction' AIRFLOW_CTX_EXECUTION_DATE='2026-04-29T15:21:50.474689+00:00' AIRFLOW_CTX_TRY_NUMBER='1' AIRFLOW_CTX_DAG_RUN_ID='manual__2026-04-29T15:21:50.474689+00:00'
[2026-04-29T15:22:01.172+0000] {taskinstance.py:731} INFO - ::endgroup::
[2026-04-29T15:22:01.235+0000] {subprocess.py:78} INFO - Tmp dir root location: /tmp
[2026-04-29T15:22:01.239+0000] {subprocess.py:88} INFO - Running command: ['/usr/bin/bash', '-c', '\n        docker exec spark-jupyter spark-submit /home/jovyan/work/Scripts/extraction.py\n        ']
[2026-04-29T15:22:01.267+0000] {subprocess.py:99} INFO - Output:
[2026-04-29T15:22:06.183+0000] {subprocess.py:106} INFO - 26/04/29 15:22:06 INFO SparkContext: Running Spark version 3.5.0
[2026-04-29T15:22:06.189+0000] {subprocess.py:106} INFO - 26/04/29 15:22:06 INFO SparkContext: OS info Linux, 6.6.87.2-microsoft-standard-WSL2, amd64
[2026-04-29T15:22:06.190+0000] {subprocess.py:106} INFO - 26/04/29 15:22:06 INFO SparkContext: Java version 17.0.8.1
[2026-04-29T15:22:06.302+0000] {subprocess.py:106} INFO - 26/04/29 15:22:06 WARN NativeCodeLoader: Unable to load native-hadoop library for your platform... using builtin-java classes where applicable
[2026-04-29T15:22:06.488+0000] {subprocess.py:106} INFO - 26/04/29 15:22:06 INFO ResourceUtils: ==============================================================
[2026-04-29T15:22:06.489+0000] {subprocess.py:106} INFO - 26/04/29 15:22:06 INFO ResourceUtils: No custom resources configured for spark.driver.
[2026-04-29T15:22:06.490+0000] {subprocess.py:106} INFO - 26/04/29 15:22:06 INFO ResourceUtils: ==============================================================
[2026-04-29T15:22:06.492+0000] {subprocess.py:106} INFO - 26/04/29 15:22:06 INFO SparkContext: Submitted application: BronzeLayerIngestion
[2026-04-29T15:22:06.533+0000] {subprocess.py:106} INFO - 26/04/29 15:22:06 INFO ResourceProfile: Default ResourceProfile created, executor resources: Map(cores -> name: cores, amount: 1, script: , vendor: , memory -> name: memory, amount: 1024, script: , vendor: , offHeap -> name: offHeap, amount: 0, script: , vendor: ), task resources: Map(cpus -> name: cpus, amount: 1.0)
[2026-04-29T15:22:06.550+0000] {subprocess.py:106} INFO - 26/04/29 15:22:06 INFO ResourceProfile: Limiting resource is cpus at 1 tasks per executor
[2026-04-29T15:22:06.554+0000] {subprocess.py:106} INFO - 26/04/29 15:22:06 INFO ResourceProfileManager: Added ResourceProfile id: 0
[2026-04-29T15:22:06.673+0000] {subprocess.py:106} INFO - 26/04/29 15:22:06 INFO SecurityManager: Changing view acls to: root
[2026-04-29T15:22:06.675+0000] {subprocess.py:106} INFO - 26/04/29 15:22:06 INFO SecurityManager: Changing modify acls to: root
[2026-04-29T15:22:06.676+0000] {subprocess.py:106} INFO - 26/04/29 15:22:06 INFO SecurityManager: Changing view acls groups to:
[2026-04-29T15:22:06.678+0000] {subprocess.py:106} INFO - 26/04/29 15:22:06 INFO SecurityManager: Changing modify acls groups to:
[2026-04-29T15:22:06.679+0000] {subprocess.py:106} INFO - 26/04/29 15:22:06 INFO SecurityManager: SecurityManager: authentication disabled; ui acls disabled; users with view permissions: root; groups with view permissions: EMPTY; users with modify permissions: root; groups with modify permissions: EMPTY
[2026-04-29T15:22:07.241+0000] {subprocess.py:106} INFO - 26/04/29 15:22:07 INFO Utils: Successfully started service 'sparkDriver' on port 33431.
[2026-04-29T15:22:07.309+0000] {subprocess.py:106} INFO - 26/04/29 15:22:07 INFO SparkEnv: Registering MapOutputTracker
[2026-04-29T15:22:07.389+0000] {subprocess.py:106} INFO - 26/04/29 15:22:07 INFO SparkEnv: Registering BlockManagerMaster
[2026-04-29T15:22:07.427+0000] {subprocess.py:106} INFO - 26/04/29 15:22:07 INFO BlockManagerMasterEndpoint: Using org.apache.spark.storage.DefaultTopologyMapper for getting topology information
[2026-04-29T15:22:07.428+0000] {subprocess.py:106} INFO - 26/04/29 15:22:07 INFO BlockManagerMasterEndpoint: BlockManagerMasterEndpoint up
[2026-04-29T15:22:07.507+0000] {subprocess.py:106} INFO - 26/04/29 15:22:07 INFO SparkEnv: Registering BlockManagerMasterHeartbeat
[2026-04-29T15:22:07.559+0000] {subprocess.py:106} INFO - 26/04/29 15:22:07 INFO DiskBlockManager: Created local directory at /tmp/blockmgr-5133262d-22b8-4802-81c3-a99f4711d010
[2026-04-29T15:22:07.587+0000] {subprocess.py:106} INFO - 26/04/29 15:22:07 INFO MemoryStore: MemoryStore started with capacity 434.4 MiB
[2026-04-29T15:22:07.662+0000] {subprocess.py:106} INFO - 26/04/29 15:22:07 INFO SparkEnv: Registering OutputCommitCoordinator
[2026-04-29T15:22:07.912+0000] {subprocess.py:106} INFO - 26/04/29 15:22:07 INFO JettyUtils: Start Jetty 0.0.0.0:4040 for SparkUI
[2026-04-29T15:22:08.074+0000] {subprocess.py:106} INFO - 26/04/29 15:22:08 INFO Utils: Successfully started service 'SparkUI' on port 4040.
[2026-04-29T15:22:08.510+0000] {subprocess.py:106} INFO - 26/04/29 15:22:08 INFO DefaultNoHARMFailoverProxyProvider: Connecting to ResourceManager at resourcemanager/172.30.1.24:8032
[2026-04-29T15:22:09.713+0000] {subprocess.py:106} INFO - 26/04/29 15:22:09 INFO Configuration: resource-types.xml not found
[2026-04-29T15:22:09.717+0000] {subprocess.py:106} INFO - 26/04/29 15:22:09 INFO ResourceUtils: Unable to find 'resource-types.xml'.
[2026-04-29T15:22:09.737+0000] {subprocess.py:106} INFO - 26/04/29 15:22:09 INFO Client: Verifying our application has not requested more than the maximum memory capability of the cluster (8192 MB per container)
[2026-04-29T15:22:09.738+0000] {subprocess.py:106} INFO - 26/04/29 15:22:09 INFO Client: Will allocate AM container, with 896 MB memory including 384 MB overhead
[2026-04-29T15:22:09.740+0000] {subprocess.py:106} INFO - 26/04/29 15:22:09 INFO Client: Setting up container launch context for our AM
[2026-04-29T15:22:09.741+0000] {subprocess.py:106} INFO - 26/04/29 15:22:09 INFO Client: Setting up the launch environment for our AM container
[2026-04-29T15:22:09.752+0000] {subprocess.py:106} INFO - 26/04/29 15:22:09 INFO Client: Preparing resources for our AM container
[2026-04-29T15:22:09.831+0000] {subprocess.py:106} INFO - 26/04/29 15:22:09 WARN Client: Neither spark.yarn.jars nor spark.yarn.archive is set, falling back to uploading libraries under SPARK_HOME.
[2026-04-29T15:22:20.055+0000] {subprocess.py:106} INFO - 26/04/29 15:22:20 INFO Client: Uploading resource file:/tmp/spark-6b7caebb-278f-4e41-b262-d9489fd79b2e/__spark_libs__7311248146902195011.zip -> hdfs://hadoop-namenode:9000/user/root/.sparkStaging/application_1777473443879_0006/__spark_libs__7311248146902195011.zip
[2026-04-29T15:22:25.341+0000] {subprocess.py:106} INFO - 26/04/29 15:22:25 INFO Client: Uploading resource file:/tmp/spark-6b7caebb-278f-4e41-b262-d9489fd79b2e/__spark_conf__1462300863999588459.zip -> hdfs://hadoop-namenode:9000/user/root/.sparkStaging/application_1777473443879_0006/__spark_conf__.zip
[2026-04-29T15:22:25.422+0000] {subprocess.py:106} INFO - 26/04/29 15:22:25 INFO SecurityManager: Changing view acls to: root
[2026-04-29T15:22:25.424+0000] {subprocess.py:106} INFO - 26/04/29 15:22:25 INFO SecurityManager: Changing modify acls to: root
[2026-04-29T15:22:25.425+0000] {subprocess.py:106} INFO - 26/04/29 15:22:25 INFO SecurityManager: Changing view acls groups to:
[2026-04-29T15:22:25.426+0000] {subprocess.py:106} INFO - 26/04/29 15:22:25 INFO SecurityManager: Changing modify acls groups to:
[2026-04-29T15:22:25.427+0000] {subprocess.py:106} INFO - 26/04/29 15:22:25 INFO SecurityManager: SecurityManager: authentication disabled; ui acls disabled; users with view permissions: root; groups with view permissions: EMPTY; users with modify permissions: root; groups with modify permissions: EMPTY
[2026-04-29T15:22:25.452+0000] {subprocess.py:106} INFO - 26/04/29 15:22:25 INFO Client: Submitting application application_1777473443879_0006 to ResourceManager
[2026-04-29T15:22:25.572+0000] {subprocess.py:106} INFO - 26/04/29 15:22:25 INFO YarnClientImpl: Submitted application application_1777473443879_0006
[2026-04-29T15:22:26.612+0000] {subprocess.py:106} INFO - 26/04/29 15:22:26 INFO Client: Application report for application_1777473443879_0006 (state: ACCEPTED)
[2026-04-29T15:22:26.620+0000] {subprocess.py:106} INFO - 26/04/29 15:22:26 INFO Client:
[2026-04-29T15:22:26.625+0000] {subprocess.py:106} INFO - 	 client token: N/A
[2026-04-29T15:22:26.632+0000] {subprocess.py:106} INFO - 	 diagnostics: AM container is launched, waiting for AM container to Register with RM
[2026-04-29T15:22:26.648+0000] {subprocess.py:106} INFO - 	 ApplicationMaster host: N/A
[2026-04-29T15:22:26.650+0000] {subprocess.py:106} INFO - 	 ApplicationMaster RPC port: -1
[2026-04-29T15:22:26.651+0000] {subprocess.py:106} INFO - 	 queue: default
[2026-04-29T15:22:26.654+0000] {subprocess.py:106} INFO - 	 start time: 1777476145500
[2026-04-29T15:22:26.655+0000] {subprocess.py:106} INFO - 	 final status: UNDEFINED
[2026-04-29T15:22:26.656+0000] {subprocess.py:106} INFO - 	 tracking URL: http://resourcemanager:8088/proxy/application_1777473443879_0006/
[2026-04-29T15:22:26.657+0000] {subprocess.py:106} INFO - 	 user: root
[2026-04-29T15:22:41.134+0000] {subprocess.py:106} INFO - 26/04/29 15:22:41 INFO YarnClientSchedulerBackend: Add WebUI Filter. org.apache.hadoop.yarn.server.webproxy.amfilter.AmIpFilter, Map(PROXY_HOSTS -> resourcemanager, PROXY_URI_BASES -> http://resourcemanager:8088/proxy/application_1777473443879_0006), /proxy/application_1777473443879_0006
[2026-04-29T15:22:41.402+0000] {subprocess.py:106} INFO - 26/04/29 15:22:41 INFO Client: Application report for application_1777473443879_0006 (state: RUNNING)
[2026-04-29T15:22:41.404+0000] {subprocess.py:106} INFO - 26/04/29 15:22:41 INFO Client:
[2026-04-29T15:22:41.405+0000] {subprocess.py:106} INFO - 	 client token: N/A
[2026-04-29T15:22:41.406+0000] {subprocess.py:106} INFO - 	 diagnostics: N/A
[2026-04-29T15:22:41.407+0000] {subprocess.py:106} INFO - 	 ApplicationMaster host: 172.30.1.25
[2026-04-29T15:22:41.408+0000] {subprocess.py:106} INFO - 	 ApplicationMaster RPC port: -1
[2026-04-29T15:22:41.410+0000] {subprocess.py:106} INFO - 	 queue: default
[2026-04-29T15:22:41.411+0000] {subprocess.py:106} INFO - 	 start time: 1777476145500
[2026-04-29T15:22:41.413+0000] {subprocess.py:106} INFO - 	 final status: UNDEFINED
[2026-04-29T15:22:41.414+0000] {subprocess.py:106} INFO - 	 tracking URL: http://resourcemanager:8088/proxy/application_1777473443879_0006/
[2026-04-29T15:22:41.415+0000] {subprocess.py:106} INFO - 	 user: root
[2026-04-29T15:22:41.416+0000] {subprocess.py:106} INFO - 26/04/29 15:22:41 INFO YarnClientSchedulerBackend: Application application_1777473443879_0006 has started running.
[2026-04-29T15:22:41.428+0000] {subprocess.py:106} INFO - 26/04/29 15:22:41 INFO Utils: Successfully started service 'org.apache.spark.network.netty.NettyBlockTransferService' on port 38931.
[2026-04-29T15:22:41.430+0000] {subprocess.py:106} INFO - 26/04/29 15:22:41 INFO NettyBlockTransferService: Server created on 172.30.1.13 0.0.0.0:38931
[2026-04-29T15:22:41.432+0000] {subprocess.py:106} INFO - 26/04/29 15:22:41 INFO BlockManager: Using org.apache.spark.storage.RandomBlockReplicationPolicy for block replication policy
[2026-04-29T15:22:41.446+0000] {subprocess.py:106} INFO - 26/04/29 15:22:41 INFO BlockManagerMaster: Registering BlockManager BlockManagerId(driver, 172.30.1.13, 38931, None)
[2026-04-29T15:22:41.452+0000] {subprocess.py:106} INFO - 26/04/29 15:22:41 INFO BlockManagerMasterEndpoint: Registering block manager 172.30.1.13:38931 with 434.4 MiB RAM, BlockManagerId(driver, 172.30.1.13, 38931, None)
[2026-04-29T15:22:41.457+0000] {subprocess.py:106} INFO - 26/04/29 15:22:41 INFO BlockManagerMaster: Registered BlockManager BlockManagerId(driver, 172.30.1.13, 38931, None)
[2026-04-29T15:22:41.459+0000] {subprocess.py:106} INFO - 26/04/29 15:22:41 INFO BlockManager: Initialized BlockManager: BlockManagerId(driver, 172.30.1.13, 38931, None)
[2026-04-29T15:22:41.756+0000] {subprocess.py:106} INFO - 26/04/29 15:22:41 INFO ServerInfo: Adding filter to /jobs: org.apache.hadoop.yarn.server.webproxy.amfilter.AmIpFilter
[2026-04-29T15:22:41.771+0000] {subprocess.py:106} INFO - 26/04/29 15:22:41 INFO ServerInfo: Adding filter to /jobs/json: org.apache.hadoop.yarn.server.webproxy.amfilter.AmIpFilter
[2026-04-29T15:22:41.774+0000] {subprocess.py:106} INFO - 26/04/29 15:22:41 INFO ServerInfo: Adding filter to /jobs/job: org.apache.hadoop.yarn.server.webproxy.amfilter.AmIpFilter
[2026-04-29T15:22:41.780+0000] {subprocess.py:106} INFO - 26/04/29 15:22:41 INFO ServerInfo: Adding filter to /jobs/job/json: org.apache.hadoop.yarn.server.webproxy.amfilter.AmIpFilter
[2026-04-29T15:22:41.782+0000] {subprocess.py:106} INFO - 26/04/29 15:22:41 INFO ServerInfo: Adding filter to /stages: org.apache.hadoop.yarn.server.webproxy.amfilter.AmIpFilter
[2026-04-29T15:22:41.784+0000] {subprocess.py:106} INFO - 26/04/29 15:22:41 INFO ServerInfo: Adding filter to /stages/json: org.apache.hadoop.yarn.server.webproxy.amfilter.AmIpFilter
[2026-04-29T15:22:41.786+0000] {subprocess.py:106} INFO - 26/04/29 15:22:41 INFO ServerInfo: Adding filter to /stages/stage: org.apache.hadoop.yarn.server.webproxy.amfilter.AmIpFilter
[2026-04-29T15:22:41.790+0000] {subprocess.py:106} INFO - 26/04/29 15:22:41 INFO ServerInfo: Adding filter to /stages/stage/json: org.apache.hadoop.yarn.server.webproxy.amfilter.AmIpFilter
[2026-04-29T15:22:41.793+0000] {subprocess.py:106} INFO - 26/04/29 15:22:41 INFO ServerInfo: Adding filter to /stages/pool: org.apache.hadoop.yarn.server.webproxy.amfilter.AmIpFilter
[2026-04-29T15:22:41.797+0000] {subprocess.py:106} INFO - 26/04/29 15:22:41 INFO ServerInfo: Adding filter to /stages/pool/json: org.apache.hadoop.yarn.server.webproxy.amfilter.AmIpFilter
[2026-04-29T15:22:41.798+0000] {subprocess.py:106} INFO - 26/04/29 15:22:41 INFO YarnSchedulerBackend$YarnSchedulerEndpoint: ApplicationMaster registered as NettyRpcEndpointRef(spark-client://YarnAM)
[2026-04-29T15:22:41.800+0000] {subprocess.py:106} INFO - 26/04/29 15:22:41 INFO ServerInfo: Adding filter to /storage: org.apache.hadoop.yarn.server.webproxy.amfilter.AmIpFilter
[2026-04-29T15:22:41.804+0000] {subprocess.py:106} INFO - 26/04/29 15:22:41 INFO ServerInfo: Adding filter to /storage/json: org.apache.hadoop.yarn.server.webproxy.amfilter.AmIpFilter
[2026-04-29T15:22:41.806+0000] {subprocess.py:106} INFO - 26/04/29 15:22:41 INFO ServerInfo: Adding filter to /storage/rdd: org.apache.hadoop.yarn.server.webproxy.amfilter.AmIpFilter
[2026-04-29T15:22:41.809+0000] {subprocess.py:106} INFO - 26/04/29 15:22:41 INFO ServerInfo: Adding filter to /storage/rdd/json: org.apache.hadoop.yarn.server.webproxy.amfilter.AmIpFilter
[2026-04-29T15:22:41.811+0000] {subprocess.py:106} INFO - 26/04/29 15:22:41 INFO ServerInfo: Adding filter to /environment: org.apache.hadoop.yarn.server.webproxy.amfilter.AmIpFilter
[2026-04-29T15:22:41.814+0000] {subprocess.py:106} INFO - 26/04/29 15:22:41 INFO ServerInfo: Adding filter to /environment/json: org.apache.hadoop.yarn.server.webproxy.amfilter.AmIpFilter
[2026-04-29T15:22:41.817+0000] {subprocess.py:106} INFO - 26/04/29 15:22:41 INFO ServerInfo: Adding filter to /executors: org.apache.hadoop.yarn.server.webproxy.amfilter.AmIpFilter
[2026-04-29T15:22:41.820+0000] {subprocess.py:106} INFO - 26/04/29 15:22:41 INFO ServerInfo: Adding filter to /executors/json: org.apache.hadoop.yarn.server.webproxy.amfilter.AmIpFilter
[2026-04-29T15:22:41.822+0000] {subprocess.py:106} INFO - 26/04/29 15:22:41 INFO ServerInfo: Adding filter to /executors/threadDump: org.apache.hadoop.yarn.server.webproxy.amfilter.AmIpFilter
[2026-04-29T15:22:41.826+0000] {subprocess.py:106} INFO - 26/04/29 15:22:41 INFO ServerInfo: Adding filter to /executors/threadDump/json: org.apache.hadoop.yarn.server.webproxy.amfilter.AmIpFilter
[2026-04-29T15:22:41.829+0000] {subprocess.py:106} INFO - 26/04/29 15:22:41 INFO ServerInfo: Adding filter to /executors/heapHistogram: org.apache.hadoop.yarn.server.webproxy.amfilter.AmIpFilter
[2026-04-29T15:22:41.832+0000] {subprocess.py:106} INFO - 26/04/29 15:22:41 INFO ServerInfo: Adding filter to /executors/heapHistogram/json: org.apache.hadoop.yarn.server.webproxy.amfilter.AmIpFilter
[2026-04-29T15:22:41.835+0000] {subprocess.py:106} INFO - 26/04/29 15:22:41 INFO ServerInfo: Adding filter to /static: org.apache.hadoop.yarn.server.webproxy.amfilter.AmIpFilter
[2026-04-29T15:22:41.855+0000] {subprocess.py:106} INFO - 26/04/29 15:22:41 INFO ServerInfo: Adding filter to /: org.apache.hadoop.yarn.server.webproxy.amfilter.AmIpFilter
[2026-04-29T15:22:41.857+0000] {subprocess.py:106} INFO - 26/04/29 15:22:41 INFO ServerInfo: Adding filter to /api: org.apache.hadoop.yarn.server.webproxy.amfilter.AmIpFilter
[2026-04-29T15:22:41.863+0000] {subprocess.py:106} INFO - 26/04/29 15:22:41 INFO ServerInfo: Adding filter to /jobs/job/kill: org.apache.hadoop.yarn.server.webproxy.amfilter.AmIpFilter
[2026-04-29T15:22:41.868+0000] {subprocess.py:106} INFO - 26/04/29 15:22:41 INFO ServerInfo: Adding filter to /stages/stage/kill: org.apache.hadoop.yarn.server.webproxy.amfilter.AmIpFilter
[2026-04-29T15:22:41.881+0000] {subprocess.py:106} INFO - 26/04/29 15:22:41 INFO ServerInfo: Adding filter to /metrics/json: org.apache.hadoop.yarn.server.webproxy.amfilter.AmIpFilter
[2026-04-29T15:22:41.885+0000] {subprocess.py:106} INFO - 26/04/29 15:22:41 INFO YarnClientSchedulerBackend: SchedulerBackend is ready for scheduling beginning after waiting maxRegisteredResourcesWaitingTime: 30000000000(ns)
[2026-04-29T15:22:42.220+0000] {subprocess.py:106} INFO - Spark Connected
[2026-04-29T15:22:42.232+0000] {subprocess.py:106} INFO - 26/04/29 15:22:42 INFO SharedState: Setting hive.metastore.warehouse.dir ('null') to the value of spark.sql.warehouse.dir.
[2026-04-29T15:22:42.236+0000] {subprocess.py:106} INFO - 26/04/29 15:22:42 INFO SharedState: Warehouse path is 'file:/home/jovyan/spark-warehouse'.
[2026-04-29T15:22:42.259+0000] {subprocess.py:106} INFO - 26/04/29 15:22:42 INFO ServerInfo: Adding filter to /SQL: org.apache.hadoop.yarn.server.webproxy.amfilter.AmIpFilter
[2026-04-29T15:22:42.262+0000] {subprocess.py:106} INFO - 26/04/29 15:22:42 INFO ServerInfo: Adding filter to /SQL/json: org.apache.hadoop.yarn.server.webproxy.amfilter.AmIpFilter
[2026-04-29T15:22:42.266+0000] {subprocess.py:106} INFO - 26/04/29 15:22:42 INFO ServerInfo: Adding filter to /SQL/execution: org.apache.hadoop.yarn.server.webproxy.amfilter.AmIpFilter
[2026-04-29T15:22:42.269+0000] {subprocess.py:106} INFO - 26/04/29 15:22:42 INFO ServerInfo: Adding filter to /SQL/execution/json: org.apache.hadoop.yarn.server.webproxy.amfilter.AmIpFilter
[2026-04-29T15:22:42.273+0000] {subprocess.py:106} INFO - 26/04/29 15:22:42 INFO ServerInfo: Adding filter to /static/sql: org.apache.hadoop.yarn.server.webproxy.amfilter.AmIpFilter
[2026-04-29T15:22:46.859+0000] {subprocess.py:106} INFO - 26/04/29 15:22:46 INFO InMemoryFileIndex: It took 2877 ms to list leaf files for 1 paths.
[2026-04-29T15:22:47.050+0000] {subprocess.py:106} INFO - 26/04/29 15:22:47 INFO HadoopFSUtils: Listing leaf files and directories in parallel under 90 paths. The first several paths are: file:/home/jovyan/work/data/raw_events/event_20260428_223151_213561.json, file:/home/jovyan/work/data/raw_events/event_20260428_223154_236371.json, file:/home/jovyan/work/data/raw_events/event_20260428_223157_254374.json, file:/home/jovyan/work/data/raw_events/event_20260428_223200_270923.json, file:/home/jovyan/work/data/raw_events/event_20260428_223200_982218.json, file:/home/jovyan/work/data/raw_events/event_20260428_223204_000493.json, file:/home/jovyan/work/data/raw_events/event_20260428_223207_020858.json, file:/home/jovyan/work/data/raw_events/event_20260428_223210_039646.json, file:/home/jovyan/work/data/raw_events/event_20260428_223213_055249.json, file:/home/jovyan/work/data/raw_events/event_20260428_223216_074974.json.
[2026-04-29T15:22:47.811+0000] {subprocess.py:106} INFO - 26/04/29 15:22:47 INFO SparkContext: Starting job: json at NativeMethodAccessorImpl.java:0
[2026-04-29T15:22:47.862+0000] {subprocess.py:106} INFO - 26/04/29 15:22:47 INFO DAGScheduler: Got job 0 (json at NativeMethodAccessorImpl.java:0) with 90 output partitions
[2026-04-29T15:22:47.864+0000] {subprocess.py:106} INFO - 26/04/29 15:22:47 INFO DAGScheduler: Final stage: ResultStage 0 (json at NativeMethodAccessorImpl.java:0)
[2026-04-29T15:22:47.865+0000] {subprocess.py:106} INFO - 26/04/29 15:22:47 INFO DAGScheduler: Parents of final stage: List()
[2026-04-29T15:22:47.867+0000] {subprocess.py:106} INFO - 26/04/29 15:22:47 INFO DAGScheduler: Missing parents: List()
[2026-04-29T15:22:47.873+0000] {subprocess.py:106} INFO - 26/04/29 15:22:47 INFO DAGScheduler: Submitting ResultStage 0 (MapPartitionsRDD[1] at json at NativeMethodAccessorImpl.java:0), which has no missing parents
[2026-04-29T15:22:48.115+0000] {subprocess.py:106} INFO - 26/04/29 15:22:48 INFO MemoryStore: Block broadcast_0 stored as values in memory (estimated size 103.6 KiB, free 434.3 MiB)
[2026-04-29T15:22:48.293+0000] {subprocess.py:106} INFO - 26/04/29 15:22:48 INFO MemoryStore: Block broadcast_0_piece0 stored as bytes in memory (estimated size 37.4 KiB, free 434.3 MiB)
[2026-04-29T15:22:48.303+0000] {subprocess.py:106} INFO - 26/04/29 15:22:48 INFO BlockManagerInfo: Added broadcast_0_piece0 in memory on 172.30.1.13:38931 (size: 37.4 KiB, free: 434.4 MiB)
[2026-04-29T15:22:48.312+0000] {subprocess.py:106} INFO - 26/04/29 15:22:48 INFO SparkContext: Created broadcast 0 from broadcast at DAGScheduler.scala:1580
[2026-04-29T15:22:48.357+0000] {subprocess.py:106} INFO - 26/04/29 15:22:48 INFO DAGScheduler: Submitting 90 missing tasks from ResultStage 0 (MapPartitionsRDD[1] at json at NativeMethodAccessorImpl.java:0) (first 15 tasks are for partitions Vector(0, 1, 2, 3, 4, 5, 6, 7, 8, 9, 10, 11, 12, 13, 14))
[2026-04-29T15:22:48.359+0000] {subprocess.py:106} INFO - 26/04/29 15:22:48 INFO YarnScheduler: Adding task set 0.0 with 90 tasks resource profile 0
[2026-04-29T15:22:53.472+0000] {subprocess.py:106} INFO - 26/04/29 15:22:53 INFO YarnSchedulerBackend$YarnDriverEndpoint: Registered executor NettyRpcEndpointRef(spark-client://Executor) (172.30.1.25:58774) with ID 1,  ResourceProfileId 0
[2026-04-29T15:22:53.759+0000] {subprocess.py:106} INFO - 26/04/29 15:22:53 INFO BlockManagerMasterEndpoint: Registering block manager 1175ad6b07ce:39949 with 366.3 MiB RAM, BlockManagerId(1, 1175ad6b07ce, 39949, None)
[2026-04-29T15:22:54.062+0000] {subprocess.py:106} INFO - 26/04/29 15:22:54 INFO TaskSetManager: Starting task 0.0 in stage 0.0 (TID 0) (1175ad6b07ce, executor 1, partition 0, PROCESS_LOCAL, 7815 bytes)
[2026-04-29T15:22:55.154+0000] {subprocess.py:106} INFO - 26/04/29 15:22:55 INFO BlockManagerInfo: Added broadcast_0_piece0 in memory on 1175ad6b07ce:39949 (size: 37.4 KiB, free: 366.3 MiB)
[2026-04-29T15:22:56.885+0000] {subprocess.py:106} INFO - 26/04/29 15:22:56 INFO TaskSetManager: Starting task 1.0 in stage 0.0 (TID 1) (1175ad6b07ce, executor 1, partition 1, PROCESS_LOCAL, 7815 bytes)
[2026-04-29T15:22:56.913+0000] {subprocess.py:106} INFO - 26/04/29 15:22:56 INFO TaskSetManager: Finished task 0.0 in stage 0.0 (TID 0) in 2892 ms on 1175ad6b07ce (executor 1) (1/90)
[2026-04-29T15:22:57.072+0000] {subprocess.py:106} INFO - 26/04/29 15:22:57 INFO TaskSetManager: Starting task 2.0 in stage 0.0 (TID 2) (1175ad6b07ce, executor 1, partition 2, PROCESS_LOCAL, 7815 bytes)
[2026-04-29T15:22:57.078+0000] {subprocess.py:106} INFO - 26/04/29 15:22:57 INFO TaskSetManager: Finished task 1.0 in stage 0.0 (TID 1) in 192 ms on 1175ad6b07ce (executor 1) (2/90)
[2026-04-29T15:22:57.228+0000] {subprocess.py:106} INFO - 26/04/29 15:22:57 INFO TaskSetManager: Starting task 3.0 in stage 0.0 (TID 3) (1175ad6b07ce, executor 1, partition 3, PROCESS_LOCAL, 7815 bytes)
[2026-04-29T15:22:57.231+0000] {subprocess.py:106} INFO - 26/04/29 15:22:57 INFO TaskSetManager: Finished task 2.0 in stage 0.0 (TID 2) in 161 ms on 1175ad6b07ce (executor 1) (3/90)
[2026-04-29T15:22:57.383+0000] {subprocess.py:106} INFO - 26/04/29 15:22:57 INFO TaskSetManager: Starting task 4.0 in stage 0.0 (TID 4) (1175ad6b07ce, executor 1, partition 4, PROCESS_LOCAL, 7815 bytes)
[2026-04-29T15:22:57.388+0000] {subprocess.py:106} INFO - 26/04/29 15:22:57 INFO TaskSetManager: Finished task 3.0 in stage 0.0 (TID 3) in 161 ms on 1175ad6b07ce (executor 1) (4/90)
[2026-04-29T15:22:57.461+0000] {subprocess.py:106} INFO - 26/04/29 15:22:57 INFO TaskSetManager: Starting task 5.0 in stage 0.0 (TID 5) (1175ad6b07ce, executor 1, partition 5, PROCESS_LOCAL, 7815 bytes)
[2026-04-29T15:22:57.463+0000] {subprocess.py:106} INFO - 26/04/29 15:22:57 INFO TaskSetManager: Finished task 4.0 in stage 0.0 (TID 4) in 82 ms on 1175ad6b07ce (executor 1) (5/90)
[2026-04-29T15:22:57.531+0000] {subprocess.py:106} INFO - 26/04/29 15:22:57 INFO TaskSetManager: Starting task 6.0 in stage 0.0 (TID 6) (1175ad6b07ce, executor 1, partition 6, PROCESS_LOCAL, 7815 bytes)
[2026-04-29T15:22:57.535+0000] {subprocess.py:106} INFO - 26/04/29 15:22:57 INFO TaskSetManager: Finished task 5.0 in stage 0.0 (TID 5) in 75 ms on 1175ad6b07ce (executor 1) (6/90)
[2026-04-29T15:22:57.626+0000] {subprocess.py:106} INFO - 26/04/29 15:22:57 INFO TaskSetManager: Starting task 7.0 in stage 0.0 (TID 7) (1175ad6b07ce, executor 1, partition 7, PROCESS_LOCAL, 7815 bytes)
[2026-04-29T15:22:57.627+0000] {subprocess.py:106} INFO - 26/04/29 15:22:57 INFO TaskSetManager: Finished task 6.0 in stage 0.0 (TID 6) in 95 ms on 1175ad6b07ce (executor 1) (7/90)
[2026-04-29T15:22:57.708+0000] {subprocess.py:106} INFO - 26/04/29 15:22:57 INFO TaskSetManager: Starting task 8.0 in stage 0.0 (TID 8) (1175ad6b07ce, executor 1, partition 8, PROCESS_LOCAL, 7815 bytes)
[2026-04-29T15:22:57.710+0000] {subprocess.py:106} INFO - 26/04/29 15:22:57 INFO TaskSetManager: Finished task 7.0 in stage 0.0 (TID 7) in 90 ms on 1175ad6b07ce (executor 1) (8/90)
[2026-04-29T15:22:57.773+0000] {subprocess.py:106} INFO - 26/04/29 15:22:57 INFO TaskSetManager: Starting task 9.0 in stage 0.0 (TID 9) (1175ad6b07ce, executor 1, partition 9, PROCESS_LOCAL, 7815 bytes)
[2026-04-29T15:22:57.775+0000] {subprocess.py:106} INFO - 26/04/29 15:22:57 INFO TaskSetManager: Finished task 8.0 in stage 0.0 (TID 8) in 69 ms on 1175ad6b07ce (executor 1) (9/90)
[2026-04-29T15:22:57.836+0000] {subprocess.py:106} INFO - 26/04/29 15:22:57 INFO TaskSetManager: Starting task 10.0 in stage 0.0 (TID 10) (1175ad6b07ce, executor 1, partition 10, PROCESS_LOCAL, 7815 bytes)
[2026-04-29T15:22:57.839+0000] {subprocess.py:106} INFO - 26/04/29 15:22:57 INFO TaskSetManager: Finished task 9.0 in stage 0.0 (TID 9) in 67 ms on 1175ad6b07ce (executor 1) (10/90)
[2026-04-29T15:22:57.890+0000] {subprocess.py:106} INFO - 26/04/29 15:22:57 INFO TaskSetManager: Starting task 11.0 in stage 0.0 (TID 11) (1175ad6b07ce, executor 1, partition 11, PROCESS_LOCAL, 7815 bytes)
[2026-04-29T15:22:57.893+0000] {subprocess.py:106} INFO - 26/04/29 15:22:57 INFO TaskSetManager: Finished task 10.0 in stage 0.0 (TID 10) in 58 ms on 1175ad6b07ce (executor 1) (11/90)
[2026-04-29T15:22:57.954+0000] {subprocess.py:106} INFO - 26/04/29 15:22:57 INFO TaskSetManager: Starting task 12.0 in stage 0.0 (TID 12) (1175ad6b07ce, executor 1, partition 12, PROCESS_LOCAL, 7815 bytes)
[2026-04-29T15:22:57.956+0000] {subprocess.py:106} INFO - 26/04/29 15:22:57 INFO TaskSetManager: Finished task 11.0 in stage 0.0 (TID 11) in 67 ms on 1175ad6b07ce (executor 1) (12/90)
[2026-04-29T15:22:58.022+0000] {subprocess.py:106} INFO - 26/04/29 15:22:58 INFO TaskSetManager: Starting task 13.0 in stage 0.0 (TID 13) (1175ad6b07ce, executor 1, partition 13, PROCESS_LOCAL, 7815 bytes)
[2026-04-29T15:22:58.025+0000] {subprocess.py:106} INFO - 26/04/29 15:22:58 INFO TaskSetManager: Finished task 12.0 in stage 0.0 (TID 12) in 71 ms on 1175ad6b07ce (executor 1) (13/90)
[2026-04-29T15:22:58.090+0000] {subprocess.py:106} INFO - 26/04/29 15:22:58 INFO TaskSetManager: Starting task 14.0 in stage 0.0 (TID 14) (1175ad6b07ce, executor 1, partition 14, PROCESS_LOCAL, 7815 bytes)
[2026-04-29T15:22:58.092+0000] {subprocess.py:106} INFO - 26/04/29 15:22:58 INFO TaskSetManager: Finished task 13.0 in stage 0.0 (TID 13) in 71 ms on 1175ad6b07ce (executor 1) (14/90)
[2026-04-29T15:22:58.155+0000] {subprocess.py:106} INFO - 26/04/29 15:22:58 INFO TaskSetManager: Starting task 15.0 in stage 0.0 (TID 15) (1175ad6b07ce, executor 1, partition 15, PROCESS_LOCAL, 7815 bytes)
[2026-04-29T15:22:58.161+0000] {subprocess.py:106} INFO - 26/04/29 15:22:58 INFO TaskSetManager: Finished task 14.0 in stage 0.0 (TID 14) in 68 ms on 1175ad6b07ce (executor 1) (15/90)
[2026-04-29T15:22:58.226+0000] {subprocess.py:106} INFO - 26/04/29 15:22:58 INFO TaskSetManager: Starting task 16.0 in stage 0.0 (TID 16) (1175ad6b07ce, executor 1, partition 16, PROCESS_LOCAL, 7815 bytes)
[2026-04-29T15:22:58.228+0000] {subprocess.py:106} INFO - 26/04/29 15:22:58 INFO TaskSetManager: Finished task 15.0 in stage 0.0 (TID 15) in 76 ms on 1175ad6b07ce (executor 1) (16/90)
[2026-04-29T15:22:58.292+0000] {subprocess.py:106} INFO - 26/04/29 15:22:58 INFO TaskSetManager: Starting task 17.0 in stage 0.0 (TID 17) (1175ad6b07ce, executor 1, partition 17, PROCESS_LOCAL, 7815 bytes)
[2026-04-29T15:22:58.294+0000] {subprocess.py:106} INFO - 26/04/29 15:22:58 INFO TaskSetManager: Finished task 16.0 in stage 0.0 (TID 16) in 68 ms on 1175ad6b07ce (executor 1) (17/90)
[2026-04-29T15:22:58.355+0000] {subprocess.py:106} INFO - 26/04/29 15:22:58 INFO TaskSetManager: Starting task 18.0 in stage 0.0 (TID 18) (1175ad6b07ce, executor 1, partition 18, PROCESS_LOCAL, 7815 bytes)
[2026-04-29T15:22:58.358+0000] {subprocess.py:106} INFO - 26/04/29 15:22:58 INFO TaskSetManager: Finished task 17.0 in stage 0.0 (TID 17) in 68 ms on 1175ad6b07ce (executor 1) (18/90)
[2026-04-29T15:22:58.424+0000] {subprocess.py:106} INFO - 26/04/29 15:22:58 INFO TaskSetManager: Starting task 19.0 in stage 0.0 (TID 19) (1175ad6b07ce, executor 1, partition 19, PROCESS_LOCAL, 7815 bytes)
[2026-04-29T15:22:58.427+0000] {subprocess.py:106} INFO - 26/04/29 15:22:58 INFO TaskSetManager: Finished task 18.0 in stage 0.0 (TID 18) in 72 ms on 1175ad6b07ce (executor 1) (19/90)
[2026-04-29T15:22:58.486+0000] {subprocess.py:106} INFO - 26/04/29 15:22:58 INFO TaskSetManager: Starting task 20.0 in stage 0.0 (TID 20) (1175ad6b07ce, executor 1, partition 20, PROCESS_LOCAL, 7815 bytes)
[2026-04-29T15:22:58.488+0000] {subprocess.py:106} INFO - 26/04/29 15:22:58 INFO TaskSetManager: Finished task 19.0 in stage 0.0 (TID 19) in 63 ms on 1175ad6b07ce (executor 1) (20/90)
[2026-04-29T15:22:58.546+0000] {subprocess.py:106} INFO - 26/04/29 15:22:58 INFO TaskSetManager: Starting task 21.0 in stage 0.0 (TID 21) (1175ad6b07ce, executor 1, partition 21, PROCESS_LOCAL, 7815 bytes)
[2026-04-29T15:22:58.547+0000] {subprocess.py:106} INFO - 26/04/29 15:22:58 INFO TaskSetManager: Finished task 20.0 in stage 0.0 (TID 20) in 64 ms on 1175ad6b07ce (executor 1) (21/90)
[2026-04-29T15:22:58.609+0000] {subprocess.py:106} INFO - 26/04/29 15:22:58 INFO TaskSetManager: Starting task 22.0 in stage 0.0 (TID 22) (1175ad6b07ce, executor 1, partition 22, PROCESS_LOCAL, 7815 bytes)
[2026-04-29T15:22:58.614+0000] {subprocess.py:106} INFO - 26/04/29 15:22:58 INFO TaskSetManager: Finished task 21.0 in stage 0.0 (TID 21) in 69 ms on 1175ad6b07ce (executor 1) (22/90)
[2026-04-29T15:22:58.679+0000] {subprocess.py:106} INFO - 26/04/29 15:22:58 INFO TaskSetManager: Starting task 23.0 in stage 0.0 (TID 23) (1175ad6b07ce, executor 1, partition 23, PROCESS_LOCAL, 7815 bytes)
[2026-04-29T15:22:58.680+0000] {subprocess.py:106} INFO - 26/04/29 15:22:58 INFO TaskSetManager: Finished task 22.0 in stage 0.0 (TID 22) in 70 ms on 1175ad6b07ce (executor 1) (23/90)
[2026-04-29T15:22:58.749+0000] {subprocess.py:106} INFO - 26/04/29 15:22:58 INFO TaskSetManager: Starting task 24.0 in stage 0.0 (TID 24) (1175ad6b07ce, executor 1, partition 24, PROCESS_LOCAL, 7815 bytes)
[2026-04-29T15:22:58.754+0000] {subprocess.py:106} INFO - 26/04/29 15:22:58 INFO TaskSetManager: Finished task 23.0 in stage 0.0 (TID 23) in 69 ms on 1175ad6b07ce (executor 1) (24/90)
[2026-04-29T15:22:58.835+0000] {subprocess.py:106} INFO - 26/04/29 15:22:58 INFO TaskSetManager: Starting task 25.0 in stage 0.0 (TID 25) (1175ad6b07ce, executor 1, partition 25, PROCESS_LOCAL, 7815 bytes)
[2026-04-29T15:22:58.838+0000] {subprocess.py:106} INFO - 26/04/29 15:22:58 INFO TaskSetManager: Finished task 24.0 in stage 0.0 (TID 24) in 94 ms on 1175ad6b07ce (executor 1) (25/90)
[2026-04-29T15:22:58.923+0000] {subprocess.py:106} INFO - 26/04/29 15:22:58 INFO TaskSetManager: Starting task 26.0 in stage 0.0 (TID 26) (1175ad6b07ce, executor 1, partition 26, PROCESS_LOCAL, 7815 bytes)
[2026-04-29T15:22:58.925+0000] {subprocess.py:106} INFO - 26/04/29 15:22:58 INFO TaskSetManager: Finished task 25.0 in stage 0.0 (TID 25) in 87 ms on 1175ad6b07ce (executor 1) (26/90)
[2026-04-29T15:22:58.988+0000] {subprocess.py:106} INFO - 26/04/29 15:22:58 INFO TaskSetManager: Starting task 27.0 in stage 0.0 (TID 27) (1175ad6b07ce, executor 1, partition 27, PROCESS_LOCAL, 7815 bytes)
[2026-04-29T15:22:58.991+0000] {subprocess.py:106} INFO - 26/04/29 15:22:58 INFO TaskSetManager: Finished task 26.0 in stage 0.0 (TID 26) in 71 ms on 1175ad6b07ce (executor 1) (27/90)
[2026-04-29T15:22:59.049+0000] {subprocess.py:106} INFO - 26/04/29 15:22:59 INFO TaskSetManager: Starting task 28.0 in stage 0.0 (TID 28) (1175ad6b07ce, executor 1, partition 28, PROCESS_LOCAL, 7815 bytes)
[2026-04-29T15:22:59.051+0000] {subprocess.py:106} INFO - 26/04/29 15:22:59 INFO TaskSetManager: Finished task 27.0 in stage 0.0 (TID 27) in 59 ms on 1175ad6b07ce (executor 1) (28/90)
[2026-04-29T15:22:59.108+0000] {subprocess.py:106} INFO - 26/04/29 15:22:59 INFO TaskSetManager: Starting task 29.0 in stage 0.0 (TID 29) (1175ad6b07ce, executor 1, partition 29, PROCESS_LOCAL, 7815 bytes)
[2026-04-29T15:22:59.110+0000] {subprocess.py:106} INFO - 26/04/29 15:22:59 INFO TaskSetManager: Finished task 28.0 in stage 0.0 (TID 28) in 68 ms on 1175ad6b07ce (executor 1) (29/90)
[2026-04-29T15:22:59.183+0000] {subprocess.py:106} INFO - 26/04/29 15:22:59 INFO TaskSetManager: Starting task 30.0 in stage 0.0 (TID 30) (1175ad6b07ce, executor 1, partition 30, PROCESS_LOCAL, 7815 bytes)
[2026-04-29T15:22:59.189+0000] {subprocess.py:106} INFO - 26/04/29 15:22:59 INFO TaskSetManager: Finished task 29.0 in stage 0.0 (TID 29) in 74 ms on 1175ad6b07ce (executor 1) (30/90)
[2026-04-29T15:22:59.238+0000] {subprocess.py:106} INFO - 26/04/29 15:22:59 INFO TaskSetManager: Starting task 31.0 in stage 0.0 (TID 31) (1175ad6b07ce, executor 1, partition 31, PROCESS_LOCAL, 7815 bytes)
[2026-04-29T15:22:59.241+0000] {subprocess.py:106} INFO - 26/04/29 15:22:59 INFO TaskSetManager: Finished task 30.0 in stage 0.0 (TID 30) in 59 ms on 1175ad6b07ce (executor 1) (31/90)
[2026-04-29T15:22:59.313+0000] {subprocess.py:106} INFO - 26/04/29 15:22:59 INFO TaskSetManager: Starting task 32.0 in stage 0.0 (TID 32) (1175ad6b07ce, executor 1, partition 32, PROCESS_LOCAL, 7815 bytes)
[2026-04-29T15:22:59.318+0000] {subprocess.py:106} INFO - 26/04/29 15:22:59 INFO TaskSetManager: Finished task 31.0 in stage 0.0 (TID 31) in 77 ms on 1175ad6b07ce (executor 1) (32/90)
[2026-04-29T15:22:59.374+0000] {subprocess.py:106} INFO - 26/04/29 15:22:59 INFO TaskSetManager: Starting task 33.0 in stage 0.0 (TID 33) (1175ad6b07ce, executor 1, partition 33, PROCESS_LOCAL, 7815 bytes)
[2026-04-29T15:22:59.376+0000] {subprocess.py:106} INFO - 26/04/29 15:22:59 INFO TaskSetManager: Finished task 32.0 in stage 0.0 (TID 32) in 65 ms on 1175ad6b07ce (executor 1) (33/90)
[2026-04-29T15:22:59.432+0000] {subprocess.py:106} INFO - 26/04/29 15:22:59 INFO TaskSetManager: Starting task 34.0 in stage 0.0 (TID 34) (1175ad6b07ce, executor 1, partition 34, PROCESS_LOCAL, 7815 bytes)
[2026-04-29T15:22:59.434+0000] {subprocess.py:106} INFO - 26/04/29 15:22:59 INFO TaskSetManager: Finished task 33.0 in stage 0.0 (TID 33) in 60 ms on 1175ad6b07ce (executor 1) (34/90)
[2026-04-29T15:22:59.499+0000] {subprocess.py:106} INFO - 26/04/29 15:22:59 INFO TaskSetManager: Starting task 35.0 in stage 0.0 (TID 35) (1175ad6b07ce, executor 1, partition 35, PROCESS_LOCAL, 7815 bytes)
[2026-04-29T15:22:59.505+0000] {subprocess.py:106} INFO - 26/04/29 15:22:59 INFO TaskSetManager: Finished task 34.0 in stage 0.0 (TID 34) in 72 ms on 1175ad6b07ce (executor 1) (35/90)
[2026-04-29T15:22:59.568+0000] {subprocess.py:106} INFO - 26/04/29 15:22:59 INFO TaskSetManager: Starting task 36.0 in stage 0.0 (TID 36) (1175ad6b07ce, executor 1, partition 36, PROCESS_LOCAL, 7815 bytes)
[2026-04-29T15:22:59.577+0000] {subprocess.py:106} INFO - 26/04/29 15:22:59 INFO TaskSetManager: Finished task 35.0 in stage 0.0 (TID 35) in 75 ms on 1175ad6b07ce (executor 1) (36/90)
[2026-04-29T15:22:59.639+0000] {subprocess.py:106} INFO - 26/04/29 15:22:59 INFO TaskSetManager: Starting task 37.0 in stage 0.0 (TID 37) (1175ad6b07ce, executor 1, partition 37, PROCESS_LOCAL, 7815 bytes)
[2026-04-29T15:22:59.647+0000] {subprocess.py:106} INFO - 26/04/29 15:22:59 INFO TaskSetManager: Finished task 36.0 in stage 0.0 (TID 36) in 72 ms on 1175ad6b07ce (executor 1) (37/90)
[2026-04-29T15:22:59.713+0000] {subprocess.py:106} INFO - 26/04/29 15:22:59 INFO TaskSetManager: Starting task 38.0 in stage 0.0 (TID 38) (1175ad6b07ce, executor 1, partition 38, PROCESS_LOCAL, 7815 bytes)
[2026-04-29T15:22:59.715+0000] {subprocess.py:106} INFO - 26/04/29 15:22:59 INFO TaskSetManager: Finished task 37.0 in stage 0.0 (TID 37) in 77 ms on 1175ad6b07ce (executor 1) (38/90)
[2026-04-29T15:22:59.791+0000] {subprocess.py:106} INFO - 26/04/29 15:22:59 INFO TaskSetManager: Starting task 39.0 in stage 0.0 (TID 39) (1175ad6b07ce, executor 1, partition 39, PROCESS_LOCAL, 7815 bytes)
[2026-04-29T15:22:59.796+0000] {subprocess.py:106} INFO - 26/04/29 15:22:59 INFO TaskSetManager: Finished task 38.0 in stage 0.0 (TID 38) in 84 ms on 1175ad6b07ce (executor 1) (39/90)
[2026-04-29T15:22:59.863+0000] {subprocess.py:106} INFO - 26/04/29 15:22:59 INFO TaskSetManager: Starting task 40.0 in stage 0.0 (TID 40) (1175ad6b07ce, executor 1, partition 40, PROCESS_LOCAL, 7815 bytes)
[2026-04-29T15:22:59.866+0000] {subprocess.py:106} INFO - 26/04/29 15:22:59 INFO TaskSetManager: Finished task 39.0 in stage 0.0 (TID 39) in 71 ms on 1175ad6b07ce (executor 1) (40/90)
[2026-04-29T15:22:59.924+0000] {subprocess.py:106} INFO - 26/04/29 15:22:59 INFO TaskSetManager: Starting task 41.0 in stage 0.0 (TID 41) (1175ad6b07ce, executor 1, partition 41, PROCESS_LOCAL, 7815 bytes)
[2026-04-29T15:22:59.927+0000] {subprocess.py:106} INFO - 26/04/29 15:22:59 INFO TaskSetManager: Finished task 40.0 in stage 0.0 (TID 40) in 69 ms on 1175ad6b07ce (executor 1) (41/90)
[2026-04-29T15:22:59.986+0000] {subprocess.py:106} INFO - 26/04/29 15:22:59 INFO TaskSetManager: Starting task 42.0 in stage 0.0 (TID 42) (1175ad6b07ce, executor 1, partition 42, PROCESS_LOCAL, 7815 bytes)
[2026-04-29T15:22:59.988+0000] {subprocess.py:106} INFO - 26/04/29 15:22:59 INFO TaskSetManager: Finished task 41.0 in stage 0.0 (TID 41) in 65 ms on 1175ad6b07ce (executor 1) (42/90)
[2026-04-29T15:23:00.043+0000] {subprocess.py:106} INFO - 26/04/29 15:23:00 INFO TaskSetManager: Starting task 43.0 in stage 0.0 (TID 43) (1175ad6b07ce, executor 1, partition 43, PROCESS_LOCAL, 7815 bytes)
[2026-04-29T15:23:00.045+0000] {subprocess.py:106} INFO - 26/04/29 15:23:00 INFO TaskSetManager: Finished task 42.0 in stage 0.0 (TID 42) in 58 ms on 1175ad6b07ce (executor 1) (43/90)
[2026-04-29T15:23:00.094+0000] {subprocess.py:106} INFO - 26/04/29 15:23:00 INFO TaskSetManager: Starting task 44.0 in stage 0.0 (TID 44) (1175ad6b07ce, executor 1, partition 44, PROCESS_LOCAL, 7815 bytes)
[2026-04-29T15:23:00.097+0000] {subprocess.py:106} INFO - 26/04/29 15:23:00 INFO TaskSetManager: Finished task 43.0 in stage 0.0 (TID 43) in 54 ms on 1175ad6b07ce (executor 1) (44/90)
[2026-04-29T15:23:00.156+0000] {subprocess.py:106} INFO - 26/04/29 15:23:00 INFO TaskSetManager: Starting task 45.0 in stage 0.0 (TID 45) (1175ad6b07ce, executor 1, partition 45, PROCESS_LOCAL, 7815 bytes)
[2026-04-29T15:23:00.162+0000] {subprocess.py:106} INFO - 26/04/29 15:23:00 INFO TaskSetManager: Finished task 44.0 in stage 0.0 (TID 44) in 65 ms on 1175ad6b07ce (executor 1) (45/90)
[2026-04-29T15:23:00.240+0000] {subprocess.py:106} INFO - 26/04/29 15:23:00 INFO TaskSetManager: Starting task 46.0 in stage 0.0 (TID 46) (1175ad6b07ce, executor 1, partition 46, PROCESS_LOCAL, 7815 bytes)
[2026-04-29T15:23:00.244+0000] {subprocess.py:106} INFO - 26/04/29 15:23:00 INFO TaskSetManager: Finished task 45.0 in stage 0.0 (TID 45) in 79 ms on 1175ad6b07ce (executor 1) (46/90)
[2026-04-29T15:23:00.322+0000] {subprocess.py:106} INFO - 26/04/29 15:23:00 INFO TaskSetManager: Starting task 47.0 in stage 0.0 (TID 47) (1175ad6b07ce, executor 1, partition 47, PROCESS_LOCAL, 7815 bytes)
[2026-04-29T15:23:00.329+0000] {subprocess.py:106} INFO - 26/04/29 15:23:00 INFO TaskSetManager: Finished task 46.0 in stage 0.0 (TID 46) in 83 ms on 1175ad6b07ce (executor 1) (47/90)
[2026-04-29T15:23:00.404+0000] {subprocess.py:106} INFO - 26/04/29 15:23:00 INFO TaskSetManager: Starting task 48.0 in stage 0.0 (TID 48) (1175ad6b07ce, executor 1, partition 48, PROCESS_LOCAL, 7815 bytes)
[2026-04-29T15:23:00.407+0000] {subprocess.py:106} INFO - 26/04/29 15:23:00 INFO TaskSetManager: Finished task 47.0 in stage 0.0 (TID 47) in 99 ms on 1175ad6b07ce (executor 1) (48/90)
[2026-04-29T15:23:00.485+0000] {subprocess.py:106} INFO - 26/04/29 15:23:00 INFO TaskSetManager: Starting task 49.0 in stage 0.0 (TID 49) (1175ad6b07ce, executor 1, partition 49, PROCESS_LOCAL, 7815 bytes)
[2026-04-29T15:23:00.491+0000] {subprocess.py:106} INFO - 26/04/29 15:23:00 INFO TaskSetManager: Finished task 48.0 in stage 0.0 (TID 48) in 80 ms on 1175ad6b07ce (executor 1) (49/90)
[2026-04-29T15:23:00.591+0000] {subprocess.py:106} INFO - 26/04/29 15:23:00 INFO TaskSetManager: Starting task 50.0 in stage 0.0 (TID 50) (1175ad6b07ce, executor 1, partition 50, PROCESS_LOCAL, 7815 bytes)
[2026-04-29T15:23:00.593+0000] {subprocess.py:106} INFO - 26/04/29 15:23:00 INFO TaskSetManager: Finished task 49.0 in stage 0.0 (TID 49) in 114 ms on 1175ad6b07ce (executor 1) (50/90)
[2026-04-29T15:23:00.660+0000] {subprocess.py:106} INFO - 26/04/29 15:23:00 INFO TaskSetManager: Starting task 51.0 in stage 0.0 (TID 51) (1175ad6b07ce, executor 1, partition 51, PROCESS_LOCAL, 7815 bytes)
[2026-04-29T15:23:00.662+0000] {subprocess.py:106} INFO - 26/04/29 15:23:00 INFO TaskSetManager: Finished task 50.0 in stage 0.0 (TID 50) in 71 ms on 1175ad6b07ce (executor 1) (51/90)
[2026-04-29T15:23:00.823+0000] {subprocess.py:106} INFO - 26/04/29 15:23:00 INFO TaskSetManager: Starting task 52.0 in stage 0.0 (TID 52) (1175ad6b07ce, executor 1, partition 52, PROCESS_LOCAL, 7815 bytes)
[2026-04-29T15:23:00.826+0000] {subprocess.py:106} INFO - 26/04/29 15:23:00 INFO TaskSetManager: Finished task 51.0 in stage 0.0 (TID 51) in 167 ms on 1175ad6b07ce (executor 1) (52/90)
[2026-04-29T15:23:00.893+0000] {subprocess.py:106} INFO - 26/04/29 15:23:00 INFO TaskSetManager: Starting task 53.0 in stage 0.0 (TID 53) (1175ad6b07ce, executor 1, partition 53, PROCESS_LOCAL, 7815 bytes)
[2026-04-29T15:23:00.895+0000] {subprocess.py:106} INFO - 26/04/29 15:23:00 INFO TaskSetManager: Finished task 52.0 in stage 0.0 (TID 52) in 71 ms on 1175ad6b07ce (executor 1) (53/90)
[2026-04-29T15:23:00.954+0000] {subprocess.py:106} INFO - 26/04/29 15:23:00 INFO TaskSetManager: Starting task 54.0 in stage 0.0 (TID 54) (1175ad6b07ce, executor 1, partition 54, PROCESS_LOCAL, 7815 bytes)
[2026-04-29T15:23:00.956+0000] {subprocess.py:106} INFO - 26/04/29 15:23:00 INFO TaskSetManager: Finished task 53.0 in stage 0.0 (TID 53) in 66 ms on 1175ad6b07ce (executor 1) (54/90)
[2026-04-29T15:23:01.016+0000] {subprocess.py:106} INFO - 26/04/29 15:23:01 INFO TaskSetManager: Starting task 55.0 in stage 0.0 (TID 55) (1175ad6b07ce, executor 1, partition 55, PROCESS_LOCAL, 7815 bytes)
[2026-04-29T15:23:01.018+0000] {subprocess.py:106} INFO - 26/04/29 15:23:01 INFO TaskSetManager: Finished task 54.0 in stage 0.0 (TID 54) in 63 ms on 1175ad6b07ce (executor 1) (55/90)
[2026-04-29T15:23:01.073+0000] {subprocess.py:106} INFO - 26/04/29 15:23:01 INFO TaskSetManager: Starting task 56.0 in stage 0.0 (TID 56) (1175ad6b07ce, executor 1, partition 56, PROCESS_LOCAL, 7815 bytes)
[2026-04-29T15:23:01.081+0000] {subprocess.py:106} INFO - 26/04/29 15:23:01 INFO TaskSetManager: Finished task 55.0 in stage 0.0 (TID 55) in 60 ms on 1175ad6b07ce (executor 1) (56/90)
[2026-04-29T15:23:01.134+0000] {subprocess.py:106} INFO - 26/04/29 15:23:01 INFO TaskSetManager: Starting task 57.0 in stage 0.0 (TID 57) (1175ad6b07ce, executor 1, partition 57, PROCESS_LOCAL, 7815 bytes)
[2026-04-29T15:23:01.136+0000] {subprocess.py:106} INFO - 26/04/29 15:23:01 INFO TaskSetManager: Finished task 56.0 in stage 0.0 (TID 56) in 64 ms on 1175ad6b07ce (executor 1) (57/90)
[2026-04-29T15:23:01.188+0000] {subprocess.py:106} INFO - 26/04/29 15:23:01 INFO TaskSetManager: Starting task 58.0 in stage 0.0 (TID 58) (1175ad6b07ce, executor 1, partition 58, PROCESS_LOCAL, 7815 bytes)
[2026-04-29T15:23:01.189+0000] {subprocess.py:106} INFO - 26/04/29 15:23:01 INFO TaskSetManager: Finished task 57.0 in stage 0.0 (TID 57) in 56 ms on 1175ad6b07ce (executor 1) (58/90)
[2026-04-29T15:23:01.246+0000] {subprocess.py:106} INFO - 26/04/29 15:23:01 INFO TaskSetManager: Starting task 59.0 in stage 0.0 (TID 59) (1175ad6b07ce, executor 1, partition 59, PROCESS_LOCAL, 7815 bytes)
[2026-04-29T15:23:01.249+0000] {subprocess.py:106} INFO - 26/04/29 15:23:01 INFO TaskSetManager: Finished task 58.0 in stage 0.0 (TID 58) in 60 ms on 1175ad6b07ce (executor 1) (59/90)
[2026-04-29T15:23:01.322+0000] {subprocess.py:106} INFO - 26/04/29 15:23:01 INFO TaskSetManager: Starting task 60.0 in stage 0.0 (TID 60) (1175ad6b07ce, executor 1, partition 60, PROCESS_LOCAL, 7815 bytes)
[2026-04-29T15:23:01.325+0000] {subprocess.py:106} INFO - 26/04/29 15:23:01 INFO TaskSetManager: Finished task 59.0 in stage 0.0 (TID 59) in 74 ms on 1175ad6b07ce (executor 1) (60/90)
[2026-04-29T15:23:01.404+0000] {subprocess.py:106} INFO - 26/04/29 15:23:01 INFO TaskSetManager: Starting task 61.0 in stage 0.0 (TID 61) (1175ad6b07ce, executor 1, partition 61, PROCESS_LOCAL, 7815 bytes)
[2026-04-29T15:23:01.407+0000] {subprocess.py:106} INFO - 26/04/29 15:23:01 INFO TaskSetManager: Finished task 60.0 in stage 0.0 (TID 60) in 88 ms on 1175ad6b07ce (executor 1) (61/90)
[2026-04-29T15:23:01.466+0000] {subprocess.py:106} INFO - 26/04/29 15:23:01 INFO TaskSetManager: Starting task 62.0 in stage 0.0 (TID 62) (1175ad6b07ce, executor 1, partition 62, PROCESS_LOCAL, 7815 bytes)
[2026-04-29T15:23:01.468+0000] {subprocess.py:106} INFO - 26/04/29 15:23:01 INFO TaskSetManager: Finished task 61.0 in stage 0.0 (TID 61) in 64 ms on 1175ad6b07ce (executor 1) (62/90)
[2026-04-29T15:23:01.526+0000] {subprocess.py:106} INFO - 26/04/29 15:23:01 INFO TaskSetManager: Starting task 63.0 in stage 0.0 (TID 63) (1175ad6b07ce, executor 1, partition 63, PROCESS_LOCAL, 7815 bytes)
[2026-04-29T15:23:01.529+0000] {subprocess.py:106} INFO - 26/04/29 15:23:01 INFO TaskSetManager: Finished task 62.0 in stage 0.0 (TID 62) in 63 ms on 1175ad6b07ce (executor 1) (63/90)
[2026-04-29T15:23:01.608+0000] {subprocess.py:106} INFO - 26/04/29 15:23:01 INFO TaskSetManager: Starting task 64.0 in stage 0.0 (TID 64) (1175ad6b07ce, executor 1, partition 64, PROCESS_LOCAL, 7815 bytes)
[2026-04-29T15:23:01.610+0000] {subprocess.py:106} INFO - 26/04/29 15:23:01 INFO TaskSetManager: Finished task 63.0 in stage 0.0 (TID 63) in 78 ms on 1175ad6b07ce (executor 1) (64/90)
[2026-04-29T15:23:01.676+0000] {subprocess.py:106} INFO - 26/04/29 15:23:01 INFO TaskSetManager: Starting task 65.0 in stage 0.0 (TID 65) (1175ad6b07ce, executor 1, partition 65, PROCESS_LOCAL, 7815 bytes)
[2026-04-29T15:23:01.677+0000] {subprocess.py:106} INFO - 26/04/29 15:23:01 INFO TaskSetManager: Finished task 64.0 in stage 0.0 (TID 64) in 76 ms on 1175ad6b07ce (executor 1) (65/90)
[2026-04-29T15:23:01.744+0000] {subprocess.py:106} INFO - 26/04/29 15:23:01 INFO TaskSetManager: Starting task 66.0 in stage 0.0 (TID 66) (1175ad6b07ce, executor 1, partition 66, PROCESS_LOCAL, 7815 bytes)
[2026-04-29T15:23:01.746+0000] {subprocess.py:106} INFO - 26/04/29 15:23:01 INFO TaskSetManager: Finished task 65.0 in stage 0.0 (TID 65) in 70 ms on 1175ad6b07ce (executor 1) (66/90)
[2026-04-29T15:23:01.805+0000] {subprocess.py:106} INFO - 26/04/29 15:23:01 INFO TaskSetManager: Starting task 67.0 in stage 0.0 (TID 67) (1175ad6b07ce, executor 1, partition 67, PROCESS_LOCAL, 7815 bytes)
[2026-04-29T15:23:01.807+0000] {subprocess.py:106} INFO - 26/04/29 15:23:01 INFO TaskSetManager: Finished task 66.0 in stage 0.0 (TID 66) in 63 ms on 1175ad6b07ce (executor 1) (67/90)
[2026-04-29T15:23:01.862+0000] {subprocess.py:106} INFO - 26/04/29 15:23:01 INFO TaskSetManager: Starting task 68.0 in stage 0.0 (TID 68) (1175ad6b07ce, executor 1, partition 68, PROCESS_LOCAL, 7815 bytes)
[2026-04-29T15:23:01.864+0000] {subprocess.py:106} INFO - 26/04/29 15:23:01 INFO TaskSetManager: Finished task 67.0 in stage 0.0 (TID 67) in 59 ms on 1175ad6b07ce (executor 1) (68/90)
[2026-04-29T15:23:01.915+0000] {subprocess.py:106} INFO - 26/04/29 15:23:01 INFO TaskSetManager: Starting task 69.0 in stage 0.0 (TID 69) (1175ad6b07ce, executor 1, partition 69, PROCESS_LOCAL, 7815 bytes)
[2026-04-29T15:23:01.916+0000] {subprocess.py:106} INFO - 26/04/29 15:23:01 INFO TaskSetManager: Finished task 68.0 in stage 0.0 (TID 68) in 53 ms on 1175ad6b07ce (executor 1) (69/90)
[2026-04-29T15:23:01.964+0000] {subprocess.py:106} INFO - 26/04/29 15:23:01 INFO TaskSetManager: Starting task 70.0 in stage 0.0 (TID 70) (1175ad6b07ce, executor 1, partition 70, PROCESS_LOCAL, 7815 bytes)
[2026-04-29T15:23:01.967+0000] {subprocess.py:106} INFO - 26/04/29 15:23:01 INFO TaskSetManager: Finished task 69.0 in stage 0.0 (TID 69) in 54 ms on 1175ad6b07ce (executor 1) (70/90)
[2026-04-29T15:23:02.020+0000] {subprocess.py:106} INFO - 26/04/29 15:23:02 INFO TaskSetManager: Starting task 71.0 in stage 0.0 (TID 71) (1175ad6b07ce, executor 1, partition 71, PROCESS_LOCAL, 7815 bytes)
[2026-04-29T15:23:02.022+0000] {subprocess.py:106} INFO - 26/04/29 15:23:02 INFO TaskSetManager: Finished task 70.0 in stage 0.0 (TID 70) in 57 ms on 1175ad6b07ce (executor 1) (71/90)
[2026-04-29T15:23:02.078+0000] {subprocess.py:106} INFO - 26/04/29 15:23:02 INFO TaskSetManager: Starting task 72.0 in stage 0.0 (TID 72) (1175ad6b07ce, executor 1, partition 72, PROCESS_LOCAL, 7815 bytes)
[2026-04-29T15:23:02.079+0000] {subprocess.py:106} INFO - 26/04/29 15:23:02 INFO TaskSetManager: Finished task 71.0 in stage 0.0 (TID 71) in 60 ms on 1175ad6b07ce (executor 1) (72/90)
[2026-04-29T15:23:02.130+0000] {subprocess.py:106} INFO - 26/04/29 15:23:02 INFO TaskSetManager: Starting task 73.0 in stage 0.0 (TID 73) (1175ad6b07ce, executor 1, partition 73, PROCESS_LOCAL, 7815 bytes)
[2026-04-29T15:23:02.132+0000] {subprocess.py:106} INFO - 26/04/29 15:23:02 INFO TaskSetManager: Finished task 72.0 in stage 0.0 (TID 72) in 54 ms on 1175ad6b07ce (executor 1) (73/90)
[2026-04-29T15:23:02.182+0000] {subprocess.py:106} INFO - 26/04/29 15:23:02 INFO TaskSetManager: Starting task 74.0 in stage 0.0 (TID 74) (1175ad6b07ce, executor 1, partition 74, PROCESS_LOCAL, 7815 bytes)
[2026-04-29T15:23:02.184+0000] {subprocess.py:106} INFO - 26/04/29 15:23:02 INFO TaskSetManager: Finished task 73.0 in stage 0.0 (TID 73) in 55 ms on 1175ad6b07ce (executor 1) (74/90)
[2026-04-29T15:23:02.881+0000] {subprocess.py:106} INFO - 26/04/29 15:23:02 INFO TaskSetManager: Starting task 75.0 in stage 0.0 (TID 75) (1175ad6b07ce, executor 1, partition 75, PROCESS_LOCAL, 7815 bytes)
[2026-04-29T15:23:02.884+0000] {subprocess.py:106} INFO - 26/04/29 15:23:02 INFO TaskSetManager: Finished task 74.0 in stage 0.0 (TID 74) in 701 ms on 1175ad6b07ce (executor 1) (75/90)
[2026-04-29T15:23:02.941+0000] {subprocess.py:106} INFO - 26/04/29 15:23:02 INFO TaskSetManager: Starting task 76.0 in stage 0.0 (TID 76) (1175ad6b07ce, executor 1, partition 76, PROCESS_LOCAL, 7815 bytes)
[2026-04-29T15:23:02.947+0000] {subprocess.py:106} INFO - 26/04/29 15:23:02 INFO TaskSetManager: Finished task 75.0 in stage 0.0 (TID 75) in 60 ms on 1175ad6b07ce (executor 1) (76/90)
[2026-04-29T15:23:02.988+0000] {subprocess.py:106} INFO - 26/04/29 15:23:02 INFO TaskSetManager: Starting task 77.0 in stage 0.0 (TID 77) (1175ad6b07ce, executor 1, partition 77, PROCESS_LOCAL, 7815 bytes)
[2026-04-29T15:23:02.989+0000] {subprocess.py:106} INFO - 26/04/29 15:23:02 INFO TaskSetManager: Finished task 76.0 in stage 0.0 (TID 76) in 51 ms on 1175ad6b07ce (executor 1) (77/90)
[2026-04-29T15:23:03.034+0000] {subprocess.py:106} INFO - 26/04/29 15:23:03 INFO TaskSetManager: Starting task 78.0 in stage 0.0 (TID 78) (1175ad6b07ce, executor 1, partition 78, PROCESS_LOCAL, 7815 bytes)
[2026-04-29T15:23:03.036+0000] {subprocess.py:106} INFO - 26/04/29 15:23:03 INFO TaskSetManager: Finished task 77.0 in stage 0.0 (TID 77) in 49 ms on 1175ad6b07ce (executor 1) (78/90)
[2026-04-29T15:23:03.085+0000] {subprocess.py:106} INFO - 26/04/29 15:23:03 INFO TaskSetManager: Starting task 79.0 in stage 0.0 (TID 79) (1175ad6b07ce, executor 1, partition 79, PROCESS_LOCAL, 7815 bytes)
[2026-04-29T15:23:03.087+0000] {subprocess.py:106} INFO - 26/04/29 15:23:03 INFO TaskSetManager: Finished task 78.0 in stage 0.0 (TID 78) in 54 ms on 1175ad6b07ce (executor 1) (79/90)
[2026-04-29T15:23:03.147+0000] {subprocess.py:106} INFO - 26/04/29 15:23:03 INFO TaskSetManager: Starting task 80.0 in stage 0.0 (TID 80) (1175ad6b07ce, executor 1, partition 80, PROCESS_LOCAL, 7815 bytes)
[2026-04-29T15:23:03.148+0000] {subprocess.py:106} INFO - 26/04/29 15:23:03 INFO TaskSetManager: Finished task 79.0 in stage 0.0 (TID 79) in 63 ms on 1175ad6b07ce (executor 1) (80/90)
[2026-04-29T15:23:00.165+0000] {subprocess.py:106} INFO - 26/04/29 15:23:00 INFO TaskSetManager: Starting task 81.0 in stage 0.0 (TID 81) (1175ad6b07ce, executor 1, partition 81, PROCESS_LOCAL, 7815 bytes)
[2026-04-29T15:23:00.167+0000] {subprocess.py:106} INFO - 26/04/29 15:23:00 INFO TaskSetManager: Finished task 80.0 in stage 0.0 (TID 80) in -2980 ms on 1175ad6b07ce (executor 1) (81/90)
[2026-04-29T15:23:00.221+0000] {subprocess.py:106} INFO - 26/04/29 15:23:00 INFO TaskSetManager: Starting task 82.0 in stage 0.0 (TID 82) (1175ad6b07ce, executor 1, partition 82, PROCESS_LOCAL, 7815 bytes)
[2026-04-29T15:23:00.223+0000] {subprocess.py:106} INFO - 26/04/29 15:23:00 INFO TaskSetManager: Finished task 81.0 in stage 0.0 (TID 81) in 59 ms on 1175ad6b07ce (executor 1) (82/90)
[2026-04-29T15:23:00.278+0000] {subprocess.py:106} INFO - 26/04/29 15:23:00 INFO TaskSetManager: Starting task 83.0 in stage 0.0 (TID 83) (1175ad6b07ce, executor 1, partition 83, PROCESS_LOCAL, 7815 bytes)
[2026-04-29T15:23:00.279+0000] {subprocess.py:106} INFO - 26/04/29 15:23:00 INFO TaskSetManager: Finished task 82.0 in stage 0.0 (TID 82) in 58 ms on 1175ad6b07ce (executor 1) (83/90)
[2026-04-29T15:23:00.340+0000] {subprocess.py:106} INFO - 26/04/29 15:23:00 INFO TaskSetManager: Starting task 84.0 in stage 0.0 (TID 84) (1175ad6b07ce, executor 1, partition 84, PROCESS_LOCAL, 7815 bytes)
[2026-04-29T15:23:00.342+0000] {subprocess.py:106} INFO - 26/04/29 15:23:00 INFO TaskSetManager: Finished task 83.0 in stage 0.0 (TID 83) in 63 ms on 1175ad6b07ce (executor 1) (84/90)
[2026-04-29T15:23:00.393+0000] {subprocess.py:106} INFO - 26/04/29 15:23:00 INFO TaskSetManager: Starting task 85.0 in stage 0.0 (TID 85) (1175ad6b07ce, executor 1, partition 85, PROCESS_LOCAL, 7815 bytes)
[2026-04-29T15:23:00.395+0000] {subprocess.py:106} INFO - 26/04/29 15:23:00 INFO TaskSetManager: Finished task 84.0 in stage 0.0 (TID 84) in 56 ms on 1175ad6b07ce (executor 1) (85/90)
[2026-04-29T15:23:00.470+0000] {subprocess.py:106} INFO - 26/04/29 15:23:00 INFO TaskSetManager: Starting task 86.0 in stage 0.0 (TID 86) (1175ad6b07ce, executor 1, partition 86, PROCESS_LOCAL, 7815 bytes)
[2026-04-29T15:23:00.474+0000] {subprocess.py:106} INFO - 26/04/29 15:23:00 INFO TaskSetManager: Finished task 85.0 in stage 0.0 (TID 85) in 80 ms on 1175ad6b07ce (executor 1) (86/90)
[2026-04-29T15:23:00.537+0000] {subprocess.py:106} INFO - 26/04/29 15:23:00 INFO TaskSetManager: Starting task 87.0 in stage 0.0 (TID 87) (1175ad6b07ce, executor 1, partition 87, PROCESS_LOCAL, 7815 bytes)
[2026-04-29T15:23:00.540+0000] {subprocess.py:106} INFO - 26/04/29 15:23:00 INFO TaskSetManager: Finished task 86.0 in stage 0.0 (TID 86) in 70 ms on 1175ad6b07ce (executor 1) (87/90)
[2026-04-29T15:23:00.590+0000] {subprocess.py:106} INFO - 26/04/29 15:23:00 INFO TaskSetManager: Starting task 88.0 in stage 0.0 (TID 88) (1175ad6b07ce, executor 1, partition 88, PROCESS_LOCAL, 7815 bytes)
[2026-04-29T15:23:00.591+0000] {subprocess.py:106} INFO - 26/04/29 15:23:00 INFO TaskSetManager: Finished task 87.0 in stage 0.0 (TID 87) in 55 ms on 1175ad6b07ce (executor 1) (88/90)
[2026-04-29T15:23:00.648+0000] {subprocess.py:106} INFO - 26/04/29 15:23:00 INFO TaskSetManager: Starting task 89.0 in stage 0.0 (TID 89) (1175ad6b07ce, executor 1, partition 89, PROCESS_LOCAL, 7815 bytes)
[2026-04-29T15:23:00.649+0000] {subprocess.py:106} INFO - 26/04/29 15:23:00 INFO TaskSetManager: Finished task 88.0 in stage 0.0 (TID 88) in 60 ms on 1175ad6b07ce (executor 1) (89/90)
[2026-04-29T15:23:00.705+0000] {subprocess.py:106} INFO - 26/04/29 15:23:00 INFO TaskSetManager: Finished task 89.0 in stage 0.0 (TID 89) in 58 ms on 1175ad6b07ce (executor 1) (90/90)
[2026-04-29T15:23:00.707+0000] {subprocess.py:106} INFO - 26/04/29 15:23:00 INFO YarnScheduler: Removed TaskSet 0.0, whose tasks have all completed, from pool
[2026-04-29T15:23:00.712+0000] {subprocess.py:106} INFO - 26/04/29 15:23:00 INFO DAGScheduler: ResultStage 0 (json at NativeMethodAccessorImpl.java:0) finished in 12.782 s
[2026-04-29T15:23:00.714+0000] {subprocess.py:106} INFO - 26/04/29 15:23:00 INFO DAGScheduler: Job 0 is finished. Cancelling potential speculative or zombie tasks for this job
[2026-04-29T15:23:00.715+0000] {subprocess.py:106} INFO - 26/04/29 15:23:00 INFO YarnScheduler: Killing all running tasks in stage 0: Stage finished
[2026-04-29T15:23:00.719+0000] {subprocess.py:106} INFO - 26/04/29 15:23:00 INFO DAGScheduler: Job 0 finished: json at NativeMethodAccessorImpl.java:0, took 15.312126 s
[2026-04-29T15:23:00.741+0000] {subprocess.py:106} INFO - 26/04/29 15:23:00 INFO InMemoryFileIndex: It took 16100 ms to list leaf files for 90 paths.
[2026-04-29T15:23:00.854+0000] {subprocess.py:106} INFO - 26/04/29 15:23:00 INFO BlockManagerInfo: Removed broadcast_0_piece0 on 172.30.1.13:38931 in memory (size: 37.4 KiB, free: 434.4 MiB)
[2026-04-29T15:23:00.879+0000] {subprocess.py:106} INFO - 26/04/29 15:23:00 INFO BlockManagerInfo: Removed broadcast_0_piece0 on 1175ad6b07ce:39949 in memory (size: 37.4 KiB, free: 366.3 MiB)
[2026-04-29T15:23:02.771+0000] {subprocess.py:106} INFO - 26/04/29 15:23:02 INFO YarnSchedulerBackend$YarnDriverEndpoint: Registered executor NettyRpcEndpointRef(spark-client://Executor) (172.30.1.26:45260) with ID 2,  ResourceProfileId 0
[2026-04-29T15:23:03.016+0000] {subprocess.py:106} INFO - 26/04/29 15:23:03 INFO BlockManagerMasterEndpoint: Registering block manager 5b0353f352af:42429 with 366.3 MiB RAM, BlockManagerId(2, 5b0353f352af, 42429, None)
[2026-04-29T15:23:06.074+0000] {subprocess.py:106} INFO - 26/04/29 15:23:06 INFO FileSourceStrategy: Pushed Filters:
[2026-04-29T15:23:06.076+0000] {subprocess.py:106} INFO - 26/04/29 15:23:06 INFO FileSourceStrategy: Post-Scan Filters:
[2026-04-29T15:23:06.172+0000] {subprocess.py:106} INFO - 26/04/29 15:23:06 INFO MemoryStore: Block broadcast_1 stored as values in memory (estimated size 204.4 KiB, free 434.2 MiB)
[2026-04-29T15:23:06.191+0000] {subprocess.py:106} INFO - 26/04/29 15:23:06 INFO MemoryStore: Block broadcast_1_piece0 stored as bytes in memory (estimated size 34.8 KiB, free 434.2 MiB)
[2026-04-29T15:23:06.210+0000] {subprocess.py:106} INFO - 26/04/29 15:23:06 INFO BlockManagerInfo: Added broadcast_1_piece0 in memory on 172.30.1.13:38931 (size: 34.8 KiB, free: 434.4 MiB)
[2026-04-29T15:23:06.212+0000] {subprocess.py:106} INFO - 26/04/29 15:23:06 INFO SparkContext: Created broadcast 1 from json at NativeMethodAccessorImpl.java:0
[2026-04-29T15:23:06.241+0000] {subprocess.py:106} INFO - 26/04/29 15:23:06 INFO FileSourceScanExec: Planning scan with bin packing, max size: 134217728 bytes, open cost is considered as scanning 4194304 bytes.
[2026-04-29T15:23:06.378+0000] {subprocess.py:106} INFO - 26/04/29 15:23:06 INFO SparkContext: Starting job: json at NativeMethodAccessorImpl.java:0
[2026-04-29T15:23:06.380+0000] {subprocess.py:106} INFO - 26/04/29 15:23:06 INFO DAGScheduler: Got job 1 (json at NativeMethodAccessorImpl.java:0) with 3 output partitions
[2026-04-29T15:23:06.381+0000] {subprocess.py:106} INFO - 26/04/29 15:23:06 INFO DAGScheduler: Final stage: ResultStage 1 (json at NativeMethodAccessorImpl.java:0)
[2026-04-29T15:23:06.382+0000] {subprocess.py:106} INFO - 26/04/29 15:23:06 INFO DAGScheduler: Parents of final stage: List()
[2026-04-29T15:23:06.382+0000] {subprocess.py:106} INFO - 26/04/29 15:23:06 INFO DAGScheduler: Missing parents: List()
[2026-04-29T15:23:06.383+0000] {subprocess.py:106} INFO - 26/04/29 15:23:06 INFO DAGScheduler: Submitting ResultStage 1 (MapPartitionsRDD[5] at json at NativeMethodAccessorImpl.java:0), which has no missing parents
[2026-04-29T15:23:06.458+0000] {subprocess.py:106} INFO - 26/04/29 15:23:06 INFO MemoryStore: Block broadcast_2 stored as values in memory (estimated size 16.7 KiB, free 434.2 MiB)
[2026-04-29T15:23:06.460+0000] {subprocess.py:106} INFO - 26/04/29 15:23:06 INFO MemoryStore: Block broadcast_2_piece0 stored as bytes in memory (estimated size 7.8 KiB, free 434.1 MiB)
[2026-04-29T15:23:06.464+0000] {subprocess.py:106} INFO - 26/04/29 15:23:06 INFO BlockManagerInfo: Added broadcast_2_piece0 in memory on 172.30.1.13:38931 (size: 7.8 KiB, free: 434.4 MiB)
[2026-04-29T15:23:06.466+0000] {subprocess.py:106} INFO - 26/04/29 15:23:06 INFO SparkContext: Created broadcast 2 from broadcast at DAGScheduler.scala:1580
[2026-04-29T15:23:06.468+0000] {subprocess.py:106} INFO - 26/04/29 15:23:06 INFO DAGScheduler: Submitting 3 missing tasks from ResultStage 1 (MapPartitionsRDD[5] at json at NativeMethodAccessorImpl.java:0) (first 15 tasks are for partitions Vector(0, 1, 2))
[2026-04-29T15:23:06.469+0000] {subprocess.py:106} INFO - 26/04/29 15:23:06 INFO YarnScheduler: Adding task set 1.0 with 3 tasks resource profile 0
[2026-04-29T15:23:06.479+0000] {subprocess.py:106} INFO - 26/04/29 15:23:06 INFO TaskSetManager: Starting task 0.0 in stage 1.0 (TID 90) (1175ad6b07ce, executor 1, partition 0, PROCESS_LOCAL, 12324 bytes)
[2026-04-29T15:23:06.481+0000] {subprocess.py:106} INFO - 26/04/29 15:23:06 INFO TaskSetManager: Starting task 1.0 in stage 1.0 (TID 91) (5b0353f352af, executor 2, partition 1, PROCESS_LOCAL, 12324 bytes)
[2026-04-29T15:23:06.559+0000] {subprocess.py:106} INFO - 26/04/29 15:23:06 INFO BlockManagerInfo: Added broadcast_2_piece0 in memory on 1175ad6b07ce:39949 (size: 7.8 KiB, free: 366.3 MiB)
[2026-04-29T15:23:07.016+0000] {subprocess.py:106} INFO - 26/04/29 15:23:07 INFO BlockManagerInfo: Added broadcast_2_piece0 in memory on 5b0353f352af:42429 (size: 7.8 KiB, free: 366.3 MiB)
[2026-04-29T15:23:08.905+0000] {subprocess.py:106} INFO - 26/04/29 15:23:08 INFO BlockManagerInfo: Added broadcast_1_piece0 in memory on 1175ad6b07ce:39949 (size: 34.8 KiB, free: 366.3 MiB)
[2026-04-29T15:23:10.244+0000] {subprocess.py:106} INFO - 26/04/29 15:23:10 INFO BlockManagerInfo: Added broadcast_1_piece0 in memory on 5b0353f352af:42429 (size: 34.8 KiB, free: 366.3 MiB)
[2026-04-29T15:23:11.601+0000] {subprocess.py:106} INFO - 26/04/29 15:23:11 INFO TaskSetManager: Starting task 2.0 in stage 1.0 (TID 92) (1175ad6b07ce, executor 1, partition 2, PROCESS_LOCAL, 11538 bytes)
[2026-04-29T15:23:11.604+0000] {subprocess.py:106} INFO - 26/04/29 15:23:11 INFO TaskSetManager: Finished task 0.0 in stage 1.0 (TID 90) in 5133 ms on 1175ad6b07ce (executor 1) (1/3)
[2026-04-29T15:23:12.691+0000] {subprocess.py:106} INFO - 26/04/29 15:23:12 INFO TaskSetManager: Finished task 1.0 in stage 1.0 (TID 91) in 6213 ms on 5b0353f352af (executor 2) (2/3)
[2026-04-29T15:23:13.021+0000] {subprocess.py:106} INFO - 26/04/29 15:23:13 INFO TaskSetManager: Finished task 2.0 in stage 1.0 (TID 92) in 1422 ms on 1175ad6b07ce (executor 1) (3/3)
[2026-04-29T15:23:13.023+0000] {subprocess.py:106} INFO - 26/04/29 15:23:13 INFO YarnScheduler: Removed TaskSet 1.0, whose tasks have all completed, from pool
[2026-04-29T15:23:13.024+0000] {subprocess.py:106} INFO - 26/04/29 15:23:13 INFO DAGScheduler: ResultStage 1 (json at NativeMethodAccessorImpl.java:0) finished in 6.634 s
[2026-04-29T15:23:13.025+0000] {subprocess.py:106} INFO - 26/04/29 15:23:13 INFO DAGScheduler: Job 1 is finished. Cancelling potential speculative or zombie tasks for this job
[2026-04-29T15:23:13.026+0000] {subprocess.py:106} INFO - 26/04/29 15:23:13 INFO YarnScheduler: Killing all running tasks in stage 1: Stage finished
[2026-04-29T15:23:13.027+0000] {subprocess.py:106} INFO - 26/04/29 15:23:13 INFO DAGScheduler: Job 1 finished: json at NativeMethodAccessorImpl.java:0, took 6.645579 s
[2026-04-29T15:23:13.281+0000] {subprocess.py:106} INFO - 26/04/29 15:23:13 INFO FileSourceStrategy: Pushed Filters:
[2026-04-29T15:23:13.282+0000] {subprocess.py:106} INFO - 26/04/29 15:23:13 INFO FileSourceStrategy: Post-Scan Filters:
[2026-04-29T15:23:14.382+0000] {subprocess.py:106} INFO - 26/04/29 15:23:14 INFO CodeGenerator: Code generated in 819.194841 ms
[2026-04-29T15:23:14.391+0000] {subprocess.py:106} INFO - 26/04/29 15:23:14 INFO MemoryStore: Block broadcast_3 stored as values in memory (estimated size 204.3 KiB, free 433.9 MiB)
[2026-04-29T15:23:14.421+0000] {subprocess.py:106} INFO - 26/04/29 15:23:14 INFO MemoryStore: Block broadcast_3_piece0 stored as bytes in memory (estimated size 34.8 KiB, free 433.9 MiB)
[2026-04-29T15:23:14.424+0000] {subprocess.py:106} INFO - 26/04/29 15:23:14 INFO BlockManagerInfo: Added broadcast_3_piece0 in memory on 172.30.1.13:38931 (size: 34.8 KiB, free: 434.3 MiB)
[2026-04-29T15:23:14.426+0000] {subprocess.py:106} INFO - 26/04/29 15:23:14 INFO SparkContext: Created broadcast 3 from showString at NativeMethodAccessorImpl.java:0
[2026-04-29T15:23:14.433+0000] {subprocess.py:106} INFO - 26/04/29 15:23:14 INFO FileSourceScanExec: Planning scan with bin packing, max size: 134217728 bytes, open cost is considered as scanning 4194304 bytes.
[2026-04-29T15:23:14.519+0000] {subprocess.py:106} INFO - 26/04/29 15:23:14 INFO SparkContext: Starting job: showString at NativeMethodAccessorImpl.java:0
[2026-04-29T15:23:14.521+0000] {subprocess.py:106} INFO - 26/04/29 15:23:14 INFO DAGScheduler: Got job 2 (showString at NativeMethodAccessorImpl.java:0) with 1 output partitions
[2026-04-29T15:23:14.522+0000] {subprocess.py:106} INFO - 26/04/29 15:23:14 INFO DAGScheduler: Final stage: ResultStage 2 (showString at NativeMethodAccessorImpl.java:0)
[2026-04-29T15:23:14.523+0000] {subprocess.py:106} INFO - 26/04/29 15:23:14 INFO DAGScheduler: Parents of final stage: List()
[2026-04-29T15:23:14.524+0000] {subprocess.py:106} INFO - 26/04/29 15:23:14 INFO DAGScheduler: Missing parents: List()
[2026-04-29T15:23:14.525+0000] {subprocess.py:106} INFO - 26/04/29 15:23:14 INFO DAGScheduler: Submitting ResultStage 2 (MapPartitionsRDD[9] at showString at NativeMethodAccessorImpl.java:0), which has no missing parents
[2026-04-29T15:23:14.529+0000] {subprocess.py:106} INFO - 26/04/29 15:23:14 INFO MemoryStore: Block broadcast_4 stored as values in memory (estimated size 20.5 KiB, free 433.9 MiB)
[2026-04-29T15:23:14.542+0000] {subprocess.py:106} INFO - 26/04/29 15:23:14 INFO MemoryStore: Block broadcast_4_piece0 stored as bytes in memory (estimated size 8.4 KiB, free 433.9 MiB)
[2026-04-29T15:23:14.545+0000] {subprocess.py:106} INFO - 26/04/29 15:23:14 INFO BlockManagerInfo: Added broadcast_4_piece0 in memory on 172.30.1.13:38931 (size: 8.4 KiB, free: 434.3 MiB)
[2026-04-29T15:23:14.547+0000] {subprocess.py:106} INFO - 26/04/29 15:23:14 INFO BlockManagerInfo: Removed broadcast_2_piece0 on 172.30.1.13:38931 in memory (size: 7.8 KiB, free: 434.3 MiB)
[2026-04-29T15:23:14.549+0000] {subprocess.py:106} INFO - 26/04/29 15:23:14 INFO SparkContext: Created broadcast 4 from broadcast at DAGScheduler.scala:1580
[2026-04-29T15:23:14.550+0000] {subprocess.py:106} INFO - 26/04/29 15:23:14 INFO DAGScheduler: Submitting 1 missing tasks from ResultStage 2 (MapPartitionsRDD[9] at showString at NativeMethodAccessorImpl.java:0) (first 15 tasks are for partitions Vector(0))
[2026-04-29T15:23:14.552+0000] {subprocess.py:106} INFO - 26/04/29 15:23:14 INFO YarnScheduler: Adding task set 2.0 with 1 tasks resource profile 0
[2026-04-29T15:23:14.553+0000] {subprocess.py:106} INFO - 26/04/29 15:23:14 INFO TaskSetManager: Starting task 0.0 in stage 2.0 (TID 93) (5b0353f352af, executor 2, partition 0, PROCESS_LOCAL, 12324 bytes)
[2026-04-29T15:23:14.554+0000] {subprocess.py:106} INFO - 26/04/29 15:23:14 INFO BlockManagerInfo: Removed broadcast_2_piece0 on 1175ad6b07ce:39949 in memory (size: 7.8 KiB, free: 366.3 MiB)
[2026-04-29T15:23:14.583+0000] {subprocess.py:106} INFO - 26/04/29 15:23:14 INFO BlockManagerInfo: Removed broadcast_2_piece0 on 5b0353f352af:42429 in memory (size: 7.8 KiB, free: 366.3 MiB)
[2026-04-29T15:23:14.609+0000] {subprocess.py:106} INFO - 26/04/29 15:23:14 INFO BlockManagerInfo: Added broadcast_4_piece0 in memory on 5b0353f352af:42429 (size: 8.4 KiB, free: 366.3 MiB)
[2026-04-29T15:23:14.934+0000] {subprocess.py:106} INFO - 26/04/29 15:23:14 INFO BlockManagerInfo: Added broadcast_3_piece0 in memory on 5b0353f352af:42429 (size: 34.8 KiB, free: 366.2 MiB)
[2026-04-29T15:23:15.136+0000] {subprocess.py:106} INFO - 26/04/29 15:23:15 INFO TaskSetManager: Finished task 0.0 in stage 2.0 (TID 93) in 584 ms on 5b0353f352af (executor 2) (1/1)
[2026-04-29T15:23:15.137+0000] {subprocess.py:106} INFO - 26/04/29 15:23:15 INFO YarnScheduler: Removed TaskSet 2.0, whose tasks have all completed, from pool
[2026-04-29T15:23:15.138+0000] {subprocess.py:106} INFO - 26/04/29 15:23:15 INFO DAGScheduler: ResultStage 2 (showString at NativeMethodAccessorImpl.java:0) finished in 0.612 s
[2026-04-29T15:23:15.139+0000] {subprocess.py:106} INFO - 26/04/29 15:23:15 INFO DAGScheduler: Job 2 is finished. Cancelling potential speculative or zombie tasks for this job
[2026-04-29T15:23:15.140+0000] {subprocess.py:106} INFO - 26/04/29 15:23:15 INFO YarnScheduler: Killing all running tasks in stage 2: Stage finished
[2026-04-29T15:23:15.141+0000] {subprocess.py:106} INFO - 26/04/29 15:23:15 INFO DAGScheduler: Job 2 finished: showString at NativeMethodAccessorImpl.java:0, took 0.620376 s
[2026-04-29T15:23:15.251+0000] {subprocess.py:106} INFO - 26/04/29 15:23:15 INFO CodeGenerator: Code generated in 65.154853 ms
[2026-04-29T15:23:15.275+0000] {subprocess.py:106} INFO - +----+-----+--------+-----+--------------------+-----+-----------+------+------+-----+--------+-----------------+-------------------+----------------+
[2026-04-29T15:23:15.276+0000] {subprocess.py:106} INFO - | Age|Cabin|Embarked| Fare|                Name|Parch|PassengerId|Pclass|   Sex|SibSp|Survived|           Ticket|         event_time|          source|
[2026-04-29T15:23:15.279+0000] {subprocess.py:106} INFO - +----+-----+--------+-----+--------------------+-----+-----------+------+------+-----+--------+-----------------+-------------------+----------------+
[2026-04-29T15:23:15.280+0000] {subprocess.py:106} INFO - |28.0|  C52|       S|26.55|Bjornstrom-Steffa...|    0|        431|     1|  male|    0|       1|           110564|2026-04-28 22:33:49|SIMULATED_DEVICE|
[2026-04-29T15:23:15.282+0000] {subprocess.py:106} INFO - |NULL| NULL|       S| 16.1|Thorneycroft, Mrs...|    0|        432|     3|female|    1|       1|           376564|2026-04-28 22:33:49|SIMULATED_DEVICE|
[2026-04-29T15:23:15.283+0000] {subprocess.py:106} INFO - |42.0| NULL|       S| 26.0|Louch, Mrs. Charl...|    0|        433|     2|female|    1|       1|       SC/AH 3085|2026-04-28 22:33:49|SIMULATED_DEVICE|
[2026-04-29T15:23:15.284+0000] {subprocess.py:106} INFO - |17.0| NULL|       S|7.125|Kallio, Mr. Nikol...|    0|        434|     3|  male|    0|       0|STON/O 2. 3101274|2026-04-28 22:33:49|SIMULATED_DEVICE|
[2026-04-29T15:23:15.285+0000] {subprocess.py:106} INFO - |50.0|  E44|       S| 55.9|Silvey, Mr. Willi...|    0|        435|     1|  male|    1|       0|            13507|2026-04-28 22:33:49|SIMULATED_DEVICE|
[2026-04-29T15:23:15.286+0000] {subprocess.py:106} INFO - +----+-----+--------+-----+--------------------+-----+-----------+------+------+-----+--------+-----------------+-------------------+----------------+
[2026-04-29T15:23:15.286+0000] {subprocess.py:106} INFO - only showing top 5 rows
[2026-04-29T15:23:15.288+0000] {subprocess.py:106} INFO - 
[2026-04-29T15:23:15.416+0000] {subprocess.py:106} INFO - 26/04/29 15:23:15 INFO FileSourceStrategy: Pushed Filters:
[2026-04-29T15:23:15.418+0000] {subprocess.py:106} INFO - 26/04/29 15:23:15 INFO FileSourceStrategy: Post-Scan Filters:
[2026-04-29T15:23:15.634+0000] {subprocess.py:106} INFO - 26/04/29 15:23:15 INFO CodeGenerator: Code generated in 29.416307 ms
[2026-04-29T15:23:15.640+0000] {subprocess.py:106} INFO - 26/04/29 15:23:15 INFO MemoryStore: Block broadcast_5 stored as values in memory (estimated size 204.3 KiB, free 433.7 MiB)
[2026-04-29T15:23:15.659+0000] {subprocess.py:106} INFO - 26/04/29 15:23:15 INFO MemoryStore: Block broadcast_5_piece0 stored as bytes in memory (estimated size 34.8 KiB, free 433.7 MiB)
[2026-04-29T15:23:15.662+0000] {subprocess.py:106} INFO - 26/04/29 15:23:15 INFO BlockManagerInfo: Added broadcast_5_piece0 in memory on 172.30.1.13:38931 (size: 34.8 KiB, free: 434.3 MiB)
[2026-04-29T15:23:15.664+0000] {subprocess.py:106} INFO - 26/04/29 15:23:15 INFO SparkContext: Created broadcast 5 from count at NativeMethodAccessorImpl.java:0
[2026-04-29T15:23:15.669+0000] {subprocess.py:106} INFO - 26/04/29 15:23:15 INFO FileSourceScanExec: Planning scan with bin packing, max size: 134217728 bytes, open cost is considered as scanning 4194304 bytes.
[2026-04-29T15:23:15.762+0000] {subprocess.py:106} INFO - 26/04/29 15:23:15 INFO DAGScheduler: Registering RDD 13 (count at NativeMethodAccessorImpl.java:0) as input to shuffle 0
[2026-04-29T15:23:15.770+0000] {subprocess.py:106} INFO - 26/04/29 15:23:15 INFO DAGScheduler: Got map stage job 3 (count at NativeMethodAccessorImpl.java:0) with 3 output partitions
[2026-04-29T15:23:15.776+0000] {subprocess.py:106} INFO - 26/04/29 15:23:15 INFO DAGScheduler: Final stage: ShuffleMapStage 3 (count at NativeMethodAccessorImpl.java:0)
[2026-04-29T15:23:15.779+0000] {subprocess.py:106} INFO - 26/04/29 15:23:15 INFO DAGScheduler: Parents of final stage: List()
[2026-04-29T15:23:15.784+0000] {subprocess.py:106} INFO - 26/04/29 15:23:15 INFO DAGScheduler: Missing parents: List()
[2026-04-29T15:23:15.792+0000] {subprocess.py:106} INFO - 26/04/29 15:23:15 INFO DAGScheduler: Submitting ShuffleMapStage 3 (MapPartitionsRDD[13] at count at NativeMethodAccessorImpl.java:0), which has no missing parents
[2026-04-29T15:23:15.818+0000] {subprocess.py:106} INFO - 26/04/29 15:23:15 INFO MemoryStore: Block broadcast_6 stored as values in memory (estimated size 17.0 KiB, free 433.7 MiB)
[2026-04-29T15:23:15.857+0000] {subprocess.py:106} INFO - 26/04/29 15:23:15 INFO MemoryStore: Block broadcast_6_piece0 stored as bytes in memory (estimated size 8.3 KiB, free 433.6 MiB)
[2026-04-29T15:23:15.861+0000] {subprocess.py:106} INFO - 26/04/29 15:23:15 INFO BlockManagerInfo: Added broadcast_6_piece0 in memory on 172.30.1.13:38931 (size: 8.3 KiB, free: 434.3 MiB)
[2026-04-29T15:23:15.862+0000] {subprocess.py:106} INFO - 26/04/29 15:23:15 INFO BlockManagerInfo: Removed broadcast_3_piece0 on 172.30.1.13:38931 in memory (size: 34.8 KiB, free: 434.3 MiB)
[2026-04-29T15:23:15.864+0000] {subprocess.py:106} INFO - 26/04/29 15:23:15 INFO SparkContext: Created broadcast 6 from broadcast at DAGScheduler.scala:1580
[2026-04-29T15:23:15.868+0000] {subprocess.py:106} INFO - 26/04/29 15:23:15 INFO DAGScheduler: Submitting 3 missing tasks from ShuffleMapStage 3 (MapPartitionsRDD[13] at count at NativeMethodAccessorImpl.java:0) (first 15 tasks are for partitions Vector(0, 1, 2))
[2026-04-29T15:23:15.875+0000] {subprocess.py:106} INFO - 26/04/29 15:23:15 INFO YarnScheduler: Adding task set 3.0 with 3 tasks resource profile 0
[2026-04-29T15:23:15.880+0000] {subprocess.py:106} INFO - 26/04/29 15:23:15 INFO TaskSetManager: Starting task 0.0 in stage 3.0 (TID 94) (1175ad6b07ce, executor 1, partition 0, PROCESS_LOCAL, 12313 bytes)
[2026-04-29T15:23:15.882+0000] {subprocess.py:106} INFO - 26/04/29 15:23:15 INFO TaskSetManager: Starting task 1.0 in stage 3.0 (TID 95) (5b0353f352af, executor 2, partition 1, PROCESS_LOCAL, 12313 bytes)
[2026-04-29T15:23:15.887+0000] {subprocess.py:106} INFO - 26/04/29 15:23:15 INFO BlockManagerInfo: Removed broadcast_3_piece0 on 5b0353f352af:42429 in memory (size: 34.8 KiB, free: 366.3 MiB)
[2026-04-29T15:23:15.923+0000] {subprocess.py:106} INFO - 26/04/29 15:23:15 INFO BlockManagerInfo: Removed broadcast_4_piece0 on 172.30.1.13:38931 in memory (size: 8.4 KiB, free: 434.3 MiB)
[2026-04-29T15:23:15.939+0000] {subprocess.py:106} INFO - 26/04/29 15:23:15 INFO BlockManagerInfo: Removed broadcast_4_piece0 on 5b0353f352af:42429 in memory (size: 8.4 KiB, free: 366.3 MiB)
[2026-04-29T15:23:15.944+0000] {subprocess.py:106} INFO - 26/04/29 15:23:15 INFO BlockManagerInfo: Added broadcast_6_piece0 in memory on 1175ad6b07ce:39949 (size: 8.3 KiB, free: 366.3 MiB)
[2026-04-29T15:23:15.953+0000] {subprocess.py:106} INFO - 26/04/29 15:23:15 INFO BlockManagerInfo: Added broadcast_6_piece0 in memory on 5b0353f352af:42429 (size: 8.3 KiB, free: 366.3 MiB)
[2026-04-29T15:23:16.228+0000] {subprocess.py:106} INFO - 26/04/29 15:23:16 INFO BlockManagerInfo: Added broadcast_5_piece0 in memory on 5b0353f352af:42429 (size: 34.8 KiB, free: 366.2 MiB)
[2026-04-29T15:23:16.369+0000] {subprocess.py:106} INFO - 26/04/29 15:23:16 INFO BlockManagerInfo: Added broadcast_5_piece0 in memory on 1175ad6b07ce:39949 (size: 34.8 KiB, free: 366.2 MiB)
[2026-04-29T15:23:18.016+0000] {subprocess.py:106} INFO - 26/04/29 15:23:18 INFO TaskSetManager: Starting task 2.0 in stage 3.0 (TID 96) (5b0353f352af, executor 2, partition 2, PROCESS_LOCAL, 11527 bytes)
[2026-04-29T15:23:18.022+0000] {subprocess.py:106} INFO - 26/04/29 15:23:18 INFO TaskSetManager: Finished task 1.0 in stage 3.0 (TID 95) in 2171 ms on 5b0353f352af (executor 2) (1/3)
[2026-04-29T15:23:18.200+0000] {subprocess.py:106} INFO - 26/04/29 15:23:18 INFO TaskSetManager: Finished task 0.0 in stage 3.0 (TID 94) in 2358 ms on 1175ad6b07ce (executor 1) (2/3)
[2026-04-29T15:23:20.080+0000] {subprocess.py:106} INFO - 26/04/29 15:23:20 INFO TaskSetManager: Finished task 2.0 in stage 3.0 (TID 96) in 2067 ms on 5b0353f352af (executor 2) (3/3)
[2026-04-29T15:23:20.082+0000] {subprocess.py:106} INFO - 26/04/29 15:23:20 INFO YarnScheduler: Removed TaskSet 3.0, whose tasks have all completed, from pool
[2026-04-29T15:23:20.084+0000] {subprocess.py:106} INFO - 26/04/29 15:23:20 INFO DAGScheduler: ShuffleMapStage 3 (count at NativeMethodAccessorImpl.java:0) finished in 4.296 s
[2026-04-29T15:23:20.085+0000] {subprocess.py:106} INFO - 26/04/29 15:23:20 INFO DAGScheduler: looking for newly runnable stages
[2026-04-29T15:23:20.086+0000] {subprocess.py:106} INFO - 26/04/29 15:23:20 INFO DAGScheduler: running: Set()
[2026-04-29T15:23:20.087+0000] {subprocess.py:106} INFO - 26/04/29 15:23:20 INFO DAGScheduler: waiting: Set()
[2026-04-29T15:23:20.089+0000] {subprocess.py:106} INFO - 26/04/29 15:23:20 INFO DAGScheduler: failed: Set()
[2026-04-29T15:23:20.148+0000] {subprocess.py:106} INFO - 26/04/29 15:23:20 INFO CodeGenerator: Code generated in 17.043169 ms
[2026-04-29T15:23:20.186+0000] {subprocess.py:106} INFO - 26/04/29 15:23:20 INFO SparkContext: Starting job: count at NativeMethodAccessorImpl.java:0
[2026-04-29T15:23:20.188+0000] {subprocess.py:106} INFO - 26/04/29 15:23:20 INFO DAGScheduler: Got job 4 (count at NativeMethodAccessorImpl.java:0) with 1 output partitions
[2026-04-29T15:23:20.189+0000] {subprocess.py:106} INFO - 26/04/29 15:23:20 INFO DAGScheduler: Final stage: ResultStage 5 (count at NativeMethodAccessorImpl.java:0)
[2026-04-29T15:23:20.191+0000] {subprocess.py:106} INFO - 26/04/29 15:23:20 INFO DAGScheduler: Parents of final stage: List(ShuffleMapStage 4)
[2026-04-29T15:23:20.192+0000] {subprocess.py:106} INFO - 26/04/29 15:23:20 INFO DAGScheduler: Missing parents: List()
[2026-04-29T15:23:20.193+0000] {subprocess.py:106} INFO - 26/04/29 15:23:20 INFO DAGScheduler: Submitting ResultStage 5 (MapPartitionsRDD[16] at count at NativeMethodAccessorImpl.java:0), which has no missing parents
[2026-04-29T15:23:20.208+0000] {subprocess.py:106} INFO - 26/04/29 15:23:20 INFO MemoryStore: Block broadcast_7 stored as values in memory (estimated size 12.5 KiB, free 433.9 MiB)
[2026-04-29T15:23:20.213+0000] {subprocess.py:106} INFO - 26/04/29 15:23:20 INFO MemoryStore: Block broadcast_7_piece0 stored as bytes in memory (estimated size 5.9 KiB, free 433.9 MiB)
[2026-04-29T15:23:20.216+0000] {subprocess.py:106} INFO - 26/04/29 15:23:20 INFO BlockManagerInfo: Added broadcast_7_piece0 in memory on 172.30.1.13:38931 (size: 5.9 KiB, free: 434.3 MiB)
[2026-04-29T15:23:20.217+0000] {subprocess.py:106} INFO - 26/04/29 15:23:20 INFO SparkContext: Created broadcast 7 from broadcast at DAGScheduler.scala:1580
[2026-04-29T15:23:20.219+0000] {subprocess.py:106} INFO - 26/04/29 15:23:20 INFO DAGScheduler: Submitting 1 missing tasks from ResultStage 5 (MapPartitionsRDD[16] at count at NativeMethodAccessorImpl.java:0) (first 15 tasks are for partitions Vector(0))
[2026-04-29T15:23:20.220+0000] {subprocess.py:106} INFO - 26/04/29 15:23:20 INFO YarnScheduler: Adding task set 5.0 with 1 tasks resource profile 0
[2026-04-29T15:23:20.233+0000] {subprocess.py:106} INFO - 26/04/29 15:23:20 INFO TaskSetManager: Starting task 0.0 in stage 5.0 (TID 97) (5b0353f352af, executor 2, partition 0, NODE_LOCAL, 7626 bytes)
[2026-04-29T15:23:20.269+0000] {subprocess.py:106} INFO - 26/04/29 15:23:20 INFO BlockManagerInfo: Added broadcast_7_piece0 in memory on 5b0353f352af:42429 (size: 5.9 KiB, free: 366.2 MiB)
[2026-04-29T15:23:20.306+0000] {subprocess.py:106} INFO - 26/04/29 15:23:20 INFO MapOutputTrackerMasterEndpoint: Asked to send map output locations for shuffle 0 to 172.30.1.26:45260
[2026-04-29T15:23:20.600+0000] {subprocess.py:106} INFO - 26/04/29 15:23:20 INFO TaskSetManager: Finished task 0.0 in stage 5.0 (TID 97) in 370 ms on 5b0353f352af (executor 2) (1/1)
[2026-04-29T15:23:20.601+0000] {subprocess.py:106} INFO - 26/04/29 15:23:20 INFO YarnScheduler: Removed TaskSet 5.0, whose tasks have all completed, from pool
[2026-04-29T15:23:20.608+0000] {subprocess.py:106} INFO - 26/04/29 15:23:20 INFO DAGScheduler: ResultStage 5 (count at NativeMethodAccessorImpl.java:0) finished in 0.396 s
[2026-04-29T15:23:20.609+0000] {subprocess.py:106} INFO - 26/04/29 15:23:20 INFO DAGScheduler: Job 4 is finished. Cancelling potential speculative or zombie tasks for this job
[2026-04-29T15:23:20.610+0000] {subprocess.py:106} INFO - 26/04/29 15:23:20 INFO YarnScheduler: Killing all running tasks in stage 5: Stage finished
[2026-04-29T15:23:20.611+0000] {subprocess.py:106} INFO - 26/04/29 15:23:20 INFO DAGScheduler: Job 4 finished: count at NativeMethodAccessorImpl.java:0, took 0.419874 s
[2026-04-29T15:23:20.613+0000] {subprocess.py:106} INFO - 891
[2026-04-29T15:23:20.744+0000] {subprocess.py:106} INFO - 26/04/29 15:23:20 INFO FileSourceStrategy: Pushed Filters:
[2026-04-29T15:23:20.746+0000] {subprocess.py:106} INFO - 26/04/29 15:23:20 INFO FileSourceStrategy: Post-Scan Filters:
[2026-04-29T15:23:20.826+0000] {subprocess.py:106} INFO - 26/04/29 15:23:20 INFO ParquetUtils: Using default output committer for Parquet: org.apache.parquet.hadoop.ParquetOutputCommitter
[2026-04-29T15:23:20.883+0000] {subprocess.py:106} INFO - 26/04/29 15:23:20 INFO FileOutputCommitter: File Output Committer Algorithm version is 1
[2026-04-29T15:23:20.885+0000] {subprocess.py:106} INFO - 26/04/29 15:23:20 INFO FileOutputCommitter: FileOutputCommitter skip cleanup _temporary folders under output directory:false, ignore cleanup failures: false
[2026-04-29T15:23:20.889+0000] {subprocess.py:106} INFO - 26/04/29 15:23:20 INFO SQLHadoopMapReduceCommitProtocol: Using user defined output committer class org.apache.parquet.hadoop.ParquetOutputCommitter
[2026-04-29T15:23:20.890+0000] {subprocess.py:106} INFO - 26/04/29 15:23:20 INFO FileOutputCommitter: File Output Committer Algorithm version is 1
[2026-04-29T15:23:20.894+0000] {subprocess.py:106} INFO - 26/04/29 15:23:20 INFO FileOutputCommitter: FileOutputCommitter skip cleanup _temporary folders under output directory:false, ignore cleanup failures: false
[2026-04-29T15:23:20.895+0000] {subprocess.py:106} INFO - 26/04/29 15:23:20 INFO SQLHadoopMapReduceCommitProtocol: Using output committer class org.apache.parquet.hadoop.ParquetOutputCommitter
[2026-04-29T15:23:20.907+0000] {subprocess.py:106} INFO - 26/04/29 15:23:20 INFO MemoryStore: Block broadcast_8 stored as values in memory (estimated size 204.3 KiB, free 433.7 MiB)
[2026-04-29T15:23:20.930+0000] {subprocess.py:106} INFO - 26/04/29 15:23:20 INFO BlockManagerInfo: Removed broadcast_5_piece0 on 172.30.1.13:38931 in memory (size: 34.8 KiB, free: 434.4 MiB)
[2026-04-29T15:23:20.938+0000] {subprocess.py:106} INFO - 26/04/29 15:23:20 INFO BlockManagerInfo: Removed broadcast_5_piece0 on 5b0353f352af:42429 in memory (size: 34.8 KiB, free: 366.3 MiB)
[2026-04-29T15:23:20.940+0000] {subprocess.py:106} INFO - 26/04/29 15:23:20 INFO BlockManagerInfo: Removed broadcast_5_piece0 on 1175ad6b07ce:39949 in memory (size: 34.8 KiB, free: 366.3 MiB)
[2026-04-29T15:23:20.942+0000] {subprocess.py:106} INFO - 26/04/29 15:23:20 INFO MemoryStore: Block broadcast_8_piece0 stored as bytes in memory (estimated size 34.8 KiB, free 433.9 MiB)
[2026-04-29T15:23:20.947+0000] {subprocess.py:106} INFO - 26/04/29 15:23:20 INFO BlockManagerInfo: Added broadcast_8_piece0 in memory on 172.30.1.13:38931 (size: 34.8 KiB, free: 434.3 MiB)
[2026-04-29T15:23:20.954+0000] {subprocess.py:106} INFO - 26/04/29 15:23:20 INFO SparkContext: Created broadcast 8 from save at NativeMethodAccessorImpl.java:0
[2026-04-29T15:23:20.957+0000] {subprocess.py:106} INFO - 26/04/29 15:23:20 INFO BlockManagerInfo: Removed broadcast_7_piece0 on 172.30.1.13:38931 in memory (size: 5.9 KiB, free: 434.3 MiB)
[2026-04-29T15:23:20.958+0000] {subprocess.py:106} INFO - 26/04/29 15:23:20 INFO FileSourceScanExec: Planning scan with bin packing, max size: 134217728 bytes, open cost is considered as scanning 4194304 bytes.
[2026-04-29T15:23:20.964+0000] {subprocess.py:106} INFO - 26/04/29 15:23:20 INFO BlockManagerInfo: Removed broadcast_7_piece0 on 5b0353f352af:42429 in memory (size: 5.9 KiB, free: 366.3 MiB)
[2026-04-29T15:23:20.983+0000] {subprocess.py:106} INFO - 26/04/29 15:23:20 INFO BlockManagerInfo: Removed broadcast_6_piece0 on 172.30.1.13:38931 in memory (size: 8.3 KiB, free: 434.3 MiB)
[2026-04-29T15:23:20.990+0000] {subprocess.py:106} INFO - 26/04/29 15:23:20 INFO BlockManagerInfo: Removed broadcast_6_piece0 on 5b0353f352af:42429 in memory (size: 8.3 KiB, free: 366.3 MiB)
[2026-04-29T15:23:20.992+0000] {subprocess.py:106} INFO - 26/04/29 15:23:20 INFO BlockManagerInfo: Removed broadcast_6_piece0 on 1175ad6b07ce:39949 in memory (size: 8.3 KiB, free: 366.3 MiB)
[2026-04-29T15:23:21.016+0000] {subprocess.py:106} INFO - 26/04/29 15:23:21 INFO SparkContext: Starting job: save at NativeMethodAccessorImpl.java:0
[2026-04-29T15:23:21.019+0000] {subprocess.py:106} INFO - 26/04/29 15:23:21 INFO DAGScheduler: Got job 5 (save at NativeMethodAccessorImpl.java:0) with 3 output partitions
[2026-04-29T15:23:21.020+0000] {subprocess.py:106} INFO - 26/04/29 15:23:21 INFO DAGScheduler: Final stage: ResultStage 6 (save at NativeMethodAccessorImpl.java:0)
[2026-04-29T15:23:21.022+0000] {subprocess.py:106} INFO - 26/04/29 15:23:21 INFO DAGScheduler: Parents of final stage: List()
[2026-04-29T15:23:21.023+0000] {subprocess.py:106} INFO - 26/04/29 15:23:21 INFO DAGScheduler: Missing parents: List()
[2026-04-29T15:23:21.026+0000] {subprocess.py:106} INFO - 26/04/29 15:23:21 INFO DAGScheduler: Submitting ResultStage 6 (MapPartitionsRDD[19] at save at NativeMethodAccessorImpl.java:0), which has no missing parents
[2026-04-29T15:23:21.064+0000] {subprocess.py:106} INFO - 26/04/29 15:23:21 INFO MemoryStore: Block broadcast_9 stored as values in memory (estimated size 216.3 KiB, free 433.7 MiB)
[2026-04-29T15:23:21.069+0000] {subprocess.py:106} INFO - 26/04/29 15:23:21 INFO MemoryStore: Block broadcast_9_piece0 stored as bytes in memory (estimated size 78.1 KiB, free 433.6 MiB)
[2026-04-29T15:23:21.072+0000] {subprocess.py:106} INFO - 26/04/29 15:23:21 INFO BlockManagerInfo: Added broadcast_9_piece0 in memory on 172.30.1.13:38931 (size: 78.1 KiB, free: 434.3 MiB)
[2026-04-29T15:23:21.074+0000] {subprocess.py:106} INFO - 26/04/29 15:23:21 INFO SparkContext: Created broadcast 9 from broadcast at DAGScheduler.scala:1580
[2026-04-29T15:23:21.075+0000] {subprocess.py:106} INFO - 26/04/29 15:23:21 INFO DAGScheduler: Submitting 3 missing tasks from ResultStage 6 (MapPartitionsRDD[19] at save at NativeMethodAccessorImpl.java:0) (first 15 tasks are for partitions Vector(0, 1, 2))
[2026-04-29T15:23:21.076+0000] {subprocess.py:106} INFO - 26/04/29 15:23:21 INFO YarnScheduler: Adding task set 6.0 with 3 tasks resource profile 0
[2026-04-29T15:23:21.078+0000] {subprocess.py:106} INFO - 26/04/29 15:23:21 INFO TaskSetManager: Starting task 0.0 in stage 6.0 (TID 98) (1175ad6b07ce, executor 1, partition 0, PROCESS_LOCAL, 12324 bytes)
[2026-04-29T15:23:21.079+0000] {subprocess.py:106} INFO - 26/04/29 15:23:21 INFO TaskSetManager: Starting task 1.0 in stage 6.0 (TID 99) (5b0353f352af, executor 2, partition 1, PROCESS_LOCAL, 12324 bytes)
[2026-04-29T15:23:21.106+0000] {subprocess.py:106} INFO - 26/04/29 15:23:21 INFO BlockManagerInfo: Added broadcast_9_piece0 in memory on 1175ad6b07ce:39949 (size: 78.1 KiB, free: 366.2 MiB)
[2026-04-29T15:23:21.124+0000] {subprocess.py:106} INFO - 26/04/29 15:23:21 INFO BlockManagerInfo: Added broadcast_9_piece0 in memory on 5b0353f352af:42429 (size: 78.1 KiB, free: 366.2 MiB)
[2026-04-29T15:23:22.859+0000] {subprocess.py:106} INFO - 26/04/29 15:23:22 INFO BlockManagerInfo: Added broadcast_8_piece0 in memory on 5b0353f352af:42429 (size: 34.8 KiB, free: 366.2 MiB)
[2026-04-29T15:23:25.324+0000] {subprocess.py:106} INFO - 26/04/29 15:23:25 INFO BlockManagerInfo: Added broadcast_8_piece0 in memory on 1175ad6b07ce:39949 (size: 34.8 KiB, free: 366.2 MiB)
[2026-04-29T15:23:28.376+0000] {subprocess.py:106} INFO - 26/04/29 15:23:28 INFO TaskSetManager: Starting task 2.0 in stage 6.0 (TID 100) (1175ad6b07ce, executor 1, partition 2, PROCESS_LOCAL, 11538 bytes)
[2026-04-29T15:23:28.386+0000] {subprocess.py:106} INFO - 26/04/29 15:23:28 INFO TaskSetManager: Finished task 0.0 in stage 6.0 (TID 98) in 7308 ms on 1175ad6b07ce (executor 1) (1/3)
[2026-04-29T15:23:29.094+0000] {subprocess.py:106} INFO - 26/04/29 15:23:29 INFO TaskSetManager: Finished task 1.0 in stage 6.0 (TID 99) in 8015 ms on 5b0353f352af (executor 2) (2/3)
[2026-04-29T15:23:28.412+0000] {subprocess.py:106} INFO - 26/04/29 15:23:28 INFO TaskSetManager: Finished task 2.0 in stage 6.0 (TID 100) in 37 ms on 1175ad6b07ce (executor 1) (3/3)
[2026-04-29T15:23:28.414+0000] {subprocess.py:106} INFO - 26/04/29 15:23:28 INFO YarnScheduler: Removed TaskSet 6.0, whose tasks have all completed, from pool
[2026-04-29T15:23:28.415+0000] {subprocess.py:106} INFO - 26/04/29 15:23:28 INFO DAGScheduler: ResultStage 6 (save at NativeMethodAccessorImpl.java:0) finished in 7.391 s
[2026-04-29T15:23:28.416+0000] {subprocess.py:106} INFO - 26/04/29 15:23:28 INFO DAGScheduler: Job 5 is finished. Cancelling potential speculative or zombie tasks for this job
[2026-04-29T15:23:28.417+0000] {subprocess.py:106} INFO - 26/04/29 15:23:28 INFO YarnScheduler: Killing all running tasks in stage 6: Stage finished
[2026-04-29T15:23:28.419+0000] {subprocess.py:106} INFO - 26/04/29 15:23:28 INFO DAGScheduler: Job 5 finished: save at NativeMethodAccessorImpl.java:0, took 9.613552 s
[2026-04-29T15:23:28.420+0000] {subprocess.py:106} INFO - 26/04/29 15:23:28 INFO FileFormatWriter: Start to commit write Job 17b38b81-dfb8-4506-a631-f8763d9348e4.
[2026-04-29T15:23:28.529+0000] {subprocess.py:106} INFO - 26/04/29 15:23:28 INFO FileFormatWriter: Write Job 17b38b81-dfb8-4506-a631-f8763d9348e4 committed. Elapsed time: 108 ms.
[2026-04-29T15:23:28.536+0000] {subprocess.py:106} INFO - 26/04/29 15:23:28 INFO FileFormatWriter: Finished processing stats for write job 17b38b81-dfb8-4506-a631-f8763d9348e4.
[2026-04-29T15:23:28.543+0000] {subprocess.py:106} INFO - Data written to Bronze Layer in HDFS
[2026-04-29T15:23:28.655+0000] {subprocess.py:106} INFO - 26/04/29 15:23:28 INFO SparkContext: Invoking stop() from shutdown hook
[2026-04-29T15:23:28.656+0000] {subprocess.py:106} INFO - 26/04/29 15:23:28 INFO SparkContext: SparkContext is stopping with exitCode 0.
[2026-04-29T15:23:28.693+0000] {subprocess.py:106} INFO - 26/04/29 15:23:28 INFO SparkUI: Stopped Spark web UI at http://172.30.1.13:4040
[2026-04-29T15:23:28.706+0000] {subprocess.py:106} INFO - 26/04/29 15:23:28 INFO YarnClientSchedulerBackend: Interrupting monitor thread
[2026-04-29T15:23:28.760+0000] {subprocess.py:106} INFO - 26/04/29 15:23:28 INFO YarnClientSchedulerBackend: Shutting down all executors
[2026-04-29T15:23:28.761+0000] {subprocess.py:106} INFO - 26/04/29 15:23:28 INFO YarnSchedulerBackend$YarnDriverEndpoint: Asking each executor to shut down
[2026-04-29T15:23:28.774+0000] {subprocess.py:106} INFO - 26/04/29 15:23:28 INFO YarnClientSchedulerBackend: YARN client scheduler backend Stopped
[2026-04-29T15:23:28.791+0000] {subprocess.py:106} INFO - 26/04/29 15:23:28 INFO MapOutputTrackerMasterEndpoint: MapOutputTrackerMasterEndpoint stopped!
[2026-04-29T15:23:28.836+0000] {subprocess.py:106} INFO - 26/04/29 15:23:28 INFO MemoryStore: MemoryStore cleared
[2026-04-29T15:23:28.841+0000] {subprocess.py:106} INFO - 26/04/29 15:23:28 INFO BlockManager: BlockManager stopped
[2026-04-29T15:23:28.846+0000] {subprocess.py:106} INFO - 26/04/29 15:23:28 INFO BlockManagerMaster: BlockManagerMaster stopped
[2026-04-29T15:23:28.853+0000] {subprocess.py:106} INFO - 26/04/29 15:23:28 INFO OutputCommitCoordinator$OutputCommitCoordinatorEndpoint: OutputCommitCoordinator stopped!
[2026-04-29T15:23:28.895+0000] {subprocess.py:106} INFO - 26/04/29 15:23:28 INFO SparkContext: Successfully stopped SparkContext
[2026-04-29T15:23:28.896+0000] {subprocess.py:106} INFO - 26/04/29 15:23:28 INFO ShutdownHookManager: Shutdown hook called
[2026-04-29T15:23:28.897+0000] {subprocess.py:106} INFO - 26/04/29 15:23:28 INFO ShutdownHookManager: Deleting directory /tmp/spark-afe8632c-e439-4515-bf1d-c9c865bbcbf9
[2026-04-29T15:23:28.910+0000] {subprocess.py:106} INFO - 26/04/29 15:23:28 INFO ShutdownHookManager: Deleting directory /tmp/spark-6b7caebb-278f-4e41-b262-d9489fd79b2e
[2026-04-29T15:23:28.922+0000] {subprocess.py:106} INFO - 26/04/29 15:23:28 INFO ShutdownHookManager: Deleting directory /tmp/spark-6b7caebb-278f-4e41-b262-d9489fd79b2e/pyspark-e6bb27fd-621f-481a-abbd-a5556f056077
[2026-04-29T15:23:29.233+0000] {subprocess.py:110} INFO - Command exited with return code 0
[2026-04-29T15:23:29.306+0000] {taskinstance.py:340} INFO - ::group::Post task execution logs
[2026-04-29T15:23:29.308+0000] {taskinstance.py:352} INFO - Marking task as SUCCESS. dag_id=titanic_dag, task_id=extraction, run_id=manual__2026-04-29T15:21:50.474689+00:00, execution_date=20260429T152150, start_date=20260429T152200, end_date=20260429T152329
[2026-04-29T15:23:29.379+0000] {local_task_job_runner.py:266} INFO - Task exited with return code 0
[2026-04-29T15:23:29.442+0000] {taskinstance.py:3895} INFO - 1 downstream tasks scheduled from follow-on schedule check
[2026-04-29T15:23:29.447+0000] {local_task_job_runner.py:245} INFO - ::endgroup::
