[2026-04-29T14:23:26.091+0000] {local_task_job_runner.py:123} INFO - ::group::Pre task execution logs
[2026-04-29T14:23:26.121+0000] {taskinstance.py:2613} INFO - Dependencies all met for dep_context=non-requeueable deps ti=<TaskInstance: titanic_dag.extraction manual__2026-04-29T14:23:18.251879+00:00 [queued]>
[2026-04-29T14:23:26.137+0000] {taskinstance.py:2613} INFO - Dependencies all met for dep_context=requeueable deps ti=<TaskInstance: titanic_dag.extraction manual__2026-04-29T14:23:18.251879+00:00 [queued]>
[2026-04-29T14:23:26.139+0000] {taskinstance.py:2866} INFO - Starting attempt 1 of 1
[2026-04-29T14:23:26.165+0000] {taskinstance.py:2889} INFO - Executing <Task(BashOperator): extraction> on 2026-04-29 14:23:18.251879+00:00
[2026-04-29T14:23:26.179+0000] {standard_task_runner.py:72} INFO - Started process 634 to run task
[2026-04-29T14:23:26.186+0000] {standard_task_runner.py:104} INFO - Running: ['***', 'tasks', 'run', 'titanic_dag', 'extraction', 'manual__2026-04-29T14:23:18.251879+00:00', '--job-id', '190', '--raw', '--subdir', 'DAGS_FOLDER/titanic_dag.py', '--cfg-path', '/tmp/tmpl12y8c09']
[2026-04-29T14:23:26.192+0000] {standard_task_runner.py:105} INFO - Job 190: Subtask extraction
[2026-04-29T14:23:26.339+0000] {task_command.py:467} INFO - Running <TaskInstance: titanic_dag.extraction manual__2026-04-29T14:23:18.251879+00:00 [running]> on host 9fbda7c5f6bc
[2026-04-29T14:23:26.536+0000] {taskinstance.py:3132} INFO - Exporting env vars: AIRFLOW_CTX_DAG_OWNER='***' AIRFLOW_CTX_DAG_ID='titanic_dag' AIRFLOW_CTX_TASK_ID='extraction' AIRFLOW_CTX_EXECUTION_DATE='2026-04-29T14:23:18.251879+00:00' AIRFLOW_CTX_TRY_NUMBER='1' AIRFLOW_CTX_DAG_RUN_ID='manual__2026-04-29T14:23:18.251879+00:00'
[2026-04-29T14:23:26.541+0000] {taskinstance.py:731} INFO - ::endgroup::
[2026-04-29T14:23:26.593+0000] {subprocess.py:78} INFO - Tmp dir root location: /tmp
[2026-04-29T14:23:26.597+0000] {subprocess.py:88} INFO - Running command: ['/usr/bin/bash', '-c', '\n        docker exec spark-jupyter spark-submit /home/jovyan/work/Scripts/extraction.py\n        ']
[2026-04-29T14:23:26.620+0000] {subprocess.py:99} INFO - Output:
[2026-04-29T14:23:32.751+0000] {subprocess.py:106} INFO - 26/04/29 14:23:32 INFO SparkContext: Running Spark version 3.5.0
[2026-04-29T14:23:32.755+0000] {subprocess.py:106} INFO - 26/04/29 14:23:32 INFO SparkContext: OS info Linux, 6.6.87.2-microsoft-standard-WSL2, amd64
[2026-04-29T14:23:32.757+0000] {subprocess.py:106} INFO - 26/04/29 14:23:32 INFO SparkContext: Java version 17.0.8.1
[2026-04-29T14:23:32.853+0000] {subprocess.py:106} INFO - 26/04/29 14:23:32 WARN NativeCodeLoader: Unable to load native-hadoop library for your platform... using builtin-java classes where applicable
[2026-04-29T14:23:33.016+0000] {subprocess.py:106} INFO - 26/04/29 14:23:33 INFO ResourceUtils: ==============================================================
[2026-04-29T14:23:33.019+0000] {subprocess.py:106} INFO - 26/04/29 14:23:33 INFO ResourceUtils: No custom resources configured for spark.driver.
[2026-04-29T14:23:33.020+0000] {subprocess.py:106} INFO - 26/04/29 14:23:33 INFO ResourceUtils: ==============================================================
[2026-04-29T14:23:33.023+0000] {subprocess.py:106} INFO - 26/04/29 14:23:33 INFO SparkContext: Submitted application: BronzeLayerIngestion
[2026-04-29T14:23:33.060+0000] {subprocess.py:106} INFO - 26/04/29 14:23:33 INFO ResourceProfile: Default ResourceProfile created, executor resources: Map(cores -> name: cores, amount: 1, script: , vendor: , memory -> name: memory, amount: 1024, script: , vendor: , offHeap -> name: offHeap, amount: 0, script: , vendor: ), task resources: Map(cpus -> name: cpus, amount: 1.0)
[2026-04-29T14:23:33.087+0000] {subprocess.py:106} INFO - 26/04/29 14:23:33 INFO ResourceProfile: Limiting resource is cpus at 1 tasks per executor
[2026-04-29T14:23:33.094+0000] {subprocess.py:106} INFO - 26/04/29 14:23:33 INFO ResourceProfileManager: Added ResourceProfile id: 0
[2026-04-29T14:23:33.194+0000] {subprocess.py:106} INFO - 26/04/29 14:23:33 INFO SecurityManager: Changing view acls to: root
[2026-04-29T14:23:33.196+0000] {subprocess.py:106} INFO - 26/04/29 14:23:33 INFO SecurityManager: Changing modify acls to: root
[2026-04-29T14:23:33.197+0000] {subprocess.py:106} INFO - 26/04/29 14:23:33 INFO SecurityManager: Changing view acls groups to:
[2026-04-29T14:23:33.198+0000] {subprocess.py:106} INFO - 26/04/29 14:23:33 INFO SecurityManager: Changing modify acls groups to:
[2026-04-29T14:23:33.199+0000] {subprocess.py:106} INFO - 26/04/29 14:23:33 INFO SecurityManager: SecurityManager: authentication disabled; ui acls disabled; users with view permissions: root; groups with view permissions: EMPTY; users with modify permissions: root; groups with modify permissions: EMPTY
[2026-04-29T14:23:33.678+0000] {subprocess.py:106} INFO - 26/04/29 14:23:33 INFO Utils: Successfully started service 'sparkDriver' on port 42149.
[2026-04-29T14:23:33.727+0000] {subprocess.py:106} INFO - 26/04/29 14:23:33 INFO SparkEnv: Registering MapOutputTracker
[2026-04-29T14:23:33.791+0000] {subprocess.py:106} INFO - 26/04/29 14:23:33 INFO SparkEnv: Registering BlockManagerMaster
[2026-04-29T14:23:33.826+0000] {subprocess.py:106} INFO - 26/04/29 14:23:33 INFO BlockManagerMasterEndpoint: Using org.apache.spark.storage.DefaultTopologyMapper for getting topology information
[2026-04-29T14:23:33.827+0000] {subprocess.py:106} INFO - 26/04/29 14:23:33 INFO BlockManagerMasterEndpoint: BlockManagerMasterEndpoint up
[2026-04-29T14:23:33.890+0000] {subprocess.py:106} INFO - 26/04/29 14:23:33 INFO SparkEnv: Registering BlockManagerMasterHeartbeat
[2026-04-29T14:23:33.934+0000] {subprocess.py:106} INFO - 26/04/29 14:23:33 INFO DiskBlockManager: Created local directory at /tmp/blockmgr-ba485e1b-cbe1-4d6a-b818-edd7d88ebd1d
[2026-04-29T14:23:33.977+0000] {subprocess.py:106} INFO - 26/04/29 14:23:33 INFO MemoryStore: MemoryStore started with capacity 434.4 MiB
[2026-04-29T14:23:34.055+0000] {subprocess.py:106} INFO - 26/04/29 14:23:34 INFO SparkEnv: Registering OutputCommitCoordinator
[2026-04-29T14:23:34.254+0000] {subprocess.py:106} INFO - 26/04/29 14:23:34 INFO JettyUtils: Start Jetty 0.0.0.0:4040 for SparkUI
[2026-04-29T14:23:34.367+0000] {subprocess.py:106} INFO - 26/04/29 14:23:34 INFO Utils: Successfully started service 'SparkUI' on port 4040.
[2026-04-29T14:23:34.726+0000] {subprocess.py:106} INFO - 26/04/29 14:23:34 INFO DefaultNoHARMFailoverProxyProvider: Connecting to ResourceManager at resourcemanager/172.30.1.24:8032
[2026-04-29T14:23:35.771+0000] {subprocess.py:106} INFO - 26/04/29 14:23:35 INFO Configuration: resource-types.xml not found
[2026-04-29T14:23:35.772+0000] {subprocess.py:106} INFO - 26/04/29 14:23:35 INFO ResourceUtils: Unable to find 'resource-types.xml'.
[2026-04-29T14:23:35.794+0000] {subprocess.py:106} INFO - 26/04/29 14:23:35 INFO Client: Verifying our application has not requested more than the maximum memory capability of the cluster (8192 MB per container)
[2026-04-29T14:23:35.797+0000] {subprocess.py:106} INFO - 26/04/29 14:23:35 INFO Client: Will allocate AM container, with 896 MB memory including 384 MB overhead
[2026-04-29T14:23:35.800+0000] {subprocess.py:106} INFO - 26/04/29 14:23:35 INFO Client: Setting up container launch context for our AM
[2026-04-29T14:23:35.803+0000] {subprocess.py:106} INFO - 26/04/29 14:23:35 INFO Client: Setting up the launch environment for our AM container
[2026-04-29T14:23:35.809+0000] {subprocess.py:106} INFO - 26/04/29 14:23:35 INFO Client: Preparing resources for our AM container
[2026-04-29T14:23:35.867+0000] {subprocess.py:106} INFO - 26/04/29 14:23:35 WARN Client: Neither spark.yarn.jars nor spark.yarn.archive is set, falling back to uploading libraries under SPARK_HOME.
[2026-04-29T14:23:40.682+0000] {subprocess.py:106} INFO - 26/04/29 14:23:40 INFO Client: Uploading resource file:/tmp/spark-c45351df-c38c-441a-93e0-9d201ffa512d/__spark_libs__15989967217392279031.zip -> hdfs://hadoop-namenode:9000/user/root/.sparkStaging/application_1777471681820_0004/__spark_libs__15989967217392279031.zip
[2026-04-29T14:23:44.698+0000] {subprocess.py:106} INFO - 26/04/29 14:23:44 INFO Client: Uploading resource file:/tmp/spark-c45351df-c38c-441a-93e0-9d201ffa512d/__spark_conf__273167755083608467.zip -> hdfs://hadoop-namenode:9000/user/root/.sparkStaging/application_1777471681820_0004/__spark_conf__.zip
[2026-04-29T14:23:44.780+0000] {subprocess.py:106} INFO - 26/04/29 14:23:44 INFO SecurityManager: Changing view acls to: root
[2026-04-29T14:23:44.781+0000] {subprocess.py:106} INFO - 26/04/29 14:23:44 INFO SecurityManager: Changing modify acls to: root
[2026-04-29T14:23:44.782+0000] {subprocess.py:106} INFO - 26/04/29 14:23:44 INFO SecurityManager: Changing view acls groups to:
[2026-04-29T14:23:44.782+0000] {subprocess.py:106} INFO - 26/04/29 14:23:44 INFO SecurityManager: Changing modify acls groups to:
[2026-04-29T14:23:44.783+0000] {subprocess.py:106} INFO - 26/04/29 14:23:44 INFO SecurityManager: SecurityManager: authentication disabled; ui acls disabled; users with view permissions: root; groups with view permissions: EMPTY; users with modify permissions: root; groups with modify permissions: EMPTY
[2026-04-29T14:23:44.804+0000] {subprocess.py:106} INFO - 26/04/29 14:23:44 INFO Client: Submitting application application_1777471681820_0004 to ResourceManager
[2026-04-29T14:23:44.872+0000] {subprocess.py:106} INFO - 26/04/29 14:23:44 INFO YarnClientImpl: Submitted application application_1777471681820_0004
[2026-04-29T14:23:45.882+0000] {subprocess.py:106} INFO - 26/04/29 14:23:45 INFO Client: Application report for application_1777471681820_0004 (state: ACCEPTED)
[2026-04-29T14:23:45.885+0000] {subprocess.py:106} INFO - 26/04/29 14:23:45 INFO Client:
[2026-04-29T14:23:45.886+0000] {subprocess.py:106} INFO - 	 client token: N/A
[2026-04-29T14:23:45.887+0000] {subprocess.py:106} INFO - 	 diagnostics: AM container is launched, waiting for AM container to Register with RM
[2026-04-29T14:23:45.888+0000] {subprocess.py:106} INFO - 	 ApplicationMaster host: N/A
[2026-04-29T14:23:45.889+0000] {subprocess.py:106} INFO - 	 ApplicationMaster RPC port: -1
[2026-04-29T14:23:45.890+0000] {subprocess.py:106} INFO - 	 queue: default
[2026-04-29T14:23:45.891+0000] {subprocess.py:106} INFO - 	 start time: 1777472624835
[2026-04-29T14:23:45.892+0000] {subprocess.py:106} INFO - 	 final status: UNDEFINED
[2026-04-29T14:23:45.893+0000] {subprocess.py:106} INFO - 	 tracking URL: http://resourcemanager:8088/proxy/application_1777471681820_0004/
[2026-04-29T14:23:45.894+0000] {subprocess.py:106} INFO - 	 user: root
[2026-04-29T14:23:58.982+0000] {subprocess.py:106} INFO - 26/04/29 14:23:58 INFO Client: Application report for application_1777471681820_0004 (state: RUNNING)
[2026-04-29T14:23:58.983+0000] {subprocess.py:106} INFO - 26/04/29 14:23:58 INFO Client:
[2026-04-29T14:23:58.985+0000] {subprocess.py:106} INFO - 	 client token: N/A
[2026-04-29T14:23:58.986+0000] {subprocess.py:106} INFO - 	 diagnostics: N/A
[2026-04-29T14:23:58.987+0000] {subprocess.py:106} INFO - 	 ApplicationMaster host: 172.30.1.26
[2026-04-29T14:23:58.989+0000] {subprocess.py:106} INFO - 	 ApplicationMaster RPC port: -1
[2026-04-29T14:23:58.990+0000] {subprocess.py:106} INFO - 	 queue: default
[2026-04-29T14:23:58.991+0000] {subprocess.py:106} INFO - 	 start time: 1777472624835
[2026-04-29T14:23:58.992+0000] {subprocess.py:106} INFO - 	 final status: UNDEFINED
[2026-04-29T14:23:58.992+0000] {subprocess.py:106} INFO - 	 tracking URL: http://resourcemanager:8088/proxy/application_1777471681820_0004/
[2026-04-29T14:23:58.993+0000] {subprocess.py:106} INFO - 	 user: root
[2026-04-29T14:23:58.994+0000] {subprocess.py:106} INFO - 26/04/29 14:23:58 INFO YarnClientSchedulerBackend: Application application_1777471681820_0004 has started running.
[2026-04-29T14:23:59.005+0000] {subprocess.py:106} INFO - 26/04/29 14:23:59 INFO Utils: Successfully started service 'org.apache.spark.network.netty.NettyBlockTransferService' on port 33099.
[2026-04-29T14:23:59.006+0000] {subprocess.py:106} INFO - 26/04/29 14:23:59 INFO NettyBlockTransferService: Server created on 172.30.1.13 0.0.0.0:33099
[2026-04-29T14:23:59.009+0000] {subprocess.py:106} INFO - 26/04/29 14:23:59 INFO BlockManager: Using org.apache.spark.storage.RandomBlockReplicationPolicy for block replication policy
[2026-04-29T14:23:59.021+0000] {subprocess.py:106} INFO - 26/04/29 14:23:59 INFO BlockManagerMaster: Registering BlockManager BlockManagerId(driver, 172.30.1.13, 33099, None)
[2026-04-29T14:23:59.028+0000] {subprocess.py:106} INFO - 26/04/29 14:23:59 INFO BlockManagerMasterEndpoint: Registering block manager 172.30.1.13:33099 with 434.4 MiB RAM, BlockManagerId(driver, 172.30.1.13, 33099, None)
[2026-04-29T14:23:59.032+0000] {subprocess.py:106} INFO - 26/04/29 14:23:59 INFO BlockManagerMaster: Registered BlockManager BlockManagerId(driver, 172.30.1.13, 33099, None)
[2026-04-29T14:23:59.034+0000] {subprocess.py:106} INFO - 26/04/29 14:23:59 INFO BlockManager: Initialized BlockManager: BlockManagerId(driver, 172.30.1.13, 33099, None)
[2026-04-29T14:23:59.099+0000] {subprocess.py:106} INFO - 26/04/29 14:23:59 INFO YarnClientSchedulerBackend: Add WebUI Filter. org.apache.hadoop.yarn.server.webproxy.amfilter.AmIpFilter, Map(PROXY_HOSTS -> resourcemanager, PROXY_URI_BASES -> http://resourcemanager:8088/proxy/application_1777471681820_0004), /proxy/application_1777471681820_0004
[2026-04-29T14:23:59.333+0000] {subprocess.py:106} INFO - 26/04/29 14:23:59 INFO ServerInfo: Adding filter to /jobs: org.apache.hadoop.yarn.server.webproxy.amfilter.AmIpFilter
[2026-04-29T14:23:59.345+0000] {subprocess.py:106} INFO - 26/04/29 14:23:59 INFO ServerInfo: Adding filter to /jobs/json: org.apache.hadoop.yarn.server.webproxy.amfilter.AmIpFilter
[2026-04-29T14:23:59.348+0000] {subprocess.py:106} INFO - 26/04/29 14:23:59 INFO ServerInfo: Adding filter to /jobs/job: org.apache.hadoop.yarn.server.webproxy.amfilter.AmIpFilter
[2026-04-29T14:23:59.352+0000] {subprocess.py:106} INFO - 26/04/29 14:23:59 INFO ServerInfo: Adding filter to /jobs/job/json: org.apache.hadoop.yarn.server.webproxy.amfilter.AmIpFilter
[2026-04-29T14:23:59.355+0000] {subprocess.py:106} INFO - 26/04/29 14:23:59 INFO ServerInfo: Adding filter to /stages: org.apache.hadoop.yarn.server.webproxy.amfilter.AmIpFilter
[2026-04-29T14:23:59.358+0000] {subprocess.py:106} INFO - 26/04/29 14:23:59 INFO ServerInfo: Adding filter to /stages/json: org.apache.hadoop.yarn.server.webproxy.amfilter.AmIpFilter
[2026-04-29T14:23:59.360+0000] {subprocess.py:106} INFO - 26/04/29 14:23:59 INFO ServerInfo: Adding filter to /stages/stage: org.apache.hadoop.yarn.server.webproxy.amfilter.AmIpFilter
[2026-04-29T14:23:59.364+0000] {subprocess.py:106} INFO - 26/04/29 14:23:59 INFO ServerInfo: Adding filter to /stages/stage/json: org.apache.hadoop.yarn.server.webproxy.amfilter.AmIpFilter
[2026-04-29T14:23:59.369+0000] {subprocess.py:106} INFO - 26/04/29 14:23:59 INFO ServerInfo: Adding filter to /stages/pool: org.apache.hadoop.yarn.server.webproxy.amfilter.AmIpFilter
[2026-04-29T14:23:59.372+0000] {subprocess.py:106} INFO - 26/04/29 14:23:59 INFO ServerInfo: Adding filter to /stages/pool/json: org.apache.hadoop.yarn.server.webproxy.amfilter.AmIpFilter
[2026-04-29T14:23:59.375+0000] {subprocess.py:106} INFO - 26/04/29 14:23:59 INFO ServerInfo: Adding filter to /storage: org.apache.hadoop.yarn.server.webproxy.amfilter.AmIpFilter
[2026-04-29T14:23:59.378+0000] {subprocess.py:106} INFO - 26/04/29 14:23:59 INFO ServerInfo: Adding filter to /storage/json: org.apache.hadoop.yarn.server.webproxy.amfilter.AmIpFilter
[2026-04-29T14:23:59.380+0000] {subprocess.py:106} INFO - 26/04/29 14:23:59 INFO ServerInfo: Adding filter to /storage/rdd: org.apache.hadoop.yarn.server.webproxy.amfilter.AmIpFilter
[2026-04-29T14:23:59.383+0000] {subprocess.py:106} INFO - 26/04/29 14:23:59 INFO ServerInfo: Adding filter to /storage/rdd/json: org.apache.hadoop.yarn.server.webproxy.amfilter.AmIpFilter
[2026-04-29T14:23:59.386+0000] {subprocess.py:106} INFO - 26/04/29 14:23:59 INFO ServerInfo: Adding filter to /environment: org.apache.hadoop.yarn.server.webproxy.amfilter.AmIpFilter
[2026-04-29T14:23:59.390+0000] {subprocess.py:106} INFO - 26/04/29 14:23:59 INFO ServerInfo: Adding filter to /environment/json: org.apache.hadoop.yarn.server.webproxy.amfilter.AmIpFilter
[2026-04-29T14:23:59.393+0000] {subprocess.py:106} INFO - 26/04/29 14:23:59 INFO ServerInfo: Adding filter to /executors: org.apache.hadoop.yarn.server.webproxy.amfilter.AmIpFilter
[2026-04-29T14:23:59.396+0000] {subprocess.py:106} INFO - 26/04/29 14:23:59 INFO ServerInfo: Adding filter to /executors/json: org.apache.hadoop.yarn.server.webproxy.amfilter.AmIpFilter
[2026-04-29T14:23:59.398+0000] {subprocess.py:106} INFO - 26/04/29 14:23:59 INFO ServerInfo: Adding filter to /executors/threadDump: org.apache.hadoop.yarn.server.webproxy.amfilter.AmIpFilter
[2026-04-29T14:23:59.401+0000] {subprocess.py:106} INFO - 26/04/29 14:23:59 INFO ServerInfo: Adding filter to /executors/threadDump/json: org.apache.hadoop.yarn.server.webproxy.amfilter.AmIpFilter
[2026-04-29T14:23:59.403+0000] {subprocess.py:106} INFO - 26/04/29 14:23:59 INFO ServerInfo: Adding filter to /executors/heapHistogram: org.apache.hadoop.yarn.server.webproxy.amfilter.AmIpFilter
[2026-04-29T14:23:59.405+0000] {subprocess.py:106} INFO - 26/04/29 14:23:59 INFO ServerInfo: Adding filter to /executors/heapHistogram/json: org.apache.hadoop.yarn.server.webproxy.amfilter.AmIpFilter
[2026-04-29T14:23:59.408+0000] {subprocess.py:106} INFO - 26/04/29 14:23:59 INFO ServerInfo: Adding filter to /static: org.apache.hadoop.yarn.server.webproxy.amfilter.AmIpFilter
[2026-04-29T14:23:59.431+0000] {subprocess.py:106} INFO - 26/04/29 14:23:59 INFO ServerInfo: Adding filter to /: org.apache.hadoop.yarn.server.webproxy.amfilter.AmIpFilter
[2026-04-29T14:23:59.432+0000] {subprocess.py:106} INFO - 26/04/29 14:23:59 INFO ServerInfo: Adding filter to /api: org.apache.hadoop.yarn.server.webproxy.amfilter.AmIpFilter
[2026-04-29T14:23:59.437+0000] {subprocess.py:106} INFO - 26/04/29 14:23:59 INFO ServerInfo: Adding filter to /jobs/job/kill: org.apache.hadoop.yarn.server.webproxy.amfilter.AmIpFilter
[2026-04-29T14:23:59.439+0000] {subprocess.py:106} INFO - 26/04/29 14:23:59 INFO ServerInfo: Adding filter to /stages/stage/kill: org.apache.hadoop.yarn.server.webproxy.amfilter.AmIpFilter
[2026-04-29T14:23:59.448+0000] {subprocess.py:106} INFO - 26/04/29 14:23:59 INFO ServerInfo: Adding filter to /metrics/json: org.apache.hadoop.yarn.server.webproxy.amfilter.AmIpFilter
[2026-04-29T14:23:59.708+0000] {subprocess.py:106} INFO - 26/04/29 14:23:59 INFO YarnSchedulerBackend$YarnSchedulerEndpoint: ApplicationMaster registered as NettyRpcEndpointRef(spark-client://YarnAM)
[2026-04-29T14:24:02.279+0000] {subprocess.py:106} INFO - 26/04/29 14:24:02 INFO YarnClientSchedulerBackend: SchedulerBackend is ready for scheduling beginning after waiting maxRegisteredResourcesWaitingTime: 30000000000(ns)
[2026-04-29T14:24:02.649+0000] {subprocess.py:106} INFO - Spark Connected
[2026-04-29T14:24:02.663+0000] {subprocess.py:106} INFO - 26/04/29 14:24:02 INFO SharedState: Setting hive.metastore.warehouse.dir ('null') to the value of spark.sql.warehouse.dir.
[2026-04-29T14:24:02.669+0000] {subprocess.py:106} INFO - 26/04/29 14:24:02 INFO SharedState: Warehouse path is 'file:/home/jovyan/spark-warehouse'.
[2026-04-29T14:24:02.690+0000] {subprocess.py:106} INFO - 26/04/29 14:24:02 INFO ServerInfo: Adding filter to /SQL: org.apache.hadoop.yarn.server.webproxy.amfilter.AmIpFilter
[2026-04-29T14:24:02.695+0000] {subprocess.py:106} INFO - 26/04/29 14:24:02 INFO ServerInfo: Adding filter to /SQL/json: org.apache.hadoop.yarn.server.webproxy.amfilter.AmIpFilter
[2026-04-29T14:24:02.698+0000] {subprocess.py:106} INFO - 26/04/29 14:24:02 INFO ServerInfo: Adding filter to /SQL/execution: org.apache.hadoop.yarn.server.webproxy.amfilter.AmIpFilter
[2026-04-29T14:24:02.701+0000] {subprocess.py:106} INFO - 26/04/29 14:24:02 INFO ServerInfo: Adding filter to /SQL/execution/json: org.apache.hadoop.yarn.server.webproxy.amfilter.AmIpFilter
[2026-04-29T14:24:02.706+0000] {subprocess.py:106} INFO - 26/04/29 14:24:02 INFO ServerInfo: Adding filter to /static/sql: org.apache.hadoop.yarn.server.webproxy.amfilter.AmIpFilter
[2026-04-29T14:24:06.509+0000] {subprocess.py:106} INFO - 26/04/29 14:24:06 INFO InMemoryFileIndex: It took 2251 ms to list leaf files for 1 paths.
[2026-04-29T14:24:06.684+0000] {subprocess.py:106} INFO - 26/04/29 14:24:06 INFO HadoopFSUtils: Listing leaf files and directories in parallel under 90 paths. The first several paths are: file:/home/jovyan/work/data/raw_events/event_20260428_223151_213561.json, file:/home/jovyan/work/data/raw_events/event_20260428_223154_236371.json, file:/home/jovyan/work/data/raw_events/event_20260428_223157_254374.json, file:/home/jovyan/work/data/raw_events/event_20260428_223200_270923.json, file:/home/jovyan/work/data/raw_events/event_20260428_223200_982218.json, file:/home/jovyan/work/data/raw_events/event_20260428_223204_000493.json, file:/home/jovyan/work/data/raw_events/event_20260428_223207_020858.json, file:/home/jovyan/work/data/raw_events/event_20260428_223210_039646.json, file:/home/jovyan/work/data/raw_events/event_20260428_223213_055249.json, file:/home/jovyan/work/data/raw_events/event_20260428_223216_074974.json.
[2026-04-29T14:24:07.256+0000] {subprocess.py:106} INFO - 26/04/29 14:24:07 INFO YarnSchedulerBackend$YarnDriverEndpoint: Registered executor NettyRpcEndpointRef(spark-client://Executor) (172.30.1.26:37254) with ID 1,  ResourceProfileId 0
[2026-04-29T14:24:07.353+0000] {subprocess.py:106} INFO - 26/04/29 14:24:07 INFO SparkContext: Starting job: json at NativeMethodAccessorImpl.java:0
[2026-04-29T14:24:07.382+0000] {subprocess.py:106} INFO - 26/04/29 14:24:07 INFO DAGScheduler: Got job 0 (json at NativeMethodAccessorImpl.java:0) with 90 output partitions
[2026-04-29T14:24:07.383+0000] {subprocess.py:106} INFO - 26/04/29 14:24:07 INFO DAGScheduler: Final stage: ResultStage 0 (json at NativeMethodAccessorImpl.java:0)
[2026-04-29T14:24:07.384+0000] {subprocess.py:106} INFO - 26/04/29 14:24:07 INFO DAGScheduler: Parents of final stage: List()
[2026-04-29T14:24:07.387+0000] {subprocess.py:106} INFO - 26/04/29 14:24:07 INFO DAGScheduler: Missing parents: List()
[2026-04-29T14:24:07.395+0000] {subprocess.py:106} INFO - 26/04/29 14:24:07 INFO DAGScheduler: Submitting ResultStage 0 (MapPartitionsRDD[1] at json at NativeMethodAccessorImpl.java:0), which has no missing parents
[2026-04-29T14:24:07.429+0000] {subprocess.py:106} INFO - 26/04/29 14:24:07 INFO BlockManagerMasterEndpoint: Registering block manager 5b0353f352af:35123 with 366.3 MiB RAM, BlockManagerId(1, 5b0353f352af, 35123, None)
[2026-04-29T14:24:07.521+0000] {subprocess.py:106} INFO - 26/04/29 14:24:07 INFO MemoryStore: Block broadcast_0 stored as values in memory (estimated size 103.6 KiB, free 434.3 MiB)
[2026-04-29T14:24:07.569+0000] {subprocess.py:106} INFO - 26/04/29 14:24:07 INFO MemoryStore: Block broadcast_0_piece0 stored as bytes in memory (estimated size 37.4 KiB, free 434.3 MiB)
[2026-04-29T14:24:07.575+0000] {subprocess.py:106} INFO - 26/04/29 14:24:07 INFO BlockManagerInfo: Added broadcast_0_piece0 in memory on 172.30.1.13:33099 (size: 37.4 KiB, free: 434.4 MiB)
[2026-04-29T14:24:07.581+0000] {subprocess.py:106} INFO - 26/04/29 14:24:07 INFO SparkContext: Created broadcast 0 from broadcast at DAGScheduler.scala:1580
[2026-04-29T14:24:07.608+0000] {subprocess.py:106} INFO - 26/04/29 14:24:07 INFO DAGScheduler: Submitting 90 missing tasks from ResultStage 0 (MapPartitionsRDD[1] at json at NativeMethodAccessorImpl.java:0) (first 15 tasks are for partitions Vector(0, 1, 2, 3, 4, 5, 6, 7, 8, 9, 10, 11, 12, 13, 14))
[2026-04-29T14:24:07.610+0000] {subprocess.py:106} INFO - 26/04/29 14:24:07 INFO YarnScheduler: Adding task set 0.0 with 90 tasks resource profile 0
[2026-04-29T14:24:07.668+0000] {subprocess.py:106} INFO - 26/04/29 14:24:07 INFO TaskSetManager: Starting task 0.0 in stage 0.0 (TID 0) (5b0353f352af, executor 1, partition 0, PROCESS_LOCAL, 7815 bytes)
[2026-04-29T14:24:08.187+0000] {subprocess.py:106} INFO - 26/04/29 14:24:08 INFO BlockManagerInfo: Added broadcast_0_piece0 in memory on 5b0353f352af:35123 (size: 37.4 KiB, free: 366.3 MiB)
[2026-04-29T14:24:09.609+0000] {subprocess.py:106} INFO - 26/04/29 14:24:09 INFO TaskSetManager: Starting task 1.0 in stage 0.0 (TID 1) (5b0353f352af, executor 1, partition 1, PROCESS_LOCAL, 7815 bytes)
[2026-04-29T14:24:09.630+0000] {subprocess.py:106} INFO - 26/04/29 14:24:09 INFO TaskSetManager: Finished task 0.0 in stage 0.0 (TID 0) in 1981 ms on 5b0353f352af (executor 1) (1/90)
[2026-04-29T14:24:09.746+0000] {subprocess.py:106} INFO - 26/04/29 14:24:09 INFO TaskSetManager: Starting task 2.0 in stage 0.0 (TID 2) (5b0353f352af, executor 1, partition 2, PROCESS_LOCAL, 7815 bytes)
[2026-04-29T14:24:09.751+0000] {subprocess.py:106} INFO - 26/04/29 14:24:09 INFO TaskSetManager: Finished task 1.0 in stage 0.0 (TID 1) in 143 ms on 5b0353f352af (executor 1) (2/90)
[2026-04-29T14:24:09.840+0000] {subprocess.py:106} INFO - 26/04/29 14:24:09 INFO TaskSetManager: Starting task 3.0 in stage 0.0 (TID 3) (5b0353f352af, executor 1, partition 3, PROCESS_LOCAL, 7815 bytes)
[2026-04-29T14:24:09.844+0000] {subprocess.py:106} INFO - 26/04/29 14:24:09 INFO TaskSetManager: Finished task 2.0 in stage 0.0 (TID 2) in 97 ms on 5b0353f352af (executor 1) (3/90)
[2026-04-29T14:24:09.926+0000] {subprocess.py:106} INFO - 26/04/29 14:24:09 INFO TaskSetManager: Starting task 4.0 in stage 0.0 (TID 4) (5b0353f352af, executor 1, partition 4, PROCESS_LOCAL, 7815 bytes)
[2026-04-29T14:24:09.928+0000] {subprocess.py:106} INFO - 26/04/29 14:24:09 INFO TaskSetManager: Finished task 3.0 in stage 0.0 (TID 3) in 89 ms on 5b0353f352af (executor 1) (4/90)
[2026-04-29T14:24:10.003+0000] {subprocess.py:106} INFO - 26/04/29 14:24:10 INFO TaskSetManager: Starting task 5.0 in stage 0.0 (TID 5) (5b0353f352af, executor 1, partition 5, PROCESS_LOCAL, 7815 bytes)
[2026-04-29T14:24:10.007+0000] {subprocess.py:106} INFO - 26/04/29 14:24:10 INFO TaskSetManager: Finished task 4.0 in stage 0.0 (TID 4) in 83 ms on 5b0353f352af (executor 1) (5/90)
[2026-04-29T14:24:10.115+0000] {subprocess.py:106} INFO - 26/04/29 14:24:10 INFO TaskSetManager: Starting task 6.0 in stage 0.0 (TID 6) (5b0353f352af, executor 1, partition 6, PROCESS_LOCAL, 7815 bytes)
[2026-04-29T14:24:10.118+0000] {subprocess.py:106} INFO - 26/04/29 14:24:10 INFO TaskSetManager: Finished task 5.0 in stage 0.0 (TID 5) in 115 ms on 5b0353f352af (executor 1) (6/90)
[2026-04-29T14:24:10.176+0000] {subprocess.py:106} INFO - 26/04/29 14:24:10 INFO TaskSetManager: Starting task 7.0 in stage 0.0 (TID 7) (5b0353f352af, executor 1, partition 7, PROCESS_LOCAL, 7815 bytes)
[2026-04-29T14:24:10.178+0000] {subprocess.py:106} INFO - 26/04/29 14:24:10 INFO TaskSetManager: Finished task 6.0 in stage 0.0 (TID 6) in 63 ms on 5b0353f352af (executor 1) (7/90)
[2026-04-29T14:24:10.245+0000] {subprocess.py:106} INFO - 26/04/29 14:24:10 INFO TaskSetManager: Starting task 8.0 in stage 0.0 (TID 8) (5b0353f352af, executor 1, partition 8, PROCESS_LOCAL, 7815 bytes)
[2026-04-29T14:24:10.248+0000] {subprocess.py:106} INFO - 26/04/29 14:24:10 INFO TaskSetManager: Finished task 7.0 in stage 0.0 (TID 7) in 76 ms on 5b0353f352af (executor 1) (8/90)
[2026-04-29T14:24:10.298+0000] {subprocess.py:106} INFO - 26/04/29 14:24:10 INFO TaskSetManager: Starting task 9.0 in stage 0.0 (TID 9) (5b0353f352af, executor 1, partition 9, PROCESS_LOCAL, 7815 bytes)
[2026-04-29T14:24:10.300+0000] {subprocess.py:106} INFO - 26/04/29 14:24:10 INFO TaskSetManager: Finished task 8.0 in stage 0.0 (TID 8) in 58 ms on 5b0353f352af (executor 1) (9/90)
[2026-04-29T14:24:10.880+0000] {subprocess.py:106} INFO - 26/04/29 14:24:10 INFO TaskSetManager: Starting task 10.0 in stage 0.0 (TID 10) (5b0353f352af, executor 1, partition 10, PROCESS_LOCAL, 7815 bytes)
[2026-04-29T14:24:10.883+0000] {subprocess.py:106} INFO - 26/04/29 14:24:10 INFO TaskSetManager: Finished task 9.0 in stage 0.0 (TID 9) in 585 ms on 5b0353f352af (executor 1) (10/90)
[2026-04-29T14:24:10.945+0000] {subprocess.py:106} INFO - 26/04/29 14:24:10 INFO TaskSetManager: Starting task 11.0 in stage 0.0 (TID 11) (5b0353f352af, executor 1, partition 11, PROCESS_LOCAL, 7815 bytes)
[2026-04-29T14:24:10.952+0000] {subprocess.py:106} INFO - 26/04/29 14:24:10 INFO TaskSetManager: Finished task 10.0 in stage 0.0 (TID 10) in 68 ms on 5b0353f352af (executor 1) (11/90)
[2026-04-29T14:24:11.008+0000] {subprocess.py:106} INFO - 26/04/29 14:24:11 INFO TaskSetManager: Starting task 12.0 in stage 0.0 (TID 12) (5b0353f352af, executor 1, partition 12, PROCESS_LOCAL, 7815 bytes)
[2026-04-29T14:24:11.010+0000] {subprocess.py:106} INFO - 26/04/29 14:24:11 INFO TaskSetManager: Finished task 11.0 in stage 0.0 (TID 11) in 67 ms on 5b0353f352af (executor 1) (12/90)
[2026-04-29T14:24:08.184+0000] {subprocess.py:106} INFO - 26/04/29 14:24:08 INFO TaskSetManager: Starting task 13.0 in stage 0.0 (TID 13) (5b0353f352af, executor 1, partition 13, PROCESS_LOCAL, 7815 bytes)
[2026-04-29T14:24:08.186+0000] {subprocess.py:106} INFO - 26/04/29 14:24:08 INFO TaskSetManager: Finished task 12.0 in stage 0.0 (TID 12) in -2821 ms on 5b0353f352af (executor 1) (13/90)
[2026-04-29T14:24:08.235+0000] {subprocess.py:106} INFO - 26/04/29 14:24:08 INFO TaskSetManager: Starting task 14.0 in stage 0.0 (TID 14) (5b0353f352af, executor 1, partition 14, PROCESS_LOCAL, 7815 bytes)
[2026-04-29T14:24:08.237+0000] {subprocess.py:106} INFO - 26/04/29 14:24:08 INFO TaskSetManager: Finished task 13.0 in stage 0.0 (TID 13) in 53 ms on 5b0353f352af (executor 1) (14/90)
[2026-04-29T14:24:08.290+0000] {subprocess.py:106} INFO - 26/04/29 14:24:08 INFO TaskSetManager: Starting task 15.0 in stage 0.0 (TID 15) (5b0353f352af, executor 1, partition 15, PROCESS_LOCAL, 7815 bytes)
[2026-04-29T14:24:08.292+0000] {subprocess.py:106} INFO - 26/04/29 14:24:08 INFO TaskSetManager: Finished task 14.0 in stage 0.0 (TID 14) in 57 ms on 5b0353f352af (executor 1) (15/90)
[2026-04-29T14:24:08.345+0000] {subprocess.py:106} INFO - 26/04/29 14:24:08 INFO TaskSetManager: Starting task 16.0 in stage 0.0 (TID 16) (5b0353f352af, executor 1, partition 16, PROCESS_LOCAL, 7815 bytes)
[2026-04-29T14:24:08.347+0000] {subprocess.py:106} INFO - 26/04/29 14:24:08 INFO TaskSetManager: Finished task 15.0 in stage 0.0 (TID 15) in 59 ms on 5b0353f352af (executor 1) (16/90)
[2026-04-29T14:24:08.399+0000] {subprocess.py:106} INFO - 26/04/29 14:24:08 INFO TaskSetManager: Starting task 17.0 in stage 0.0 (TID 17) (5b0353f352af, executor 1, partition 17, PROCESS_LOCAL, 7815 bytes)
[2026-04-29T14:24:08.402+0000] {subprocess.py:106} INFO - 26/04/29 14:24:08 INFO TaskSetManager: Finished task 16.0 in stage 0.0 (TID 16) in 57 ms on 5b0353f352af (executor 1) (17/90)
[2026-04-29T14:24:08.455+0000] {subprocess.py:106} INFO - 26/04/29 14:24:08 INFO TaskSetManager: Starting task 18.0 in stage 0.0 (TID 18) (5b0353f352af, executor 1, partition 18, PROCESS_LOCAL, 7815 bytes)
[2026-04-29T14:24:08.458+0000] {subprocess.py:106} INFO - 26/04/29 14:24:08 INFO TaskSetManager: Finished task 17.0 in stage 0.0 (TID 17) in 59 ms on 5b0353f352af (executor 1) (18/90)
[2026-04-29T14:24:08.509+0000] {subprocess.py:106} INFO - 26/04/29 14:24:08 INFO TaskSetManager: Starting task 19.0 in stage 0.0 (TID 19) (5b0353f352af, executor 1, partition 19, PROCESS_LOCAL, 7815 bytes)
[2026-04-29T14:24:08.511+0000] {subprocess.py:106} INFO - 26/04/29 14:24:08 INFO TaskSetManager: Finished task 18.0 in stage 0.0 (TID 18) in 58 ms on 5b0353f352af (executor 1) (19/90)
[2026-04-29T14:24:08.568+0000] {subprocess.py:106} INFO - 26/04/29 14:24:08 INFO TaskSetManager: Starting task 20.0 in stage 0.0 (TID 20) (5b0353f352af, executor 1, partition 20, PROCESS_LOCAL, 7815 bytes)
[2026-04-29T14:24:08.571+0000] {subprocess.py:106} INFO - 26/04/29 14:24:08 INFO TaskSetManager: Finished task 19.0 in stage 0.0 (TID 19) in 61 ms on 5b0353f352af (executor 1) (20/90)
[2026-04-29T14:24:08.621+0000] {subprocess.py:106} INFO - 26/04/29 14:24:08 INFO TaskSetManager: Starting task 21.0 in stage 0.0 (TID 21) (5b0353f352af, executor 1, partition 21, PROCESS_LOCAL, 7815 bytes)
[2026-04-29T14:24:08.623+0000] {subprocess.py:106} INFO - 26/04/29 14:24:08 INFO TaskSetManager: Finished task 20.0 in stage 0.0 (TID 20) in 56 ms on 5b0353f352af (executor 1) (21/90)
[2026-04-29T14:24:08.676+0000] {subprocess.py:106} INFO - 26/04/29 14:24:08 INFO TaskSetManager: Starting task 22.0 in stage 0.0 (TID 22) (5b0353f352af, executor 1, partition 22, PROCESS_LOCAL, 7815 bytes)
[2026-04-29T14:24:08.680+0000] {subprocess.py:106} INFO - 26/04/29 14:24:08 INFO TaskSetManager: Finished task 21.0 in stage 0.0 (TID 21) in 58 ms on 5b0353f352af (executor 1) (22/90)
[2026-04-29T14:24:08.732+0000] {subprocess.py:106} INFO - 26/04/29 14:24:08 INFO TaskSetManager: Starting task 23.0 in stage 0.0 (TID 23) (5b0353f352af, executor 1, partition 23, PROCESS_LOCAL, 7815 bytes)
[2026-04-29T14:24:08.734+0000] {subprocess.py:106} INFO - 26/04/29 14:24:08 INFO TaskSetManager: Finished task 22.0 in stage 0.0 (TID 22) in 59 ms on 5b0353f352af (executor 1) (23/90)
[2026-04-29T14:24:08.785+0000] {subprocess.py:106} INFO - 26/04/29 14:24:08 INFO TaskSetManager: Starting task 24.0 in stage 0.0 (TID 24) (5b0353f352af, executor 1, partition 24, PROCESS_LOCAL, 7815 bytes)
[2026-04-29T14:24:08.787+0000] {subprocess.py:106} INFO - 26/04/29 14:24:08 INFO TaskSetManager: Finished task 23.0 in stage 0.0 (TID 23) in 55 ms on 5b0353f352af (executor 1) (24/90)
[2026-04-29T14:24:08.841+0000] {subprocess.py:106} INFO - 26/04/29 14:24:08 INFO TaskSetManager: Starting task 25.0 in stage 0.0 (TID 25) (5b0353f352af, executor 1, partition 25, PROCESS_LOCAL, 7815 bytes)
[2026-04-29T14:24:08.843+0000] {subprocess.py:106} INFO - 26/04/29 14:24:08 INFO TaskSetManager: Finished task 24.0 in stage 0.0 (TID 24) in 59 ms on 5b0353f352af (executor 1) (25/90)
[2026-04-29T14:24:08.893+0000] {subprocess.py:106} INFO - 26/04/29 14:24:08 INFO TaskSetManager: Starting task 26.0 in stage 0.0 (TID 26) (5b0353f352af, executor 1, partition 26, PROCESS_LOCAL, 7815 bytes)
[2026-04-29T14:24:08.894+0000] {subprocess.py:106} INFO - 26/04/29 14:24:08 INFO TaskSetManager: Finished task 25.0 in stage 0.0 (TID 25) in 55 ms on 5b0353f352af (executor 1) (26/90)
[2026-04-29T14:24:08.944+0000] {subprocess.py:106} INFO - 26/04/29 14:24:08 INFO TaskSetManager: Starting task 27.0 in stage 0.0 (TID 27) (5b0353f352af, executor 1, partition 27, PROCESS_LOCAL, 7815 bytes)
[2026-04-29T14:24:08.946+0000] {subprocess.py:106} INFO - 26/04/29 14:24:08 INFO TaskSetManager: Finished task 26.0 in stage 0.0 (TID 26) in 53 ms on 5b0353f352af (executor 1) (27/90)
[2026-04-29T14:24:08.993+0000] {subprocess.py:106} INFO - 26/04/29 14:24:08 INFO TaskSetManager: Starting task 28.0 in stage 0.0 (TID 28) (5b0353f352af, executor 1, partition 28, PROCESS_LOCAL, 7815 bytes)
[2026-04-29T14:24:09.000+0000] {subprocess.py:106} INFO - 26/04/29 14:24:08 INFO TaskSetManager: Finished task 27.0 in stage 0.0 (TID 27) in 50 ms on 5b0353f352af (executor 1) (28/90)
[2026-04-29T14:24:09.038+0000] {subprocess.py:106} INFO - 26/04/29 14:24:09 INFO TaskSetManager: Starting task 29.0 in stage 0.0 (TID 29) (5b0353f352af, executor 1, partition 29, PROCESS_LOCAL, 7815 bytes)
[2026-04-29T14:24:09.040+0000] {subprocess.py:106} INFO - 26/04/29 14:24:09 INFO TaskSetManager: Finished task 28.0 in stage 0.0 (TID 28) in 49 ms on 5b0353f352af (executor 1) (29/90)
[2026-04-29T14:24:09.090+0000] {subprocess.py:106} INFO - 26/04/29 14:24:09 INFO TaskSetManager: Starting task 30.0 in stage 0.0 (TID 30) (5b0353f352af, executor 1, partition 30, PROCESS_LOCAL, 7815 bytes)
[2026-04-29T14:24:09.092+0000] {subprocess.py:106} INFO - 26/04/29 14:24:09 INFO TaskSetManager: Finished task 29.0 in stage 0.0 (TID 29) in 54 ms on 5b0353f352af (executor 1) (30/90)
[2026-04-29T14:24:09.139+0000] {subprocess.py:106} INFO - 26/04/29 14:24:09 INFO TaskSetManager: Starting task 31.0 in stage 0.0 (TID 31) (5b0353f352af, executor 1, partition 31, PROCESS_LOCAL, 7815 bytes)
[2026-04-29T14:24:09.142+0000] {subprocess.py:106} INFO - 26/04/29 14:24:09 INFO TaskSetManager: Finished task 30.0 in stage 0.0 (TID 30) in 52 ms on 5b0353f352af (executor 1) (31/90)
[2026-04-29T14:24:09.192+0000] {subprocess.py:106} INFO - 26/04/29 14:24:09 INFO TaskSetManager: Starting task 32.0 in stage 0.0 (TID 32) (5b0353f352af, executor 1, partition 32, PROCESS_LOCAL, 7815 bytes)
[2026-04-29T14:24:09.195+0000] {subprocess.py:106} INFO - 26/04/29 14:24:09 INFO TaskSetManager: Finished task 31.0 in stage 0.0 (TID 31) in 56 ms on 5b0353f352af (executor 1) (32/90)
[2026-04-29T14:24:09.249+0000] {subprocess.py:106} INFO - 26/04/29 14:24:09 INFO TaskSetManager: Starting task 33.0 in stage 0.0 (TID 33) (5b0353f352af, executor 1, partition 33, PROCESS_LOCAL, 7815 bytes)
[2026-04-29T14:24:09.252+0000] {subprocess.py:106} INFO - 26/04/29 14:24:09 INFO TaskSetManager: Finished task 32.0 in stage 0.0 (TID 32) in 61 ms on 5b0353f352af (executor 1) (33/90)
[2026-04-29T14:24:09.301+0000] {subprocess.py:106} INFO - 26/04/29 14:24:09 INFO TaskSetManager: Starting task 34.0 in stage 0.0 (TID 34) (5b0353f352af, executor 1, partition 34, PROCESS_LOCAL, 7815 bytes)
[2026-04-29T14:24:09.303+0000] {subprocess.py:106} INFO - 26/04/29 14:24:09 INFO TaskSetManager: Finished task 33.0 in stage 0.0 (TID 33) in 53 ms on 5b0353f352af (executor 1) (34/90)
[2026-04-29T14:24:09.345+0000] {subprocess.py:106} INFO - 26/04/29 14:24:09 INFO TaskSetManager: Starting task 35.0 in stage 0.0 (TID 35) (5b0353f352af, executor 1, partition 35, PROCESS_LOCAL, 7815 bytes)
[2026-04-29T14:24:09.347+0000] {subprocess.py:106} INFO - 26/04/29 14:24:09 INFO TaskSetManager: Finished task 34.0 in stage 0.0 (TID 34) in 46 ms on 5b0353f352af (executor 1) (35/90)
[2026-04-29T14:24:09.394+0000] {subprocess.py:106} INFO - 26/04/29 14:24:09 INFO TaskSetManager: Starting task 36.0 in stage 0.0 (TID 36) (5b0353f352af, executor 1, partition 36, PROCESS_LOCAL, 7815 bytes)
[2026-04-29T14:24:09.404+0000] {subprocess.py:106} INFO - 26/04/29 14:24:09 INFO TaskSetManager: Finished task 35.0 in stage 0.0 (TID 35) in 53 ms on 5b0353f352af (executor 1) (36/90)
[2026-04-29T14:24:09.460+0000] {subprocess.py:106} INFO - 26/04/29 14:24:09 INFO TaskSetManager: Starting task 37.0 in stage 0.0 (TID 37) (5b0353f352af, executor 1, partition 37, PROCESS_LOCAL, 7815 bytes)
[2026-04-29T14:24:09.462+0000] {subprocess.py:106} INFO - 26/04/29 14:24:09 INFO TaskSetManager: Finished task 36.0 in stage 0.0 (TID 36) in 69 ms on 5b0353f352af (executor 1) (37/90)
[2026-04-29T14:24:09.529+0000] {subprocess.py:106} INFO - 26/04/29 14:24:09 INFO TaskSetManager: Starting task 38.0 in stage 0.0 (TID 38) (5b0353f352af, executor 1, partition 38, PROCESS_LOCAL, 7815 bytes)
[2026-04-29T14:24:09.531+0000] {subprocess.py:106} INFO - 26/04/29 14:24:09 INFO TaskSetManager: Finished task 37.0 in stage 0.0 (TID 37) in 69 ms on 5b0353f352af (executor 1) (38/90)
[2026-04-29T14:24:09.577+0000] {subprocess.py:106} INFO - 26/04/29 14:24:09 INFO TaskSetManager: Starting task 39.0 in stage 0.0 (TID 39) (5b0353f352af, executor 1, partition 39, PROCESS_LOCAL, 7815 bytes)
[2026-04-29T14:24:09.579+0000] {subprocess.py:106} INFO - 26/04/29 14:24:09 INFO TaskSetManager: Finished task 38.0 in stage 0.0 (TID 38) in 51 ms on 5b0353f352af (executor 1) (39/90)
[2026-04-29T14:24:09.615+0000] {subprocess.py:106} INFO - 26/04/29 14:24:09 INFO TaskSetManager: Starting task 40.0 in stage 0.0 (TID 40) (5b0353f352af, executor 1, partition 40, PROCESS_LOCAL, 7815 bytes)
[2026-04-29T14:24:09.617+0000] {subprocess.py:106} INFO - 26/04/29 14:24:09 INFO TaskSetManager: Finished task 39.0 in stage 0.0 (TID 39) in 41 ms on 5b0353f352af (executor 1) (40/90)
[2026-04-29T14:24:09.657+0000] {subprocess.py:106} INFO - 26/04/29 14:24:09 INFO TaskSetManager: Starting task 41.0 in stage 0.0 (TID 41) (5b0353f352af, executor 1, partition 41, PROCESS_LOCAL, 7815 bytes)
[2026-04-29T14:24:09.658+0000] {subprocess.py:106} INFO - 26/04/29 14:24:09 INFO TaskSetManager: Finished task 40.0 in stage 0.0 (TID 40) in 43 ms on 5b0353f352af (executor 1) (41/90)
[2026-04-29T14:24:09.705+0000] {subprocess.py:106} INFO - 26/04/29 14:24:09 INFO TaskSetManager: Starting task 42.0 in stage 0.0 (TID 42) (5b0353f352af, executor 1, partition 42, PROCESS_LOCAL, 7815 bytes)
[2026-04-29T14:24:09.707+0000] {subprocess.py:106} INFO - 26/04/29 14:24:09 INFO TaskSetManager: Finished task 41.0 in stage 0.0 (TID 41) in 51 ms on 5b0353f352af (executor 1) (42/90)
[2026-04-29T14:24:09.761+0000] {subprocess.py:106} INFO - 26/04/29 14:24:09 INFO TaskSetManager: Starting task 43.0 in stage 0.0 (TID 43) (5b0353f352af, executor 1, partition 43, PROCESS_LOCAL, 7815 bytes)
[2026-04-29T14:24:09.763+0000] {subprocess.py:106} INFO - 26/04/29 14:24:09 INFO TaskSetManager: Finished task 42.0 in stage 0.0 (TID 42) in 58 ms on 5b0353f352af (executor 1) (43/90)
[2026-04-29T14:24:09.808+0000] {subprocess.py:106} INFO - 26/04/29 14:24:09 INFO TaskSetManager: Starting task 44.0 in stage 0.0 (TID 44) (5b0353f352af, executor 1, partition 44, PROCESS_LOCAL, 7815 bytes)
[2026-04-29T14:24:09.809+0000] {subprocess.py:106} INFO - 26/04/29 14:24:09 INFO TaskSetManager: Finished task 43.0 in stage 0.0 (TID 43) in 48 ms on 5b0353f352af (executor 1) (44/90)
[2026-04-29T14:24:09.857+0000] {subprocess.py:106} INFO - 26/04/29 14:24:09 INFO TaskSetManager: Starting task 45.0 in stage 0.0 (TID 45) (5b0353f352af, executor 1, partition 45, PROCESS_LOCAL, 7815 bytes)
[2026-04-29T14:24:09.859+0000] {subprocess.py:106} INFO - 26/04/29 14:24:09 INFO TaskSetManager: Finished task 44.0 in stage 0.0 (TID 44) in 52 ms on 5b0353f352af (executor 1) (45/90)
[2026-04-29T14:24:09.911+0000] {subprocess.py:106} INFO - 26/04/29 14:24:09 INFO TaskSetManager: Starting task 46.0 in stage 0.0 (TID 46) (5b0353f352af, executor 1, partition 46, PROCESS_LOCAL, 7815 bytes)
[2026-04-29T14:24:09.912+0000] {subprocess.py:106} INFO - 26/04/29 14:24:09 INFO TaskSetManager: Finished task 45.0 in stage 0.0 (TID 45) in 55 ms on 5b0353f352af (executor 1) (46/90)
[2026-04-29T14:24:09.959+0000] {subprocess.py:106} INFO - 26/04/29 14:24:09 INFO TaskSetManager: Starting task 47.0 in stage 0.0 (TID 47) (5b0353f352af, executor 1, partition 47, PROCESS_LOCAL, 7815 bytes)
[2026-04-29T14:24:09.963+0000] {subprocess.py:106} INFO - 26/04/29 14:24:09 INFO TaskSetManager: Finished task 46.0 in stage 0.0 (TID 46) in 52 ms on 5b0353f352af (executor 1) (47/90)
[2026-04-29T14:24:10.015+0000] {subprocess.py:106} INFO - 26/04/29 14:24:10 INFO TaskSetManager: Starting task 48.0 in stage 0.0 (TID 48) (5b0353f352af, executor 1, partition 48, PROCESS_LOCAL, 7815 bytes)
[2026-04-29T14:24:10.016+0000] {subprocess.py:106} INFO - 26/04/29 14:24:10 INFO TaskSetManager: Finished task 47.0 in stage 0.0 (TID 47) in 57 ms on 5b0353f352af (executor 1) (48/90)
[2026-04-29T14:24:10.072+0000] {subprocess.py:106} INFO - 26/04/29 14:24:10 INFO TaskSetManager: Starting task 49.0 in stage 0.0 (TID 49) (5b0353f352af, executor 1, partition 49, PROCESS_LOCAL, 7815 bytes)
[2026-04-29T14:24:10.073+0000] {subprocess.py:106} INFO - 26/04/29 14:24:10 INFO TaskSetManager: Finished task 48.0 in stage 0.0 (TID 48) in 60 ms on 5b0353f352af (executor 1) (49/90)
[2026-04-29T14:24:10.126+0000] {subprocess.py:106} INFO - 26/04/29 14:24:10 INFO TaskSetManager: Starting task 50.0 in stage 0.0 (TID 50) (5b0353f352af, executor 1, partition 50, PROCESS_LOCAL, 7815 bytes)
[2026-04-29T14:24:10.127+0000] {subprocess.py:106} INFO - 26/04/29 14:24:10 INFO TaskSetManager: Finished task 49.0 in stage 0.0 (TID 49) in 56 ms on 5b0353f352af (executor 1) (50/90)
[2026-04-29T14:24:10.178+0000] {subprocess.py:106} INFO - 26/04/29 14:24:10 INFO TaskSetManager: Starting task 51.0 in stage 0.0 (TID 51) (5b0353f352af, executor 1, partition 51, PROCESS_LOCAL, 7815 bytes)
[2026-04-29T14:24:10.179+0000] {subprocess.py:106} INFO - 26/04/29 14:24:10 INFO TaskSetManager: Finished task 50.0 in stage 0.0 (TID 50) in 53 ms on 5b0353f352af (executor 1) (51/90)
[2026-04-29T14:24:10.230+0000] {subprocess.py:106} INFO - 26/04/29 14:24:10 INFO TaskSetManager: Starting task 52.0 in stage 0.0 (TID 52) (5b0353f352af, executor 1, partition 52, PROCESS_LOCAL, 7815 bytes)
[2026-04-29T14:24:10.232+0000] {subprocess.py:106} INFO - 26/04/29 14:24:10 INFO TaskSetManager: Finished task 51.0 in stage 0.0 (TID 51) in 55 ms on 5b0353f352af (executor 1) (52/90)
[2026-04-29T14:24:10.274+0000] {subprocess.py:106} INFO - 26/04/29 14:24:10 INFO TaskSetManager: Starting task 53.0 in stage 0.0 (TID 53) (5b0353f352af, executor 1, partition 53, PROCESS_LOCAL, 7815 bytes)
[2026-04-29T14:24:10.275+0000] {subprocess.py:106} INFO - 26/04/29 14:24:10 INFO TaskSetManager: Finished task 52.0 in stage 0.0 (TID 52) in 46 ms on 5b0353f352af (executor 1) (53/90)
[2026-04-29T14:24:10.327+0000] {subprocess.py:106} INFO - 26/04/29 14:24:10 INFO TaskSetManager: Starting task 54.0 in stage 0.0 (TID 54) (5b0353f352af, executor 1, partition 54, PROCESS_LOCAL, 7815 bytes)
[2026-04-29T14:24:10.328+0000] {subprocess.py:106} INFO - 26/04/29 14:24:10 INFO TaskSetManager: Finished task 53.0 in stage 0.0 (TID 53) in 54 ms on 5b0353f352af (executor 1) (54/90)
[2026-04-29T14:24:10.376+0000] {subprocess.py:106} INFO - 26/04/29 14:24:10 INFO TaskSetManager: Starting task 55.0 in stage 0.0 (TID 55) (5b0353f352af, executor 1, partition 55, PROCESS_LOCAL, 7815 bytes)
[2026-04-29T14:24:10.378+0000] {subprocess.py:106} INFO - 26/04/29 14:24:10 INFO TaskSetManager: Finished task 54.0 in stage 0.0 (TID 54) in 53 ms on 5b0353f352af (executor 1) (55/90)
[2026-04-29T14:24:10.455+0000] {subprocess.py:106} INFO - 26/04/29 14:24:10 INFO TaskSetManager: Starting task 56.0 in stage 0.0 (TID 56) (5b0353f352af, executor 1, partition 56, PROCESS_LOCAL, 7815 bytes)
[2026-04-29T14:24:10.478+0000] {subprocess.py:106} INFO - 26/04/29 14:24:10 INFO TaskSetManager: Finished task 55.0 in stage 0.0 (TID 55) in 62 ms on 5b0353f352af (executor 1) (56/90)
[2026-04-29T14:24:10.526+0000] {subprocess.py:106} INFO - 26/04/29 14:24:10 INFO TaskSetManager: Starting task 57.0 in stage 0.0 (TID 57) (5b0353f352af, executor 1, partition 57, PROCESS_LOCAL, 7815 bytes)
[2026-04-29T14:24:10.527+0000] {subprocess.py:106} INFO - 26/04/29 14:24:10 INFO TaskSetManager: Finished task 56.0 in stage 0.0 (TID 56) in 92 ms on 5b0353f352af (executor 1) (57/90)
[2026-04-29T14:24:10.570+0000] {subprocess.py:106} INFO - 26/04/29 14:24:10 INFO TaskSetManager: Starting task 58.0 in stage 0.0 (TID 58) (5b0353f352af, executor 1, partition 58, PROCESS_LOCAL, 7815 bytes)
[2026-04-29T14:24:10.572+0000] {subprocess.py:106} INFO - 26/04/29 14:24:10 INFO TaskSetManager: Finished task 57.0 in stage 0.0 (TID 57) in 47 ms on 5b0353f352af (executor 1) (58/90)
[2026-04-29T14:24:10.686+0000] {subprocess.py:106} INFO - 26/04/29 14:24:10 INFO TaskSetManager: Starting task 59.0 in stage 0.0 (TID 59) (5b0353f352af, executor 1, partition 59, PROCESS_LOCAL, 7815 bytes)
[2026-04-29T14:24:10.688+0000] {subprocess.py:106} INFO - 26/04/29 14:24:10 INFO TaskSetManager: Finished task 58.0 in stage 0.0 (TID 58) in 118 ms on 5b0353f352af (executor 1) (59/90)
[2026-04-29T14:24:10.737+0000] {subprocess.py:106} INFO - 26/04/29 14:24:10 INFO TaskSetManager: Starting task 60.0 in stage 0.0 (TID 60) (5b0353f352af, executor 1, partition 60, PROCESS_LOCAL, 7815 bytes)
[2026-04-29T14:24:10.738+0000] {subprocess.py:106} INFO - 26/04/29 14:24:10 INFO TaskSetManager: Finished task 59.0 in stage 0.0 (TID 59) in 53 ms on 5b0353f352af (executor 1) (60/90)
[2026-04-29T14:24:10.781+0000] {subprocess.py:106} INFO - 26/04/29 14:24:10 INFO TaskSetManager: Starting task 61.0 in stage 0.0 (TID 61) (5b0353f352af, executor 1, partition 61, PROCESS_LOCAL, 7815 bytes)
[2026-04-29T14:24:10.783+0000] {subprocess.py:106} INFO - 26/04/29 14:24:10 INFO TaskSetManager: Finished task 60.0 in stage 0.0 (TID 60) in 46 ms on 5b0353f352af (executor 1) (61/90)
[2026-04-29T14:24:10.828+0000] {subprocess.py:106} INFO - 26/04/29 14:24:10 INFO TaskSetManager: Starting task 62.0 in stage 0.0 (TID 62) (5b0353f352af, executor 1, partition 62, PROCESS_LOCAL, 7815 bytes)
[2026-04-29T14:24:10.829+0000] {subprocess.py:106} INFO - 26/04/29 14:24:10 INFO TaskSetManager: Finished task 61.0 in stage 0.0 (TID 61) in 49 ms on 5b0353f352af (executor 1) (62/90)
[2026-04-29T14:24:10.869+0000] {subprocess.py:106} INFO - 26/04/29 14:24:10 INFO TaskSetManager: Starting task 63.0 in stage 0.0 (TID 63) (5b0353f352af, executor 1, partition 63, PROCESS_LOCAL, 7815 bytes)
[2026-04-29T14:24:10.872+0000] {subprocess.py:106} INFO - 26/04/29 14:24:10 INFO TaskSetManager: Finished task 62.0 in stage 0.0 (TID 62) in 42 ms on 5b0353f352af (executor 1) (63/90)
[2026-04-29T14:24:10.920+0000] {subprocess.py:106} INFO - 26/04/29 14:24:10 INFO TaskSetManager: Starting task 64.0 in stage 0.0 (TID 64) (5b0353f352af, executor 1, partition 64, PROCESS_LOCAL, 7815 bytes)
[2026-04-29T14:24:10.921+0000] {subprocess.py:106} INFO - 26/04/29 14:24:10 INFO TaskSetManager: Finished task 63.0 in stage 0.0 (TID 63) in 53 ms on 5b0353f352af (executor 1) (64/90)
[2026-04-29T14:24:10.967+0000] {subprocess.py:106} INFO - 26/04/29 14:24:10 INFO TaskSetManager: Starting task 65.0 in stage 0.0 (TID 65) (5b0353f352af, executor 1, partition 65, PROCESS_LOCAL, 7815 bytes)
[2026-04-29T14:24:10.968+0000] {subprocess.py:106} INFO - 26/04/29 14:24:10 INFO TaskSetManager: Finished task 64.0 in stage 0.0 (TID 64) in 49 ms on 5b0353f352af (executor 1) (65/90)
[2026-04-29T14:24:11.019+0000] {subprocess.py:106} INFO - 26/04/29 14:24:11 INFO TaskSetManager: Starting task 66.0 in stage 0.0 (TID 66) (5b0353f352af, executor 1, partition 66, PROCESS_LOCAL, 7815 bytes)
[2026-04-29T14:24:11.021+0000] {subprocess.py:106} INFO - 26/04/29 14:24:11 INFO TaskSetManager: Finished task 65.0 in stage 0.0 (TID 65) in 55 ms on 5b0353f352af (executor 1) (66/90)
[2026-04-29T14:24:11.070+0000] {subprocess.py:106} INFO - 26/04/29 14:24:11 INFO TaskSetManager: Starting task 67.0 in stage 0.0 (TID 67) (5b0353f352af, executor 1, partition 67, PROCESS_LOCAL, 7815 bytes)
[2026-04-29T14:24:11.071+0000] {subprocess.py:106} INFO - 26/04/29 14:24:11 INFO TaskSetManager: Finished task 66.0 in stage 0.0 (TID 66) in 53 ms on 5b0353f352af (executor 1) (67/90)
[2026-04-29T14:24:11.120+0000] {subprocess.py:106} INFO - 26/04/29 14:24:11 INFO TaskSetManager: Starting task 68.0 in stage 0.0 (TID 68) (5b0353f352af, executor 1, partition 68, PROCESS_LOCAL, 7815 bytes)
[2026-04-29T14:24:11.122+0000] {subprocess.py:106} INFO - 26/04/29 14:24:11 INFO TaskSetManager: Finished task 67.0 in stage 0.0 (TID 67) in 52 ms on 5b0353f352af (executor 1) (68/90)
[2026-04-29T14:24:11.172+0000] {subprocess.py:106} INFO - 26/04/29 14:24:11 INFO TaskSetManager: Starting task 69.0 in stage 0.0 (TID 69) (5b0353f352af, executor 1, partition 69, PROCESS_LOCAL, 7815 bytes)
[2026-04-29T14:24:11.173+0000] {subprocess.py:106} INFO - 26/04/29 14:24:11 INFO TaskSetManager: Finished task 68.0 in stage 0.0 (TID 68) in 52 ms on 5b0353f352af (executor 1) (69/90)
[2026-04-29T14:24:11.230+0000] {subprocess.py:106} INFO - 26/04/29 14:24:11 INFO TaskSetManager: Starting task 70.0 in stage 0.0 (TID 70) (5b0353f352af, executor 1, partition 70, PROCESS_LOCAL, 7815 bytes)
[2026-04-29T14:24:11.231+0000] {subprocess.py:106} INFO - 26/04/29 14:24:11 INFO TaskSetManager: Finished task 69.0 in stage 0.0 (TID 69) in 55 ms on 5b0353f352af (executor 1) (70/90)
[2026-04-29T14:24:11.275+0000] {subprocess.py:106} INFO - 26/04/29 14:24:11 INFO TaskSetManager: Starting task 71.0 in stage 0.0 (TID 71) (5b0353f352af, executor 1, partition 71, PROCESS_LOCAL, 7815 bytes)
[2026-04-29T14:24:11.278+0000] {subprocess.py:106} INFO - 26/04/29 14:24:11 INFO TaskSetManager: Finished task 70.0 in stage 0.0 (TID 70) in 54 ms on 5b0353f352af (executor 1) (71/90)
[2026-04-29T14:24:11.321+0000] {subprocess.py:106} INFO - 26/04/29 14:24:11 INFO TaskSetManager: Starting task 72.0 in stage 0.0 (TID 72) (5b0353f352af, executor 1, partition 72, PROCESS_LOCAL, 7815 bytes)
[2026-04-29T14:24:11.324+0000] {subprocess.py:106} INFO - 26/04/29 14:24:11 INFO TaskSetManager: Finished task 71.0 in stage 0.0 (TID 71) in 48 ms on 5b0353f352af (executor 1) (72/90)
[2026-04-29T14:24:11.371+0000] {subprocess.py:106} INFO - 26/04/29 14:24:11 INFO TaskSetManager: Starting task 73.0 in stage 0.0 (TID 73) (5b0353f352af, executor 1, partition 73, PROCESS_LOCAL, 7815 bytes)
[2026-04-29T14:24:11.372+0000] {subprocess.py:106} INFO - 26/04/29 14:24:11 INFO TaskSetManager: Finished task 72.0 in stage 0.0 (TID 72) in 51 ms on 5b0353f352af (executor 1) (73/90)
[2026-04-29T14:24:11.426+0000] {subprocess.py:106} INFO - 26/04/29 14:24:11 INFO TaskSetManager: Starting task 74.0 in stage 0.0 (TID 74) (5b0353f352af, executor 1, partition 74, PROCESS_LOCAL, 7815 bytes)
[2026-04-29T14:24:11.427+0000] {subprocess.py:106} INFO - 26/04/29 14:24:11 INFO TaskSetManager: Finished task 73.0 in stage 0.0 (TID 73) in 58 ms on 5b0353f352af (executor 1) (74/90)
[2026-04-29T14:24:11.483+0000] {subprocess.py:106} INFO - 26/04/29 14:24:11 INFO TaskSetManager: Starting task 75.0 in stage 0.0 (TID 75) (5b0353f352af, executor 1, partition 75, PROCESS_LOCAL, 7815 bytes)
[2026-04-29T14:24:11.486+0000] {subprocess.py:106} INFO - 26/04/29 14:24:11 INFO TaskSetManager: Finished task 74.0 in stage 0.0 (TID 74) in 59 ms on 5b0353f352af (executor 1) (75/90)
[2026-04-29T14:24:11.530+0000] {subprocess.py:106} INFO - 26/04/29 14:24:11 INFO TaskSetManager: Starting task 76.0 in stage 0.0 (TID 76) (5b0353f352af, executor 1, partition 76, PROCESS_LOCAL, 7815 bytes)
[2026-04-29T14:24:11.531+0000] {subprocess.py:106} INFO - 26/04/29 14:24:11 INFO TaskSetManager: Finished task 75.0 in stage 0.0 (TID 75) in 48 ms on 5b0353f352af (executor 1) (76/90)
[2026-04-29T14:24:11.582+0000] {subprocess.py:106} INFO - 26/04/29 14:24:11 INFO TaskSetManager: Starting task 77.0 in stage 0.0 (TID 77) (5b0353f352af, executor 1, partition 77, PROCESS_LOCAL, 7815 bytes)
[2026-04-29T14:24:11.583+0000] {subprocess.py:106} INFO - 26/04/29 14:24:11 INFO TaskSetManager: Finished task 76.0 in stage 0.0 (TID 76) in 53 ms on 5b0353f352af (executor 1) (77/90)
[2026-04-29T14:24:11.638+0000] {subprocess.py:106} INFO - 26/04/29 14:24:11 INFO TaskSetManager: Starting task 78.0 in stage 0.0 (TID 78) (5b0353f352af, executor 1, partition 78, PROCESS_LOCAL, 7815 bytes)
[2026-04-29T14:24:11.639+0000] {subprocess.py:106} INFO - 26/04/29 14:24:11 INFO TaskSetManager: Finished task 77.0 in stage 0.0 (TID 77) in 58 ms on 5b0353f352af (executor 1) (78/90)
[2026-04-29T14:24:11.686+0000] {subprocess.py:106} INFO - 26/04/29 14:24:11 INFO TaskSetManager: Starting task 79.0 in stage 0.0 (TID 79) (5b0353f352af, executor 1, partition 79, PROCESS_LOCAL, 7815 bytes)
[2026-04-29T14:24:11.687+0000] {subprocess.py:106} INFO - 26/04/29 14:24:11 INFO TaskSetManager: Finished task 78.0 in stage 0.0 (TID 78) in 50 ms on 5b0353f352af (executor 1) (79/90)
[2026-04-29T14:24:11.734+0000] {subprocess.py:106} INFO - 26/04/29 14:24:11 INFO TaskSetManager: Starting task 80.0 in stage 0.0 (TID 80) (5b0353f352af, executor 1, partition 80, PROCESS_LOCAL, 7815 bytes)
[2026-04-29T14:24:11.735+0000] {subprocess.py:106} INFO - 26/04/29 14:24:11 INFO TaskSetManager: Finished task 79.0 in stage 0.0 (TID 79) in 50 ms on 5b0353f352af (executor 1) (80/90)
[2026-04-29T14:24:11.783+0000] {subprocess.py:106} INFO - 26/04/29 14:24:11 INFO TaskSetManager: Starting task 81.0 in stage 0.0 (TID 81) (5b0353f352af, executor 1, partition 81, PROCESS_LOCAL, 7815 bytes)
[2026-04-29T14:24:11.784+0000] {subprocess.py:106} INFO - 26/04/29 14:24:11 INFO TaskSetManager: Finished task 80.0 in stage 0.0 (TID 80) in 50 ms on 5b0353f352af (executor 1) (81/90)
[2026-04-29T14:24:11.832+0000] {subprocess.py:106} INFO - 26/04/29 14:24:11 INFO TaskSetManager: Starting task 82.0 in stage 0.0 (TID 82) (5b0353f352af, executor 1, partition 82, PROCESS_LOCAL, 7815 bytes)
[2026-04-29T14:24:11.834+0000] {subprocess.py:106} INFO - 26/04/29 14:24:11 INFO TaskSetManager: Finished task 81.0 in stage 0.0 (TID 81) in 51 ms on 5b0353f352af (executor 1) (82/90)
[2026-04-29T14:24:11.885+0000] {subprocess.py:106} INFO - 26/04/29 14:24:11 INFO TaskSetManager: Starting task 83.0 in stage 0.0 (TID 83) (5b0353f352af, executor 1, partition 83, PROCESS_LOCAL, 7815 bytes)
[2026-04-29T14:24:11.886+0000] {subprocess.py:106} INFO - 26/04/29 14:24:11 INFO TaskSetManager: Finished task 82.0 in stage 0.0 (TID 82) in 54 ms on 5b0353f352af (executor 1) (83/90)
[2026-04-29T14:24:11.934+0000] {subprocess.py:106} INFO - 26/04/29 14:24:11 INFO TaskSetManager: Starting task 84.0 in stage 0.0 (TID 84) (5b0353f352af, executor 1, partition 84, PROCESS_LOCAL, 7815 bytes)
[2026-04-29T14:24:11.940+0000] {subprocess.py:106} INFO - 26/04/29 14:24:11 INFO TaskSetManager: Finished task 83.0 in stage 0.0 (TID 83) in 51 ms on 5b0353f352af (executor 1) (84/90)
[2026-04-29T14:24:11.977+0000] {subprocess.py:106} INFO - 26/04/29 14:24:11 INFO TaskSetManager: Starting task 85.0 in stage 0.0 (TID 85) (5b0353f352af, executor 1, partition 85, PROCESS_LOCAL, 7815 bytes)
[2026-04-29T14:24:11.980+0000] {subprocess.py:106} INFO - 26/04/29 14:24:11 INFO TaskSetManager: Finished task 84.0 in stage 0.0 (TID 84) in 46 ms on 5b0353f352af (executor 1) (85/90)
[2026-04-29T14:24:12.021+0000] {subprocess.py:106} INFO - 26/04/29 14:24:12 INFO TaskSetManager: Starting task 86.0 in stage 0.0 (TID 86) (5b0353f352af, executor 1, partition 86, PROCESS_LOCAL, 7815 bytes)
[2026-04-29T14:24:12.023+0000] {subprocess.py:106} INFO - 26/04/29 14:24:12 INFO TaskSetManager: Finished task 85.0 in stage 0.0 (TID 85) in 46 ms on 5b0353f352af (executor 1) (86/90)
[2026-04-29T14:24:12.066+0000] {subprocess.py:106} INFO - 26/04/29 14:24:12 INFO TaskSetManager: Starting task 87.0 in stage 0.0 (TID 87) (5b0353f352af, executor 1, partition 87, PROCESS_LOCAL, 7815 bytes)
[2026-04-29T14:24:12.072+0000] {subprocess.py:106} INFO - 26/04/29 14:24:12 INFO TaskSetManager: Finished task 86.0 in stage 0.0 (TID 86) in 46 ms on 5b0353f352af (executor 1) (87/90)
[2026-04-29T14:24:12.107+0000] {subprocess.py:106} INFO - 26/04/29 14:24:12 INFO TaskSetManager: Starting task 88.0 in stage 0.0 (TID 88) (5b0353f352af, executor 1, partition 88, PROCESS_LOCAL, 7815 bytes)
[2026-04-29T14:24:12.109+0000] {subprocess.py:106} INFO - 26/04/29 14:24:12 INFO TaskSetManager: Finished task 87.0 in stage 0.0 (TID 87) in 44 ms on 5b0353f352af (executor 1) (88/90)
[2026-04-29T14:24:12.152+0000] {subprocess.py:106} INFO - 26/04/29 14:24:12 INFO TaskSetManager: Starting task 89.0 in stage 0.0 (TID 89) (5b0353f352af, executor 1, partition 89, PROCESS_LOCAL, 7815 bytes)
[2026-04-29T14:24:12.156+0000] {subprocess.py:106} INFO - 26/04/29 14:24:12 INFO TaskSetManager: Finished task 88.0 in stage 0.0 (TID 88) in 47 ms on 5b0353f352af (executor 1) (89/90)
[2026-04-29T14:24:12.203+0000] {subprocess.py:106} INFO - 26/04/29 14:24:12 INFO TaskSetManager: Finished task 89.0 in stage 0.0 (TID 89) in 51 ms on 5b0353f352af (executor 1) (90/90)
[2026-04-29T14:24:12.208+0000] {subprocess.py:106} INFO - 26/04/29 14:24:12 INFO YarnScheduler: Removed TaskSet 0.0, whose tasks have all completed, from pool
[2026-04-29T14:24:12.210+0000] {subprocess.py:106} INFO - 26/04/29 14:24:12 INFO DAGScheduler: ResultStage 0 (json at NativeMethodAccessorImpl.java:0) finished in 4.767 s
[2026-04-29T14:24:12.213+0000] {subprocess.py:106} INFO - 26/04/29 14:24:12 INFO DAGScheduler: Job 0 is finished. Cancelling potential speculative or zombie tasks for this job
[2026-04-29T14:24:12.214+0000] {subprocess.py:106} INFO - 26/04/29 14:24:12 INFO YarnScheduler: Killing all running tasks in stage 0: Stage finished
[2026-04-29T14:24:12.216+0000] {subprocess.py:106} INFO - 26/04/29 14:24:12 INFO DAGScheduler: Job 0 finished: json at NativeMethodAccessorImpl.java:0, took 7.218322 s
[2026-04-29T14:24:12.238+0000] {subprocess.py:106} INFO - 26/04/29 14:24:12 INFO InMemoryFileIndex: It took 7915 ms to list leaf files for 90 paths.
[2026-04-29T14:24:13.038+0000] {subprocess.py:106} INFO - 26/04/29 14:24:13 INFO BlockManagerInfo: Removed broadcast_0_piece0 on 172.30.1.13:33099 in memory (size: 37.4 KiB, free: 434.4 MiB)
[2026-04-29T14:24:13.096+0000] {subprocess.py:106} INFO - 26/04/29 14:24:13 INFO BlockManagerInfo: Removed broadcast_0_piece0 on 5b0353f352af:35123 in memory (size: 37.4 KiB, free: 366.3 MiB)
[2026-04-29T14:24:13.585+0000] {subprocess.py:106} INFO - 26/04/29 14:24:13 INFO YarnSchedulerBackend$YarnDriverEndpoint: Registered executor NettyRpcEndpointRef(spark-client://Executor) (172.30.1.25:57294) with ID 2,  ResourceProfileId 0
[2026-04-29T14:24:13.757+0000] {subprocess.py:106} INFO - 26/04/29 14:24:13 INFO BlockManagerMasterEndpoint: Registering block manager 1175ad6b07ce:41165 with 366.3 MiB RAM, BlockManagerId(2, 1175ad6b07ce, 41165, None)
[2026-04-29T14:24:16.088+0000] {subprocess.py:106} INFO - 26/04/29 14:24:16 INFO FileSourceStrategy: Pushed Filters:
[2026-04-29T14:24:16.090+0000] {subprocess.py:106} INFO - 26/04/29 14:24:16 INFO FileSourceStrategy: Post-Scan Filters:
[2026-04-29T14:24:16.183+0000] {subprocess.py:106} INFO - 26/04/29 14:24:16 INFO MemoryStore: Block broadcast_1 stored as values in memory (estimated size 204.4 KiB, free 434.2 MiB)
[2026-04-29T14:24:16.213+0000] {subprocess.py:106} INFO - 26/04/29 14:24:16 INFO MemoryStore: Block broadcast_1_piece0 stored as bytes in memory (estimated size 34.8 KiB, free 434.2 MiB)
[2026-04-29T14:24:16.215+0000] {subprocess.py:106} INFO - 26/04/29 14:24:16 INFO BlockManagerInfo: Added broadcast_1_piece0 in memory on 172.30.1.13:33099 (size: 34.8 KiB, free: 434.4 MiB)
[2026-04-29T14:24:16.216+0000] {subprocess.py:106} INFO - 26/04/29 14:24:16 INFO SparkContext: Created broadcast 1 from json at NativeMethodAccessorImpl.java:0
[2026-04-29T14:24:16.251+0000] {subprocess.py:106} INFO - 26/04/29 14:24:16 INFO FileSourceScanExec: Planning scan with bin packing, max size: 134217728 bytes, open cost is considered as scanning 4194304 bytes.
[2026-04-29T14:24:16.419+0000] {subprocess.py:106} INFO - 26/04/29 14:24:16 INFO SparkContext: Starting job: json at NativeMethodAccessorImpl.java:0
[2026-04-29T14:24:16.422+0000] {subprocess.py:106} INFO - 26/04/29 14:24:16 INFO DAGScheduler: Got job 1 (json at NativeMethodAccessorImpl.java:0) with 3 output partitions
[2026-04-29T14:24:16.423+0000] {subprocess.py:106} INFO - 26/04/29 14:24:16 INFO DAGScheduler: Final stage: ResultStage 1 (json at NativeMethodAccessorImpl.java:0)
[2026-04-29T14:24:16.424+0000] {subprocess.py:106} INFO - 26/04/29 14:24:16 INFO DAGScheduler: Parents of final stage: List()
[2026-04-29T14:24:16.425+0000] {subprocess.py:106} INFO - 26/04/29 14:24:16 INFO DAGScheduler: Missing parents: List()
[2026-04-29T14:24:16.426+0000] {subprocess.py:106} INFO - 26/04/29 14:24:16 INFO DAGScheduler: Submitting ResultStage 1 (MapPartitionsRDD[5] at json at NativeMethodAccessorImpl.java:0), which has no missing parents
[2026-04-29T14:24:16.499+0000] {subprocess.py:106} INFO - 26/04/29 14:24:16 INFO MemoryStore: Block broadcast_2 stored as values in memory (estimated size 16.7 KiB, free 434.2 MiB)
[2026-04-29T14:24:16.509+0000] {subprocess.py:106} INFO - 26/04/29 14:24:16 INFO MemoryStore: Block broadcast_2_piece0 stored as bytes in memory (estimated size 7.8 KiB, free 434.1 MiB)
[2026-04-29T14:24:16.513+0000] {subprocess.py:106} INFO - 26/04/29 14:24:16 INFO BlockManagerInfo: Added broadcast_2_piece0 in memory on 172.30.1.13:33099 (size: 7.8 KiB, free: 434.4 MiB)
[2026-04-29T14:24:16.515+0000] {subprocess.py:106} INFO - 26/04/29 14:24:16 INFO SparkContext: Created broadcast 2 from broadcast at DAGScheduler.scala:1580
[2026-04-29T14:24:16.520+0000] {subprocess.py:106} INFO - 26/04/29 14:24:16 INFO DAGScheduler: Submitting 3 missing tasks from ResultStage 1 (MapPartitionsRDD[5] at json at NativeMethodAccessorImpl.java:0) (first 15 tasks are for partitions Vector(0, 1, 2))
[2026-04-29T14:24:16.521+0000] {subprocess.py:106} INFO - 26/04/29 14:24:16 INFO YarnScheduler: Adding task set 1.0 with 3 tasks resource profile 0
[2026-04-29T14:24:16.526+0000] {subprocess.py:106} INFO - 26/04/29 14:24:16 INFO TaskSetManager: Starting task 0.0 in stage 1.0 (TID 90) (5b0353f352af, executor 1, partition 0, PROCESS_LOCAL, 12324 bytes)
[2026-04-29T14:24:16.527+0000] {subprocess.py:106} INFO - 26/04/29 14:24:16 INFO TaskSetManager: Starting task 1.0 in stage 1.0 (TID 91) (1175ad6b07ce, executor 2, partition 1, PROCESS_LOCAL, 12324 bytes)
[2026-04-29T14:24:16.600+0000] {subprocess.py:106} INFO - 26/04/29 14:24:16 INFO BlockManagerInfo: Added broadcast_2_piece0 in memory on 5b0353f352af:35123 (size: 7.8 KiB, free: 366.3 MiB)
[2026-04-29T14:24:17.394+0000] {subprocess.py:106} INFO - 26/04/29 14:24:17 INFO BlockManagerInfo: Added broadcast_2_piece0 in memory on 1175ad6b07ce:41165 (size: 7.8 KiB, free: 366.3 MiB)
[2026-04-29T14:24:18.656+0000] {subprocess.py:106} INFO - 26/04/29 14:24:18 INFO BlockManagerInfo: Added broadcast_1_piece0 in memory on 5b0353f352af:35123 (size: 34.8 KiB, free: 366.3 MiB)
[2026-04-29T14:24:20.009+0000] {subprocess.py:106} INFO - 26/04/29 14:24:20 INFO BlockManagerInfo: Added broadcast_1_piece0 in memory on 1175ad6b07ce:41165 (size: 34.8 KiB, free: 366.3 MiB)
[2026-04-29T14:24:20.757+0000] {subprocess.py:106} INFO - 26/04/29 14:24:20 INFO TaskSetManager: Starting task 2.0 in stage 1.0 (TID 92) (5b0353f352af, executor 1, partition 2, PROCESS_LOCAL, 11538 bytes)
[2026-04-29T14:24:20.762+0000] {subprocess.py:106} INFO - 26/04/29 14:24:20 INFO TaskSetManager: Finished task 0.0 in stage 1.0 (TID 90) in 4242 ms on 5b0353f352af (executor 1) (1/3)
[2026-04-29T14:24:21.818+0000] {subprocess.py:106} INFO - 26/04/29 14:24:21 INFO TaskSetManager: Finished task 2.0 in stage 1.0 (TID 92) in 1063 ms on 5b0353f352af (executor 1) (2/3)
[2026-04-29T14:24:22.263+0000] {subprocess.py:106} INFO - 26/04/29 14:24:22 INFO TaskSetManager: Finished task 1.0 in stage 1.0 (TID 91) in 5730 ms on 1175ad6b07ce (executor 2) (3/3)
[2026-04-29T14:24:22.266+0000] {subprocess.py:106} INFO - 26/04/29 14:24:22 INFO YarnScheduler: Removed TaskSet 1.0, whose tasks have all completed, from pool
[2026-04-29T14:24:22.267+0000] {subprocess.py:106} INFO - 26/04/29 14:24:22 INFO DAGScheduler: ResultStage 1 (json at NativeMethodAccessorImpl.java:0) finished in 5.828 s
[2026-04-29T14:24:22.268+0000] {subprocess.py:106} INFO - 26/04/29 14:24:22 INFO DAGScheduler: Job 1 is finished. Cancelling potential speculative or zombie tasks for this job
[2026-04-29T14:24:22.269+0000] {subprocess.py:106} INFO - 26/04/29 14:24:22 INFO YarnScheduler: Killing all running tasks in stage 1: Stage finished
[2026-04-29T14:24:22.270+0000] {subprocess.py:106} INFO - 26/04/29 14:24:22 INFO DAGScheduler: Job 1 finished: json at NativeMethodAccessorImpl.java:0, took 5.841395 s
[2026-04-29T14:24:22.487+0000] {subprocess.py:106} INFO - 26/04/29 14:24:22 INFO FileSourceStrategy: Pushed Filters:
[2026-04-29T14:24:22.489+0000] {subprocess.py:106} INFO - 26/04/29 14:24:22 INFO FileSourceStrategy: Post-Scan Filters:
[2026-04-29T14:24:23.220+0000] {subprocess.py:106} INFO - 26/04/29 14:24:23 INFO CodeGenerator: Code generated in 463.501983 ms
[2026-04-29T14:24:23.226+0000] {subprocess.py:106} INFO - 26/04/29 14:24:23 INFO MemoryStore: Block broadcast_3 stored as values in memory (estimated size 204.3 KiB, free 433.9 MiB)
[2026-04-29T14:24:23.243+0000] {subprocess.py:106} INFO - 26/04/29 14:24:23 INFO BlockManagerInfo: Removed broadcast_2_piece0 on 172.30.1.13:33099 in memory (size: 7.8 KiB, free: 434.4 MiB)
[2026-04-29T14:24:23.248+0000] {subprocess.py:106} INFO - 26/04/29 14:24:23 INFO BlockManagerInfo: Removed broadcast_2_piece0 on 5b0353f352af:35123 in memory (size: 7.8 KiB, free: 366.3 MiB)
[2026-04-29T14:24:23.250+0000] {subprocess.py:106} INFO - 26/04/29 14:24:23 INFO MemoryStore: Block broadcast_3_piece0 stored as bytes in memory (estimated size 34.8 KiB, free 433.9 MiB)
[2026-04-29T14:24:23.252+0000] {subprocess.py:106} INFO - 26/04/29 14:24:23 INFO BlockManagerInfo: Added broadcast_3_piece0 in memory on 172.30.1.13:33099 (size: 34.8 KiB, free: 434.3 MiB)
[2026-04-29T14:24:23.255+0000] {subprocess.py:106} INFO - 26/04/29 14:24:23 INFO SparkContext: Created broadcast 3 from showString at NativeMethodAccessorImpl.java:0
[2026-04-29T14:24:23.264+0000] {subprocess.py:106} INFO - 26/04/29 14:24:23 INFO FileSourceScanExec: Planning scan with bin packing, max size: 134217728 bytes, open cost is considered as scanning 4194304 bytes.
[2026-04-29T14:24:23.284+0000] {subprocess.py:106} INFO - 26/04/29 14:24:23 INFO BlockManagerInfo: Removed broadcast_2_piece0 on 1175ad6b07ce:41165 in memory (size: 7.8 KiB, free: 366.3 MiB)
[2026-04-29T14:24:23.340+0000] {subprocess.py:106} INFO - 26/04/29 14:24:23 INFO SparkContext: Starting job: showString at NativeMethodAccessorImpl.java:0
[2026-04-29T14:24:23.342+0000] {subprocess.py:106} INFO - 26/04/29 14:24:23 INFO DAGScheduler: Got job 2 (showString at NativeMethodAccessorImpl.java:0) with 1 output partitions
[2026-04-29T14:24:23.343+0000] {subprocess.py:106} INFO - 26/04/29 14:24:23 INFO DAGScheduler: Final stage: ResultStage 2 (showString at NativeMethodAccessorImpl.java:0)
[2026-04-29T14:24:23.344+0000] {subprocess.py:106} INFO - 26/04/29 14:24:23 INFO DAGScheduler: Parents of final stage: List()
[2026-04-29T14:24:23.345+0000] {subprocess.py:106} INFO - 26/04/29 14:24:23 INFO DAGScheduler: Missing parents: List()
[2026-04-29T14:24:23.345+0000] {subprocess.py:106} INFO - 26/04/29 14:24:23 INFO DAGScheduler: Submitting ResultStage 2 (MapPartitionsRDD[9] at showString at NativeMethodAccessorImpl.java:0), which has no missing parents
[2026-04-29T14:24:23.350+0000] {subprocess.py:106} INFO - 26/04/29 14:24:23 INFO MemoryStore: Block broadcast_4 stored as values in memory (estimated size 20.5 KiB, free 433.9 MiB)
[2026-04-29T14:24:23.362+0000] {subprocess.py:106} INFO - 26/04/29 14:24:23 INFO MemoryStore: Block broadcast_4_piece0 stored as bytes in memory (estimated size 8.4 KiB, free 433.9 MiB)
[2026-04-29T14:24:23.363+0000] {subprocess.py:106} INFO - 26/04/29 14:24:23 INFO BlockManagerInfo: Added broadcast_4_piece0 in memory on 172.30.1.13:33099 (size: 8.4 KiB, free: 434.3 MiB)
[2026-04-29T14:24:23.365+0000] {subprocess.py:106} INFO - 26/04/29 14:24:23 INFO BlockManagerInfo: Removed broadcast_1_piece0 on 172.30.1.13:33099 in memory (size: 34.8 KiB, free: 434.4 MiB)
[2026-04-29T14:24:23.367+0000] {subprocess.py:106} INFO - 26/04/29 14:24:23 INFO SparkContext: Created broadcast 4 from broadcast at DAGScheduler.scala:1580
[2026-04-29T14:24:23.368+0000] {subprocess.py:106} INFO - 26/04/29 14:24:23 INFO DAGScheduler: Submitting 1 missing tasks from ResultStage 2 (MapPartitionsRDD[9] at showString at NativeMethodAccessorImpl.java:0) (first 15 tasks are for partitions Vector(0))
[2026-04-29T14:24:23.369+0000] {subprocess.py:106} INFO - 26/04/29 14:24:23 INFO YarnScheduler: Adding task set 2.0 with 1 tasks resource profile 0
[2026-04-29T14:24:23.370+0000] {subprocess.py:106} INFO - 26/04/29 14:24:23 INFO BlockManagerInfo: Removed broadcast_1_piece0 on 5b0353f352af:35123 in memory (size: 34.8 KiB, free: 366.3 MiB)
[2026-04-29T14:24:23.372+0000] {subprocess.py:106} INFO - 26/04/29 14:24:23 INFO TaskSetManager: Starting task 0.0 in stage 2.0 (TID 93) (1175ad6b07ce, executor 2, partition 0, PROCESS_LOCAL, 12324 bytes)
[2026-04-29T14:24:23.376+0000] {subprocess.py:106} INFO - 26/04/29 14:24:23 INFO BlockManagerInfo: Removed broadcast_1_piece0 on 1175ad6b07ce:41165 in memory (size: 34.8 KiB, free: 366.3 MiB)
[2026-04-29T14:24:23.445+0000] {subprocess.py:106} INFO - 26/04/29 14:24:23 INFO BlockManagerInfo: Added broadcast_4_piece0 in memory on 1175ad6b07ce:41165 (size: 8.4 KiB, free: 366.3 MiB)
[2026-04-29T14:24:23.757+0000] {subprocess.py:106} INFO - 26/04/29 14:24:23 INFO BlockManagerInfo: Added broadcast_3_piece0 in memory on 1175ad6b07ce:41165 (size: 34.8 KiB, free: 366.3 MiB)
[2026-04-29T14:24:23.932+0000] {subprocess.py:106} INFO - 26/04/29 14:24:23 INFO TaskSetManager: Finished task 0.0 in stage 2.0 (TID 93) in 560 ms on 1175ad6b07ce (executor 2) (1/1)
[2026-04-29T14:24:23.933+0000] {subprocess.py:106} INFO - 26/04/29 14:24:23 INFO YarnScheduler: Removed TaskSet 2.0, whose tasks have all completed, from pool
[2026-04-29T14:24:23.936+0000] {subprocess.py:106} INFO - 26/04/29 14:24:23 INFO DAGScheduler: ResultStage 2 (showString at NativeMethodAccessorImpl.java:0) finished in 0.587 s
[2026-04-29T14:24:23.937+0000] {subprocess.py:106} INFO - 26/04/29 14:24:23 INFO DAGScheduler: Job 2 is finished. Cancelling potential speculative or zombie tasks for this job
[2026-04-29T14:24:23.938+0000] {subprocess.py:106} INFO - 26/04/29 14:24:23 INFO YarnScheduler: Killing all running tasks in stage 2: Stage finished
[2026-04-29T14:24:23.939+0000] {subprocess.py:106} INFO - 26/04/29 14:24:23 INFO DAGScheduler: Job 2 finished: showString at NativeMethodAccessorImpl.java:0, took 0.594375 s
[2026-04-29T14:24:24.029+0000] {subprocess.py:106} INFO - 26/04/29 14:24:24 INFO CodeGenerator: Code generated in 54.588878 ms
[2026-04-29T14:24:24.052+0000] {subprocess.py:106} INFO - +----+-----+--------+-----+--------------------+-----+-----------+------+------+-----+--------+-----------------+-------------------+----------------+
[2026-04-29T14:24:24.053+0000] {subprocess.py:106} INFO - | Age|Cabin|Embarked| Fare|                Name|Parch|PassengerId|Pclass|   Sex|SibSp|Survived|           Ticket|         event_time|          source|
[2026-04-29T14:24:24.054+0000] {subprocess.py:106} INFO - +----+-----+--------+-----+--------------------+-----+-----------+------+------+-----+--------+-----------------+-------------------+----------------+
[2026-04-29T14:24:24.055+0000] {subprocess.py:106} INFO - |28.0|  C52|       S|26.55|Bjornstrom-Steffa...|    0|        431|     1|  male|    0|       1|           110564|2026-04-28 22:33:49|SIMULATED_DEVICE|
[2026-04-29T14:24:24.056+0000] {subprocess.py:106} INFO - |NULL| NULL|       S| 16.1|Thorneycroft, Mrs...|    0|        432|     3|female|    1|       1|           376564|2026-04-28 22:33:49|SIMULATED_DEVICE|
[2026-04-29T14:24:24.057+0000] {subprocess.py:106} INFO - |42.0| NULL|       S| 26.0|Louch, Mrs. Charl...|    0|        433|     2|female|    1|       1|       SC/AH 3085|2026-04-28 22:33:49|SIMULATED_DEVICE|
[2026-04-29T14:24:24.058+0000] {subprocess.py:106} INFO - |17.0| NULL|       S|7.125|Kallio, Mr. Nikol...|    0|        434|     3|  male|    0|       0|STON/O 2. 3101274|2026-04-28 22:33:49|SIMULATED_DEVICE|
[2026-04-29T14:24:24.059+0000] {subprocess.py:106} INFO - |50.0|  E44|       S| 55.9|Silvey, Mr. Willi...|    0|        435|     1|  male|    1|       0|            13507|2026-04-28 22:33:49|SIMULATED_DEVICE|
[2026-04-29T14:24:24.060+0000] {subprocess.py:106} INFO - +----+-----+--------+-----+--------------------+-----+-----------+------+------+-----+--------+-----------------+-------------------+----------------+
[2026-04-29T14:24:24.061+0000] {subprocess.py:106} INFO - only showing top 5 rows
[2026-04-29T14:24:24.061+0000] {subprocess.py:106} INFO - 
[2026-04-29T14:24:24.171+0000] {subprocess.py:106} INFO - 26/04/29 14:24:24 INFO FileSourceStrategy: Pushed Filters:
[2026-04-29T14:24:24.172+0000] {subprocess.py:106} INFO - 26/04/29 14:24:24 INFO FileSourceStrategy: Post-Scan Filters:
[2026-04-29T14:24:24.336+0000] {subprocess.py:106} INFO - 26/04/29 14:24:24 INFO CodeGenerator: Code generated in 23.640102 ms
[2026-04-29T14:24:24.342+0000] {subprocess.py:106} INFO - 26/04/29 14:24:24 INFO MemoryStore: Block broadcast_5 stored as values in memory (estimated size 204.3 KiB, free 433.9 MiB)
[2026-04-29T14:24:24.365+0000] {subprocess.py:106} INFO - 26/04/29 14:24:24 INFO MemoryStore: Block broadcast_5_piece0 stored as bytes in memory (estimated size 34.8 KiB, free 433.9 MiB)
[2026-04-29T14:24:24.369+0000] {subprocess.py:106} INFO - 26/04/29 14:24:24 INFO BlockManagerInfo: Added broadcast_5_piece0 in memory on 172.30.1.13:33099 (size: 34.8 KiB, free: 434.3 MiB)
[2026-04-29T14:24:24.370+0000] {subprocess.py:106} INFO - 26/04/29 14:24:24 INFO SparkContext: Created broadcast 5 from count at NativeMethodAccessorImpl.java:0
[2026-04-29T14:24:24.374+0000] {subprocess.py:106} INFO - 26/04/29 14:24:24 INFO FileSourceScanExec: Planning scan with bin packing, max size: 134217728 bytes, open cost is considered as scanning 4194304 bytes.
[2026-04-29T14:24:24.442+0000] {subprocess.py:106} INFO - 26/04/29 14:24:24 INFO DAGScheduler: Registering RDD 13 (count at NativeMethodAccessorImpl.java:0) as input to shuffle 0
[2026-04-29T14:24:24.448+0000] {subprocess.py:106} INFO - 26/04/29 14:24:24 INFO DAGScheduler: Got map stage job 3 (count at NativeMethodAccessorImpl.java:0) with 3 output partitions
[2026-04-29T14:24:24.450+0000] {subprocess.py:106} INFO - 26/04/29 14:24:24 INFO DAGScheduler: Final stage: ShuffleMapStage 3 (count at NativeMethodAccessorImpl.java:0)
[2026-04-29T14:24:24.452+0000] {subprocess.py:106} INFO - 26/04/29 14:24:24 INFO DAGScheduler: Parents of final stage: List()
[2026-04-29T14:24:24.453+0000] {subprocess.py:106} INFO - 26/04/29 14:24:24 INFO DAGScheduler: Missing parents: List()
[2026-04-29T14:24:24.457+0000] {subprocess.py:106} INFO - 26/04/29 14:24:24 INFO DAGScheduler: Submitting ShuffleMapStage 3 (MapPartitionsRDD[13] at count at NativeMethodAccessorImpl.java:0), which has no missing parents
[2026-04-29T14:24:24.486+0000] {subprocess.py:106} INFO - 26/04/29 14:24:24 INFO MemoryStore: Block broadcast_6 stored as values in memory (estimated size 17.0 KiB, free 433.9 MiB)
[2026-04-29T14:24:24.488+0000] {subprocess.py:106} INFO - 26/04/29 14:24:24 INFO MemoryStore: Block broadcast_6_piece0 stored as bytes in memory (estimated size 8.3 KiB, free 433.9 MiB)
[2026-04-29T14:24:24.490+0000] {subprocess.py:106} INFO - 26/04/29 14:24:24 INFO BlockManagerInfo: Added broadcast_6_piece0 in memory on 172.30.1.13:33099 (size: 8.3 KiB, free: 434.3 MiB)
[2026-04-29T14:24:24.491+0000] {subprocess.py:106} INFO - 26/04/29 14:24:24 INFO SparkContext: Created broadcast 6 from broadcast at DAGScheduler.scala:1580
[2026-04-29T14:24:24.494+0000] {subprocess.py:106} INFO - 26/04/29 14:24:24 INFO DAGScheduler: Submitting 3 missing tasks from ShuffleMapStage 3 (MapPartitionsRDD[13] at count at NativeMethodAccessorImpl.java:0) (first 15 tasks are for partitions Vector(0, 1, 2))
[2026-04-29T14:24:24.495+0000] {subprocess.py:106} INFO - 26/04/29 14:24:24 INFO YarnScheduler: Adding task set 3.0 with 3 tasks resource profile 0
[2026-04-29T14:24:24.499+0000] {subprocess.py:106} INFO - 26/04/29 14:24:24 INFO TaskSetManager: Starting task 0.0 in stage 3.0 (TID 94) (1175ad6b07ce, executor 2, partition 0, PROCESS_LOCAL, 12313 bytes)
[2026-04-29T14:24:24.500+0000] {subprocess.py:106} INFO - 26/04/29 14:24:24 INFO TaskSetManager: Starting task 1.0 in stage 3.0 (TID 95) (5b0353f352af, executor 1, partition 1, PROCESS_LOCAL, 12313 bytes)
[2026-04-29T14:24:24.535+0000] {subprocess.py:106} INFO - 26/04/29 14:24:24 INFO BlockManagerInfo: Added broadcast_6_piece0 in memory on 5b0353f352af:35123 (size: 8.3 KiB, free: 366.3 MiB)
[2026-04-29T14:24:24.541+0000] {subprocess.py:106} INFO - 26/04/29 14:24:24 INFO BlockManagerInfo: Added broadcast_6_piece0 in memory on 1175ad6b07ce:41165 (size: 8.3 KiB, free: 366.2 MiB)
[2026-04-29T14:24:24.733+0000] {subprocess.py:106} INFO - 26/04/29 14:24:24 INFO BlockManagerInfo: Added broadcast_5_piece0 in memory on 1175ad6b07ce:41165 (size: 34.8 KiB, free: 366.2 MiB)
[2026-04-29T14:24:24.830+0000] {subprocess.py:106} INFO - 26/04/29 14:24:24 INFO BlockManagerInfo: Added broadcast_5_piece0 in memory on 5b0353f352af:35123 (size: 34.8 KiB, free: 366.3 MiB)
[2026-04-29T14:24:26.248+0000] {subprocess.py:106} INFO - 26/04/29 14:24:26 INFO TaskSetManager: Starting task 2.0 in stage 3.0 (TID 96) (1175ad6b07ce, executor 2, partition 2, PROCESS_LOCAL, 11527 bytes)
[2026-04-29T14:24:26.253+0000] {subprocess.py:106} INFO - 26/04/29 14:24:26 INFO TaskSetManager: Finished task 0.0 in stage 3.0 (TID 94) in 1754 ms on 1175ad6b07ce (executor 2) (1/3)
[2026-04-29T14:24:26.364+0000] {subprocess.py:106} INFO - 26/04/29 14:24:26 INFO TaskSetManager: Finished task 1.0 in stage 3.0 (TID 95) in 1865 ms on 5b0353f352af (executor 1) (2/3)
[2026-04-29T14:24:28.170+0000] {subprocess.py:106} INFO - 26/04/29 14:24:28 INFO TaskSetManager: Finished task 2.0 in stage 3.0 (TID 96) in 1916 ms on 1175ad6b07ce (executor 2) (3/3)
[2026-04-29T14:24:28.171+0000] {subprocess.py:106} INFO - 26/04/29 14:24:28 INFO YarnScheduler: Removed TaskSet 3.0, whose tasks have all completed, from pool
[2026-04-29T14:24:28.172+0000] {subprocess.py:106} INFO - 26/04/29 14:24:28 INFO DAGScheduler: ShuffleMapStage 3 (count at NativeMethodAccessorImpl.java:0) finished in 3.699 s
[2026-04-29T14:24:28.173+0000] {subprocess.py:106} INFO - 26/04/29 14:24:28 INFO DAGScheduler: looking for newly runnable stages
[2026-04-29T14:24:28.174+0000] {subprocess.py:106} INFO - 26/04/29 14:24:28 INFO DAGScheduler: running: Set()
[2026-04-29T14:24:28.175+0000] {subprocess.py:106} INFO - 26/04/29 14:24:28 INFO DAGScheduler: waiting: Set()
[2026-04-29T14:24:28.177+0000] {subprocess.py:106} INFO - 26/04/29 14:24:28 INFO DAGScheduler: failed: Set()
[2026-04-29T14:24:28.241+0000] {subprocess.py:106} INFO - 26/04/29 14:24:28 INFO CodeGenerator: Code generated in 23.618197 ms
[2026-04-29T14:24:28.276+0000] {subprocess.py:106} INFO - 26/04/29 14:24:28 INFO SparkContext: Starting job: count at NativeMethodAccessorImpl.java:0
[2026-04-29T14:24:28.282+0000] {subprocess.py:106} INFO - 26/04/29 14:24:28 INFO DAGScheduler: Got job 4 (count at NativeMethodAccessorImpl.java:0) with 1 output partitions
[2026-04-29T14:24:28.283+0000] {subprocess.py:106} INFO - 26/04/29 14:24:28 INFO DAGScheduler: Final stage: ResultStage 5 (count at NativeMethodAccessorImpl.java:0)
[2026-04-29T14:24:28.284+0000] {subprocess.py:106} INFO - 26/04/29 14:24:28 INFO DAGScheduler: Parents of final stage: List(ShuffleMapStage 4)
[2026-04-29T14:24:28.285+0000] {subprocess.py:106} INFO - 26/04/29 14:24:28 INFO DAGScheduler: Missing parents: List()
[2026-04-29T14:24:28.286+0000] {subprocess.py:106} INFO - 26/04/29 14:24:28 INFO DAGScheduler: Submitting ResultStage 5 (MapPartitionsRDD[16] at count at NativeMethodAccessorImpl.java:0), which has no missing parents
[2026-04-29T14:24:28.298+0000] {subprocess.py:106} INFO - 26/04/29 14:24:28 INFO MemoryStore: Block broadcast_7 stored as values in memory (estimated size 12.5 KiB, free 433.9 MiB)
[2026-04-29T14:24:28.301+0000] {subprocess.py:106} INFO - 26/04/29 14:24:28 INFO MemoryStore: Block broadcast_7_piece0 stored as bytes in memory (estimated size 5.9 KiB, free 433.9 MiB)
[2026-04-29T14:24:28.304+0000] {subprocess.py:106} INFO - 26/04/29 14:24:28 INFO BlockManagerInfo: Added broadcast_7_piece0 in memory on 172.30.1.13:33099 (size: 5.9 KiB, free: 434.3 MiB)
[2026-04-29T14:24:28.305+0000] {subprocess.py:106} INFO - 26/04/29 14:24:28 INFO SparkContext: Created broadcast 7 from broadcast at DAGScheduler.scala:1580
[2026-04-29T14:24:28.307+0000] {subprocess.py:106} INFO - 26/04/29 14:24:28 INFO DAGScheduler: Submitting 1 missing tasks from ResultStage 5 (MapPartitionsRDD[16] at count at NativeMethodAccessorImpl.java:0) (first 15 tasks are for partitions Vector(0))
[2026-04-29T14:24:28.308+0000] {subprocess.py:106} INFO - 26/04/29 14:24:28 INFO YarnScheduler: Adding task set 5.0 with 1 tasks resource profile 0
[2026-04-29T14:24:28.322+0000] {subprocess.py:106} INFO - 26/04/29 14:24:28 INFO TaskSetManager: Starting task 0.0 in stage 5.0 (TID 97) (1175ad6b07ce, executor 2, partition 0, NODE_LOCAL, 7626 bytes)
[2026-04-29T14:24:28.364+0000] {subprocess.py:106} INFO - 26/04/29 14:24:28 INFO BlockManagerInfo: Added broadcast_7_piece0 in memory on 1175ad6b07ce:41165 (size: 5.9 KiB, free: 366.2 MiB)
[2026-04-29T14:24:28.399+0000] {subprocess.py:106} INFO - 26/04/29 14:24:28 INFO MapOutputTrackerMasterEndpoint: Asked to send map output locations for shuffle 0 to 172.30.1.25:57294
[2026-04-29T14:24:28.649+0000] {subprocess.py:106} INFO - 26/04/29 14:24:28 INFO TaskSetManager: Finished task 0.0 in stage 5.0 (TID 97) in 329 ms on 1175ad6b07ce (executor 2) (1/1)
[2026-04-29T14:24:28.652+0000] {subprocess.py:106} INFO - 26/04/29 14:24:28 INFO YarnScheduler: Removed TaskSet 5.0, whose tasks have all completed, from pool
[2026-04-29T14:24:28.653+0000] {subprocess.py:106} INFO - 26/04/29 14:24:28 INFO DAGScheduler: ResultStage 5 (count at NativeMethodAccessorImpl.java:0) finished in 0.355 s
[2026-04-29T14:24:28.655+0000] {subprocess.py:106} INFO - 26/04/29 14:24:28 INFO DAGScheduler: Job 4 is finished. Cancelling potential speculative or zombie tasks for this job
[2026-04-29T14:24:28.656+0000] {subprocess.py:106} INFO - 26/04/29 14:24:28 INFO YarnScheduler: Killing all running tasks in stage 5: Stage finished
[2026-04-29T14:24:28.657+0000] {subprocess.py:106} INFO - 26/04/29 14:24:28 INFO DAGScheduler: Job 4 finished: count at NativeMethodAccessorImpl.java:0, took 0.376265 s
[2026-04-29T14:24:28.661+0000] {subprocess.py:106} INFO - 891
[2026-04-29T14:24:28.779+0000] {subprocess.py:106} INFO - 26/04/29 14:24:28 INFO FileSourceStrategy: Pushed Filters:
[2026-04-29T14:24:28.781+0000] {subprocess.py:106} INFO - 26/04/29 14:24:28 INFO FileSourceStrategy: Post-Scan Filters:
[2026-04-29T14:24:28.855+0000] {subprocess.py:106} INFO - 26/04/29 14:24:28 INFO ParquetUtils: Using default output committer for Parquet: org.apache.parquet.hadoop.ParquetOutputCommitter
[2026-04-29T14:24:28.904+0000] {subprocess.py:106} INFO - 26/04/29 14:24:28 INFO FileOutputCommitter: File Output Committer Algorithm version is 1
[2026-04-29T14:24:28.906+0000] {subprocess.py:106} INFO - 26/04/29 14:24:28 INFO FileOutputCommitter: FileOutputCommitter skip cleanup _temporary folders under output directory:false, ignore cleanup failures: false
[2026-04-29T14:24:28.906+0000] {subprocess.py:106} INFO - 26/04/29 14:24:28 INFO SQLHadoopMapReduceCommitProtocol: Using user defined output committer class org.apache.parquet.hadoop.ParquetOutputCommitter
[2026-04-29T14:24:28.908+0000] {subprocess.py:106} INFO - 26/04/29 14:24:28 INFO FileOutputCommitter: File Output Committer Algorithm version is 1
[2026-04-29T14:24:28.909+0000] {subprocess.py:106} INFO - 26/04/29 14:24:28 INFO FileOutputCommitter: FileOutputCommitter skip cleanup _temporary folders under output directory:false, ignore cleanup failures: false
[2026-04-29T14:24:28.910+0000] {subprocess.py:106} INFO - 26/04/29 14:24:28 INFO SQLHadoopMapReduceCommitProtocol: Using output committer class org.apache.parquet.hadoop.ParquetOutputCommitter
[2026-04-29T14:24:28.921+0000] {subprocess.py:106} INFO - 26/04/29 14:24:28 INFO MemoryStore: Block broadcast_8 stored as values in memory (estimated size 204.3 KiB, free 433.7 MiB)
[2026-04-29T14:24:28.937+0000] {subprocess.py:106} INFO - 26/04/29 14:24:28 INFO MemoryStore: Block broadcast_8_piece0 stored as bytes in memory (estimated size 34.8 KiB, free 433.6 MiB)
[2026-04-29T14:24:28.940+0000] {subprocess.py:106} INFO - 26/04/29 14:24:28 INFO BlockManagerInfo: Added broadcast_8_piece0 in memory on 172.30.1.13:33099 (size: 34.8 KiB, free: 434.3 MiB)
[2026-04-29T14:24:28.941+0000] {subprocess.py:106} INFO - 26/04/29 14:24:28 INFO SparkContext: Created broadcast 8 from save at NativeMethodAccessorImpl.java:0
[2026-04-29T14:24:28.945+0000] {subprocess.py:106} INFO - 26/04/29 14:24:28 INFO FileSourceScanExec: Planning scan with bin packing, max size: 134217728 bytes, open cost is considered as scanning 4194304 bytes.
[2026-04-29T14:24:28.987+0000] {subprocess.py:106} INFO - 26/04/29 14:24:28 INFO SparkContext: Starting job: save at NativeMethodAccessorImpl.java:0
[2026-04-29T14:24:28.989+0000] {subprocess.py:106} INFO - 26/04/29 14:24:28 INFO DAGScheduler: Got job 5 (save at NativeMethodAccessorImpl.java:0) with 3 output partitions
[2026-04-29T14:24:28.990+0000] {subprocess.py:106} INFO - 26/04/29 14:24:28 INFO DAGScheduler: Final stage: ResultStage 6 (save at NativeMethodAccessorImpl.java:0)
[2026-04-29T14:24:28.991+0000] {subprocess.py:106} INFO - 26/04/29 14:24:28 INFO DAGScheduler: Parents of final stage: List()
[2026-04-29T14:24:28.992+0000] {subprocess.py:106} INFO - 26/04/29 14:24:28 INFO DAGScheduler: Missing parents: List()
[2026-04-29T14:24:28.992+0000] {subprocess.py:106} INFO - 26/04/29 14:24:28 INFO DAGScheduler: Submitting ResultStage 6 (MapPartitionsRDD[19] at save at NativeMethodAccessorImpl.java:0), which has no missing parents
[2026-04-29T14:24:29.041+0000] {subprocess.py:106} INFO - 26/04/29 14:24:29 INFO MemoryStore: Block broadcast_9 stored as values in memory (estimated size 216.3 KiB, free 433.4 MiB)
[2026-04-29T14:24:29.047+0000] {subprocess.py:106} INFO - 26/04/29 14:24:29 INFO MemoryStore: Block broadcast_9_piece0 stored as bytes in memory (estimated size 78.1 KiB, free 433.3 MiB)
[2026-04-29T14:24:29.066+0000] {subprocess.py:106} INFO - 26/04/29 14:24:29 INFO BlockManagerInfo: Added broadcast_9_piece0 in memory on 172.30.1.13:33099 (size: 78.1 KiB, free: 434.2 MiB)
[2026-04-29T14:24:29.079+0000] {subprocess.py:106} INFO - 26/04/29 14:24:29 INFO SparkContext: Created broadcast 9 from broadcast at DAGScheduler.scala:1580
[2026-04-29T14:24:29.082+0000] {subprocess.py:106} INFO - 26/04/29 14:24:29 INFO DAGScheduler: Submitting 3 missing tasks from ResultStage 6 (MapPartitionsRDD[19] at save at NativeMethodAccessorImpl.java:0) (first 15 tasks are for partitions Vector(0, 1, 2))
[2026-04-29T14:24:29.083+0000] {subprocess.py:106} INFO - 26/04/29 14:24:29 INFO YarnScheduler: Adding task set 6.0 with 3 tasks resource profile 0
[2026-04-29T14:24:29.086+0000] {subprocess.py:106} INFO - 26/04/29 14:24:29 INFO TaskSetManager: Starting task 0.0 in stage 6.0 (TID 98) (1175ad6b07ce, executor 2, partition 0, PROCESS_LOCAL, 12324 bytes)
[2026-04-29T14:24:29.091+0000] {subprocess.py:106} INFO - 26/04/29 14:24:29 INFO TaskSetManager: Starting task 1.0 in stage 6.0 (TID 99) (5b0353f352af, executor 1, partition 1, PROCESS_LOCAL, 12324 bytes)
[2026-04-29T14:24:29.111+0000] {subprocess.py:106} INFO - 26/04/29 14:24:29 INFO BlockManagerInfo: Added broadcast_9_piece0 in memory on 5b0353f352af:35123 (size: 78.1 KiB, free: 366.2 MiB)
[2026-04-29T14:24:29.121+0000] {subprocess.py:106} INFO - 26/04/29 14:24:29 INFO BlockManagerInfo: Added broadcast_9_piece0 in memory on 1175ad6b07ce:41165 (size: 78.1 KiB, free: 366.1 MiB)
[2026-04-29T14:24:30.535+0000] {subprocess.py:106} INFO - 26/04/29 14:24:30 INFO BlockManagerInfo: Added broadcast_8_piece0 in memory on 5b0353f352af:35123 (size: 34.8 KiB, free: 366.1 MiB)
[2026-04-29T14:24:32.170+0000] {subprocess.py:106} INFO - 26/04/29 14:24:32 INFO BlockManagerInfo: Added broadcast_8_piece0 in memory on 1175ad6b07ce:41165 (size: 34.8 KiB, free: 366.1 MiB)
[2026-04-29T14:24:34.673+0000] {subprocess.py:106} INFO - 26/04/29 14:24:34 INFO TaskSetManager: Starting task 2.0 in stage 6.0 (TID 100) (1175ad6b07ce, executor 2, partition 2, PROCESS_LOCAL, 11538 bytes)
[2026-04-29T14:24:34.696+0000] {subprocess.py:106} INFO - 26/04/29 14:24:34 INFO TaskSetManager: Finished task 0.0 in stage 6.0 (TID 98) in 5633 ms on 1175ad6b07ce (executor 2) (1/3)
[2026-04-29T14:24:34.771+0000] {subprocess.py:106} INFO - 26/04/29 14:24:34 INFO TaskSetManager: Finished task 1.0 in stage 6.0 (TID 99) in 5715 ms on 5b0353f352af (executor 1) (2/3)
[2026-04-29T14:24:36.721+0000] {subprocess.py:106} INFO - 26/04/29 14:24:36 INFO TaskSetManager: Finished task 2.0 in stage 6.0 (TID 100) in 2047 ms on 1175ad6b07ce (executor 2) (3/3)
[2026-04-29T14:24:36.722+0000] {subprocess.py:106} INFO - 26/04/29 14:24:36 INFO YarnScheduler: Removed TaskSet 6.0, whose tasks have all completed, from pool
[2026-04-29T14:24:36.728+0000] {subprocess.py:106} INFO - 26/04/29 14:24:36 INFO DAGScheduler: ResultStage 6 (save at NativeMethodAccessorImpl.java:0) finished in 7.725 s
[2026-04-29T14:24:36.729+0000] {subprocess.py:106} INFO - 26/04/29 14:24:36 INFO DAGScheduler: Job 5 is finished. Cancelling potential speculative or zombie tasks for this job
[2026-04-29T14:24:36.730+0000] {subprocess.py:106} INFO - 26/04/29 14:24:36 INFO YarnScheduler: Killing all running tasks in stage 6: Stage finished
[2026-04-29T14:24:36.731+0000] {subprocess.py:106} INFO - 26/04/29 14:24:36 INFO DAGScheduler: Job 5 finished: save at NativeMethodAccessorImpl.java:0, took 7.733028 s
[2026-04-29T14:24:36.734+0000] {subprocess.py:106} INFO - 26/04/29 14:24:36 INFO FileFormatWriter: Start to commit write Job a8a4cac2-91cc-4de8-aec7-0068daa2a13c.
[2026-04-29T14:24:36.802+0000] {subprocess.py:106} INFO - 26/04/29 14:24:36 INFO FileFormatWriter: Write Job a8a4cac2-91cc-4de8-aec7-0068daa2a13c committed. Elapsed time: 74 ms.
[2026-04-29T14:24:36.807+0000] {subprocess.py:106} INFO - 26/04/29 14:24:36 INFO FileFormatWriter: Finished processing stats for write job a8a4cac2-91cc-4de8-aec7-0068daa2a13c.
[2026-04-29T14:24:36.815+0000] {subprocess.py:106} INFO - Data written to Bronze Layer in HDFS
[2026-04-29T14:24:37.007+0000] {subprocess.py:106} INFO - 26/04/29 14:24:36 INFO BlockManagerInfo: Removed broadcast_4_piece0 on 172.30.1.13:33099 in memory (size: 8.4 KiB, free: 434.2 MiB)
[2026-04-29T14:24:37.009+0000] {subprocess.py:106} INFO - 26/04/29 14:24:36 INFO SparkContext: Invoking stop() from shutdown hook
[2026-04-29T14:24:37.012+0000] {subprocess.py:106} INFO - 26/04/29 14:24:37 INFO SparkContext: SparkContext is stopping with exitCode 0.
[2026-04-29T14:24:37.014+0000] {subprocess.py:106} INFO - 26/04/29 14:24:37 INFO BlockManagerInfo: Removed broadcast_4_piece0 on 1175ad6b07ce:41165 in memory (size: 8.4 KiB, free: 366.1 MiB)
[2026-04-29T14:24:37.029+0000] {subprocess.py:106} INFO - 26/04/29 14:24:37 INFO BlockManagerInfo: Removed broadcast_6_piece0 on 172.30.1.13:33099 in memory (size: 8.3 KiB, free: 434.2 MiB)
[2026-04-29T14:24:37.034+0000] {subprocess.py:106} INFO - 26/04/29 14:24:37 INFO BlockManagerInfo: Removed broadcast_6_piece0 on 5b0353f352af:35123 in memory (size: 8.3 KiB, free: 366.2 MiB)
[2026-04-29T14:24:37.036+0000] {subprocess.py:106} INFO - 26/04/29 14:24:37 INFO SparkUI: Stopped Spark web UI at http://172.30.1.13:4040
[2026-04-29T14:24:37.043+0000] {subprocess.py:106} INFO - 26/04/29 14:24:37 INFO BlockManagerInfo: Removed broadcast_6_piece0 on 1175ad6b07ce:41165 in memory (size: 8.3 KiB, free: 366.1 MiB)
[2026-04-29T14:24:37.087+0000] {subprocess.py:106} INFO - 26/04/29 14:24:37 INFO YarnClientSchedulerBackend: Interrupting monitor thread
[2026-04-29T14:24:37.120+0000] {subprocess.py:106} INFO - 26/04/29 14:24:37 INFO YarnClientSchedulerBackend: Shutting down all executors
[2026-04-29T14:24:37.124+0000] {subprocess.py:106} INFO - 26/04/29 14:24:37 INFO YarnSchedulerBackend$YarnDriverEndpoint: Asking each executor to shut down
[2026-04-29T14:24:37.134+0000] {subprocess.py:106} INFO - 26/04/29 14:24:37 INFO YarnClientSchedulerBackend: YARN client scheduler backend Stopped
[2026-04-29T14:24:37.151+0000] {subprocess.py:106} INFO - 26/04/29 14:24:37 INFO MapOutputTrackerMasterEndpoint: MapOutputTrackerMasterEndpoint stopped!
[2026-04-29T14:24:37.187+0000] {subprocess.py:106} INFO - 26/04/29 14:24:37 INFO MemoryStore: MemoryStore cleared
[2026-04-29T14:24:37.191+0000] {subprocess.py:106} INFO - 26/04/29 14:24:37 INFO BlockManager: BlockManager stopped
[2026-04-29T14:24:37.206+0000] {subprocess.py:106} INFO - 26/04/29 14:24:37 INFO BlockManagerMaster: BlockManagerMaster stopped
[2026-04-29T14:24:37.209+0000] {subprocess.py:106} INFO - 26/04/29 14:24:37 INFO OutputCommitCoordinator$OutputCommitCoordinatorEndpoint: OutputCommitCoordinator stopped!
[2026-04-29T14:24:37.233+0000] {subprocess.py:106} INFO - 26/04/29 14:24:37 INFO SparkContext: Successfully stopped SparkContext
[2026-04-29T14:24:37.237+0000] {subprocess.py:106} INFO - 26/04/29 14:24:37 INFO ShutdownHookManager: Shutdown hook called
[2026-04-29T14:24:37.240+0000] {subprocess.py:106} INFO - 26/04/29 14:24:37 INFO ShutdownHookManager: Deleting directory /tmp/spark-80459ab3-77f9-4d41-ae38-ea5aaa39d835
[2026-04-29T14:24:37.247+0000] {subprocess.py:106} INFO - 26/04/29 14:24:37 INFO ShutdownHookManager: Deleting directory /tmp/spark-c45351df-c38c-441a-93e0-9d201ffa512d
[2026-04-29T14:24:37.261+0000] {subprocess.py:106} INFO - 26/04/29 14:24:37 INFO ShutdownHookManager: Deleting directory /tmp/spark-c45351df-c38c-441a-93e0-9d201ffa512d/pyspark-c505eb42-4955-4be5-84a0-3c36dbcccf34
[2026-04-29T14:24:37.549+0000] {subprocess.py:110} INFO - Command exited with return code 0
[2026-04-29T14:24:37.626+0000] {taskinstance.py:340} INFO - ::group::Post task execution logs
[2026-04-29T14:24:37.631+0000] {taskinstance.py:352} INFO - Marking task as SUCCESS. dag_id=titanic_dag, task_id=extraction, run_id=manual__2026-04-29T14:23:18.251879+00:00, execution_date=20260429T142318, start_date=20260429T142326, end_date=20260429T142437
[2026-04-29T14:24:37.730+0000] {local_task_job_runner.py:266} INFO - Task exited with return code 0
[2026-04-29T14:24:37.798+0000] {taskinstance.py:3895} INFO - 1 downstream tasks scheduled from follow-on schedule check
[2026-04-29T14:24:37.802+0000] {local_task_job_runner.py:245} INFO - ::endgroup::
