[2026-04-29T01:51:46.797+0000] {local_task_job_runner.py:123} INFO - ::group::Pre task execution logs
[2026-04-29T01:51:46.828+0000] {taskinstance.py:2613} INFO - Dependencies all met for dep_context=non-requeueable deps ti=<TaskInstance: titanic_dag.loading manual__2026-04-29T01:42:06.700423+00:00 [queued]>
[2026-04-29T01:51:46.842+0000] {taskinstance.py:2613} INFO - Dependencies all met for dep_context=requeueable deps ti=<TaskInstance: titanic_dag.loading manual__2026-04-29T01:42:06.700423+00:00 [queued]>
[2026-04-29T01:51:46.844+0000] {taskinstance.py:2866} INFO - Starting attempt 2 of 2
[2026-04-29T01:51:46.867+0000] {taskinstance.py:2889} INFO - Executing <Task(BashOperator): loading> on 2026-04-29 01:42:06.700423+00:00
[2026-04-29T01:51:46.878+0000] {standard_task_runner.py:72} INFO - Started process 3733 to run task
[2026-04-29T01:51:46.884+0000] {standard_task_runner.py:104} INFO - Running: ['***', 'tasks', 'run', 'titanic_dag', 'loading', 'manual__2026-04-29T01:42:06.700423+00:00', '--job-id', '109', '--raw', '--subdir', 'DAGS_FOLDER/titanic_dag.py', '--cfg-path', '/tmp/tmpra2gcs78']
[2026-04-29T01:51:46.890+0000] {standard_task_runner.py:105} INFO - Job 109: Subtask loading
[2026-04-29T01:51:47.014+0000] {task_command.py:467} INFO - Running <TaskInstance: titanic_dag.loading manual__2026-04-29T01:42:06.700423+00:00 [running]> on host 9fbda7c5f6bc
[2026-04-29T01:51:47.217+0000] {taskinstance.py:3132} INFO - Exporting env vars: AIRFLOW_CTX_DAG_OWNER='***' AIRFLOW_CTX_DAG_ID='titanic_dag' AIRFLOW_CTX_TASK_ID='loading' AIRFLOW_CTX_EXECUTION_DATE='2026-04-29T01:42:06.700423+00:00' AIRFLOW_CTX_TRY_NUMBER='2' AIRFLOW_CTX_DAG_RUN_ID='manual__2026-04-29T01:42:06.700423+00:00'
[2026-04-29T01:51:47.219+0000] {taskinstance.py:731} INFO - ::endgroup::
[2026-04-29T01:51:47.265+0000] {subprocess.py:78} INFO - Tmp dir root location: /tmp
[2026-04-29T01:51:47.268+0000] {subprocess.py:88} INFO - Running command: ['/usr/bin/bash', '-c', '\n    docker exec spark-jupyter spark-submit /home/jovyan/work/Scripts/loading.py\n    ']
[2026-04-29T01:51:47.290+0000] {subprocess.py:99} INFO - Output:
[2026-04-29T01:51:54.145+0000] {subprocess.py:106} INFO - 26/04/29 01:51:54 INFO SparkContext: Running Spark version 3.5.0
[2026-04-29T01:51:54.150+0000] {subprocess.py:106} INFO - 26/04/29 01:51:54 INFO SparkContext: OS info Linux, 6.6.87.2-microsoft-standard-WSL2, amd64
[2026-04-29T01:51:54.151+0000] {subprocess.py:106} INFO - 26/04/29 01:51:54 INFO SparkContext: Java version 17.0.8.1
[2026-04-29T01:51:54.328+0000] {subprocess.py:106} INFO - 26/04/29 01:51:54 WARN NativeCodeLoader: Unable to load native-hadoop library for your platform... using builtin-java classes where applicable
[2026-04-29T01:51:54.536+0000] {subprocess.py:106} INFO - 26/04/29 01:51:54 INFO ResourceUtils: ==============================================================
[2026-04-29T01:51:54.537+0000] {subprocess.py:106} INFO - 26/04/29 01:51:54 INFO ResourceUtils: No custom resources configured for spark.driver.
[2026-04-29T01:51:54.538+0000] {subprocess.py:106} INFO - 26/04/29 01:51:54 INFO ResourceUtils: ==============================================================
[2026-04-29T01:51:54.539+0000] {subprocess.py:106} INFO - 26/04/29 01:51:54 INFO SparkContext: Submitted application: Snowflake_Load_Layer
[2026-04-29T01:51:54.577+0000] {subprocess.py:106} INFO - 26/04/29 01:51:54 INFO ResourceProfile: Default ResourceProfile created, executor resources: Map(cores -> name: cores, amount: 1, script: , vendor: , memory -> name: memory, amount: 512, script: , vendor: , offHeap -> name: offHeap, amount: 0, script: , vendor: ), task resources: Map(cpus -> name: cpus, amount: 1.0)
[2026-04-29T01:51:54.592+0000] {subprocess.py:106} INFO - 26/04/29 01:51:54 INFO ResourceProfile: Limiting resource is cpus at 1 tasks per executor
[2026-04-29T01:51:54.595+0000] {subprocess.py:106} INFO - 26/04/29 01:51:54 INFO ResourceProfileManager: Added ResourceProfile id: 0
[2026-04-29T01:51:54.719+0000] {subprocess.py:106} INFO - 26/04/29 01:51:54 INFO SecurityManager: Changing view acls to: root
[2026-04-29T01:51:54.720+0000] {subprocess.py:106} INFO - 26/04/29 01:51:54 INFO SecurityManager: Changing modify acls to: root
[2026-04-29T01:51:54.722+0000] {subprocess.py:106} INFO - 26/04/29 01:51:54 INFO SecurityManager: Changing view acls groups to:
[2026-04-29T01:51:54.723+0000] {subprocess.py:106} INFO - 26/04/29 01:51:54 INFO SecurityManager: Changing modify acls groups to:
[2026-04-29T01:51:54.723+0000] {subprocess.py:106} INFO - 26/04/29 01:51:54 INFO SecurityManager: SecurityManager: authentication disabled; ui acls disabled; users with view permissions: root; groups with view permissions: EMPTY; users with modify permissions: root; groups with modify permissions: EMPTY
[2026-04-29T01:51:55.320+0000] {subprocess.py:106} INFO - 26/04/29 01:51:55 INFO Utils: Successfully started service 'sparkDriver' on port 40565.
[2026-04-29T01:51:55.400+0000] {subprocess.py:106} INFO - 26/04/29 01:51:55 INFO SparkEnv: Registering MapOutputTracker
[2026-04-29T01:51:55.479+0000] {subprocess.py:106} INFO - 26/04/29 01:51:55 INFO SparkEnv: Registering BlockManagerMaster
[2026-04-29T01:51:55.516+0000] {subprocess.py:106} INFO - 26/04/29 01:51:55 INFO BlockManagerMasterEndpoint: Using org.apache.spark.storage.DefaultTopologyMapper for getting topology information
[2026-04-29T01:51:55.517+0000] {subprocess.py:106} INFO - 26/04/29 01:51:55 INFO BlockManagerMasterEndpoint: BlockManagerMasterEndpoint up
[2026-04-29T01:51:55.577+0000] {subprocess.py:106} INFO - 26/04/29 01:51:55 INFO SparkEnv: Registering BlockManagerMasterHeartbeat
[2026-04-29T01:51:55.632+0000] {subprocess.py:106} INFO - 26/04/29 01:51:55 INFO DiskBlockManager: Created local directory at /tmp/blockmgr-f0dc9928-5583-4984-8b1f-f457270a6488
[2026-04-29T01:51:55.662+0000] {subprocess.py:106} INFO - 26/04/29 01:51:55 INFO MemoryStore: MemoryStore started with capacity 434.4 MiB
[2026-04-29T01:51:55.721+0000] {subprocess.py:106} INFO - 26/04/29 01:51:55 INFO SparkEnv: Registering OutputCommitCoordinator
[2026-04-29T01:51:55.999+0000] {subprocess.py:106} INFO - 26/04/29 01:51:55 INFO JettyUtils: Start Jetty 0.0.0.0:4040 for SparkUI
[2026-04-29T01:51:56.115+0000] {subprocess.py:106} INFO - 26/04/29 01:51:56 WARN Utils: Service 'SparkUI' could not bind on port 4040. Attempting port 4041.
[2026-04-29T01:51:56.131+0000] {subprocess.py:106} INFO - 26/04/29 01:51:56 INFO Utils: Successfully started service 'SparkUI' on port 4041.
[2026-04-29T01:51:56.530+0000] {subprocess.py:106} INFO - 26/04/29 01:51:56 INFO DefaultNoHARMFailoverProxyProvider: Connecting to ResourceManager at resourcemanager/172.30.1.24:8032
[2026-04-29T01:51:59.300+0000] {subprocess.py:106} INFO - 26/04/29 01:51:59 INFO Configuration: resource-types.xml not found
[2026-04-29T01:51:59.301+0000] {subprocess.py:106} INFO - 26/04/29 01:51:59 INFO ResourceUtils: Unable to find 'resource-types.xml'.
[2026-04-29T01:51:59.330+0000] {subprocess.py:106} INFO - 26/04/29 01:51:59 INFO Client: Verifying our application has not requested more than the maximum memory capability of the cluster (8192 MB per container)
[2026-04-29T01:51:59.332+0000] {subprocess.py:106} INFO - 26/04/29 01:51:59 INFO Client: Will allocate AM container, with 896 MB memory including 384 MB overhead
[2026-04-29T01:51:59.338+0000] {subprocess.py:106} INFO - 26/04/29 01:51:59 INFO Client: Setting up container launch context for our AM
[2026-04-29T01:51:59.339+0000] {subprocess.py:106} INFO - 26/04/29 01:51:59 INFO Client: Setting up the launch environment for our AM container
[2026-04-29T01:51:59.347+0000] {subprocess.py:106} INFO - 26/04/29 01:51:59 INFO Client: Preparing resources for our AM container
[2026-04-29T01:51:59.414+0000] {subprocess.py:106} INFO - 26/04/29 01:51:59 WARN Client: Neither spark.yarn.jars nor spark.yarn.archive is set, falling back to uploading libraries under SPARK_HOME.
[2026-04-29T01:52:06.270+0000] {subprocess.py:106} INFO - 26/04/29 01:52:06 INFO Client: Uploading resource file:/tmp/spark-0000e5a4-ffd9-4f7c-bbc0-b438fcdf475e/__spark_libs__10647171554222955683.zip -> hdfs://hadoop-namenode:9000/user/root/.sparkStaging/application_1777423294598_0005/__spark_libs__10647171554222955683.zip
[2026-04-29T01:52:10.182+0000] {subprocess.py:106} INFO - 26/04/29 01:52:10 INFO Client: Uploading resource file:/tmp/spark-0000e5a4-ffd9-4f7c-bbc0-b438fcdf475e/__spark_conf__14138166913433520441.zip -> hdfs://hadoop-namenode:9000/user/root/.sparkStaging/application_1777423294598_0005/__spark_conf__.zip
[2026-04-29T01:52:10.265+0000] {subprocess.py:106} INFO - 26/04/29 01:52:10 INFO SecurityManager: Changing view acls to: root
[2026-04-29T01:52:10.267+0000] {subprocess.py:106} INFO - 26/04/29 01:52:10 INFO SecurityManager: Changing modify acls to: root
[2026-04-29T01:52:10.268+0000] {subprocess.py:106} INFO - 26/04/29 01:52:10 INFO SecurityManager: Changing view acls groups to:
[2026-04-29T01:52:10.269+0000] {subprocess.py:106} INFO - 26/04/29 01:52:10 INFO SecurityManager: Changing modify acls groups to:
[2026-04-29T01:52:10.270+0000] {subprocess.py:106} INFO - 26/04/29 01:52:10 INFO SecurityManager: SecurityManager: authentication disabled; ui acls disabled; users with view permissions: root; groups with view permissions: EMPTY; users with modify permissions: root; groups with modify permissions: EMPTY
[2026-04-29T01:52:10.297+0000] {subprocess.py:106} INFO - 26/04/29 01:52:10 INFO Client: Submitting application application_1777423294598_0005 to ResourceManager
[2026-04-29T01:52:10.367+0000] {subprocess.py:106} INFO - 26/04/29 01:52:10 INFO YarnClientImpl: Submitted application application_1777423294598_0005
[2026-04-29T01:52:11.377+0000] {subprocess.py:106} INFO - 26/04/29 01:52:11 INFO Client: Application report for application_1777423294598_0005 (state: ACCEPTED)
[2026-04-29T01:52:11.381+0000] {subprocess.py:106} INFO - 26/04/29 01:52:11 INFO Client:
[2026-04-29T01:52:11.382+0000] {subprocess.py:106} INFO - 	 client token: N/A
[2026-04-29T01:52:11.383+0000] {subprocess.py:106} INFO - 	 diagnostics: AM container is launched, waiting for AM container to Register with RM
[2026-04-29T01:52:11.384+0000] {subprocess.py:106} INFO - 	 ApplicationMaster host: N/A
[2026-04-29T01:52:11.385+0000] {subprocess.py:106} INFO - 	 ApplicationMaster RPC port: -1
[2026-04-29T01:52:11.386+0000] {subprocess.py:106} INFO - 	 queue: default
[2026-04-29T01:52:11.388+0000] {subprocess.py:106} INFO - 	 start time: 1777427530328
[2026-04-29T01:52:11.389+0000] {subprocess.py:106} INFO - 	 final status: UNDEFINED
[2026-04-29T01:52:11.390+0000] {subprocess.py:106} INFO - 	 tracking URL: http://resourcemanager:8088/proxy/application_1777423294598_0005/
[2026-04-29T01:52:11.391+0000] {subprocess.py:106} INFO - 	 user: root
[2026-04-29T01:52:26.761+0000] {subprocess.py:106} INFO - 26/04/29 01:52:26 INFO YarnClientSchedulerBackend: Add WebUI Filter. org.apache.hadoop.yarn.server.webproxy.amfilter.AmIpFilter, Map(PROXY_HOSTS -> resourcemanager, PROXY_URI_BASES -> http://resourcemanager:8088/proxy/application_1777423294598_0005), /proxy/application_1777423294598_0005
[2026-04-29T01:52:27.136+0000] {subprocess.py:106} INFO - 26/04/29 01:52:27 INFO Client: Application report for application_1777423294598_0005 (state: RUNNING)
[2026-04-29T01:52:27.138+0000] {subprocess.py:106} INFO - 26/04/29 01:52:27 INFO Client:
[2026-04-29T01:52:27.139+0000] {subprocess.py:106} INFO - 	 client token: N/A
[2026-04-29T01:52:27.140+0000] {subprocess.py:106} INFO - 	 diagnostics: N/A
[2026-04-29T01:52:27.141+0000] {subprocess.py:106} INFO - 	 ApplicationMaster host: 172.30.1.26
[2026-04-29T01:52:27.148+0000] {subprocess.py:106} INFO - 	 ApplicationMaster RPC port: -1
[2026-04-29T01:52:27.149+0000] {subprocess.py:106} INFO - 	 queue: default
[2026-04-29T01:52:27.150+0000] {subprocess.py:106} INFO - 	 start time: 1777427530328
[2026-04-29T01:52:27.151+0000] {subprocess.py:106} INFO - 	 final status: UNDEFINED
[2026-04-29T01:52:27.152+0000] {subprocess.py:106} INFO - 	 tracking URL: http://resourcemanager:8088/proxy/application_1777423294598_0005/
[2026-04-29T01:52:27.153+0000] {subprocess.py:106} INFO - 	 user: root
[2026-04-29T01:52:27.154+0000] {subprocess.py:106} INFO - 26/04/29 01:52:27 INFO YarnClientSchedulerBackend: Application application_1777423294598_0005 has started running.
[2026-04-29T01:52:27.167+0000] {subprocess.py:106} INFO - 26/04/29 01:52:27 INFO Utils: Successfully started service 'org.apache.spark.network.netty.NettyBlockTransferService' on port 42003.
[2026-04-29T01:52:27.169+0000] {subprocess.py:106} INFO - 26/04/29 01:52:27 INFO NettyBlockTransferService: Server created on 172.30.1.13 0.0.0.0:42003
[2026-04-29T01:52:27.171+0000] {subprocess.py:106} INFO - 26/04/29 01:52:27 INFO BlockManager: Using org.apache.spark.storage.RandomBlockReplicationPolicy for block replication policy
[2026-04-29T01:52:27.196+0000] {subprocess.py:106} INFO - 26/04/29 01:52:27 INFO BlockManagerMaster: Registering BlockManager BlockManagerId(driver, 172.30.1.13, 42003, None)
[2026-04-29T01:52:27.209+0000] {subprocess.py:106} INFO - 26/04/29 01:52:27 INFO BlockManagerMasterEndpoint: Registering block manager 172.30.1.13:42003 with 434.4 MiB RAM, BlockManagerId(driver, 172.30.1.13, 42003, None)
[2026-04-29T01:52:27.219+0000] {subprocess.py:106} INFO - 26/04/29 01:52:27 INFO BlockManagerMaster: Registered BlockManager BlockManagerId(driver, 172.30.1.13, 42003, None)
[2026-04-29T01:52:27.223+0000] {subprocess.py:106} INFO - 26/04/29 01:52:27 INFO BlockManager: Initialized BlockManager: BlockManagerId(driver, 172.30.1.13, 42003, None)
[2026-04-29T01:52:27.536+0000] {subprocess.py:106} INFO - 26/04/29 01:52:27 INFO YarnSchedulerBackend$YarnSchedulerEndpoint: ApplicationMaster registered as NettyRpcEndpointRef(spark-client://YarnAM)
[2026-04-29T01:52:27.633+0000] {subprocess.py:106} INFO - 26/04/29 01:52:27 INFO ServerInfo: Adding filter to /jobs: org.apache.hadoop.yarn.server.webproxy.amfilter.AmIpFilter
[2026-04-29T01:52:27.651+0000] {subprocess.py:106} INFO - 26/04/29 01:52:27 INFO ServerInfo: Adding filter to /jobs/json: org.apache.hadoop.yarn.server.webproxy.amfilter.AmIpFilter
[2026-04-29T01:52:27.655+0000] {subprocess.py:106} INFO - 26/04/29 01:52:27 INFO ServerInfo: Adding filter to /jobs/job: org.apache.hadoop.yarn.server.webproxy.amfilter.AmIpFilter
[2026-04-29T01:52:27.660+0000] {subprocess.py:106} INFO - 26/04/29 01:52:27 INFO ServerInfo: Adding filter to /jobs/job/json: org.apache.hadoop.yarn.server.webproxy.amfilter.AmIpFilter
[2026-04-29T01:52:27.662+0000] {subprocess.py:106} INFO - 26/04/29 01:52:27 INFO ServerInfo: Adding filter to /stages: org.apache.hadoop.yarn.server.webproxy.amfilter.AmIpFilter
[2026-04-29T01:52:27.668+0000] {subprocess.py:106} INFO - 26/04/29 01:52:27 INFO ServerInfo: Adding filter to /stages/json: org.apache.hadoop.yarn.server.webproxy.amfilter.AmIpFilter
[2026-04-29T01:52:27.669+0000] {subprocess.py:106} INFO - 26/04/29 01:52:27 INFO ServerInfo: Adding filter to /stages/stage: org.apache.hadoop.yarn.server.webproxy.amfilter.AmIpFilter
[2026-04-29T01:52:27.674+0000] {subprocess.py:106} INFO - 26/04/29 01:52:27 INFO ServerInfo: Adding filter to /stages/stage/json: org.apache.hadoop.yarn.server.webproxy.amfilter.AmIpFilter
[2026-04-29T01:52:27.678+0000] {subprocess.py:106} INFO - 26/04/29 01:52:27 INFO ServerInfo: Adding filter to /stages/pool: org.apache.hadoop.yarn.server.webproxy.amfilter.AmIpFilter
[2026-04-29T01:52:27.682+0000] {subprocess.py:106} INFO - 26/04/29 01:52:27 INFO ServerInfo: Adding filter to /stages/pool/json: org.apache.hadoop.yarn.server.webproxy.amfilter.AmIpFilter
[2026-04-29T01:52:27.685+0000] {subprocess.py:106} INFO - 26/04/29 01:52:27 INFO ServerInfo: Adding filter to /storage: org.apache.hadoop.yarn.server.webproxy.amfilter.AmIpFilter
[2026-04-29T01:52:27.689+0000] {subprocess.py:106} INFO - 26/04/29 01:52:27 INFO ServerInfo: Adding filter to /storage/json: org.apache.hadoop.yarn.server.webproxy.amfilter.AmIpFilter
[2026-04-29T01:52:27.694+0000] {subprocess.py:106} INFO - 26/04/29 01:52:27 INFO ServerInfo: Adding filter to /storage/rdd: org.apache.hadoop.yarn.server.webproxy.amfilter.AmIpFilter
[2026-04-29T01:52:27.697+0000] {subprocess.py:106} INFO - 26/04/29 01:52:27 INFO ServerInfo: Adding filter to /storage/rdd/json: org.apache.hadoop.yarn.server.webproxy.amfilter.AmIpFilter
[2026-04-29T01:52:27.701+0000] {subprocess.py:106} INFO - 26/04/29 01:52:27 INFO ServerInfo: Adding filter to /environment: org.apache.hadoop.yarn.server.webproxy.amfilter.AmIpFilter
[2026-04-29T01:52:27.703+0000] {subprocess.py:106} INFO - 26/04/29 01:52:27 INFO ServerInfo: Adding filter to /environment/json: org.apache.hadoop.yarn.server.webproxy.amfilter.AmIpFilter
[2026-04-29T01:52:27.706+0000] {subprocess.py:106} INFO - 26/04/29 01:52:27 INFO ServerInfo: Adding filter to /executors: org.apache.hadoop.yarn.server.webproxy.amfilter.AmIpFilter
[2026-04-29T01:52:27.710+0000] {subprocess.py:106} INFO - 26/04/29 01:52:27 INFO ServerInfo: Adding filter to /executors/json: org.apache.hadoop.yarn.server.webproxy.amfilter.AmIpFilter
[2026-04-29T01:52:27.715+0000] {subprocess.py:106} INFO - 26/04/29 01:52:27 INFO ServerInfo: Adding filter to /executors/threadDump: org.apache.hadoop.yarn.server.webproxy.amfilter.AmIpFilter
[2026-04-29T01:52:27.717+0000] {subprocess.py:106} INFO - 26/04/29 01:52:27 INFO ServerInfo: Adding filter to /executors/threadDump/json: org.apache.hadoop.yarn.server.webproxy.amfilter.AmIpFilter
[2026-04-29T01:52:27.719+0000] {subprocess.py:106} INFO - 26/04/29 01:52:27 INFO ServerInfo: Adding filter to /executors/heapHistogram: org.apache.hadoop.yarn.server.webproxy.amfilter.AmIpFilter
[2026-04-29T01:52:27.722+0000] {subprocess.py:106} INFO - 26/04/29 01:52:27 INFO ServerInfo: Adding filter to /executors/heapHistogram/json: org.apache.hadoop.yarn.server.webproxy.amfilter.AmIpFilter
[2026-04-29T01:52:27.724+0000] {subprocess.py:106} INFO - 26/04/29 01:52:27 INFO ServerInfo: Adding filter to /static: org.apache.hadoop.yarn.server.webproxy.amfilter.AmIpFilter
[2026-04-29T01:52:27.751+0000] {subprocess.py:106} INFO - 26/04/29 01:52:27 INFO ServerInfo: Adding filter to /: org.apache.hadoop.yarn.server.webproxy.amfilter.AmIpFilter
[2026-04-29T01:52:27.753+0000] {subprocess.py:106} INFO - 26/04/29 01:52:27 INFO ServerInfo: Adding filter to /api: org.apache.hadoop.yarn.server.webproxy.amfilter.AmIpFilter
[2026-04-29T01:52:27.760+0000] {subprocess.py:106} INFO - 26/04/29 01:52:27 INFO ServerInfo: Adding filter to /jobs/job/kill: org.apache.hadoop.yarn.server.webproxy.amfilter.AmIpFilter
[2026-04-29T01:52:27.763+0000] {subprocess.py:106} INFO - 26/04/29 01:52:27 INFO ServerInfo: Adding filter to /stages/stage/kill: org.apache.hadoop.yarn.server.webproxy.amfilter.AmIpFilter
[2026-04-29T01:52:27.777+0000] {subprocess.py:106} INFO - 26/04/29 01:52:27 INFO ServerInfo: Adding filter to /metrics/json: org.apache.hadoop.yarn.server.webproxy.amfilter.AmIpFilter
[2026-04-29T01:52:27.782+0000] {subprocess.py:106} INFO - 26/04/29 01:52:27 INFO YarnClientSchedulerBackend: SchedulerBackend is ready for scheduling beginning after waiting maxRegisteredResourcesWaitingTime: 30000000000(ns)
[2026-04-29T01:52:28.230+0000] {subprocess.py:106} INFO - 26/04/29 01:52:28 INFO SharedState: Setting hive.metastore.warehouse.dir ('null') to the value of spark.sql.warehouse.dir.
[2026-04-29T01:52:28.238+0000] {subprocess.py:106} INFO - 26/04/29 01:52:28 INFO SharedState: Warehouse path is 'file:/home/jovyan/spark-warehouse'.
[2026-04-29T01:52:28.264+0000] {subprocess.py:106} INFO - 26/04/29 01:52:28 INFO ServerInfo: Adding filter to /SQL: org.apache.hadoop.yarn.server.webproxy.amfilter.AmIpFilter
[2026-04-29T01:52:28.269+0000] {subprocess.py:106} INFO - 26/04/29 01:52:28 INFO ServerInfo: Adding filter to /SQL/json: org.apache.hadoop.yarn.server.webproxy.amfilter.AmIpFilter
[2026-04-29T01:52:28.273+0000] {subprocess.py:106} INFO - 26/04/29 01:52:28 INFO ServerInfo: Adding filter to /SQL/execution: org.apache.hadoop.yarn.server.webproxy.amfilter.AmIpFilter
[2026-04-29T01:52:28.276+0000] {subprocess.py:106} INFO - 26/04/29 01:52:28 INFO ServerInfo: Adding filter to /SQL/execution/json: org.apache.hadoop.yarn.server.webproxy.amfilter.AmIpFilter
[2026-04-29T01:52:28.281+0000] {subprocess.py:106} INFO - 26/04/29 01:52:28 INFO ServerInfo: Adding filter to /static/sql: org.apache.hadoop.yarn.server.webproxy.amfilter.AmIpFilter
[2026-04-29T01:52:30.259+0000] {subprocess.py:106} INFO - 26/04/29 01:52:30 INFO InMemoryFileIndex: It took 144 ms to list leaf files for 1 paths.
[2026-04-29T01:52:31.336+0000] {subprocess.py:106} INFO - 26/04/29 01:52:31 INFO SparkContext: Starting job: parquet at NativeMethodAccessorImpl.java:0
[2026-04-29T01:52:31.381+0000] {subprocess.py:106} INFO - 26/04/29 01:52:31 INFO DAGScheduler: Got job 0 (parquet at NativeMethodAccessorImpl.java:0) with 1 output partitions
[2026-04-29T01:52:31.382+0000] {subprocess.py:106} INFO - 26/04/29 01:52:31 INFO DAGScheduler: Final stage: ResultStage 0 (parquet at NativeMethodAccessorImpl.java:0)
[2026-04-29T01:52:31.384+0000] {subprocess.py:106} INFO - 26/04/29 01:52:31 INFO DAGScheduler: Parents of final stage: List()
[2026-04-29T01:52:31.386+0000] {subprocess.py:106} INFO - 26/04/29 01:52:31 INFO DAGScheduler: Missing parents: List()
[2026-04-29T01:52:31.396+0000] {subprocess.py:106} INFO - 26/04/29 01:52:31 INFO DAGScheduler: Submitting ResultStage 0 (MapPartitionsRDD[1] at parquet at NativeMethodAccessorImpl.java:0), which has no missing parents
[2026-04-29T01:52:31.536+0000] {subprocess.py:106} INFO - 26/04/29 01:52:31 INFO MemoryStore: Block broadcast_0 stored as values in memory (estimated size 104.5 KiB, free 434.3 MiB)
[2026-04-29T01:52:31.631+0000] {subprocess.py:106} INFO - 26/04/29 01:52:31 INFO MemoryStore: Block broadcast_0_piece0 stored as bytes in memory (estimated size 37.8 KiB, free 434.3 MiB)
[2026-04-29T01:52:31.639+0000] {subprocess.py:106} INFO - 26/04/29 01:52:31 INFO BlockManagerInfo: Added broadcast_0_piece0 in memory on 172.30.1.13:42003 (size: 37.8 KiB, free: 434.4 MiB)
[2026-04-29T01:52:31.649+0000] {subprocess.py:106} INFO - 26/04/29 01:52:31 INFO SparkContext: Created broadcast 0 from broadcast at DAGScheduler.scala:1580
[2026-04-29T01:52:31.681+0000] {subprocess.py:106} INFO - 26/04/29 01:52:31 INFO DAGScheduler: Submitting 1 missing tasks from ResultStage 0 (MapPartitionsRDD[1] at parquet at NativeMethodAccessorImpl.java:0) (first 15 tasks are for partitions Vector(0))
[2026-04-29T01:52:31.683+0000] {subprocess.py:106} INFO - 26/04/29 01:52:31 INFO YarnScheduler: Adding task set 0.0 with 1 tasks resource profile 0
[2026-04-29T01:52:35.487+0000] {subprocess.py:106} INFO - 26/04/29 01:52:35 INFO YarnSchedulerBackend$YarnDriverEndpoint: Registered executor NettyRpcEndpointRef(spark-client://Executor) (172.30.1.26:59384) with ID 1,  ResourceProfileId 0
[2026-04-29T01:52:35.697+0000] {subprocess.py:106} INFO - 26/04/29 01:52:35 INFO BlockManagerMasterEndpoint: Registering block manager 5b0353f352af:45149 with 93.3 MiB RAM, BlockManagerId(1, 5b0353f352af, 45149, None)
[2026-04-29T01:52:35.846+0000] {subprocess.py:106} INFO - 26/04/29 01:52:35 INFO TaskSetManager: Starting task 0.0 in stage 0.0 (TID 0) (5b0353f352af, executor 1, partition 0, PROCESS_LOCAL, 7855 bytes)
[2026-04-29T01:52:36.400+0000] {subprocess.py:106} INFO - 26/04/29 01:52:36 INFO BlockManagerInfo: Added broadcast_0_piece0 in memory on 5b0353f352af:45149 (size: 37.8 KiB, free: 93.3 MiB)
[2026-04-29T01:52:40.684+0000] {subprocess.py:106} INFO - 26/04/29 01:52:40 INFO TaskSetManager: Finished task 0.0 in stage 0.0 (TID 0) in 4870 ms on 5b0353f352af (executor 1) (1/1)
[2026-04-29T01:52:40.687+0000] {subprocess.py:106} INFO - 26/04/29 01:52:40 INFO YarnScheduler: Removed TaskSet 0.0, whose tasks have all completed, from pool
[2026-04-29T01:52:40.701+0000] {subprocess.py:106} INFO - 26/04/29 01:52:40 INFO DAGScheduler: ResultStage 0 (parquet at NativeMethodAccessorImpl.java:0) finished in 9.268 s
[2026-04-29T01:52:40.709+0000] {subprocess.py:106} INFO - 26/04/29 01:52:40 INFO DAGScheduler: Job 0 is finished. Cancelling potential speculative or zombie tasks for this job
[2026-04-29T01:52:40.712+0000] {subprocess.py:106} INFO - 26/04/29 01:52:40 INFO YarnScheduler: Killing all running tasks in stage 0: Stage finished
[2026-04-29T01:52:40.714+0000] {subprocess.py:106} INFO - 26/04/29 01:52:40 INFO DAGScheduler: Job 0 finished: parquet at NativeMethodAccessorImpl.java:0, took 9.379125 s
[2026-04-29T01:52:40.414+0000] {subprocess.py:106} INFO - 26/04/29 01:52:40 INFO InMemoryFileIndex: It took 13 ms to list leaf files for 1 paths.
[2026-04-29T01:52:40.504+0000] {subprocess.py:106} INFO - 26/04/29 01:52:40 INFO BlockManagerInfo: Removed broadcast_0_piece0 on 172.30.1.13:42003 in memory (size: 37.8 KiB, free: 434.4 MiB)
[2026-04-29T01:52:40.521+0000] {subprocess.py:106} INFO - 26/04/29 01:52:40 INFO SparkContext: Starting job: parquet at NativeMethodAccessorImpl.java:0
[2026-04-29T01:52:40.525+0000] {subprocess.py:106} INFO - 26/04/29 01:52:40 INFO DAGScheduler: Got job 1 (parquet at NativeMethodAccessorImpl.java:0) with 1 output partitions
[2026-04-29T01:52:40.526+0000] {subprocess.py:106} INFO - 26/04/29 01:52:40 INFO DAGScheduler: Final stage: ResultStage 1 (parquet at NativeMethodAccessorImpl.java:0)
[2026-04-29T01:52:40.527+0000] {subprocess.py:106} INFO - 26/04/29 01:52:40 INFO DAGScheduler: Parents of final stage: List()
[2026-04-29T01:52:40.529+0000] {subprocess.py:106} INFO - 26/04/29 01:52:40 INFO DAGScheduler: Missing parents: List()
[2026-04-29T01:52:40.533+0000] {subprocess.py:106} INFO - 26/04/29 01:52:40 INFO DAGScheduler: Submitting ResultStage 1 (MapPartitionsRDD[3] at parquet at NativeMethodAccessorImpl.java:0), which has no missing parents
[2026-04-29T01:52:40.538+0000] {subprocess.py:106} INFO - 26/04/29 01:52:40 INFO BlockManagerInfo: Removed broadcast_0_piece0 on 5b0353f352af:45149 in memory (size: 37.8 KiB, free: 93.3 MiB)
[2026-04-29T01:52:40.551+0000] {subprocess.py:106} INFO - 26/04/29 01:52:40 INFO MemoryStore: Block broadcast_1 stored as values in memory (estimated size 104.5 KiB, free 434.3 MiB)
[2026-04-29T01:52:40.560+0000] {subprocess.py:106} INFO - 26/04/29 01:52:40 INFO MemoryStore: Block broadcast_1_piece0 stored as bytes in memory (estimated size 37.8 KiB, free 434.3 MiB)
[2026-04-29T01:52:40.561+0000] {subprocess.py:106} INFO - 26/04/29 01:52:40 INFO BlockManagerInfo: Added broadcast_1_piece0 in memory on 172.30.1.13:42003 (size: 37.8 KiB, free: 434.4 MiB)
[2026-04-29T01:52:40.562+0000] {subprocess.py:106} INFO - 26/04/29 01:52:40 INFO SparkContext: Created broadcast 1 from broadcast at DAGScheduler.scala:1580
[2026-04-29T01:52:40.563+0000] {subprocess.py:106} INFO - 26/04/29 01:52:40 INFO DAGScheduler: Submitting 1 missing tasks from ResultStage 1 (MapPartitionsRDD[3] at parquet at NativeMethodAccessorImpl.java:0) (first 15 tasks are for partitions Vector(0))
[2026-04-29T01:52:40.565+0000] {subprocess.py:106} INFO - 26/04/29 01:52:40 INFO YarnScheduler: Adding task set 1.0 with 1 tasks resource profile 0
[2026-04-29T01:52:40.569+0000] {subprocess.py:106} INFO - 26/04/29 01:52:40 INFO TaskSetManager: Starting task 0.0 in stage 1.0 (TID 1) (5b0353f352af, executor 1, partition 0, PROCESS_LOCAL, 7854 bytes)
[2026-04-29T01:52:40.626+0000] {subprocess.py:106} INFO - 26/04/29 01:52:40 INFO BlockManagerInfo: Added broadcast_1_piece0 in memory on 5b0353f352af:45149 (size: 37.8 KiB, free: 93.3 MiB)
[2026-04-29T01:52:40.726+0000] {subprocess.py:106} INFO - 26/04/29 01:52:40 INFO TaskSetManager: Finished task 0.0 in stage 1.0 (TID 1) in 158 ms on 5b0353f352af (executor 1) (1/1)
[2026-04-29T01:52:40.728+0000] {subprocess.py:106} INFO - 26/04/29 01:52:40 INFO YarnScheduler: Removed TaskSet 1.0, whose tasks have all completed, from pool
[2026-04-29T01:52:40.729+0000] {subprocess.py:106} INFO - 26/04/29 01:52:40 INFO DAGScheduler: ResultStage 1 (parquet at NativeMethodAccessorImpl.java:0) finished in 0.199 s
[2026-04-29T01:52:40.731+0000] {subprocess.py:106} INFO - 26/04/29 01:52:40 INFO DAGScheduler: Job 1 is finished. Cancelling potential speculative or zombie tasks for this job
[2026-04-29T01:52:40.733+0000] {subprocess.py:106} INFO - 26/04/29 01:52:40 INFO YarnScheduler: Killing all running tasks in stage 1: Stage finished
[2026-04-29T01:52:40.734+0000] {subprocess.py:106} INFO - 26/04/29 01:52:40 INFO DAGScheduler: Job 1 finished: parquet at NativeMethodAccessorImpl.java:0, took 0.208995 s
[2026-04-29T01:52:40.795+0000] {subprocess.py:106} INFO - 26/04/29 01:52:40 INFO InMemoryFileIndex: It took 12 ms to list leaf files for 1 paths.
[2026-04-29T01:52:40.855+0000] {subprocess.py:106} INFO - 26/04/29 01:52:40 INFO SparkContext: Starting job: parquet at NativeMethodAccessorImpl.java:0
[2026-04-29T01:52:40.859+0000] {subprocess.py:106} INFO - 26/04/29 01:52:40 INFO DAGScheduler: Got job 2 (parquet at NativeMethodAccessorImpl.java:0) with 1 output partitions
[2026-04-29T01:52:40.861+0000] {subprocess.py:106} INFO - 26/04/29 01:52:40 INFO DAGScheduler: Final stage: ResultStage 2 (parquet at NativeMethodAccessorImpl.java:0)
[2026-04-29T01:52:40.862+0000] {subprocess.py:106} INFO - 26/04/29 01:52:40 INFO DAGScheduler: Parents of final stage: List()
[2026-04-29T01:52:40.863+0000] {subprocess.py:106} INFO - 26/04/29 01:52:40 INFO DAGScheduler: Missing parents: List()
[2026-04-29T01:52:40.864+0000] {subprocess.py:106} INFO - 26/04/29 01:52:40 INFO DAGScheduler: Submitting ResultStage 2 (MapPartitionsRDD[5] at parquet at NativeMethodAccessorImpl.java:0), which has no missing parents
[2026-04-29T01:52:40.880+0000] {subprocess.py:106} INFO - 26/04/29 01:52:40 INFO MemoryStore: Block broadcast_2 stored as values in memory (estimated size 104.5 KiB, free 434.2 MiB)
[2026-04-29T01:52:40.885+0000] {subprocess.py:106} INFO - 26/04/29 01:52:40 INFO MemoryStore: Block broadcast_2_piece0 stored as bytes in memory (estimated size 37.8 KiB, free 434.1 MiB)
[2026-04-29T01:52:40.888+0000] {subprocess.py:106} INFO - 26/04/29 01:52:40 INFO BlockManagerInfo: Added broadcast_2_piece0 in memory on 172.30.1.13:42003 (size: 37.8 KiB, free: 434.3 MiB)
[2026-04-29T01:52:40.890+0000] {subprocess.py:106} INFO - 26/04/29 01:52:40 INFO SparkContext: Created broadcast 2 from broadcast at DAGScheduler.scala:1580
[2026-04-29T01:52:40.892+0000] {subprocess.py:106} INFO - 26/04/29 01:52:40 INFO DAGScheduler: Submitting 1 missing tasks from ResultStage 2 (MapPartitionsRDD[5] at parquet at NativeMethodAccessorImpl.java:0) (first 15 tasks are for partitions Vector(0))
[2026-04-29T01:52:40.894+0000] {subprocess.py:106} INFO - 26/04/29 01:52:40 INFO YarnScheduler: Adding task set 2.0 with 1 tasks resource profile 0
[2026-04-29T01:52:40.898+0000] {subprocess.py:106} INFO - 26/04/29 01:52:40 INFO TaskSetManager: Starting task 0.0 in stage 2.0 (TID 2) (5b0353f352af, executor 1, partition 0, PROCESS_LOCAL, 7853 bytes)
[2026-04-29T01:52:40.937+0000] {subprocess.py:106} INFO - 26/04/29 01:52:40 INFO BlockManagerInfo: Added broadcast_2_piece0 in memory on 5b0353f352af:45149 (size: 37.8 KiB, free: 93.2 MiB)
[2026-04-29T01:52:41.009+0000] {subprocess.py:106} INFO - 26/04/29 01:52:41 INFO TaskSetManager: Finished task 0.0 in stage 2.0 (TID 2) in 110 ms on 5b0353f352af (executor 1) (1/1)
[2026-04-29T01:52:41.012+0000] {subprocess.py:106} INFO - 26/04/29 01:52:41 INFO YarnScheduler: Removed TaskSet 2.0, whose tasks have all completed, from pool
[2026-04-29T01:52:41.013+0000] {subprocess.py:106} INFO - 26/04/29 01:52:41 INFO DAGScheduler: ResultStage 2 (parquet at NativeMethodAccessorImpl.java:0) finished in 0.148 s
[2026-04-29T01:52:41.014+0000] {subprocess.py:106} INFO - 26/04/29 01:52:41 INFO DAGScheduler: Job 2 is finished. Cancelling potential speculative or zombie tasks for this job
[2026-04-29T01:52:41.015+0000] {subprocess.py:106} INFO - 26/04/29 01:52:41 INFO YarnScheduler: Killing all running tasks in stage 2: Stage finished
[2026-04-29T01:52:41.016+0000] {subprocess.py:106} INFO - 26/04/29 01:52:41 INFO DAGScheduler: Job 2 finished: parquet at NativeMethodAccessorImpl.java:0, took 0.157084 s
[2026-04-29T01:52:41.062+0000] {subprocess.py:106} INFO - 26/04/29 01:52:41 INFO InMemoryFileIndex: It took 7 ms to list leaf files for 1 paths.
[2026-04-29T01:52:41.133+0000] {subprocess.py:106} INFO - 26/04/29 01:52:41 INFO SparkContext: Starting job: parquet at NativeMethodAccessorImpl.java:0
[2026-04-29T01:52:41.136+0000] {subprocess.py:106} INFO - 26/04/29 01:52:41 INFO DAGScheduler: Got job 3 (parquet at NativeMethodAccessorImpl.java:0) with 1 output partitions
[2026-04-29T01:52:41.137+0000] {subprocess.py:106} INFO - 26/04/29 01:52:41 INFO DAGScheduler: Final stage: ResultStage 3 (parquet at NativeMethodAccessorImpl.java:0)
[2026-04-29T01:52:41.138+0000] {subprocess.py:106} INFO - 26/04/29 01:52:41 INFO DAGScheduler: Parents of final stage: List()
[2026-04-29T01:52:41.140+0000] {subprocess.py:106} INFO - 26/04/29 01:52:41 INFO DAGScheduler: Missing parents: List()
[2026-04-29T01:52:41.141+0000] {subprocess.py:106} INFO - 26/04/29 01:52:41 INFO DAGScheduler: Submitting ResultStage 3 (MapPartitionsRDD[7] at parquet at NativeMethodAccessorImpl.java:0), which has no missing parents
[2026-04-29T01:52:41.157+0000] {subprocess.py:106} INFO - 26/04/29 01:52:41 INFO MemoryStore: Block broadcast_3 stored as values in memory (estimated size 104.5 KiB, free 434.0 MiB)
[2026-04-29T01:52:41.164+0000] {subprocess.py:106} INFO - 26/04/29 01:52:41 INFO MemoryStore: Block broadcast_3_piece0 stored as bytes in memory (estimated size 37.8 KiB, free 434.0 MiB)
[2026-04-29T01:52:41.165+0000] {subprocess.py:106} INFO - 26/04/29 01:52:41 INFO BlockManagerInfo: Added broadcast_3_piece0 in memory on 172.30.1.13:42003 (size: 37.8 KiB, free: 434.3 MiB)
[2026-04-29T01:52:41.166+0000] {subprocess.py:106} INFO - 26/04/29 01:52:41 INFO SparkContext: Created broadcast 3 from broadcast at DAGScheduler.scala:1580
[2026-04-29T01:52:41.168+0000] {subprocess.py:106} INFO - 26/04/29 01:52:41 INFO DAGScheduler: Submitting 1 missing tasks from ResultStage 3 (MapPartitionsRDD[7] at parquet at NativeMethodAccessorImpl.java:0) (first 15 tasks are for partitions Vector(0))
[2026-04-29T01:52:41.169+0000] {subprocess.py:106} INFO - 26/04/29 01:52:41 INFO YarnScheduler: Adding task set 3.0 with 1 tasks resource profile 0
[2026-04-29T01:52:41.172+0000] {subprocess.py:106} INFO - 26/04/29 01:52:41 INFO TaskSetManager: Starting task 0.0 in stage 3.0 (TID 3) (5b0353f352af, executor 1, partition 0, PROCESS_LOCAL, 7850 bytes)
[2026-04-29T01:52:41.205+0000] {subprocess.py:106} INFO - 26/04/29 01:52:41 INFO BlockManagerInfo: Added broadcast_3_piece0 in memory on 5b0353f352af:45149 (size: 37.8 KiB, free: 93.2 MiB)
[2026-04-29T01:52:41.270+0000] {subprocess.py:106} INFO - 26/04/29 01:52:41 INFO TaskSetManager: Finished task 0.0 in stage 3.0 (TID 3) in 95 ms on 5b0353f352af (executor 1) (1/1)
[2026-04-29T01:52:41.272+0000] {subprocess.py:106} INFO - 26/04/29 01:52:41 INFO YarnScheduler: Removed TaskSet 3.0, whose tasks have all completed, from pool
[2026-04-29T01:52:41.274+0000] {subprocess.py:106} INFO - 26/04/29 01:52:41 INFO DAGScheduler: ResultStage 3 (parquet at NativeMethodAccessorImpl.java:0) finished in 0.129 s
[2026-04-29T01:52:41.275+0000] {subprocess.py:106} INFO - 26/04/29 01:52:41 INFO DAGScheduler: Job 3 is finished. Cancelling potential speculative or zombie tasks for this job
[2026-04-29T01:52:41.276+0000] {subprocess.py:106} INFO - 26/04/29 01:52:41 INFO YarnScheduler: Killing all running tasks in stage 3: Stage finished
[2026-04-29T01:52:41.277+0000] {subprocess.py:106} INFO - 26/04/29 01:52:41 INFO DAGScheduler: Job 3 finished: parquet at NativeMethodAccessorImpl.java:0, took 0.136881 s
[2026-04-29T01:52:41.640+0000] {subprocess.py:106} INFO - 26/04/29 01:52:41 INFO BlockManagerInfo: Removed broadcast_2_piece0 on 172.30.1.13:42003 in memory (size: 37.8 KiB, free: 434.3 MiB)
[2026-04-29T01:52:41.655+0000] {subprocess.py:106} INFO - 26/04/29 01:52:41 INFO BlockManagerInfo: Removed broadcast_2_piece0 on 5b0353f352af:45149 in memory (size: 37.8 KiB, free: 93.2 MiB)
[2026-04-29T01:52:41.676+0000] {subprocess.py:106} INFO - 26/04/29 01:52:41 INFO BlockManagerInfo: Removed broadcast_3_piece0 on 172.30.1.13:42003 in memory (size: 37.8 KiB, free: 434.4 MiB)
[2026-04-29T01:52:41.683+0000] {subprocess.py:106} INFO - 26/04/29 01:52:41 INFO BlockManagerInfo: Removed broadcast_3_piece0 on 5b0353f352af:45149 in memory (size: 37.8 KiB, free: 93.3 MiB)
[2026-04-29T01:52:41.699+0000] {subprocess.py:106} INFO - 26/04/29 01:52:41 INFO BlockManagerInfo: Removed broadcast_1_piece0 on 172.30.1.13:42003 in memory (size: 37.8 KiB, free: 434.4 MiB)
[2026-04-29T01:52:41.705+0000] {subprocess.py:106} INFO - 26/04/29 01:52:41 INFO BlockManagerInfo: Removed broadcast_1_piece0 on 5b0353f352af:45149 in memory (size: 37.8 KiB, free: 93.3 MiB)
[2026-04-29T01:52:41.800+0000] {subprocess.py:106} INFO - Traceback (most recent call last):
[2026-04-29T01:52:41.801+0000] {subprocess.py:106} INFO -   File "/home/jovyan/work/Scripts/loading.py", line 43, in <module>
[2026-04-29T01:52:41.808+0000] {subprocess.py:106} INFO -     .save()
[2026-04-29T01:52:41.809+0000] {subprocess.py:106} INFO -      ^^^^^^
[2026-04-29T01:52:41.810+0000] {subprocess.py:106} INFO -   File "/usr/local/spark/python/lib/pyspark.zip/pyspark/sql/readwriter.py", line 1461, in save
[2026-04-29T01:52:41.812+0000] {subprocess.py:106} INFO -   File "/usr/local/spark/python/lib/py4j-0.10.9.7-src.zip/py4j/java_gateway.py", line 1322, in __call__
[2026-04-29T01:52:41.815+0000] {subprocess.py:106} INFO -   File "/usr/local/spark/python/lib/pyspark.zip/pyspark/errors/exceptions/captured.py", line 179, in deco
[2026-04-29T01:52:41.817+0000] {subprocess.py:106} INFO -   File "/usr/local/spark/python/lib/py4j-0.10.9.7-src.zip/py4j/protocol.py", line 326, in get_return_value
[2026-04-29T01:52:41.834+0000] {subprocess.py:106} INFO - py4j.protocol.Py4JJavaError: An error occurred while calling o69.save.
[2026-04-29T01:52:41.841+0000] {subprocess.py:106} INFO - : org.apache.spark.SparkClassNotFoundException: [DATA_SOURCE_NOT_FOUND] Failed to find the data source: snowflake. Please find packages at `https://spark.apache.org/third-party-projects.html`.
[2026-04-29T01:52:41.842+0000] {subprocess.py:106} INFO - 	at org.apache.spark.sql.errors.QueryExecutionErrors$.dataSourceNotFoundError(QueryExecutionErrors.scala:724)
[2026-04-29T01:52:41.844+0000] {subprocess.py:106} INFO - 	at org.apache.spark.sql.execution.datasources.DataSource$.lookupDataSource(DataSource.scala:647)
[2026-04-29T01:52:41.846+0000] {subprocess.py:106} INFO - 	at org.apache.spark.sql.execution.datasources.DataSource$.lookupDataSourceV2(DataSource.scala:697)
[2026-04-29T01:52:41.848+0000] {subprocess.py:106} INFO - 	at org.apache.spark.sql.DataFrameWriter.lookupV2Provider(DataFrameWriter.scala:863)
[2026-04-29T01:52:41.850+0000] {subprocess.py:106} INFO - 	at org.apache.spark.sql.DataFrameWriter.saveInternal(DataFrameWriter.scala:257)
[2026-04-29T01:52:41.851+0000] {subprocess.py:106} INFO - 	at org.apache.spark.sql.DataFrameWriter.save(DataFrameWriter.scala:248)
[2026-04-29T01:52:41.852+0000] {subprocess.py:106} INFO - 	at java.base/jdk.internal.reflect.NativeMethodAccessorImpl.invoke0(Native Method)
[2026-04-29T01:52:41.854+0000] {subprocess.py:106} INFO - 	at java.base/jdk.internal.reflect.NativeMethodAccessorImpl.invoke(NativeMethodAccessorImpl.java:77)
[2026-04-29T01:52:41.855+0000] {subprocess.py:106} INFO - 	at java.base/jdk.internal.reflect.DelegatingMethodAccessorImpl.invoke(DelegatingMethodAccessorImpl.java:43)
[2026-04-29T01:52:41.856+0000] {subprocess.py:106} INFO - 	at java.base/java.lang.reflect.Method.invoke(Method.java:568)
[2026-04-29T01:52:41.857+0000] {subprocess.py:106} INFO - 	at py4j.reflection.MethodInvoker.invoke(MethodInvoker.java:244)
[2026-04-29T01:52:41.858+0000] {subprocess.py:106} INFO - 	at py4j.reflection.ReflectionEngine.invoke(ReflectionEngine.java:374)
[2026-04-29T01:52:41.859+0000] {subprocess.py:106} INFO - 	at py4j.Gateway.invoke(Gateway.java:282)
[2026-04-29T01:52:41.860+0000] {subprocess.py:106} INFO - 	at py4j.commands.AbstractCommand.invokeMethod(AbstractCommand.java:132)
[2026-04-29T01:52:41.861+0000] {subprocess.py:106} INFO - 	at py4j.commands.CallCommand.execute(CallCommand.java:79)
[2026-04-29T01:52:41.863+0000] {subprocess.py:106} INFO - 	at py4j.ClientServerConnection.waitForCommands(ClientServerConnection.java:182)
[2026-04-29T01:52:41.864+0000] {subprocess.py:106} INFO - 	at py4j.ClientServerConnection.run(ClientServerConnection.java:106)
[2026-04-29T01:52:41.865+0000] {subprocess.py:106} INFO - 	at java.base/java.lang.Thread.run(Thread.java:833)
[2026-04-29T01:52:41.866+0000] {subprocess.py:106} INFO - Caused by: java.lang.ClassNotFoundException: snowflake.DefaultSource
[2026-04-29T01:52:41.868+0000] {subprocess.py:106} INFO - 	at java.base/java.net.URLClassLoader.findClass(URLClassLoader.java:445)
[2026-04-29T01:52:41.869+0000] {subprocess.py:106} INFO - 	at java.base/java.lang.ClassLoader.loadClass(ClassLoader.java:592)
[2026-04-29T01:52:41.870+0000] {subprocess.py:106} INFO - 	at java.base/java.lang.ClassLoader.loadClass(ClassLoader.java:525)
[2026-04-29T01:52:41.871+0000] {subprocess.py:106} INFO - 	at org.apache.spark.sql.execution.datasources.DataSource$.$anonfun$lookupDataSource$5(DataSource.scala:633)
[2026-04-29T01:52:41.872+0000] {subprocess.py:106} INFO - 	at scala.util.Try$.apply(Try.scala:213)
[2026-04-29T01:52:41.873+0000] {subprocess.py:106} INFO - 	at org.apache.spark.sql.execution.datasources.DataSource$.$anonfun$lookupDataSource$4(DataSource.scala:633)
[2026-04-29T01:52:41.874+0000] {subprocess.py:106} INFO - 	at scala.util.Failure.orElse(Try.scala:224)
[2026-04-29T01:52:41.875+0000] {subprocess.py:106} INFO - 	at org.apache.spark.sql.execution.datasources.DataSource$.lookupDataSource(DataSource.scala:633)
[2026-04-29T01:52:41.876+0000] {subprocess.py:106} INFO - 	... 16 more
[2026-04-29T01:52:41.877+0000] {subprocess.py:106} INFO - 
[2026-04-29T01:52:41.985+0000] {subprocess.py:106} INFO - 26/04/29 01:52:41 INFO SparkContext: Invoking stop() from shutdown hook
[2026-04-29T01:52:41.987+0000] {subprocess.py:106} INFO - 26/04/29 01:52:41 INFO SparkContext: SparkContext is stopping with exitCode 0.
[2026-04-29T01:52:42.012+0000] {subprocess.py:106} INFO - 26/04/29 01:52:42 INFO SparkUI: Stopped Spark web UI at http://172.30.1.13:4041
[2026-04-29T01:52:42.025+0000] {subprocess.py:106} INFO - 26/04/29 01:52:42 INFO YarnClientSchedulerBackend: Interrupting monitor thread
[2026-04-29T01:52:42.057+0000] {subprocess.py:106} INFO - 26/04/29 01:52:42 INFO YarnClientSchedulerBackend: Shutting down all executors
[2026-04-29T01:52:42.059+0000] {subprocess.py:106} INFO - 26/04/29 01:52:42 INFO YarnSchedulerBackend$YarnDriverEndpoint: Asking each executor to shut down
[2026-04-29T01:52:42.070+0000] {subprocess.py:106} INFO - 26/04/29 01:52:42 INFO YarnClientSchedulerBackend: YARN client scheduler backend Stopped
[2026-04-29T01:52:42.095+0000] {subprocess.py:106} INFO - 26/04/29 01:52:42 INFO MapOutputTrackerMasterEndpoint: MapOutputTrackerMasterEndpoint stopped!
[2026-04-29T01:52:42.135+0000] {subprocess.py:106} INFO - 26/04/29 01:52:42 INFO MemoryStore: MemoryStore cleared
[2026-04-29T01:52:42.136+0000] {subprocess.py:106} INFO - 26/04/29 01:52:42 INFO BlockManager: BlockManager stopped
[2026-04-29T01:52:42.145+0000] {subprocess.py:106} INFO - 26/04/29 01:52:42 INFO BlockManagerMaster: BlockManagerMaster stopped
[2026-04-29T01:52:42.153+0000] {subprocess.py:106} INFO - 26/04/29 01:52:42 INFO OutputCommitCoordinator$OutputCommitCoordinatorEndpoint: OutputCommitCoordinator stopped!
[2026-04-29T01:52:42.192+0000] {subprocess.py:106} INFO - 26/04/29 01:52:42 INFO SparkContext: Successfully stopped SparkContext
[2026-04-29T01:52:42.193+0000] {subprocess.py:106} INFO - 26/04/29 01:52:42 INFO ShutdownHookManager: Shutdown hook called
[2026-04-29T01:52:42.198+0000] {subprocess.py:106} INFO - 26/04/29 01:52:42 INFO ShutdownHookManager: Deleting directory /tmp/spark-0000e5a4-ffd9-4f7c-bbc0-b438fcdf475e
[2026-04-29T01:52:42.219+0000] {subprocess.py:106} INFO - 26/04/29 01:52:42 INFO ShutdownHookManager: Deleting directory /tmp/spark-8c448181-ca8b-4932-aefb-75c4c0d406e0
[2026-04-29T01:52:42.230+0000] {subprocess.py:106} INFO - 26/04/29 01:52:42 INFO ShutdownHookManager: Deleting directory /tmp/spark-0000e5a4-ffd9-4f7c-bbc0-b438fcdf475e/pyspark-75ffba58-0ac1-49cb-8405-e162c9562638
[2026-04-29T01:52:42.601+0000] {subprocess.py:110} INFO - Command exited with return code 1
[2026-04-29T01:52:42.634+0000] {taskinstance.py:3311} ERROR - Task failed with exception
Traceback (most recent call last):
  File "/home/airflow/.local/lib/python3.12/site-packages/airflow/models/taskinstance.py", line 767, in _execute_task
    result = _execute_callable(context=context, **execute_callable_kwargs)
             ^^^^^^^^^^^^^^^^^^^^^^^^^^^^^^^^^^^^^^^^^^^^^^^^^^^^^^^^^^^^^
  File "/home/airflow/.local/lib/python3.12/site-packages/airflow/models/taskinstance.py", line 733, in _execute_callable
    return ExecutionCallableRunner(
           ^^^^^^^^^^^^^^^^^^^^^^^^
  File "/home/airflow/.local/lib/python3.12/site-packages/airflow/utils/operator_helpers.py", line 252, in run
    return self.func(*args, **kwargs)
           ^^^^^^^^^^^^^^^^^^^^^^^^^^
  File "/home/airflow/.local/lib/python3.12/site-packages/airflow/models/baseoperator.py", line 422, in wrapper
    return func(self, *args, **kwargs)
           ^^^^^^^^^^^^^^^^^^^^^^^^^^^
  File "/home/airflow/.local/lib/python3.12/site-packages/airflow/operators/bash.py", line 276, in execute
    raise AirflowException(
airflow.exceptions.AirflowException: Bash command failed. The command returned a non-zero exit code 1.
[2026-04-29T01:52:42.650+0000] {taskinstance.py:1225} INFO - Marking task as FAILED. dag_id=titanic_dag, task_id=loading, run_id=manual__2026-04-29T01:42:06.700423+00:00, execution_date=20260429T014206, start_date=20260429T015146, end_date=20260429T015242
[2026-04-29T01:52:42.692+0000] {taskinstance.py:340} INFO - ::group::Post task execution logs
[2026-04-29T01:52:42.694+0000] {standard_task_runner.py:124} ERROR - Failed to execute job 109 for task loading (Bash command failed. The command returned a non-zero exit code 1.; 3733)
Traceback (most recent call last):
  File "/home/airflow/.local/lib/python3.12/site-packages/airflow/task/task_runner/standard_task_runner.py", line 117, in _start_by_fork
    ret = args.func(args, dag=self.dag)
          ^^^^^^^^^^^^^^^^^^^^^^^^^^^^^
  File "/home/airflow/.local/lib/python3.12/site-packages/airflow/cli/cli_config.py", line 49, in command
    return func(*args, **kwargs)
           ^^^^^^^^^^^^^^^^^^^^^
  File "/home/airflow/.local/lib/python3.12/site-packages/airflow/utils/cli.py", line 116, in wrapper
    return f(*args, **kwargs)
           ^^^^^^^^^^^^^^^^^^
  File "/home/airflow/.local/lib/python3.12/site-packages/airflow/cli/commands/task_command.py", line 483, in task_run
    task_return_code = _run_task_by_selected_method(args, _dag, ti)
                       ^^^^^^^^^^^^^^^^^^^^^^^^^^^^^^^^^^^^^^^^^^^^
  File "/home/airflow/.local/lib/python3.12/site-packages/airflow/cli/commands/task_command.py", line 256, in _run_task_by_selected_method
    return _run_raw_task(args, ti)
           ^^^^^^^^^^^^^^^^^^^^^^^
  File "/home/airflow/.local/lib/python3.12/site-packages/airflow/cli/commands/task_command.py", line 341, in _run_raw_task
    return ti._run_raw_task(
           ^^^^^^^^^^^^^^^^^
  File "/home/airflow/.local/lib/python3.12/site-packages/airflow/utils/session.py", line 97, in wrapper
    return func(*args, session=session, **kwargs)
           ^^^^^^^^^^^^^^^^^^^^^^^^^^^^^^^^^^^^^^
  File "/home/airflow/.local/lib/python3.12/site-packages/airflow/models/taskinstance.py", line 3005, in _run_raw_task
    return _run_raw_task(
           ^^^^^^^^^^^^^^
  File "/home/airflow/.local/lib/python3.12/site-packages/airflow/models/taskinstance.py", line 273, in _run_raw_task
    TaskInstance._execute_task_with_callbacks(
  File "/home/airflow/.local/lib/python3.12/site-packages/airflow/models/taskinstance.py", line 3159, in _execute_task_with_callbacks
    result = self._execute_task(context, task_orig)
             ^^^^^^^^^^^^^^^^^^^^^^^^^^^^^^^^^^^^^^
  File "/home/airflow/.local/lib/python3.12/site-packages/airflow/models/taskinstance.py", line 3183, in _execute_task
    return _execute_task(self, context, task_orig)
           ^^^^^^^^^^^^^^^^^^^^^^^^^^^^^^^^^^^^^^^
  File "/home/airflow/.local/lib/python3.12/site-packages/airflow/models/taskinstance.py", line 767, in _execute_task
    result = _execute_callable(context=context, **execute_callable_kwargs)
             ^^^^^^^^^^^^^^^^^^^^^^^^^^^^^^^^^^^^^^^^^^^^^^^^^^^^^^^^^^^^^
  File "/home/airflow/.local/lib/python3.12/site-packages/airflow/models/taskinstance.py", line 733, in _execute_callable
    return ExecutionCallableRunner(
           ^^^^^^^^^^^^^^^^^^^^^^^^
  File "/home/airflow/.local/lib/python3.12/site-packages/airflow/utils/operator_helpers.py", line 252, in run
    return self.func(*args, **kwargs)
           ^^^^^^^^^^^^^^^^^^^^^^^^^^
  File "/home/airflow/.local/lib/python3.12/site-packages/airflow/models/baseoperator.py", line 422, in wrapper
    return func(self, *args, **kwargs)
           ^^^^^^^^^^^^^^^^^^^^^^^^^^^
  File "/home/airflow/.local/lib/python3.12/site-packages/airflow/operators/bash.py", line 276, in execute
    raise AirflowException(
airflow.exceptions.AirflowException: Bash command failed. The command returned a non-zero exit code 1.
[2026-04-29T01:52:43.688+0000] {local_task_job_runner.py:266} INFO - Task exited with return code 1
[2026-04-29T01:52:43.728+0000] {taskinstance.py:3895} INFO - 0 downstream tasks scheduled from follow-on schedule check
[2026-04-29T01:52:43.733+0000] {local_task_job_runner.py:245} INFO - ::endgroup::
