[2026-04-29T02:11:27.486+0000] {local_task_job_runner.py:123} INFO - ::group::Pre task execution logs
[2026-04-29T02:11:27.523+0000] {taskinstance.py:2613} INFO - Dependencies all met for dep_context=non-requeueable deps ti=<TaskInstance: titanic_dag.loading manual__2026-04-29T01:42:06.700423+00:00 [queued]>
[2026-04-29T02:11:27.540+0000] {taskinstance.py:2613} INFO - Dependencies all met for dep_context=requeueable deps ti=<TaskInstance: titanic_dag.loading manual__2026-04-29T01:42:06.700423+00:00 [queued]>
[2026-04-29T02:11:27.542+0000] {taskinstance.py:2866} INFO - Starting attempt 4 of 4
[2026-04-29T02:11:27.571+0000] {taskinstance.py:2889} INFO - Executing <Task(BashOperator): loading> on 2026-04-29 01:42:06.700423+00:00
[2026-04-29T02:11:27.586+0000] {standard_task_runner.py:72} INFO - Started process 4232 to run task
[2026-04-29T02:11:27.593+0000] {standard_task_runner.py:104} INFO - Running: ['***', 'tasks', 'run', 'titanic_dag', 'loading', 'manual__2026-04-29T01:42:06.700423+00:00', '--job-id', '111', '--raw', '--subdir', 'DAGS_FOLDER/titanic_dag.py', '--cfg-path', '/tmp/tmptoz5bfpd']
[2026-04-29T02:11:27.599+0000] {standard_task_runner.py:105} INFO - Job 111: Subtask loading
[2026-04-29T02:11:27.789+0000] {task_command.py:467} INFO - Running <TaskInstance: titanic_dag.loading manual__2026-04-29T01:42:06.700423+00:00 [running]> on host 9fbda7c5f6bc
[2026-04-29T02:11:28.050+0000] {taskinstance.py:3132} INFO - Exporting env vars: AIRFLOW_CTX_DAG_OWNER='***' AIRFLOW_CTX_DAG_ID='titanic_dag' AIRFLOW_CTX_TASK_ID='loading' AIRFLOW_CTX_EXECUTION_DATE='2026-04-29T01:42:06.700423+00:00' AIRFLOW_CTX_TRY_NUMBER='4' AIRFLOW_CTX_DAG_RUN_ID='manual__2026-04-29T01:42:06.700423+00:00'
[2026-04-29T02:11:28.053+0000] {taskinstance.py:731} INFO - ::endgroup::
[2026-04-29T02:11:28.118+0000] {subprocess.py:78} INFO - Tmp dir root location: /tmp
[2026-04-29T02:11:28.124+0000] {subprocess.py:88} INFO - Running command: ['/usr/bin/bash', '-c', '\n    docker exec spark-jupyter spark-submit /home/jovyan/work/Scripts/loading.py\n    ']
[2026-04-29T02:11:28.156+0000] {subprocess.py:99} INFO - Output:
[2026-04-29T02:11:36.443+0000] {subprocess.py:106} INFO - 26/04/29 02:11:36 INFO SparkContext: Running Spark version 3.5.0
[2026-04-29T02:11:36.448+0000] {subprocess.py:106} INFO - 26/04/29 02:11:36 INFO SparkContext: OS info Linux, 6.6.87.2-microsoft-standard-WSL2, amd64
[2026-04-29T02:11:36.450+0000] {subprocess.py:106} INFO - 26/04/29 02:11:36 INFO SparkContext: Java version 17.0.8.1
[2026-04-29T02:11:36.686+0000] {subprocess.py:106} INFO - 26/04/29 02:11:36 WARN NativeCodeLoader: Unable to load native-hadoop library for your platform... using builtin-java classes where applicable
[2026-04-29T02:11:36.905+0000] {subprocess.py:106} INFO - 26/04/29 02:11:36 INFO ResourceUtils: ==============================================================
[2026-04-29T02:11:36.907+0000] {subprocess.py:106} INFO - 26/04/29 02:11:36 INFO ResourceUtils: No custom resources configured for spark.driver.
[2026-04-29T02:11:36.908+0000] {subprocess.py:106} INFO - 26/04/29 02:11:36 INFO ResourceUtils: ==============================================================
[2026-04-29T02:11:36.909+0000] {subprocess.py:106} INFO - 26/04/29 02:11:36 INFO SparkContext: Submitted application: Snowflake_Load_Layer
[2026-04-29T02:11:36.961+0000] {subprocess.py:106} INFO - 26/04/29 02:11:36 INFO ResourceProfile: Default ResourceProfile created, executor resources: Map(cores -> name: cores, amount: 1, script: , vendor: , memory -> name: memory, amount: 512, script: , vendor: , offHeap -> name: offHeap, amount: 0, script: , vendor: ), task resources: Map(cpus -> name: cpus, amount: 1.0)
[2026-04-29T02:11:36.987+0000] {subprocess.py:106} INFO - 26/04/29 02:11:36 INFO ResourceProfile: Limiting resource is cpus at 1 tasks per executor
[2026-04-29T02:11:36.994+0000] {subprocess.py:106} INFO - 26/04/29 02:11:36 INFO ResourceProfileManager: Added ResourceProfile id: 0
[2026-04-29T02:11:37.137+0000] {subprocess.py:106} INFO - 26/04/29 02:11:37 INFO SecurityManager: Changing view acls to: root
[2026-04-29T02:11:37.138+0000] {subprocess.py:106} INFO - 26/04/29 02:11:37 INFO SecurityManager: Changing modify acls to: root
[2026-04-29T02:11:37.140+0000] {subprocess.py:106} INFO - 26/04/29 02:11:37 INFO SecurityManager: Changing view acls groups to:
[2026-04-29T02:11:37.141+0000] {subprocess.py:106} INFO - 26/04/29 02:11:37 INFO SecurityManager: Changing modify acls groups to:
[2026-04-29T02:11:37.142+0000] {subprocess.py:106} INFO - 26/04/29 02:11:37 INFO SecurityManager: SecurityManager: authentication disabled; ui acls disabled; users with view permissions: root; groups with view permissions: EMPTY; users with modify permissions: root; groups with modify permissions: EMPTY
[2026-04-29T02:11:37.736+0000] {subprocess.py:106} INFO - 26/04/29 02:11:37 INFO Utils: Successfully started service 'sparkDriver' on port 37477.
[2026-04-29T02:11:37.824+0000] {subprocess.py:106} INFO - 26/04/29 02:11:37 INFO SparkEnv: Registering MapOutputTracker
[2026-04-29T02:11:37.919+0000] {subprocess.py:106} INFO - 26/04/29 02:11:37 INFO SparkEnv: Registering BlockManagerMaster
[2026-04-29T02:11:37.964+0000] {subprocess.py:106} INFO - 26/04/29 02:11:37 INFO BlockManagerMasterEndpoint: Using org.apache.spark.storage.DefaultTopologyMapper for getting topology information
[2026-04-29T02:11:37.965+0000] {subprocess.py:106} INFO - 26/04/29 02:11:37 INFO BlockManagerMasterEndpoint: BlockManagerMasterEndpoint up
[2026-04-29T02:11:38.057+0000] {subprocess.py:106} INFO - 26/04/29 02:11:38 INFO SparkEnv: Registering BlockManagerMasterHeartbeat
[2026-04-29T02:11:38.129+0000] {subprocess.py:106} INFO - 26/04/29 02:11:38 INFO DiskBlockManager: Created local directory at /tmp/blockmgr-0e336150-8dd7-498d-a33b-380c0448daad
[2026-04-29T02:11:38.177+0000] {subprocess.py:106} INFO - 26/04/29 02:11:38 INFO MemoryStore: MemoryStore started with capacity 434.4 MiB
[2026-04-29T02:11:38.255+0000] {subprocess.py:106} INFO - 26/04/29 02:11:38 INFO SparkEnv: Registering OutputCommitCoordinator
[2026-04-29T02:11:38.572+0000] {subprocess.py:106} INFO - 26/04/29 02:11:38 INFO JettyUtils: Start Jetty 0.0.0.0:4040 for SparkUI
[2026-04-29T02:11:38.727+0000] {subprocess.py:106} INFO - 26/04/29 02:11:38 INFO Utils: Successfully started service 'SparkUI' on port 4040.
[2026-04-29T02:11:39.212+0000] {subprocess.py:106} INFO - 26/04/29 02:11:39 INFO DefaultNoHARMFailoverProxyProvider: Connecting to ResourceManager at resourcemanager/172.30.1.24:8032
[2026-04-29T02:11:40.998+0000] {subprocess.py:106} INFO - 26/04/29 02:11:40 INFO Configuration: resource-types.xml not found
[2026-04-29T02:11:40.999+0000] {subprocess.py:106} INFO - 26/04/29 02:11:40 INFO ResourceUtils: Unable to find 'resource-types.xml'.
[2026-04-29T02:11:41.024+0000] {subprocess.py:106} INFO - 26/04/29 02:11:41 INFO Client: Verifying our application has not requested more than the maximum memory capability of the cluster (8192 MB per container)
[2026-04-29T02:11:41.026+0000] {subprocess.py:106} INFO - 26/04/29 02:11:41 INFO Client: Will allocate AM container, with 896 MB memory including 384 MB overhead
[2026-04-29T02:11:41.027+0000] {subprocess.py:106} INFO - 26/04/29 02:11:41 INFO Client: Setting up container launch context for our AM
[2026-04-29T02:11:41.028+0000] {subprocess.py:106} INFO - 26/04/29 02:11:41 INFO Client: Setting up the launch environment for our AM container
[2026-04-29T02:11:41.037+0000] {subprocess.py:106} INFO - 26/04/29 02:11:41 INFO Client: Preparing resources for our AM container
[2026-04-29T02:11:41.091+0000] {subprocess.py:106} INFO - 26/04/29 02:11:41 WARN Client: Neither spark.yarn.jars nor spark.yarn.archive is set, falling back to uploading libraries under SPARK_HOME.
[2026-04-29T02:11:51.315+0000] {subprocess.py:106} INFO - 26/04/29 02:11:51 INFO Client: Uploading resource file:/tmp/spark-4e4f0175-0077-4987-b72d-61b1465deb2a/__spark_libs__16491719504773995887.zip -> hdfs://hadoop-namenode:9000/user/root/.sparkStaging/application_1777423294598_0007/__spark_libs__16491719504773995887.zip
[2026-04-29T02:11:55.508+0000] {subprocess.py:106} INFO - 26/04/29 02:11:55 INFO Client: Uploading resource file:/tmp/spark-4e4f0175-0077-4987-b72d-61b1465deb2a/__spark_conf__7691562085123194952.zip -> hdfs://hadoop-namenode:9000/user/root/.sparkStaging/application_1777423294598_0007/__spark_conf__.zip
[2026-04-29T02:11:55.609+0000] {subprocess.py:106} INFO - 26/04/29 02:11:55 INFO SecurityManager: Changing view acls to: root
[2026-04-29T02:11:55.611+0000] {subprocess.py:106} INFO - 26/04/29 02:11:55 INFO SecurityManager: Changing modify acls to: root
[2026-04-29T02:11:55.612+0000] {subprocess.py:106} INFO - 26/04/29 02:11:55 INFO SecurityManager: Changing view acls groups to:
[2026-04-29T02:11:55.613+0000] {subprocess.py:106} INFO - 26/04/29 02:11:55 INFO SecurityManager: Changing modify acls groups to:
[2026-04-29T02:11:55.614+0000] {subprocess.py:106} INFO - 26/04/29 02:11:55 INFO SecurityManager: SecurityManager: authentication disabled; ui acls disabled; users with view permissions: root; groups with view permissions: EMPTY; users with modify permissions: root; groups with modify permissions: EMPTY
[2026-04-29T02:11:55.645+0000] {subprocess.py:106} INFO - 26/04/29 02:11:55 INFO Client: Submitting application application_1777423294598_0007 to ResourceManager
[2026-04-29T02:11:55.726+0000] {subprocess.py:106} INFO - 26/04/29 02:11:55 INFO YarnClientImpl: Submitted application application_1777423294598_0007
[2026-04-29T02:11:56.739+0000] {subprocess.py:106} INFO - 26/04/29 02:11:56 INFO Client: Application report for application_1777423294598_0007 (state: ACCEPTED)
[2026-04-29T02:11:56.744+0000] {subprocess.py:106} INFO - 26/04/29 02:11:56 INFO Client:
[2026-04-29T02:11:56.751+0000] {subprocess.py:106} INFO - 	 client token: N/A
[2026-04-29T02:11:56.753+0000] {subprocess.py:106} INFO - 	 diagnostics: AM container is launched, waiting for AM container to Register with RM
[2026-04-29T02:11:56.754+0000] {subprocess.py:106} INFO - 	 ApplicationMaster host: N/A
[2026-04-29T02:11:56.755+0000] {subprocess.py:106} INFO - 	 ApplicationMaster RPC port: -1
[2026-04-29T02:11:56.756+0000] {subprocess.py:106} INFO - 	 queue: default
[2026-04-29T02:11:56.757+0000] {subprocess.py:106} INFO - 	 start time: 1777428715679
[2026-04-29T02:11:56.758+0000] {subprocess.py:106} INFO - 	 final status: UNDEFINED
[2026-04-29T02:11:56.759+0000] {subprocess.py:106} INFO - 	 tracking URL: http://resourcemanager:8088/proxy/application_1777423294598_0007/
[2026-04-29T02:11:56.760+0000] {subprocess.py:106} INFO - 	 user: root
[2026-04-29T02:12:04.532+0000] {subprocess.py:106} INFO - 26/04/29 02:12:04 INFO Client: Application report for application_1777423294598_0007 (state: RUNNING)
[2026-04-29T02:12:04.533+0000] {subprocess.py:106} INFO - 26/04/29 02:12:04 INFO Client:
[2026-04-29T02:12:04.535+0000] {subprocess.py:106} INFO - 	 client token: N/A
[2026-04-29T02:12:04.536+0000] {subprocess.py:106} INFO - 	 diagnostics: N/A
[2026-04-29T02:12:04.536+0000] {subprocess.py:106} INFO - 	 ApplicationMaster host: 172.30.1.25
[2026-04-29T02:12:04.537+0000] {subprocess.py:106} INFO - 	 ApplicationMaster RPC port: -1
[2026-04-29T02:12:04.538+0000] {subprocess.py:106} INFO - 	 queue: default
[2026-04-29T02:12:04.539+0000] {subprocess.py:106} INFO - 	 start time: 1777428715679
[2026-04-29T02:12:04.540+0000] {subprocess.py:106} INFO - 	 final status: UNDEFINED
[2026-04-29T02:12:04.541+0000] {subprocess.py:106} INFO - 	 tracking URL: http://resourcemanager:8088/proxy/application_1777423294598_0007/
[2026-04-29T02:12:04.542+0000] {subprocess.py:106} INFO - 	 user: root
[2026-04-29T02:12:04.543+0000] {subprocess.py:106} INFO - 26/04/29 02:12:04 INFO YarnClientSchedulerBackend: Application application_1777423294598_0007 has started running.
[2026-04-29T02:12:04.554+0000] {subprocess.py:106} INFO - 26/04/29 02:12:04 INFO Utils: Successfully started service 'org.apache.spark.network.netty.NettyBlockTransferService' on port 43885.
[2026-04-29T02:12:04.555+0000] {subprocess.py:106} INFO - 26/04/29 02:12:04 INFO NettyBlockTransferService: Server created on 172.30.1.13 0.0.0.0:43885
[2026-04-29T02:12:04.558+0000] {subprocess.py:106} INFO - 26/04/29 02:12:04 INFO BlockManager: Using org.apache.spark.storage.RandomBlockReplicationPolicy for block replication policy
[2026-04-29T02:12:04.569+0000] {subprocess.py:106} INFO - 26/04/29 02:12:04 INFO BlockManagerMaster: Registering BlockManager BlockManagerId(driver, 172.30.1.13, 43885, None)
[2026-04-29T02:12:04.576+0000] {subprocess.py:106} INFO - 26/04/29 02:12:04 INFO BlockManagerMasterEndpoint: Registering block manager 172.30.1.13:43885 with 434.4 MiB RAM, BlockManagerId(driver, 172.30.1.13, 43885, None)
[2026-04-29T02:12:04.580+0000] {subprocess.py:106} INFO - 26/04/29 02:12:04 INFO BlockManagerMaster: Registered BlockManager BlockManagerId(driver, 172.30.1.13, 43885, None)
[2026-04-29T02:12:04.583+0000] {subprocess.py:106} INFO - 26/04/29 02:12:04 INFO BlockManager: Initialized BlockManager: BlockManagerId(driver, 172.30.1.13, 43885, None)
[2026-04-29T02:12:04.956+0000] {subprocess.py:106} INFO - 26/04/29 02:12:04 INFO YarnClientSchedulerBackend: Add WebUI Filter. org.apache.hadoop.yarn.server.webproxy.amfilter.AmIpFilter, Map(PROXY_HOSTS -> resourcemanager, PROXY_URI_BASES -> http://resourcemanager:8088/proxy/application_1777423294598_0007), /proxy/application_1777423294598_0007
[2026-04-29T02:12:04.974+0000] {subprocess.py:106} INFO - 26/04/29 02:12:04 INFO ServerInfo: Adding filter to /metrics/json: org.apache.hadoop.yarn.server.webproxy.amfilter.AmIpFilter
[2026-04-29T02:12:05.492+0000] {subprocess.py:106} INFO - 26/04/29 02:12:05 INFO YarnClientSchedulerBackend: SchedulerBackend is ready for scheduling beginning after waiting maxRegisteredResourcesWaitingTime: 30000000000(ns)
[2026-04-29T02:12:05.526+0000] {subprocess.py:106} INFO - 26/04/29 02:12:05 INFO YarnSchedulerBackend$YarnSchedulerEndpoint: ApplicationMaster registered as NettyRpcEndpointRef(spark-client://YarnAM)
[2026-04-29T02:12:05.821+0000] {subprocess.py:106} INFO - 26/04/29 02:12:05 INFO SharedState: Setting hive.metastore.warehouse.dir ('null') to the value of spark.sql.warehouse.dir.
[2026-04-29T02:12:05.825+0000] {subprocess.py:106} INFO - 26/04/29 02:12:05 INFO SharedState: Warehouse path is 'file:/home/jovyan/spark-warehouse'.
[2026-04-29T02:12:05.843+0000] {subprocess.py:106} INFO - 26/04/29 02:12:05 INFO ServerInfo: Adding filter to /SQL: org.apache.hadoop.yarn.server.webproxy.amfilter.AmIpFilter
[2026-04-29T02:12:05.846+0000] {subprocess.py:106} INFO - 26/04/29 02:12:05 INFO ServerInfo: Adding filter to /SQL/json: org.apache.hadoop.yarn.server.webproxy.amfilter.AmIpFilter
[2026-04-29T02:12:05.850+0000] {subprocess.py:106} INFO - 26/04/29 02:12:05 INFO ServerInfo: Adding filter to /SQL/execution: org.apache.hadoop.yarn.server.webproxy.amfilter.AmIpFilter
[2026-04-29T02:12:05.852+0000] {subprocess.py:106} INFO - 26/04/29 02:12:05 INFO ServerInfo: Adding filter to /SQL/execution/json: org.apache.hadoop.yarn.server.webproxy.amfilter.AmIpFilter
[2026-04-29T02:12:05.857+0000] {subprocess.py:106} INFO - 26/04/29 02:12:05 INFO ServerInfo: Adding filter to /static/sql: org.apache.hadoop.yarn.server.webproxy.amfilter.AmIpFilter
[2026-04-29T02:12:07.394+0000] {subprocess.py:106} INFO - 26/04/29 02:12:07 INFO InMemoryFileIndex: It took 102 ms to list leaf files for 1 paths.
[2026-04-29T02:12:08.089+0000] {subprocess.py:106} INFO - 26/04/29 02:12:08 INFO SparkContext: Starting job: parquet at NativeMethodAccessorImpl.java:0
[2026-04-29T02:12:08.117+0000] {subprocess.py:106} INFO - 26/04/29 02:12:08 INFO DAGScheduler: Got job 0 (parquet at NativeMethodAccessorImpl.java:0) with 1 output partitions
[2026-04-29T02:12:08.125+0000] {subprocess.py:106} INFO - 26/04/29 02:12:08 INFO DAGScheduler: Final stage: ResultStage 0 (parquet at NativeMethodAccessorImpl.java:0)
[2026-04-29T02:12:08.126+0000] {subprocess.py:106} INFO - 26/04/29 02:12:08 INFO DAGScheduler: Parents of final stage: List()
[2026-04-29T02:12:08.127+0000] {subprocess.py:106} INFO - 26/04/29 02:12:08 INFO DAGScheduler: Missing parents: List()
[2026-04-29T02:12:08.129+0000] {subprocess.py:106} INFO - 26/04/29 02:12:08 INFO DAGScheduler: Submitting ResultStage 0 (MapPartitionsRDD[1] at parquet at NativeMethodAccessorImpl.java:0), which has no missing parents
[2026-04-29T02:12:08.252+0000] {subprocess.py:106} INFO - 26/04/29 02:12:08 INFO MemoryStore: Block broadcast_0 stored as values in memory (estimated size 104.5 KiB, free 434.3 MiB)
[2026-04-29T02:12:08.318+0000] {subprocess.py:106} INFO - 26/04/29 02:12:08 INFO MemoryStore: Block broadcast_0_piece0 stored as bytes in memory (estimated size 37.8 KiB, free 434.3 MiB)
[2026-04-29T02:12:08.325+0000] {subprocess.py:106} INFO - 26/04/29 02:12:08 INFO BlockManagerInfo: Added broadcast_0_piece0 in memory on 172.30.1.13:43885 (size: 37.8 KiB, free: 434.4 MiB)
[2026-04-29T02:12:08.333+0000] {subprocess.py:106} INFO - 26/04/29 02:12:08 INFO SparkContext: Created broadcast 0 from broadcast at DAGScheduler.scala:1580
[2026-04-29T02:12:08.365+0000] {subprocess.py:106} INFO - 26/04/29 02:12:08 INFO DAGScheduler: Submitting 1 missing tasks from ResultStage 0 (MapPartitionsRDD[1] at parquet at NativeMethodAccessorImpl.java:0) (first 15 tasks are for partitions Vector(0))
[2026-04-29T02:12:08.367+0000] {subprocess.py:106} INFO - 26/04/29 02:12:08 INFO YarnScheduler: Adding task set 0.0 with 1 tasks resource profile 0
[2026-04-29T02:12:12.626+0000] {subprocess.py:106} INFO - 26/04/29 02:12:12 INFO YarnSchedulerBackend$YarnDriverEndpoint: Registered executor NettyRpcEndpointRef(spark-client://Executor) (172.30.1.25:60302) with ID 1,  ResourceProfileId 0
[2026-04-29T02:12:12.793+0000] {subprocess.py:106} INFO - 26/04/29 02:12:12 INFO BlockManagerMasterEndpoint: Registering block manager 1175ad6b07ce:35727 with 93.3 MiB RAM, BlockManagerId(1, 1175ad6b07ce, 35727, None)
[2026-04-29T02:12:12.948+0000] {subprocess.py:106} INFO - 26/04/29 02:12:12 INFO TaskSetManager: Starting task 0.0 in stage 0.0 (TID 0) (1175ad6b07ce, executor 1, partition 0, PROCESS_LOCAL, 7855 bytes)
[2026-04-29T02:12:13.423+0000] {subprocess.py:106} INFO - 26/04/29 02:12:13 INFO BlockManagerInfo: Added broadcast_0_piece0 in memory on 1175ad6b07ce:35727 (size: 37.8 KiB, free: 93.3 MiB)
[2026-04-29T02:12:17.143+0000] {subprocess.py:106} INFO - 26/04/29 02:12:17 INFO TaskSetManager: Finished task 0.0 in stage 0.0 (TID 0) in 4226 ms on 1175ad6b07ce (executor 1) (1/1)
[2026-04-29T02:12:17.147+0000] {subprocess.py:106} INFO - 26/04/29 02:12:17 INFO YarnScheduler: Removed TaskSet 0.0, whose tasks have all completed, from pool
[2026-04-29T02:12:17.160+0000] {subprocess.py:106} INFO - 26/04/29 02:12:17 INFO DAGScheduler: ResultStage 0 (parquet at NativeMethodAccessorImpl.java:0) finished in 9.004 s
[2026-04-29T02:12:17.166+0000] {subprocess.py:106} INFO - 26/04/29 02:12:17 INFO DAGScheduler: Job 0 is finished. Cancelling potential speculative or zombie tasks for this job
[2026-04-29T02:12:17.168+0000] {subprocess.py:106} INFO - 26/04/29 02:12:17 INFO YarnScheduler: Killing all running tasks in stage 0: Stage finished
[2026-04-29T02:12:17.173+0000] {subprocess.py:106} INFO - 26/04/29 02:12:17 INFO DAGScheduler: Job 0 finished: parquet at NativeMethodAccessorImpl.java:0, took 9.014971 s
[2026-04-29T02:12:18.096+0000] {subprocess.py:106} INFO - 26/04/29 02:12:18 INFO BlockManagerInfo: Removed broadcast_0_piece0 on 172.30.1.13:43885 in memory (size: 37.8 KiB, free: 434.4 MiB)
[2026-04-29T02:12:18.120+0000] {subprocess.py:106} INFO - 26/04/29 02:12:18 INFO BlockManagerInfo: Removed broadcast_0_piece0 on 1175ad6b07ce:35727 in memory (size: 37.8 KiB, free: 93.3 MiB)
[2026-04-29T02:12:18.426+0000] {subprocess.py:106} INFO - 26/04/29 02:12:18 INFO InMemoryFileIndex: It took 9 ms to list leaf files for 1 paths.
[2026-04-29T02:12:18.521+0000] {subprocess.py:106} INFO - 26/04/29 02:12:18 INFO SparkContext: Starting job: parquet at NativeMethodAccessorImpl.java:0
[2026-04-29T02:12:18.523+0000] {subprocess.py:106} INFO - 26/04/29 02:12:18 INFO DAGScheduler: Got job 1 (parquet at NativeMethodAccessorImpl.java:0) with 1 output partitions
[2026-04-29T02:12:18.527+0000] {subprocess.py:106} INFO - 26/04/29 02:12:18 INFO DAGScheduler: Final stage: ResultStage 1 (parquet at NativeMethodAccessorImpl.java:0)
[2026-04-29T02:12:18.529+0000] {subprocess.py:106} INFO - 26/04/29 02:12:18 INFO DAGScheduler: Parents of final stage: List()
[2026-04-29T02:12:18.531+0000] {subprocess.py:106} INFO - 26/04/29 02:12:18 INFO DAGScheduler: Missing parents: List()
[2026-04-29T02:12:18.532+0000] {subprocess.py:106} INFO - 26/04/29 02:12:18 INFO DAGScheduler: Submitting ResultStage 1 (MapPartitionsRDD[3] at parquet at NativeMethodAccessorImpl.java:0), which has no missing parents
[2026-04-29T02:12:18.549+0000] {subprocess.py:106} INFO - 26/04/29 02:12:18 INFO MemoryStore: Block broadcast_1 stored as values in memory (estimated size 104.5 KiB, free 434.3 MiB)
[2026-04-29T02:12:18.555+0000] {subprocess.py:106} INFO - 26/04/29 02:12:18 INFO MemoryStore: Block broadcast_1_piece0 stored as bytes in memory (estimated size 37.8 KiB, free 434.3 MiB)
[2026-04-29T02:12:18.556+0000] {subprocess.py:106} INFO - 26/04/29 02:12:18 INFO BlockManagerInfo: Added broadcast_1_piece0 in memory on 172.30.1.13:43885 (size: 37.8 KiB, free: 434.4 MiB)
[2026-04-29T02:12:18.557+0000] {subprocess.py:106} INFO - 26/04/29 02:12:18 INFO SparkContext: Created broadcast 1 from broadcast at DAGScheduler.scala:1580
[2026-04-29T02:12:18.562+0000] {subprocess.py:106} INFO - 26/04/29 02:12:18 INFO DAGScheduler: Submitting 1 missing tasks from ResultStage 1 (MapPartitionsRDD[3] at parquet at NativeMethodAccessorImpl.java:0) (first 15 tasks are for partitions Vector(0))
[2026-04-29T02:12:18.565+0000] {subprocess.py:106} INFO - 26/04/29 02:12:18 INFO YarnScheduler: Adding task set 1.0 with 1 tasks resource profile 0
[2026-04-29T02:12:18.566+0000] {subprocess.py:106} INFO - 26/04/29 02:12:18 INFO TaskSetManager: Starting task 0.0 in stage 1.0 (TID 1) (1175ad6b07ce, executor 1, partition 0, PROCESS_LOCAL, 7854 bytes)
[2026-04-29T02:12:18.619+0000] {subprocess.py:106} INFO - 26/04/29 02:12:18 INFO BlockManagerInfo: Added broadcast_1_piece0 in memory on 1175ad6b07ce:35727 (size: 37.8 KiB, free: 93.3 MiB)
[2026-04-29T02:12:18.713+0000] {subprocess.py:106} INFO - 26/04/29 02:12:18 INFO TaskSetManager: Finished task 0.0 in stage 1.0 (TID 1) in 149 ms on 1175ad6b07ce (executor 1) (1/1)
[2026-04-29T02:12:18.714+0000] {subprocess.py:106} INFO - 26/04/29 02:12:18 INFO YarnScheduler: Removed TaskSet 1.0, whose tasks have all completed, from pool
[2026-04-29T02:12:18.715+0000] {subprocess.py:106} INFO - 26/04/29 02:12:18 INFO DAGScheduler: ResultStage 1 (parquet at NativeMethodAccessorImpl.java:0) finished in 0.184 s
[2026-04-29T02:12:18.716+0000] {subprocess.py:106} INFO - 26/04/29 02:12:18 INFO DAGScheduler: Job 1 is finished. Cancelling potential speculative or zombie tasks for this job
[2026-04-29T02:12:18.717+0000] {subprocess.py:106} INFO - 26/04/29 02:12:18 INFO YarnScheduler: Killing all running tasks in stage 1: Stage finished
[2026-04-29T02:12:18.717+0000] {subprocess.py:106} INFO - 26/04/29 02:12:18 INFO DAGScheduler: Job 1 finished: parquet at NativeMethodAccessorImpl.java:0, took 0.192661 s
[2026-04-29T02:12:18.764+0000] {subprocess.py:106} INFO - 26/04/29 02:12:18 INFO InMemoryFileIndex: It took 8 ms to list leaf files for 1 paths.
[2026-04-29T02:12:18.823+0000] {subprocess.py:106} INFO - 26/04/29 02:12:18 INFO SparkContext: Starting job: parquet at NativeMethodAccessorImpl.java:0
[2026-04-29T02:12:18.825+0000] {subprocess.py:106} INFO - 26/04/29 02:12:18 INFO DAGScheduler: Got job 2 (parquet at NativeMethodAccessorImpl.java:0) with 1 output partitions
[2026-04-29T02:12:18.826+0000] {subprocess.py:106} INFO - 26/04/29 02:12:18 INFO DAGScheduler: Final stage: ResultStage 2 (parquet at NativeMethodAccessorImpl.java:0)
[2026-04-29T02:12:18.827+0000] {subprocess.py:106} INFO - 26/04/29 02:12:18 INFO DAGScheduler: Parents of final stage: List()
[2026-04-29T02:12:18.828+0000] {subprocess.py:106} INFO - 26/04/29 02:12:18 INFO DAGScheduler: Missing parents: List()
[2026-04-29T02:12:18.829+0000] {subprocess.py:106} INFO - 26/04/29 02:12:18 INFO DAGScheduler: Submitting ResultStage 2 (MapPartitionsRDD[5] at parquet at NativeMethodAccessorImpl.java:0), which has no missing parents
[2026-04-29T02:12:18.846+0000] {subprocess.py:106} INFO - 26/04/29 02:12:18 INFO MemoryStore: Block broadcast_2 stored as values in memory (estimated size 104.5 KiB, free 434.2 MiB)
[2026-04-29T02:12:18.851+0000] {subprocess.py:106} INFO - 26/04/29 02:12:18 INFO MemoryStore: Block broadcast_2_piece0 stored as bytes in memory (estimated size 37.8 KiB, free 434.1 MiB)
[2026-04-29T02:12:18.854+0000] {subprocess.py:106} INFO - 26/04/29 02:12:18 INFO BlockManagerInfo: Added broadcast_2_piece0 in memory on 172.30.1.13:43885 (size: 37.8 KiB, free: 434.3 MiB)
[2026-04-29T02:12:18.856+0000] {subprocess.py:106} INFO - 26/04/29 02:12:18 INFO SparkContext: Created broadcast 2 from broadcast at DAGScheduler.scala:1580
[2026-04-29T02:12:18.857+0000] {subprocess.py:106} INFO - 26/04/29 02:12:18 INFO DAGScheduler: Submitting 1 missing tasks from ResultStage 2 (MapPartitionsRDD[5] at parquet at NativeMethodAccessorImpl.java:0) (first 15 tasks are for partitions Vector(0))
[2026-04-29T02:12:18.860+0000] {subprocess.py:106} INFO - 26/04/29 02:12:18 INFO YarnScheduler: Adding task set 2.0 with 1 tasks resource profile 0
[2026-04-29T02:12:18.861+0000] {subprocess.py:106} INFO - 26/04/29 02:12:18 INFO TaskSetManager: Starting task 0.0 in stage 2.0 (TID 2) (1175ad6b07ce, executor 1, partition 0, PROCESS_LOCAL, 7853 bytes)
[2026-04-29T02:12:18.893+0000] {subprocess.py:106} INFO - 26/04/29 02:12:18 INFO BlockManagerInfo: Added broadcast_2_piece0 in memory on 1175ad6b07ce:35727 (size: 37.8 KiB, free: 93.2 MiB)
[2026-04-29T02:12:18.949+0000] {subprocess.py:106} INFO - 26/04/29 02:12:18 INFO TaskSetManager: Finished task 0.0 in stage 2.0 (TID 2) in 87 ms on 1175ad6b07ce (executor 1) (1/1)
[2026-04-29T02:12:18.951+0000] {subprocess.py:106} INFO - 26/04/29 02:12:18 INFO YarnScheduler: Removed TaskSet 2.0, whose tasks have all completed, from pool
[2026-04-29T02:12:18.952+0000] {subprocess.py:106} INFO - 26/04/29 02:12:18 INFO DAGScheduler: ResultStage 2 (parquet at NativeMethodAccessorImpl.java:0) finished in 0.119 s
[2026-04-29T02:12:18.953+0000] {subprocess.py:106} INFO - 26/04/29 02:12:18 INFO DAGScheduler: Job 2 is finished. Cancelling potential speculative or zombie tasks for this job
[2026-04-29T02:12:18.954+0000] {subprocess.py:106} INFO - 26/04/29 02:12:18 INFO YarnScheduler: Killing all running tasks in stage 2: Stage finished
[2026-04-29T02:12:18.955+0000] {subprocess.py:106} INFO - 26/04/29 02:12:18 INFO DAGScheduler: Job 2 finished: parquet at NativeMethodAccessorImpl.java:0, took 0.127802 s
[2026-04-29T02:12:18.997+0000] {subprocess.py:106} INFO - 26/04/29 02:12:18 INFO InMemoryFileIndex: It took 7 ms to list leaf files for 1 paths.
[2026-04-29T02:12:19.069+0000] {subprocess.py:106} INFO - 26/04/29 02:12:19 INFO SparkContext: Starting job: parquet at NativeMethodAccessorImpl.java:0
[2026-04-29T02:12:19.071+0000] {subprocess.py:106} INFO - 26/04/29 02:12:19 INFO DAGScheduler: Got job 3 (parquet at NativeMethodAccessorImpl.java:0) with 1 output partitions
[2026-04-29T02:12:19.072+0000] {subprocess.py:106} INFO - 26/04/29 02:12:19 INFO DAGScheduler: Final stage: ResultStage 3 (parquet at NativeMethodAccessorImpl.java:0)
[2026-04-29T02:12:19.073+0000] {subprocess.py:106} INFO - 26/04/29 02:12:19 INFO DAGScheduler: Parents of final stage: List()
[2026-04-29T02:12:19.074+0000] {subprocess.py:106} INFO - 26/04/29 02:12:19 INFO DAGScheduler: Missing parents: List()
[2026-04-29T02:12:19.075+0000] {subprocess.py:106} INFO - 26/04/29 02:12:19 INFO DAGScheduler: Submitting ResultStage 3 (MapPartitionsRDD[7] at parquet at NativeMethodAccessorImpl.java:0), which has no missing parents
[2026-04-29T02:12:19.091+0000] {subprocess.py:106} INFO - 26/04/29 02:12:19 INFO MemoryStore: Block broadcast_3 stored as values in memory (estimated size 104.5 KiB, free 434.0 MiB)
[2026-04-29T02:12:19.108+0000] {subprocess.py:106} INFO - 26/04/29 02:12:19 INFO MemoryStore: Block broadcast_3_piece0 stored as bytes in memory (estimated size 37.8 KiB, free 434.0 MiB)
[2026-04-29T02:12:19.111+0000] {subprocess.py:106} INFO - 26/04/29 02:12:19 INFO BlockManagerInfo: Added broadcast_3_piece0 in memory on 172.30.1.13:43885 (size: 37.8 KiB, free: 434.3 MiB)
[2026-04-29T02:12:19.112+0000] {subprocess.py:106} INFO - 26/04/29 02:12:19 INFO BlockManagerInfo: Removed broadcast_1_piece0 on 172.30.1.13:43885 in memory (size: 37.8 KiB, free: 434.3 MiB)
[2026-04-29T02:12:19.113+0000] {subprocess.py:106} INFO - 26/04/29 02:12:19 INFO SparkContext: Created broadcast 3 from broadcast at DAGScheduler.scala:1580
[2026-04-29T02:12:19.114+0000] {subprocess.py:106} INFO - 26/04/29 02:12:19 INFO DAGScheduler: Submitting 1 missing tasks from ResultStage 3 (MapPartitionsRDD[7] at parquet at NativeMethodAccessorImpl.java:0) (first 15 tasks are for partitions Vector(0))
[2026-04-29T02:12:19.115+0000] {subprocess.py:106} INFO - 26/04/29 02:12:19 INFO YarnScheduler: Adding task set 3.0 with 1 tasks resource profile 0
[2026-04-29T02:12:19.116+0000] {subprocess.py:106} INFO - 26/04/29 02:12:19 INFO TaskSetManager: Starting task 0.0 in stage 3.0 (TID 3) (1175ad6b07ce, executor 1, partition 0, PROCESS_LOCAL, 7850 bytes)
[2026-04-29T02:12:19.118+0000] {subprocess.py:106} INFO - 26/04/29 02:12:19 INFO BlockManagerInfo: Removed broadcast_1_piece0 on 1175ad6b07ce:35727 in memory (size: 37.8 KiB, free: 93.3 MiB)
[2026-04-29T02:12:19.135+0000] {subprocess.py:106} INFO - 26/04/29 02:12:19 INFO BlockManagerInfo: Removed broadcast_2_piece0 on 172.30.1.13:43885 in memory (size: 37.8 KiB, free: 434.4 MiB)
[2026-04-29T02:12:19.141+0000] {subprocess.py:106} INFO - 26/04/29 02:12:19 INFO BlockManagerInfo: Removed broadcast_2_piece0 on 1175ad6b07ce:35727 in memory (size: 37.8 KiB, free: 93.3 MiB)
[2026-04-29T02:12:19.151+0000] {subprocess.py:106} INFO - 26/04/29 02:12:19 INFO BlockManagerInfo: Added broadcast_3_piece0 in memory on 1175ad6b07ce:35727 (size: 37.8 KiB, free: 93.3 MiB)
[2026-04-29T02:12:19.218+0000] {subprocess.py:106} INFO - 26/04/29 02:12:19 INFO TaskSetManager: Finished task 0.0 in stage 3.0 (TID 3) in 103 ms on 1175ad6b07ce (executor 1) (1/1)
[2026-04-29T02:12:19.220+0000] {subprocess.py:106} INFO - 26/04/29 02:12:19 INFO YarnScheduler: Removed TaskSet 3.0, whose tasks have all completed, from pool
[2026-04-29T02:12:19.221+0000] {subprocess.py:106} INFO - 26/04/29 02:12:19 INFO DAGScheduler: ResultStage 3 (parquet at NativeMethodAccessorImpl.java:0) finished in 0.144 s
[2026-04-29T02:12:19.222+0000] {subprocess.py:106} INFO - 26/04/29 02:12:19 INFO DAGScheduler: Job 3 is finished. Cancelling potential speculative or zombie tasks for this job
[2026-04-29T02:12:19.223+0000] {subprocess.py:106} INFO - 26/04/29 02:12:19 INFO YarnScheduler: Killing all running tasks in stage 3: Stage finished
[2026-04-29T02:12:19.224+0000] {subprocess.py:106} INFO - 26/04/29 02:12:19 INFO DAGScheduler: Job 3 finished: parquet at NativeMethodAccessorImpl.java:0, took 0.152095 s
[2026-04-29T02:12:19.726+0000] {subprocess.py:106} INFO - 26/04/29 02:12:19 INFO BlockManagerInfo: Removed broadcast_3_piece0 on 172.30.1.13:43885 in memory (size: 37.8 KiB, free: 434.4 MiB)
[2026-04-29T02:12:19.736+0000] {subprocess.py:106} INFO - 26/04/29 02:12:19 INFO BlockManagerInfo: Removed broadcast_3_piece0 on 1175ad6b07ce:35727 in memory (size: 37.8 KiB, free: 93.3 MiB)
[2026-04-29T02:12:19.781+0000] {subprocess.py:106} INFO - Traceback (most recent call last):
[2026-04-29T02:12:19.782+0000] {subprocess.py:106} INFO -   File "/home/jovyan/work/Scripts/loading.py", line 43, in <module>
[2026-04-29T02:12:19.787+0000] {subprocess.py:106} INFO -     .save()
[2026-04-29T02:12:19.788+0000] {subprocess.py:106} INFO -      ^^^^^^
[2026-04-29T02:12:19.789+0000] {subprocess.py:106} INFO -   File "/usr/local/spark/python/lib/pyspark.zip/pyspark/sql/readwriter.py", line 1461, in save
[2026-04-29T02:12:19.790+0000] {subprocess.py:106} INFO -   File "/usr/local/spark/python/lib/py4j-0.10.9.7-src.zip/py4j/java_gateway.py", line 1322, in __call__
[2026-04-29T02:12:19.792+0000] {subprocess.py:106} INFO -   File "/usr/local/spark/python/lib/pyspark.zip/pyspark/errors/exceptions/captured.py", line 179, in deco
[2026-04-29T02:12:19.793+0000] {subprocess.py:106} INFO -   File "/usr/local/spark/python/lib/py4j-0.10.9.7-src.zip/py4j/protocol.py", line 326, in get_return_value
[2026-04-29T02:12:19.796+0000] {subprocess.py:106} INFO - py4j.protocol.Py4JJavaError: An error occurred while calling o69.save.
[2026-04-29T02:12:19.797+0000] {subprocess.py:106} INFO - : org.apache.spark.SparkClassNotFoundException: [DATA_SOURCE_NOT_FOUND] Failed to find the data source: snowflake. Please find packages at `https://spark.apache.org/third-party-projects.html`.
[2026-04-29T02:12:19.798+0000] {subprocess.py:106} INFO - 	at org.apache.spark.sql.errors.QueryExecutionErrors$.dataSourceNotFoundError(QueryExecutionErrors.scala:724)
[2026-04-29T02:12:19.799+0000] {subprocess.py:106} INFO - 	at org.apache.spark.sql.execution.datasources.DataSource$.lookupDataSource(DataSource.scala:647)
[2026-04-29T02:12:19.800+0000] {subprocess.py:106} INFO - 	at org.apache.spark.sql.execution.datasources.DataSource$.lookupDataSourceV2(DataSource.scala:697)
[2026-04-29T02:12:19.801+0000] {subprocess.py:106} INFO - 	at org.apache.spark.sql.DataFrameWriter.lookupV2Provider(DataFrameWriter.scala:863)
[2026-04-29T02:12:19.801+0000] {subprocess.py:106} INFO - 	at org.apache.spark.sql.DataFrameWriter.saveInternal(DataFrameWriter.scala:257)
[2026-04-29T02:12:19.802+0000] {subprocess.py:106} INFO - 	at org.apache.spark.sql.DataFrameWriter.save(DataFrameWriter.scala:248)
[2026-04-29T02:12:19.803+0000] {subprocess.py:106} INFO - 	at java.base/jdk.internal.reflect.NativeMethodAccessorImpl.invoke0(Native Method)
[2026-04-29T02:12:19.804+0000] {subprocess.py:106} INFO - 	at java.base/jdk.internal.reflect.NativeMethodAccessorImpl.invoke(NativeMethodAccessorImpl.java:77)
[2026-04-29T02:12:19.805+0000] {subprocess.py:106} INFO - 	at java.base/jdk.internal.reflect.DelegatingMethodAccessorImpl.invoke(DelegatingMethodAccessorImpl.java:43)
[2026-04-29T02:12:19.806+0000] {subprocess.py:106} INFO - 	at java.base/java.lang.reflect.Method.invoke(Method.java:568)
[2026-04-29T02:12:19.807+0000] {subprocess.py:106} INFO - 	at py4j.reflection.MethodInvoker.invoke(MethodInvoker.java:244)
[2026-04-29T02:12:19.809+0000] {subprocess.py:106} INFO - 	at py4j.reflection.ReflectionEngine.invoke(ReflectionEngine.java:374)
[2026-04-29T02:12:19.809+0000] {subprocess.py:106} INFO - 	at py4j.Gateway.invoke(Gateway.java:282)
[2026-04-29T02:12:19.810+0000] {subprocess.py:106} INFO - 	at py4j.commands.AbstractCommand.invokeMethod(AbstractCommand.java:132)
[2026-04-29T02:12:19.811+0000] {subprocess.py:106} INFO - 	at py4j.commands.CallCommand.execute(CallCommand.java:79)
[2026-04-29T02:12:19.812+0000] {subprocess.py:106} INFO - 	at py4j.ClientServerConnection.waitForCommands(ClientServerConnection.java:182)
[2026-04-29T02:12:19.813+0000] {subprocess.py:106} INFO - 	at py4j.ClientServerConnection.run(ClientServerConnection.java:106)
[2026-04-29T02:12:19.814+0000] {subprocess.py:106} INFO - 	at java.base/java.lang.Thread.run(Thread.java:833)
[2026-04-29T02:12:19.815+0000] {subprocess.py:106} INFO - Caused by: java.lang.ClassNotFoundException: snowflake.DefaultSource
[2026-04-29T02:12:19.815+0000] {subprocess.py:106} INFO - 	at java.base/java.net.URLClassLoader.findClass(URLClassLoader.java:445)
[2026-04-29T02:12:19.816+0000] {subprocess.py:106} INFO - 	at java.base/java.lang.ClassLoader.loadClass(ClassLoader.java:592)
[2026-04-29T02:12:19.817+0000] {subprocess.py:106} INFO - 	at java.base/java.lang.ClassLoader.loadClass(ClassLoader.java:525)
[2026-04-29T02:12:19.818+0000] {subprocess.py:106} INFO - 	at org.apache.spark.sql.execution.datasources.DataSource$.$anonfun$lookupDataSource$5(DataSource.scala:633)
[2026-04-29T02:12:19.819+0000] {subprocess.py:106} INFO - 	at scala.util.Try$.apply(Try.scala:213)
[2026-04-29T02:12:19.820+0000] {subprocess.py:106} INFO - 	at org.apache.spark.sql.execution.datasources.DataSource$.$anonfun$lookupDataSource$4(DataSource.scala:633)
[2026-04-29T02:12:19.820+0000] {subprocess.py:106} INFO - 	at scala.util.Failure.orElse(Try.scala:224)
[2026-04-29T02:12:19.821+0000] {subprocess.py:106} INFO - 	at org.apache.spark.sql.execution.datasources.DataSource$.lookupDataSource(DataSource.scala:633)
[2026-04-29T02:12:19.822+0000] {subprocess.py:106} INFO - 	... 16 more
[2026-04-29T02:12:19.823+0000] {subprocess.py:106} INFO - 
[2026-04-29T02:12:19.902+0000] {subprocess.py:106} INFO - 26/04/29 02:12:19 INFO SparkContext: Invoking stop() from shutdown hook
[2026-04-29T02:12:19.903+0000] {subprocess.py:106} INFO - 26/04/29 02:12:19 INFO SparkContext: SparkContext is stopping with exitCode 0.
[2026-04-29T02:12:19.934+0000] {subprocess.py:106} INFO - 26/04/29 02:12:19 INFO SparkUI: Stopped Spark web UI at http://172.30.1.13:4040
[2026-04-29T02:12:19.946+0000] {subprocess.py:106} INFO - 26/04/29 02:12:19 INFO YarnClientSchedulerBackend: Interrupting monitor thread
[2026-04-29T02:12:19.972+0000] {subprocess.py:106} INFO - 26/04/29 02:12:19 INFO YarnClientSchedulerBackend: Shutting down all executors
[2026-04-29T02:12:19.976+0000] {subprocess.py:106} INFO - 26/04/29 02:12:19 INFO YarnSchedulerBackend$YarnDriverEndpoint: Asking each executor to shut down
[2026-04-29T02:12:19.983+0000] {subprocess.py:106} INFO - 26/04/29 02:12:19 INFO YarnClientSchedulerBackend: YARN client scheduler backend Stopped
[2026-04-29T02:12:20.002+0000] {subprocess.py:106} INFO - 26/04/29 02:12:20 INFO MapOutputTrackerMasterEndpoint: MapOutputTrackerMasterEndpoint stopped!
[2026-04-29T02:12:20.035+0000] {subprocess.py:106} INFO - 26/04/29 02:12:20 INFO MemoryStore: MemoryStore cleared
[2026-04-29T02:12:20.037+0000] {subprocess.py:106} INFO - 26/04/29 02:12:20 INFO BlockManager: BlockManager stopped
[2026-04-29T02:12:20.042+0000] {subprocess.py:106} INFO - 26/04/29 02:12:20 INFO BlockManagerMaster: BlockManagerMaster stopped
[2026-04-29T02:12:20.046+0000] {subprocess.py:106} INFO - 26/04/29 02:12:20 INFO OutputCommitCoordinator$OutputCommitCoordinatorEndpoint: OutputCommitCoordinator stopped!
[2026-04-29T02:12:20.071+0000] {subprocess.py:106} INFO - 26/04/29 02:12:20 INFO SparkContext: Successfully stopped SparkContext
[2026-04-29T02:12:20.072+0000] {subprocess.py:106} INFO - 26/04/29 02:12:20 INFO ShutdownHookManager: Shutdown hook called
[2026-04-29T02:12:20.073+0000] {subprocess.py:106} INFO - 26/04/29 02:12:20 INFO ShutdownHookManager: Deleting directory /tmp/spark-5119de67-effe-42f4-a62d-ef37a3673891
[2026-04-29T02:12:20.082+0000] {subprocess.py:106} INFO - 26/04/29 02:12:20 INFO ShutdownHookManager: Deleting directory /tmp/spark-4e4f0175-0077-4987-b72d-61b1465deb2a
[2026-04-29T02:12:20.092+0000] {subprocess.py:106} INFO - 26/04/29 02:12:20 INFO ShutdownHookManager: Deleting directory /tmp/spark-4e4f0175-0077-4987-b72d-61b1465deb2a/pyspark-e1b72bd2-a2c9-4ac7-a8f3-e63994a612f6
[2026-04-29T02:12:20.335+0000] {subprocess.py:110} INFO - Command exited with return code 1
[2026-04-29T02:12:20.381+0000] {taskinstance.py:3311} ERROR - Task failed with exception
Traceback (most recent call last):
  File "/home/airflow/.local/lib/python3.12/site-packages/airflow/models/taskinstance.py", line 767, in _execute_task
    result = _execute_callable(context=context, **execute_callable_kwargs)
             ^^^^^^^^^^^^^^^^^^^^^^^^^^^^^^^^^^^^^^^^^^^^^^^^^^^^^^^^^^^^^
  File "/home/airflow/.local/lib/python3.12/site-packages/airflow/models/taskinstance.py", line 733, in _execute_callable
    return ExecutionCallableRunner(
           ^^^^^^^^^^^^^^^^^^^^^^^^
  File "/home/airflow/.local/lib/python3.12/site-packages/airflow/utils/operator_helpers.py", line 252, in run
    return self.func(*args, **kwargs)
           ^^^^^^^^^^^^^^^^^^^^^^^^^^
  File "/home/airflow/.local/lib/python3.12/site-packages/airflow/models/baseoperator.py", line 422, in wrapper
    return func(self, *args, **kwargs)
           ^^^^^^^^^^^^^^^^^^^^^^^^^^^
  File "/home/airflow/.local/lib/python3.12/site-packages/airflow/operators/bash.py", line 276, in execute
    raise AirflowException(
airflow.exceptions.AirflowException: Bash command failed. The command returned a non-zero exit code 1.
[2026-04-29T02:12:20.396+0000] {taskinstance.py:1225} INFO - Marking task as FAILED. dag_id=titanic_dag, task_id=loading, run_id=manual__2026-04-29T01:42:06.700423+00:00, execution_date=20260429T014206, start_date=20260429T021127, end_date=20260429T021220
[2026-04-29T02:12:20.431+0000] {taskinstance.py:340} INFO - ::group::Post task execution logs
[2026-04-29T02:12:20.433+0000] {standard_task_runner.py:124} ERROR - Failed to execute job 111 for task loading (Bash command failed. The command returned a non-zero exit code 1.; 4232)
Traceback (most recent call last):
  File "/home/airflow/.local/lib/python3.12/site-packages/airflow/task/task_runner/standard_task_runner.py", line 117, in _start_by_fork
    ret = args.func(args, dag=self.dag)
          ^^^^^^^^^^^^^^^^^^^^^^^^^^^^^
  File "/home/airflow/.local/lib/python3.12/site-packages/airflow/cli/cli_config.py", line 49, in command
    return func(*args, **kwargs)
           ^^^^^^^^^^^^^^^^^^^^^
  File "/home/airflow/.local/lib/python3.12/site-packages/airflow/utils/cli.py", line 116, in wrapper
    return f(*args, **kwargs)
           ^^^^^^^^^^^^^^^^^^
  File "/home/airflow/.local/lib/python3.12/site-packages/airflow/cli/commands/task_command.py", line 483, in task_run
    task_return_code = _run_task_by_selected_method(args, _dag, ti)
                       ^^^^^^^^^^^^^^^^^^^^^^^^^^^^^^^^^^^^^^^^^^^^
  File "/home/airflow/.local/lib/python3.12/site-packages/airflow/cli/commands/task_command.py", line 256, in _run_task_by_selected_method
    return _run_raw_task(args, ti)
           ^^^^^^^^^^^^^^^^^^^^^^^
  File "/home/airflow/.local/lib/python3.12/site-packages/airflow/cli/commands/task_command.py", line 341, in _run_raw_task
    return ti._run_raw_task(
           ^^^^^^^^^^^^^^^^^
  File "/home/airflow/.local/lib/python3.12/site-packages/airflow/utils/session.py", line 97, in wrapper
    return func(*args, session=session, **kwargs)
           ^^^^^^^^^^^^^^^^^^^^^^^^^^^^^^^^^^^^^^
  File "/home/airflow/.local/lib/python3.12/site-packages/airflow/models/taskinstance.py", line 3005, in _run_raw_task
    return _run_raw_task(
           ^^^^^^^^^^^^^^
  File "/home/airflow/.local/lib/python3.12/site-packages/airflow/models/taskinstance.py", line 273, in _run_raw_task
    TaskInstance._execute_task_with_callbacks(
  File "/home/airflow/.local/lib/python3.12/site-packages/airflow/models/taskinstance.py", line 3159, in _execute_task_with_callbacks
    result = self._execute_task(context, task_orig)
             ^^^^^^^^^^^^^^^^^^^^^^^^^^^^^^^^^^^^^^
  File "/home/airflow/.local/lib/python3.12/site-packages/airflow/models/taskinstance.py", line 3183, in _execute_task
    return _execute_task(self, context, task_orig)
           ^^^^^^^^^^^^^^^^^^^^^^^^^^^^^^^^^^^^^^^
  File "/home/airflow/.local/lib/python3.12/site-packages/airflow/models/taskinstance.py", line 767, in _execute_task
    result = _execute_callable(context=context, **execute_callable_kwargs)
             ^^^^^^^^^^^^^^^^^^^^^^^^^^^^^^^^^^^^^^^^^^^^^^^^^^^^^^^^^^^^^
  File "/home/airflow/.local/lib/python3.12/site-packages/airflow/models/taskinstance.py", line 733, in _execute_callable
    return ExecutionCallableRunner(
           ^^^^^^^^^^^^^^^^^^^^^^^^
  File "/home/airflow/.local/lib/python3.12/site-packages/airflow/utils/operator_helpers.py", line 252, in run
    return self.func(*args, **kwargs)
           ^^^^^^^^^^^^^^^^^^^^^^^^^^
  File "/home/airflow/.local/lib/python3.12/site-packages/airflow/models/baseoperator.py", line 422, in wrapper
    return func(self, *args, **kwargs)
           ^^^^^^^^^^^^^^^^^^^^^^^^^^^
  File "/home/airflow/.local/lib/python3.12/site-packages/airflow/operators/bash.py", line 276, in execute
    raise AirflowException(
airflow.exceptions.AirflowException: Bash command failed. The command returned a non-zero exit code 1.
[2026-04-29T02:12:20.486+0000] {local_task_job_runner.py:266} INFO - Task exited with return code 1
[2026-04-29T02:12:20.529+0000] {taskinstance.py:3895} INFO - 0 downstream tasks scheduled from follow-on schedule check
[2026-04-29T02:12:20.533+0000] {local_task_job_runner.py:245} INFO - ::endgroup::
