[2026-04-29T01:46:15.911+0000] {local_task_job_runner.py:123} INFO - ::group::Pre task execution logs
[2026-04-29T01:46:15.946+0000] {taskinstance.py:2613} INFO - Dependencies all met for dep_context=non-requeueable deps ti=<TaskInstance: titanic_dag.loading manual__2026-04-29T01:42:06.700423+00:00 [queued]>
[2026-04-29T01:46:15.962+0000] {taskinstance.py:2613} INFO - Dependencies all met for dep_context=requeueable deps ti=<TaskInstance: titanic_dag.loading manual__2026-04-29T01:42:06.700423+00:00 [queued]>
[2026-04-29T01:46:15.964+0000] {taskinstance.py:2866} INFO - Starting attempt 1 of 1
[2026-04-29T01:46:15.997+0000] {taskinstance.py:2889} INFO - Executing <Task(BashOperator): loading> on 2026-04-29 01:42:06.700423+00:00
[2026-04-29T01:46:16.013+0000] {standard_task_runner.py:72} INFO - Started process 3584 to run task
[2026-04-29T01:46:16.020+0000] {standard_task_runner.py:104} INFO - Running: ['***', 'tasks', 'run', 'titanic_dag', 'loading', 'manual__2026-04-29T01:42:06.700423+00:00', '--job-id', '108', '--raw', '--subdir', 'DAGS_FOLDER/titanic_dag.py', '--cfg-path', '/tmp/tmp8yx3y8n2']
[2026-04-29T01:46:16.025+0000] {standard_task_runner.py:105} INFO - Job 108: Subtask loading
[2026-04-29T01:46:16.163+0000] {task_command.py:467} INFO - Running <TaskInstance: titanic_dag.loading manual__2026-04-29T01:42:06.700423+00:00 [running]> on host 9fbda7c5f6bc
[2026-04-29T01:46:16.358+0000] {taskinstance.py:3132} INFO - Exporting env vars: AIRFLOW_CTX_DAG_OWNER='***' AIRFLOW_CTX_DAG_ID='titanic_dag' AIRFLOW_CTX_TASK_ID='loading' AIRFLOW_CTX_EXECUTION_DATE='2026-04-29T01:42:06.700423+00:00' AIRFLOW_CTX_TRY_NUMBER='1' AIRFLOW_CTX_DAG_RUN_ID='manual__2026-04-29T01:42:06.700423+00:00'
[2026-04-29T01:46:16.361+0000] {taskinstance.py:731} INFO - ::endgroup::
[2026-04-29T01:46:16.426+0000] {subprocess.py:78} INFO - Tmp dir root location: /tmp
[2026-04-29T01:46:16.429+0000] {subprocess.py:88} INFO - Running command: ['/usr/bin/bash', '-c', '\n    docker exec spark-jupyter spark-submit /home/jovyan/work/Scripts/loading.py\n    ']
[2026-04-29T01:46:16.456+0000] {subprocess.py:99} INFO - Output:
[2026-04-29T01:46:24.453+0000] {subprocess.py:106} INFO - 26/04/29 01:46:24 INFO SparkContext: Running Spark version 3.5.0
[2026-04-29T01:46:24.459+0000] {subprocess.py:106} INFO - 26/04/29 01:46:24 INFO SparkContext: OS info Linux, 6.6.87.2-microsoft-standard-WSL2, amd64
[2026-04-29T01:46:24.460+0000] {subprocess.py:106} INFO - 26/04/29 01:46:24 INFO SparkContext: Java version 17.0.8.1
[2026-04-29T01:46:24.642+0000] {subprocess.py:106} INFO - 26/04/29 01:46:24 WARN NativeCodeLoader: Unable to load native-hadoop library for your platform... using builtin-java classes where applicable
[2026-04-29T01:46:24.871+0000] {subprocess.py:106} INFO - 26/04/29 01:46:24 INFO ResourceUtils: ==============================================================
[2026-04-29T01:46:24.873+0000] {subprocess.py:106} INFO - 26/04/29 01:46:24 INFO ResourceUtils: No custom resources configured for spark.driver.
[2026-04-29T01:46:24.874+0000] {subprocess.py:106} INFO - 26/04/29 01:46:24 INFO ResourceUtils: ==============================================================
[2026-04-29T01:46:24.875+0000] {subprocess.py:106} INFO - 26/04/29 01:46:24 INFO SparkContext: Submitted application: Snowflake_Load_Layer
[2026-04-29T01:46:24.923+0000] {subprocess.py:106} INFO - 26/04/29 01:46:24 INFO ResourceProfile: Default ResourceProfile created, executor resources: Map(cores -> name: cores, amount: 1, script: , vendor: , memory -> name: memory, amount: 512, script: , vendor: , offHeap -> name: offHeap, amount: 0, script: , vendor: ), task resources: Map(cpus -> name: cpus, amount: 1.0)
[2026-04-29T01:46:24.944+0000] {subprocess.py:106} INFO - 26/04/29 01:46:24 INFO ResourceProfile: Limiting resource is cpus at 1 tasks per executor
[2026-04-29T01:46:24.948+0000] {subprocess.py:106} INFO - 26/04/29 01:46:24 INFO ResourceProfileManager: Added ResourceProfile id: 0
[2026-04-29T01:46:25.098+0000] {subprocess.py:106} INFO - 26/04/29 01:46:25 INFO SecurityManager: Changing view acls to: root
[2026-04-29T01:46:25.104+0000] {subprocess.py:106} INFO - 26/04/29 01:46:25 INFO SecurityManager: Changing modify acls to: root
[2026-04-29T01:46:25.105+0000] {subprocess.py:106} INFO - 26/04/29 01:46:25 INFO SecurityManager: Changing view acls groups to:
[2026-04-29T01:46:25.106+0000] {subprocess.py:106} INFO - 26/04/29 01:46:25 INFO SecurityManager: Changing modify acls groups to:
[2026-04-29T01:46:25.107+0000] {subprocess.py:106} INFO - 26/04/29 01:46:25 INFO SecurityManager: SecurityManager: authentication disabled; ui acls disabled; users with view permissions: root; groups with view permissions: EMPTY; users with modify permissions: root; groups with modify permissions: EMPTY
[2026-04-29T01:46:25.679+0000] {subprocess.py:106} INFO - 26/04/29 01:46:25 INFO Utils: Successfully started service 'sparkDriver' on port 43551.
[2026-04-29T01:46:25.763+0000] {subprocess.py:106} INFO - 26/04/29 01:46:25 INFO SparkEnv: Registering MapOutputTracker
[2026-04-29T01:46:25.858+0000] {subprocess.py:106} INFO - 26/04/29 01:46:25 INFO SparkEnv: Registering BlockManagerMaster
[2026-04-29T01:46:25.899+0000] {subprocess.py:106} INFO - 26/04/29 01:46:25 INFO BlockManagerMasterEndpoint: Using org.apache.spark.storage.DefaultTopologyMapper for getting topology information
[2026-04-29T01:46:25.901+0000] {subprocess.py:106} INFO - 26/04/29 01:46:25 INFO BlockManagerMasterEndpoint: BlockManagerMasterEndpoint up
[2026-04-29T01:46:25.963+0000] {subprocess.py:106} INFO - 26/04/29 01:46:25 INFO SparkEnv: Registering BlockManagerMasterHeartbeat
[2026-04-29T01:46:26.037+0000] {subprocess.py:106} INFO - 26/04/29 01:46:26 INFO DiskBlockManager: Created local directory at /tmp/blockmgr-b39ce1bb-f147-4a19-a2dd-f4971246eb1f
[2026-04-29T01:46:26.072+0000] {subprocess.py:106} INFO - 26/04/29 01:46:26 INFO MemoryStore: MemoryStore started with capacity 434.4 MiB
[2026-04-29T01:46:26.144+0000] {subprocess.py:106} INFO - 26/04/29 01:46:26 INFO SparkEnv: Registering OutputCommitCoordinator
[2026-04-29T01:46:26.479+0000] {subprocess.py:106} INFO - 26/04/29 01:46:26 INFO JettyUtils: Start Jetty 0.0.0.0:4040 for SparkUI
[2026-04-29T01:46:26.638+0000] {subprocess.py:106} INFO - 26/04/29 01:46:26 WARN Utils: Service 'SparkUI' could not bind on port 4040. Attempting port 4041.
[2026-04-29T01:46:26.660+0000] {subprocess.py:106} INFO - 26/04/29 01:46:26 INFO Utils: Successfully started service 'SparkUI' on port 4041.
[2026-04-29T01:46:27.135+0000] {subprocess.py:106} INFO - 26/04/29 01:46:27 INFO DefaultNoHARMFailoverProxyProvider: Connecting to ResourceManager at resourcemanager/172.30.1.24:8032
[2026-04-29T01:46:28.761+0000] {subprocess.py:106} INFO - 26/04/29 01:46:28 INFO Configuration: resource-types.xml not found
[2026-04-29T01:46:28.767+0000] {subprocess.py:106} INFO - 26/04/29 01:46:28 INFO ResourceUtils: Unable to find 'resource-types.xml'.
[2026-04-29T01:46:28.793+0000] {subprocess.py:106} INFO - 26/04/29 01:46:28 INFO Client: Verifying our application has not requested more than the maximum memory capability of the cluster (8192 MB per container)
[2026-04-29T01:46:28.794+0000] {subprocess.py:106} INFO - 26/04/29 01:46:28 INFO Client: Will allocate AM container, with 896 MB memory including 384 MB overhead
[2026-04-29T01:46:28.796+0000] {subprocess.py:106} INFO - 26/04/29 01:46:28 INFO Client: Setting up container launch context for our AM
[2026-04-29T01:46:28.797+0000] {subprocess.py:106} INFO - 26/04/29 01:46:28 INFO Client: Setting up the launch environment for our AM container
[2026-04-29T01:46:28.806+0000] {subprocess.py:106} INFO - 26/04/29 01:46:28 INFO Client: Preparing resources for our AM container
[2026-04-29T01:46:28.861+0000] {subprocess.py:106} INFO - 26/04/29 01:46:28 WARN Client: Neither spark.yarn.jars nor spark.yarn.archive is set, falling back to uploading libraries under SPARK_HOME.
[2026-04-29T01:46:35.753+0000] {subprocess.py:106} INFO - 26/04/29 01:46:35 INFO Client: Uploading resource file:/tmp/spark-0cac2a11-d5b5-4797-abb2-ba971f23ae32/__spark_libs__5928920535835739636.zip -> hdfs://hadoop-namenode:9000/user/root/.sparkStaging/application_1777423294598_0004/__spark_libs__5928920535835739636.zip
[2026-04-29T01:46:39.539+0000] {subprocess.py:106} INFO - 26/04/29 01:46:39 INFO Client: Uploading resource file:/tmp/spark-0cac2a11-d5b5-4797-abb2-ba971f23ae32/__spark_conf__13494317870116227235.zip -> hdfs://hadoop-namenode:9000/user/root/.sparkStaging/application_1777423294598_0004/__spark_conf__.zip
[2026-04-29T01:46:39.637+0000] {subprocess.py:106} INFO - 26/04/29 01:46:39 INFO SecurityManager: Changing view acls to: root
[2026-04-29T01:46:39.639+0000] {subprocess.py:106} INFO - 26/04/29 01:46:39 INFO SecurityManager: Changing modify acls to: root
[2026-04-29T01:46:39.640+0000] {subprocess.py:106} INFO - 26/04/29 01:46:39 INFO SecurityManager: Changing view acls groups to:
[2026-04-29T01:46:39.641+0000] {subprocess.py:106} INFO - 26/04/29 01:46:39 INFO SecurityManager: Changing modify acls groups to:
[2026-04-29T01:46:39.643+0000] {subprocess.py:106} INFO - 26/04/29 01:46:39 INFO SecurityManager: SecurityManager: authentication disabled; ui acls disabled; users with view permissions: root; groups with view permissions: EMPTY; users with modify permissions: root; groups with modify permissions: EMPTY
[2026-04-29T01:46:39.676+0000] {subprocess.py:106} INFO - 26/04/29 01:46:39 INFO Client: Submitting application application_1777423294598_0004 to ResourceManager
[2026-04-29T01:46:39.772+0000] {subprocess.py:106} INFO - 26/04/29 01:46:39 INFO YarnClientImpl: Submitted application application_1777423294598_0004
[2026-04-29T01:46:40.784+0000] {subprocess.py:106} INFO - 26/04/29 01:46:40 INFO Client: Application report for application_1777423294598_0004 (state: ACCEPTED)
[2026-04-29T01:46:40.791+0000] {subprocess.py:106} INFO - 26/04/29 01:46:40 INFO Client:
[2026-04-29T01:46:40.793+0000] {subprocess.py:106} INFO - 	 client token: N/A
[2026-04-29T01:46:40.794+0000] {subprocess.py:106} INFO - 	 diagnostics: AM container is launched, waiting for AM container to Register with RM
[2026-04-29T01:46:40.795+0000] {subprocess.py:106} INFO - 	 ApplicationMaster host: N/A
[2026-04-29T01:46:40.796+0000] {subprocess.py:106} INFO - 	 ApplicationMaster RPC port: -1
[2026-04-29T01:46:40.797+0000] {subprocess.py:106} INFO - 	 queue: default
[2026-04-29T01:46:40.799+0000] {subprocess.py:106} INFO - 	 start time: 1777427199715
[2026-04-29T01:46:40.800+0000] {subprocess.py:106} INFO - 	 final status: UNDEFINED
[2026-04-29T01:46:40.801+0000] {subprocess.py:106} INFO - 	 tracking URL: http://resourcemanager:8088/proxy/application_1777423294598_0004/
[2026-04-29T01:46:40.802+0000] {subprocess.py:106} INFO - 	 user: root
[2026-04-29T01:46:55.862+0000] {subprocess.py:106} INFO - 26/04/29 01:46:55 INFO Client: Application report for application_1777423294598_0004 (state: RUNNING)
[2026-04-29T01:46:55.865+0000] {subprocess.py:106} INFO - 26/04/29 01:46:55 INFO Client:
[2026-04-29T01:46:55.866+0000] {subprocess.py:106} INFO - 	 client token: N/A
[2026-04-29T01:46:55.867+0000] {subprocess.py:106} INFO - 	 diagnostics: N/A
[2026-04-29T01:46:55.868+0000] {subprocess.py:106} INFO - 	 ApplicationMaster host: 172.30.1.26
[2026-04-29T01:46:55.869+0000] {subprocess.py:106} INFO - 	 ApplicationMaster RPC port: -1
[2026-04-29T01:46:55.871+0000] {subprocess.py:106} INFO - 	 queue: default
[2026-04-29T01:46:55.872+0000] {subprocess.py:106} INFO - 	 start time: 1777427199715
[2026-04-29T01:46:55.873+0000] {subprocess.py:106} INFO - 	 final status: UNDEFINED
[2026-04-29T01:46:55.874+0000] {subprocess.py:106} INFO - 	 tracking URL: http://resourcemanager:8088/proxy/application_1777423294598_0004/
[2026-04-29T01:46:55.875+0000] {subprocess.py:106} INFO - 	 user: root
[2026-04-29T01:46:55.877+0000] {subprocess.py:106} INFO - 26/04/29 01:46:55 INFO YarnClientSchedulerBackend: Application application_1777423294598_0004 has started running.
[2026-04-29T01:46:55.890+0000] {subprocess.py:106} INFO - 26/04/29 01:46:55 INFO Utils: Successfully started service 'org.apache.spark.network.netty.NettyBlockTransferService' on port 35159.
[2026-04-29T01:46:55.893+0000] {subprocess.py:106} INFO - 26/04/29 01:46:55 INFO NettyBlockTransferService: Server created on 172.30.1.13 0.0.0.0:35159
[2026-04-29T01:46:55.894+0000] {subprocess.py:106} INFO - 26/04/29 01:46:55 INFO BlockManager: Using org.apache.spark.storage.RandomBlockReplicationPolicy for block replication policy
[2026-04-29T01:46:55.908+0000] {subprocess.py:106} INFO - 26/04/29 01:46:55 INFO BlockManagerMaster: Registering BlockManager BlockManagerId(driver, 172.30.1.13, 35159, None)
[2026-04-29T01:46:55.914+0000] {subprocess.py:106} INFO - 26/04/29 01:46:55 INFO BlockManagerMasterEndpoint: Registering block manager 172.30.1.13:35159 with 434.4 MiB RAM, BlockManagerId(driver, 172.30.1.13, 35159, None)
[2026-04-29T01:46:55.919+0000] {subprocess.py:106} INFO - 26/04/29 01:46:55 INFO BlockManagerMaster: Registered BlockManager BlockManagerId(driver, 172.30.1.13, 35159, None)
[2026-04-29T01:46:55.921+0000] {subprocess.py:106} INFO - 26/04/29 01:46:55 INFO BlockManager: Initialized BlockManager: BlockManagerId(driver, 172.30.1.13, 35159, None)
[2026-04-29T01:46:56.079+0000] {subprocess.py:106} INFO - 26/04/29 01:46:56 INFO YarnClientSchedulerBackend: Add WebUI Filter. org.apache.hadoop.yarn.server.webproxy.amfilter.AmIpFilter, Map(PROXY_HOSTS -> resourcemanager, PROXY_URI_BASES -> http://resourcemanager:8088/proxy/application_1777423294598_0004), /proxy/application_1777423294598_0004
[2026-04-29T01:46:56.210+0000] {subprocess.py:106} INFO - 26/04/29 01:46:56 INFO ServerInfo: Adding filter to /jobs: org.apache.hadoop.yarn.server.webproxy.amfilter.AmIpFilter
[2026-04-29T01:46:56.224+0000] {subprocess.py:106} INFO - 26/04/29 01:46:56 INFO ServerInfo: Adding filter to /jobs/json: org.apache.hadoop.yarn.server.webproxy.amfilter.AmIpFilter
[2026-04-29T01:46:56.227+0000] {subprocess.py:106} INFO - 26/04/29 01:46:56 INFO ServerInfo: Adding filter to /jobs/job: org.apache.hadoop.yarn.server.webproxy.amfilter.AmIpFilter
[2026-04-29T01:46:56.230+0000] {subprocess.py:106} INFO - 26/04/29 01:46:56 INFO ServerInfo: Adding filter to /jobs/job/json: org.apache.hadoop.yarn.server.webproxy.amfilter.AmIpFilter
[2026-04-29T01:46:56.234+0000] {subprocess.py:106} INFO - 26/04/29 01:46:56 INFO ServerInfo: Adding filter to /stages: org.apache.hadoop.yarn.server.webproxy.amfilter.AmIpFilter
[2026-04-29T01:46:56.238+0000] {subprocess.py:106} INFO - 26/04/29 01:46:56 INFO ServerInfo: Adding filter to /stages/json: org.apache.hadoop.yarn.server.webproxy.amfilter.AmIpFilter
[2026-04-29T01:46:56.241+0000] {subprocess.py:106} INFO - 26/04/29 01:46:56 INFO ServerInfo: Adding filter to /stages/stage: org.apache.hadoop.yarn.server.webproxy.amfilter.AmIpFilter
[2026-04-29T01:46:56.247+0000] {subprocess.py:106} INFO - 26/04/29 01:46:56 INFO ServerInfo: Adding filter to /stages/stage/json: org.apache.hadoop.yarn.server.webproxy.amfilter.AmIpFilter
[2026-04-29T01:46:56.251+0000] {subprocess.py:106} INFO - 26/04/29 01:46:56 INFO ServerInfo: Adding filter to /stages/pool: org.apache.hadoop.yarn.server.webproxy.amfilter.AmIpFilter
[2026-04-29T01:46:56.253+0000] {subprocess.py:106} INFO - 26/04/29 01:46:56 INFO ServerInfo: Adding filter to /stages/pool/json: org.apache.hadoop.yarn.server.webproxy.amfilter.AmIpFilter
[2026-04-29T01:46:56.257+0000] {subprocess.py:106} INFO - 26/04/29 01:46:56 INFO ServerInfo: Adding filter to /storage: org.apache.hadoop.yarn.server.webproxy.amfilter.AmIpFilter
[2026-04-29T01:46:56.259+0000] {subprocess.py:106} INFO - 26/04/29 01:46:56 INFO ServerInfo: Adding filter to /storage/json: org.apache.hadoop.yarn.server.webproxy.amfilter.AmIpFilter
[2026-04-29T01:46:56.263+0000] {subprocess.py:106} INFO - 26/04/29 01:46:56 INFO ServerInfo: Adding filter to /storage/rdd: org.apache.hadoop.yarn.server.webproxy.amfilter.AmIpFilter
[2026-04-29T01:46:56.267+0000] {subprocess.py:106} INFO - 26/04/29 01:46:56 INFO ServerInfo: Adding filter to /storage/rdd/json: org.apache.hadoop.yarn.server.webproxy.amfilter.AmIpFilter
[2026-04-29T01:46:56.271+0000] {subprocess.py:106} INFO - 26/04/29 01:46:56 INFO ServerInfo: Adding filter to /environment: org.apache.hadoop.yarn.server.webproxy.amfilter.AmIpFilter
[2026-04-29T01:46:56.274+0000] {subprocess.py:106} INFO - 26/04/29 01:46:56 INFO ServerInfo: Adding filter to /environment/json: org.apache.hadoop.yarn.server.webproxy.amfilter.AmIpFilter
[2026-04-29T01:46:56.277+0000] {subprocess.py:106} INFO - 26/04/29 01:46:56 INFO ServerInfo: Adding filter to /executors: org.apache.hadoop.yarn.server.webproxy.amfilter.AmIpFilter
[2026-04-29T01:46:56.282+0000] {subprocess.py:106} INFO - 26/04/29 01:46:56 INFO ServerInfo: Adding filter to /executors/json: org.apache.hadoop.yarn.server.webproxy.amfilter.AmIpFilter
[2026-04-29T01:46:56.285+0000] {subprocess.py:106} INFO - 26/04/29 01:46:56 INFO ServerInfo: Adding filter to /executors/threadDump: org.apache.hadoop.yarn.server.webproxy.amfilter.AmIpFilter
[2026-04-29T01:46:56.288+0000] {subprocess.py:106} INFO - 26/04/29 01:46:56 INFO ServerInfo: Adding filter to /executors/threadDump/json: org.apache.hadoop.yarn.server.webproxy.amfilter.AmIpFilter
[2026-04-29T01:46:56.291+0000] {subprocess.py:106} INFO - 26/04/29 01:46:56 INFO ServerInfo: Adding filter to /executors/heapHistogram: org.apache.hadoop.yarn.server.webproxy.amfilter.AmIpFilter
[2026-04-29T01:46:56.293+0000] {subprocess.py:106} INFO - 26/04/29 01:46:56 INFO ServerInfo: Adding filter to /executors/heapHistogram/json: org.apache.hadoop.yarn.server.webproxy.amfilter.AmIpFilter
[2026-04-29T01:46:56.296+0000] {subprocess.py:106} INFO - 26/04/29 01:46:56 INFO ServerInfo: Adding filter to /static: org.apache.hadoop.yarn.server.webproxy.amfilter.AmIpFilter
[2026-04-29T01:46:56.317+0000] {subprocess.py:106} INFO - 26/04/29 01:46:56 INFO ServerInfo: Adding filter to /: org.apache.hadoop.yarn.server.webproxy.amfilter.AmIpFilter
[2026-04-29T01:46:56.320+0000] {subprocess.py:106} INFO - 26/04/29 01:46:56 INFO ServerInfo: Adding filter to /api: org.apache.hadoop.yarn.server.webproxy.amfilter.AmIpFilter
[2026-04-29T01:46:56.326+0000] {subprocess.py:106} INFO - 26/04/29 01:46:56 INFO ServerInfo: Adding filter to /jobs/job/kill: org.apache.hadoop.yarn.server.webproxy.amfilter.AmIpFilter
[2026-04-29T01:46:56.330+0000] {subprocess.py:106} INFO - 26/04/29 01:46:56 INFO ServerInfo: Adding filter to /stages/stage/kill: org.apache.hadoop.yarn.server.webproxy.amfilter.AmIpFilter
[2026-04-29T01:46:56.340+0000] {subprocess.py:106} INFO - 26/04/29 01:46:56 INFO ServerInfo: Adding filter to /metrics/json: org.apache.hadoop.yarn.server.webproxy.amfilter.AmIpFilter
[2026-04-29T01:46:56.344+0000] {subprocess.py:106} INFO - 26/04/29 01:46:56 INFO YarnClientSchedulerBackend: SchedulerBackend is ready for scheduling beginning after waiting maxRegisteredResourcesWaitingTime: 30000000000(ns)
[2026-04-29T01:46:56.688+0000] {subprocess.py:106} INFO - 26/04/29 01:46:56 INFO SharedState: Setting hive.metastore.warehouse.dir ('null') to the value of spark.sql.warehouse.dir.
[2026-04-29T01:46:56.698+0000] {subprocess.py:106} INFO - 26/04/29 01:46:56 INFO SharedState: Warehouse path is 'file:/home/jovyan/spark-warehouse'.
[2026-04-29T01:46:56.727+0000] {subprocess.py:106} INFO - 26/04/29 01:46:56 INFO ServerInfo: Adding filter to /SQL: org.apache.hadoop.yarn.server.webproxy.amfilter.AmIpFilter
[2026-04-29T01:46:56.733+0000] {subprocess.py:106} INFO - 26/04/29 01:46:56 INFO ServerInfo: Adding filter to /SQL/json: org.apache.hadoop.yarn.server.webproxy.amfilter.AmIpFilter
[2026-04-29T01:46:56.736+0000] {subprocess.py:106} INFO - 26/04/29 01:46:56 INFO ServerInfo: Adding filter to /SQL/execution: org.apache.hadoop.yarn.server.webproxy.amfilter.AmIpFilter
[2026-04-29T01:46:56.745+0000] {subprocess.py:106} INFO - 26/04/29 01:46:56 INFO ServerInfo: Adding filter to /SQL/execution/json: org.apache.hadoop.yarn.server.webproxy.amfilter.AmIpFilter
[2026-04-29T01:46:56.750+0000] {subprocess.py:106} INFO - 26/04/29 01:46:56 INFO ServerInfo: Adding filter to /static/sql: org.apache.hadoop.yarn.server.webproxy.amfilter.AmIpFilter
[2026-04-29T01:46:56.784+0000] {subprocess.py:106} INFO - 26/04/29 01:46:56 INFO YarnSchedulerBackend$YarnSchedulerEndpoint: ApplicationMaster registered as NettyRpcEndpointRef(spark-client://YarnAM)
[2026-04-29T01:46:58.641+0000] {subprocess.py:106} INFO - 26/04/29 01:46:58 INFO InMemoryFileIndex: It took 302 ms to list leaf files for 1 paths.
[2026-04-29T01:46:59.411+0000] {subprocess.py:106} INFO - 26/04/29 01:46:59 INFO SparkContext: Starting job: parquet at NativeMethodAccessorImpl.java:0
[2026-04-29T01:46:59.446+0000] {subprocess.py:106} INFO - 26/04/29 01:46:59 INFO DAGScheduler: Got job 0 (parquet at NativeMethodAccessorImpl.java:0) with 1 output partitions
[2026-04-29T01:46:59.447+0000] {subprocess.py:106} INFO - 26/04/29 01:46:59 INFO DAGScheduler: Final stage: ResultStage 0 (parquet at NativeMethodAccessorImpl.java:0)
[2026-04-29T01:46:59.448+0000] {subprocess.py:106} INFO - 26/04/29 01:46:59 INFO DAGScheduler: Parents of final stage: List()
[2026-04-29T01:46:59.450+0000] {subprocess.py:106} INFO - 26/04/29 01:46:59 INFO DAGScheduler: Missing parents: List()
[2026-04-29T01:46:59.459+0000] {subprocess.py:106} INFO - 26/04/29 01:46:59 INFO DAGScheduler: Submitting ResultStage 0 (MapPartitionsRDD[1] at parquet at NativeMethodAccessorImpl.java:0), which has no missing parents
[2026-04-29T01:46:59.573+0000] {subprocess.py:106} INFO - 26/04/29 01:46:59 INFO MemoryStore: Block broadcast_0 stored as values in memory (estimated size 104.5 KiB, free 434.3 MiB)
[2026-04-29T01:46:59.670+0000] {subprocess.py:106} INFO - 26/04/29 01:46:59 INFO MemoryStore: Block broadcast_0_piece0 stored as bytes in memory (estimated size 37.8 KiB, free 434.3 MiB)
[2026-04-29T01:46:59.676+0000] {subprocess.py:106} INFO - 26/04/29 01:46:59 INFO BlockManagerInfo: Added broadcast_0_piece0 in memory on 172.30.1.13:35159 (size: 37.8 KiB, free: 434.4 MiB)
[2026-04-29T01:46:59.684+0000] {subprocess.py:106} INFO - 26/04/29 01:46:59 INFO SparkContext: Created broadcast 0 from broadcast at DAGScheduler.scala:1580
[2026-04-29T01:46:59.712+0000] {subprocess.py:106} INFO - 26/04/29 01:46:59 INFO DAGScheduler: Submitting 1 missing tasks from ResultStage 0 (MapPartitionsRDD[1] at parquet at NativeMethodAccessorImpl.java:0) (first 15 tasks are for partitions Vector(0))
[2026-04-29T01:46:59.713+0000] {subprocess.py:106} INFO - 26/04/29 01:46:59 INFO YarnScheduler: Adding task set 0.0 with 1 tasks resource profile 0
[2026-04-29T01:47:05.012+0000] {subprocess.py:106} INFO - 26/04/29 01:47:05 INFO YarnSchedulerBackend$YarnDriverEndpoint: Registered executor NettyRpcEndpointRef(spark-client://Executor) (172.30.1.26:43336) with ID 1,  ResourceProfileId 0
[2026-04-29T01:47:05.192+0000] {subprocess.py:106} INFO - 26/04/29 01:47:05 INFO BlockManagerMasterEndpoint: Registering block manager 5b0353f352af:41299 with 93.3 MiB RAM, BlockManagerId(1, 5b0353f352af, 41299, None)
[2026-04-29T01:47:05.347+0000] {subprocess.py:106} INFO - 26/04/29 01:47:05 INFO TaskSetManager: Starting task 0.0 in stage 0.0 (TID 0) (5b0353f352af, executor 1, partition 0, PROCESS_LOCAL, 7855 bytes)
[2026-04-29T01:47:05.958+0000] {subprocess.py:106} INFO - 26/04/29 01:47:05 INFO BlockManagerInfo: Added broadcast_0_piece0 in memory on 5b0353f352af:41299 (size: 37.8 KiB, free: 93.3 MiB)
[2026-04-29T01:47:10.880+0000] {subprocess.py:106} INFO - 26/04/29 01:47:10 INFO TaskSetManager: Finished task 0.0 in stage 0.0 (TID 0) in 5565 ms on 5b0353f352af (executor 1) (1/1)
[2026-04-29T01:47:10.885+0000] {subprocess.py:106} INFO - 26/04/29 01:47:10 INFO YarnScheduler: Removed TaskSet 0.0, whose tasks have all completed, from pool
[2026-04-29T01:47:10.901+0000] {subprocess.py:106} INFO - 26/04/29 01:47:10 INFO DAGScheduler: ResultStage 0 (parquet at NativeMethodAccessorImpl.java:0) finished in 11.416 s
[2026-04-29T01:47:10.910+0000] {subprocess.py:106} INFO - 26/04/29 01:47:10 INFO DAGScheduler: Job 0 is finished. Cancelling potential speculative or zombie tasks for this job
[2026-04-29T01:47:10.912+0000] {subprocess.py:106} INFO - 26/04/29 01:47:10 INFO YarnScheduler: Killing all running tasks in stage 0: Stage finished
[2026-04-29T01:47:10.915+0000] {subprocess.py:106} INFO - 26/04/29 01:47:10 INFO DAGScheduler: Job 0 finished: parquet at NativeMethodAccessorImpl.java:0, took 13.816638 s
[2026-04-29T01:47:12.069+0000] {subprocess.py:106} INFO - 26/04/29 01:47:12 INFO BlockManagerInfo: Removed broadcast_0_piece0 on 172.30.1.13:35159 in memory (size: 37.8 KiB, free: 434.4 MiB)
[2026-04-29T01:47:12.112+0000] {subprocess.py:106} INFO - 26/04/29 01:47:12 INFO BlockManagerInfo: Removed broadcast_0_piece0 on 5b0353f352af:41299 in memory (size: 37.8 KiB, free: 93.3 MiB)
[2026-04-29T01:47:12.922+0000] {subprocess.py:106} INFO - 26/04/29 01:47:12 INFO InMemoryFileIndex: It took 12 ms to list leaf files for 1 paths.
[2026-04-29T01:47:13.036+0000] {subprocess.py:106} INFO - 26/04/29 01:47:13 INFO SparkContext: Starting job: parquet at NativeMethodAccessorImpl.java:0
[2026-04-29T01:47:13.042+0000] {subprocess.py:106} INFO - 26/04/29 01:47:13 INFO DAGScheduler: Got job 1 (parquet at NativeMethodAccessorImpl.java:0) with 1 output partitions
[2026-04-29T01:47:13.043+0000] {subprocess.py:106} INFO - 26/04/29 01:47:13 INFO DAGScheduler: Final stage: ResultStage 1 (parquet at NativeMethodAccessorImpl.java:0)
[2026-04-29T01:47:13.045+0000] {subprocess.py:106} INFO - 26/04/29 01:47:13 INFO DAGScheduler: Parents of final stage: List()
[2026-04-29T01:47:13.046+0000] {subprocess.py:106} INFO - 26/04/29 01:47:13 INFO DAGScheduler: Missing parents: List()
[2026-04-29T01:47:13.047+0000] {subprocess.py:106} INFO - 26/04/29 01:47:13 INFO DAGScheduler: Submitting ResultStage 1 (MapPartitionsRDD[3] at parquet at NativeMethodAccessorImpl.java:0), which has no missing parents
[2026-04-29T01:47:13.065+0000] {subprocess.py:106} INFO - 26/04/29 01:47:13 INFO MemoryStore: Block broadcast_1 stored as values in memory (estimated size 104.5 KiB, free 434.3 MiB)
[2026-04-29T01:47:13.072+0000] {subprocess.py:106} INFO - 26/04/29 01:47:13 INFO MemoryStore: Block broadcast_1_piece0 stored as bytes in memory (estimated size 37.8 KiB, free 434.3 MiB)
[2026-04-29T01:47:13.075+0000] {subprocess.py:106} INFO - 26/04/29 01:47:13 INFO BlockManagerInfo: Added broadcast_1_piece0 in memory on 172.30.1.13:35159 (size: 37.8 KiB, free: 434.4 MiB)
[2026-04-29T01:47:13.078+0000] {subprocess.py:106} INFO - 26/04/29 01:47:13 INFO SparkContext: Created broadcast 1 from broadcast at DAGScheduler.scala:1580
[2026-04-29T01:47:13.081+0000] {subprocess.py:106} INFO - 26/04/29 01:47:13 INFO DAGScheduler: Submitting 1 missing tasks from ResultStage 1 (MapPartitionsRDD[3] at parquet at NativeMethodAccessorImpl.java:0) (first 15 tasks are for partitions Vector(0))
[2026-04-29T01:47:13.083+0000] {subprocess.py:106} INFO - 26/04/29 01:47:13 INFO YarnScheduler: Adding task set 1.0 with 1 tasks resource profile 0
[2026-04-29T01:47:13.086+0000] {subprocess.py:106} INFO - 26/04/29 01:47:13 INFO TaskSetManager: Starting task 0.0 in stage 1.0 (TID 1) (5b0353f352af, executor 1, partition 0, PROCESS_LOCAL, 7854 bytes)
[2026-04-29T01:47:13.171+0000] {subprocess.py:106} INFO - 26/04/29 01:47:13 INFO BlockManagerInfo: Added broadcast_1_piece0 in memory on 5b0353f352af:41299 (size: 37.8 KiB, free: 93.3 MiB)
[2026-04-29T01:47:13.321+0000] {subprocess.py:106} INFO - 26/04/29 01:47:13 INFO TaskSetManager: Finished task 0.0 in stage 1.0 (TID 1) in 234 ms on 5b0353f352af (executor 1) (1/1)
[2026-04-29T01:47:13.323+0000] {subprocess.py:106} INFO - 26/04/29 01:47:13 INFO YarnScheduler: Removed TaskSet 1.0, whose tasks have all completed, from pool
[2026-04-29T01:47:13.325+0000] {subprocess.py:106} INFO - 26/04/29 01:47:13 INFO DAGScheduler: ResultStage 1 (parquet at NativeMethodAccessorImpl.java:0) finished in 0.279 s
[2026-04-29T01:47:13.328+0000] {subprocess.py:106} INFO - 26/04/29 01:47:13 INFO DAGScheduler: Job 1 is finished. Cancelling potential speculative or zombie tasks for this job
[2026-04-29T01:47:13.330+0000] {subprocess.py:106} INFO - 26/04/29 01:47:13 INFO YarnScheduler: Killing all running tasks in stage 1: Stage finished
[2026-04-29T01:47:13.331+0000] {subprocess.py:106} INFO - 26/04/29 01:47:13 INFO DAGScheduler: Job 1 finished: parquet at NativeMethodAccessorImpl.java:0, took 0.292802 s
[2026-04-29T01:47:13.419+0000] {subprocess.py:106} INFO - 26/04/29 01:47:13 INFO InMemoryFileIndex: It took 25 ms to list leaf files for 1 paths.
[2026-04-29T01:47:13.513+0000] {subprocess.py:106} INFO - 26/04/29 01:47:13 INFO SparkContext: Starting job: parquet at NativeMethodAccessorImpl.java:0
[2026-04-29T01:47:13.517+0000] {subprocess.py:106} INFO - 26/04/29 01:47:13 INFO DAGScheduler: Got job 2 (parquet at NativeMethodAccessorImpl.java:0) with 1 output partitions
[2026-04-29T01:47:13.519+0000] {subprocess.py:106} INFO - 26/04/29 01:47:13 INFO DAGScheduler: Final stage: ResultStage 2 (parquet at NativeMethodAccessorImpl.java:0)
[2026-04-29T01:47:13.520+0000] {subprocess.py:106} INFO - 26/04/29 01:47:13 INFO DAGScheduler: Parents of final stage: List()
[2026-04-29T01:47:13.521+0000] {subprocess.py:106} INFO - 26/04/29 01:47:13 INFO DAGScheduler: Missing parents: List()
[2026-04-29T01:47:13.523+0000] {subprocess.py:106} INFO - 26/04/29 01:47:13 INFO DAGScheduler: Submitting ResultStage 2 (MapPartitionsRDD[5] at parquet at NativeMethodAccessorImpl.java:0), which has no missing parents
[2026-04-29T01:47:13.542+0000] {subprocess.py:106} INFO - 26/04/29 01:47:13 INFO MemoryStore: Block broadcast_2 stored as values in memory (estimated size 104.5 KiB, free 434.2 MiB)
[2026-04-29T01:47:13.549+0000] {subprocess.py:106} INFO - 26/04/29 01:47:13 INFO MemoryStore: Block broadcast_2_piece0 stored as bytes in memory (estimated size 37.8 KiB, free 434.1 MiB)
[2026-04-29T01:47:13.554+0000] {subprocess.py:106} INFO - 26/04/29 01:47:13 INFO BlockManagerInfo: Added broadcast_2_piece0 in memory on 172.30.1.13:35159 (size: 37.8 KiB, free: 434.3 MiB)
[2026-04-29T01:47:13.557+0000] {subprocess.py:106} INFO - 26/04/29 01:47:13 INFO SparkContext: Created broadcast 2 from broadcast at DAGScheduler.scala:1580
[2026-04-29T01:47:13.559+0000] {subprocess.py:106} INFO - 26/04/29 01:47:13 INFO DAGScheduler: Submitting 1 missing tasks from ResultStage 2 (MapPartitionsRDD[5] at parquet at NativeMethodAccessorImpl.java:0) (first 15 tasks are for partitions Vector(0))
[2026-04-29T01:47:13.560+0000] {subprocess.py:106} INFO - 26/04/29 01:47:13 INFO YarnScheduler: Adding task set 2.0 with 1 tasks resource profile 0
[2026-04-29T01:47:13.563+0000] {subprocess.py:106} INFO - 26/04/29 01:47:13 INFO TaskSetManager: Starting task 0.0 in stage 2.0 (TID 2) (5b0353f352af, executor 1, partition 0, PROCESS_LOCAL, 7853 bytes)
[2026-04-29T01:47:13.623+0000] {subprocess.py:106} INFO - 26/04/29 01:47:13 INFO BlockManagerInfo: Added broadcast_2_piece0 in memory on 5b0353f352af:41299 (size: 37.8 KiB, free: 93.2 MiB)
[2026-04-29T01:47:13.727+0000] {subprocess.py:106} INFO - 26/04/29 01:47:13 INFO TaskSetManager: Finished task 0.0 in stage 2.0 (TID 2) in 162 ms on 5b0353f352af (executor 1) (1/1)
[2026-04-29T01:47:13.729+0000] {subprocess.py:106} INFO - 26/04/29 01:47:13 INFO YarnScheduler: Removed TaskSet 2.0, whose tasks have all completed, from pool
[2026-04-29T01:47:13.730+0000] {subprocess.py:106} INFO - 26/04/29 01:47:13 INFO DAGScheduler: ResultStage 2 (parquet at NativeMethodAccessorImpl.java:0) finished in 0.205 s
[2026-04-29T01:47:13.732+0000] {subprocess.py:106} INFO - 26/04/29 01:47:13 INFO DAGScheduler: Job 2 is finished. Cancelling potential speculative or zombie tasks for this job
[2026-04-29T01:47:13.733+0000] {subprocess.py:106} INFO - 26/04/29 01:47:13 INFO YarnScheduler: Killing all running tasks in stage 2: Stage finished
[2026-04-29T01:47:13.734+0000] {subprocess.py:106} INFO - 26/04/29 01:47:13 INFO DAGScheduler: Job 2 finished: parquet at NativeMethodAccessorImpl.java:0, took 0.214455 s
[2026-04-29T01:47:13.798+0000] {subprocess.py:106} INFO - 26/04/29 01:47:13 INFO InMemoryFileIndex: It took 12 ms to list leaf files for 1 paths.
[2026-04-29T01:47:13.841+0000] {subprocess.py:106} INFO - 26/04/29 01:47:13 INFO BlockManagerInfo: Removed broadcast_1_piece0 on 172.30.1.13:35159 in memory (size: 37.8 KiB, free: 434.4 MiB)
[2026-04-29T01:47:13.849+0000] {subprocess.py:106} INFO - 26/04/29 01:47:13 INFO BlockManagerInfo: Removed broadcast_1_piece0 on 5b0353f352af:41299 in memory (size: 37.8 KiB, free: 93.3 MiB)
[2026-04-29T01:47:13.868+0000] {subprocess.py:106} INFO - 26/04/29 01:47:13 INFO BlockManagerInfo: Removed broadcast_2_piece0 on 172.30.1.13:35159 in memory (size: 37.8 KiB, free: 434.4 MiB)
[2026-04-29T01:47:13.872+0000] {subprocess.py:106} INFO - 26/04/29 01:47:13 INFO BlockManagerInfo: Removed broadcast_2_piece0 on 5b0353f352af:41299 in memory (size: 37.8 KiB, free: 93.3 MiB)
[2026-04-29T01:47:13.905+0000] {subprocess.py:106} INFO - 26/04/29 01:47:13 INFO SparkContext: Starting job: parquet at NativeMethodAccessorImpl.java:0
[2026-04-29T01:47:13.907+0000] {subprocess.py:106} INFO - 26/04/29 01:47:13 INFO DAGScheduler: Got job 3 (parquet at NativeMethodAccessorImpl.java:0) with 1 output partitions
[2026-04-29T01:47:13.909+0000] {subprocess.py:106} INFO - 26/04/29 01:47:13 INFO DAGScheduler: Final stage: ResultStage 3 (parquet at NativeMethodAccessorImpl.java:0)
[2026-04-29T01:47:13.910+0000] {subprocess.py:106} INFO - 26/04/29 01:47:13 INFO DAGScheduler: Parents of final stage: List()
[2026-04-29T01:47:13.911+0000] {subprocess.py:106} INFO - 26/04/29 01:47:13 INFO DAGScheduler: Missing parents: List()
[2026-04-29T01:47:13.912+0000] {subprocess.py:106} INFO - 26/04/29 01:47:13 INFO DAGScheduler: Submitting ResultStage 3 (MapPartitionsRDD[7] at parquet at NativeMethodAccessorImpl.java:0), which has no missing parents
[2026-04-29T01:47:13.937+0000] {subprocess.py:106} INFO - 26/04/29 01:47:13 INFO MemoryStore: Block broadcast_3 stored as values in memory (estimated size 104.5 KiB, free 434.3 MiB)
[2026-04-29T01:47:13.944+0000] {subprocess.py:106} INFO - 26/04/29 01:47:13 INFO MemoryStore: Block broadcast_3_piece0 stored as bytes in memory (estimated size 37.8 KiB, free 434.3 MiB)
[2026-04-29T01:47:13.948+0000] {subprocess.py:106} INFO - 26/04/29 01:47:13 INFO BlockManagerInfo: Added broadcast_3_piece0 in memory on 172.30.1.13:35159 (size: 37.8 KiB, free: 434.4 MiB)
[2026-04-29T01:47:13.950+0000] {subprocess.py:106} INFO - 26/04/29 01:47:13 INFO SparkContext: Created broadcast 3 from broadcast at DAGScheduler.scala:1580
[2026-04-29T01:47:13.957+0000] {subprocess.py:106} INFO - 26/04/29 01:47:13 INFO DAGScheduler: Submitting 1 missing tasks from ResultStage 3 (MapPartitionsRDD[7] at parquet at NativeMethodAccessorImpl.java:0) (first 15 tasks are for partitions Vector(0))
[2026-04-29T01:47:13.958+0000] {subprocess.py:106} INFO - 26/04/29 01:47:13 INFO YarnScheduler: Adding task set 3.0 with 1 tasks resource profile 0
[2026-04-29T01:47:13.959+0000] {subprocess.py:106} INFO - 26/04/29 01:47:13 INFO TaskSetManager: Starting task 0.0 in stage 3.0 (TID 3) (5b0353f352af, executor 1, partition 0, PROCESS_LOCAL, 7850 bytes)
[2026-04-29T01:47:13.999+0000] {subprocess.py:106} INFO - 26/04/29 01:47:13 INFO BlockManagerInfo: Added broadcast_3_piece0 in memory on 5b0353f352af:41299 (size: 37.8 KiB, free: 93.3 MiB)
[2026-04-29T01:47:14.103+0000] {subprocess.py:106} INFO - 26/04/29 01:47:14 INFO TaskSetManager: Finished task 0.0 in stage 3.0 (TID 3) in 150 ms on 5b0353f352af (executor 1) (1/1)
[2026-04-29T01:47:14.105+0000] {subprocess.py:106} INFO - 26/04/29 01:47:14 INFO YarnScheduler: Removed TaskSet 3.0, whose tasks have all completed, from pool
[2026-04-29T01:47:14.107+0000] {subprocess.py:106} INFO - 26/04/29 01:47:14 INFO DAGScheduler: ResultStage 3 (parquet at NativeMethodAccessorImpl.java:0) finished in 0.192 s
[2026-04-29T01:47:14.113+0000] {subprocess.py:106} INFO - 26/04/29 01:47:14 INFO DAGScheduler: Job 3 is finished. Cancelling potential speculative or zombie tasks for this job
[2026-04-29T01:47:14.115+0000] {subprocess.py:106} INFO - 26/04/29 01:47:14 INFO YarnScheduler: Killing all running tasks in stage 3: Stage finished
[2026-04-29T01:47:14.116+0000] {subprocess.py:106} INFO - 26/04/29 01:47:14 INFO DAGScheduler: Job 3 finished: parquet at NativeMethodAccessorImpl.java:0, took 0.205646 s
[2026-04-29T01:47:14.269+0000] {subprocess.py:106} INFO - 26/04/29 01:47:14 INFO YarnSchedulerBackend$YarnDriverEndpoint: Registered executor NettyRpcEndpointRef(spark-client://Executor) (172.30.1.25:44526) with ID 2,  ResourceProfileId 0
[2026-04-29T01:47:14.486+0000] {subprocess.py:106} INFO - 26/04/29 01:47:14 INFO BlockManagerMasterEndpoint: Registering block manager 1175ad6b07ce:33887 with 93.3 MiB RAM, BlockManagerId(2, 1175ad6b07ce, 33887, None)
[2026-04-29T01:47:14.669+0000] {subprocess.py:106} INFO - 26/04/29 01:47:14 INFO BlockManagerInfo: Removed broadcast_3_piece0 on 172.30.1.13:35159 in memory (size: 37.8 KiB, free: 434.4 MiB)
[2026-04-29T01:47:14.687+0000] {subprocess.py:106} INFO - 26/04/29 01:47:14 INFO BlockManagerInfo: Removed broadcast_3_piece0 on 5b0353f352af:41299 in memory (size: 37.8 KiB, free: 93.3 MiB)
[2026-04-29T01:47:14.881+0000] {subprocess.py:106} INFO - Traceback (most recent call last):
[2026-04-29T01:47:14.882+0000] {subprocess.py:106} INFO -   File "/home/jovyan/work/Scripts/loading.py", line 43, in <module>
[2026-04-29T01:47:14.889+0000] {subprocess.py:106} INFO -     .save()
[2026-04-29T01:47:14.891+0000] {subprocess.py:106} INFO -      ^^^^^^
[2026-04-29T01:47:14.892+0000] {subprocess.py:106} INFO -   File "/usr/local/spark/python/lib/pyspark.zip/pyspark/sql/readwriter.py", line 1461, in save
[2026-04-29T01:47:14.896+0000] {subprocess.py:106} INFO -   File "/usr/local/spark/python/lib/py4j-0.10.9.7-src.zip/py4j/java_gateway.py", line 1322, in __call__
[2026-04-29T01:47:14.898+0000] {subprocess.py:106} INFO -   File "/usr/local/spark/python/lib/pyspark.zip/pyspark/errors/exceptions/captured.py", line 179, in deco
[2026-04-29T01:47:14.901+0000] {subprocess.py:106} INFO -   File "/usr/local/spark/python/lib/py4j-0.10.9.7-src.zip/py4j/protocol.py", line 326, in get_return_value
[2026-04-29T01:47:14.905+0000] {subprocess.py:106} INFO - py4j.protocol.Py4JJavaError: An error occurred while calling o69.save.
[2026-04-29T01:47:14.907+0000] {subprocess.py:106} INFO - : org.apache.spark.SparkClassNotFoundException: [DATA_SOURCE_NOT_FOUND] Failed to find the data source: snowflake. Please find packages at `https://spark.apache.org/third-party-projects.html`.
[2026-04-29T01:47:14.908+0000] {subprocess.py:106} INFO - 	at org.apache.spark.sql.errors.QueryExecutionErrors$.dataSourceNotFoundError(QueryExecutionErrors.scala:724)
[2026-04-29T01:47:14.909+0000] {subprocess.py:106} INFO - 	at org.apache.spark.sql.execution.datasources.DataSource$.lookupDataSource(DataSource.scala:647)
[2026-04-29T01:47:14.910+0000] {subprocess.py:106} INFO - 	at org.apache.spark.sql.execution.datasources.DataSource$.lookupDataSourceV2(DataSource.scala:697)
[2026-04-29T01:47:14.911+0000] {subprocess.py:106} INFO - 	at org.apache.spark.sql.DataFrameWriter.lookupV2Provider(DataFrameWriter.scala:863)
[2026-04-29T01:47:14.913+0000] {subprocess.py:106} INFO - 	at org.apache.spark.sql.DataFrameWriter.saveInternal(DataFrameWriter.scala:257)
[2026-04-29T01:47:14.914+0000] {subprocess.py:106} INFO - 	at org.apache.spark.sql.DataFrameWriter.save(DataFrameWriter.scala:248)
[2026-04-29T01:47:14.915+0000] {subprocess.py:106} INFO - 	at java.base/jdk.internal.reflect.NativeMethodAccessorImpl.invoke0(Native Method)
[2026-04-29T01:47:14.916+0000] {subprocess.py:106} INFO - 	at java.base/jdk.internal.reflect.NativeMethodAccessorImpl.invoke(NativeMethodAccessorImpl.java:77)
[2026-04-29T01:47:14.917+0000] {subprocess.py:106} INFO - 	at java.base/jdk.internal.reflect.DelegatingMethodAccessorImpl.invoke(DelegatingMethodAccessorImpl.java:43)
[2026-04-29T01:47:14.918+0000] {subprocess.py:106} INFO - 	at java.base/java.lang.reflect.Method.invoke(Method.java:568)
[2026-04-29T01:47:14.919+0000] {subprocess.py:106} INFO - 	at py4j.reflection.MethodInvoker.invoke(MethodInvoker.java:244)
[2026-04-29T01:47:14.920+0000] {subprocess.py:106} INFO - 	at py4j.reflection.ReflectionEngine.invoke(ReflectionEngine.java:374)
[2026-04-29T01:47:14.922+0000] {subprocess.py:106} INFO - 	at py4j.Gateway.invoke(Gateway.java:282)
[2026-04-29T01:47:14.923+0000] {subprocess.py:106} INFO - 	at py4j.commands.AbstractCommand.invokeMethod(AbstractCommand.java:132)
[2026-04-29T01:47:14.924+0000] {subprocess.py:106} INFO - 	at py4j.commands.CallCommand.execute(CallCommand.java:79)
[2026-04-29T01:47:14.925+0000] {subprocess.py:106} INFO - 	at py4j.ClientServerConnection.waitForCommands(ClientServerConnection.java:182)
[2026-04-29T01:47:14.926+0000] {subprocess.py:106} INFO - 	at py4j.ClientServerConnection.run(ClientServerConnection.java:106)
[2026-04-29T01:47:14.927+0000] {subprocess.py:106} INFO - 	at java.base/java.lang.Thread.run(Thread.java:833)
[2026-04-29T01:47:14.928+0000] {subprocess.py:106} INFO - Caused by: java.lang.ClassNotFoundException: snowflake.DefaultSource
[2026-04-29T01:47:14.929+0000] {subprocess.py:106} INFO - 	at java.base/java.net.URLClassLoader.findClass(URLClassLoader.java:445)
[2026-04-29T01:47:14.930+0000] {subprocess.py:106} INFO - 	at java.base/java.lang.ClassLoader.loadClass(ClassLoader.java:592)
[2026-04-29T01:47:14.931+0000] {subprocess.py:106} INFO - 	at java.base/java.lang.ClassLoader.loadClass(ClassLoader.java:525)
[2026-04-29T01:47:14.933+0000] {subprocess.py:106} INFO - 	at org.apache.spark.sql.execution.datasources.DataSource$.$anonfun$lookupDataSource$5(DataSource.scala:633)
[2026-04-29T01:47:14.934+0000] {subprocess.py:106} INFO - 	at scala.util.Try$.apply(Try.scala:213)
[2026-04-29T01:47:14.935+0000] {subprocess.py:106} INFO - 	at org.apache.spark.sql.execution.datasources.DataSource$.$anonfun$lookupDataSource$4(DataSource.scala:633)
[2026-04-29T01:47:14.936+0000] {subprocess.py:106} INFO - 	at scala.util.Failure.orElse(Try.scala:224)
[2026-04-29T01:47:14.937+0000] {subprocess.py:106} INFO - 	at org.apache.spark.sql.execution.datasources.DataSource$.lookupDataSource(DataSource.scala:633)
[2026-04-29T01:47:14.938+0000] {subprocess.py:106} INFO - 	... 16 more
[2026-04-29T01:47:14.939+0000] {subprocess.py:106} INFO - 
[2026-04-29T01:47:15.103+0000] {subprocess.py:106} INFO - 26/04/29 01:47:15 INFO SparkContext: Invoking stop() from shutdown hook
[2026-04-29T01:47:15.105+0000] {subprocess.py:106} INFO - 26/04/29 01:47:15 INFO SparkContext: SparkContext is stopping with exitCode 0.
[2026-04-29T01:47:15.141+0000] {subprocess.py:106} INFO - 26/04/29 01:47:15 INFO SparkUI: Stopped Spark web UI at http://172.30.1.13:4041
[2026-04-29T01:47:15.152+0000] {subprocess.py:106} INFO - 26/04/29 01:47:15 INFO YarnClientSchedulerBackend: Interrupting monitor thread
[2026-04-29T01:47:15.210+0000] {subprocess.py:106} INFO - 26/04/29 01:47:15 INFO YarnClientSchedulerBackend: Shutting down all executors
[2026-04-29T01:47:15.212+0000] {subprocess.py:106} INFO - 26/04/29 01:47:15 INFO YarnSchedulerBackend$YarnDriverEndpoint: Asking each executor to shut down
[2026-04-29T01:47:15.223+0000] {subprocess.py:106} INFO - 26/04/29 01:47:15 INFO YarnClientSchedulerBackend: YARN client scheduler backend Stopped
[2026-04-29T01:47:15.244+0000] {subprocess.py:106} INFO - 26/04/29 01:47:15 INFO MapOutputTrackerMasterEndpoint: MapOutputTrackerMasterEndpoint stopped!
[2026-04-29T01:47:15.286+0000] {subprocess.py:106} INFO - 26/04/29 01:47:15 INFO MemoryStore: MemoryStore cleared
[2026-04-29T01:47:15.289+0000] {subprocess.py:106} INFO - 26/04/29 01:47:15 INFO BlockManager: BlockManager stopped
[2026-04-29T01:47:15.297+0000] {subprocess.py:106} INFO - 26/04/29 01:47:15 INFO BlockManagerMaster: BlockManagerMaster stopped
[2026-04-29T01:47:15.303+0000] {subprocess.py:106} INFO - 26/04/29 01:47:15 INFO OutputCommitCoordinator$OutputCommitCoordinatorEndpoint: OutputCommitCoordinator stopped!
[2026-04-29T01:47:15.342+0000] {subprocess.py:106} INFO - 26/04/29 01:47:15 INFO SparkContext: Successfully stopped SparkContext
[2026-04-29T01:47:15.344+0000] {subprocess.py:106} INFO - 26/04/29 01:47:15 INFO ShutdownHookManager: Shutdown hook called
[2026-04-29T01:47:15.345+0000] {subprocess.py:106} INFO - 26/04/29 01:47:15 INFO ShutdownHookManager: Deleting directory /tmp/spark-0cac2a11-d5b5-4797-abb2-ba971f23ae32/pyspark-9cacdb30-c613-4cd7-b311-bc825695d6d5
[2026-04-29T01:47:15.363+0000] {subprocess.py:106} INFO - 26/04/29 01:47:15 INFO ShutdownHookManager: Deleting directory /tmp/spark-5b2246dc-29e7-4f69-a240-30d7cc4350c8
[2026-04-29T01:47:15.384+0000] {subprocess.py:106} INFO - 26/04/29 01:47:15 INFO ShutdownHookManager: Deleting directory /tmp/spark-0cac2a11-d5b5-4797-abb2-ba971f23ae32
[2026-04-29T01:47:15.747+0000] {subprocess.py:110} INFO - Command exited with return code 1
[2026-04-29T01:47:15.782+0000] {taskinstance.py:3311} ERROR - Task failed with exception
Traceback (most recent call last):
  File "/home/airflow/.local/lib/python3.12/site-packages/airflow/models/taskinstance.py", line 767, in _execute_task
    result = _execute_callable(context=context, **execute_callable_kwargs)
             ^^^^^^^^^^^^^^^^^^^^^^^^^^^^^^^^^^^^^^^^^^^^^^^^^^^^^^^^^^^^^
  File "/home/airflow/.local/lib/python3.12/site-packages/airflow/models/taskinstance.py", line 733, in _execute_callable
    return ExecutionCallableRunner(
           ^^^^^^^^^^^^^^^^^^^^^^^^
  File "/home/airflow/.local/lib/python3.12/site-packages/airflow/utils/operator_helpers.py", line 252, in run
    return self.func(*args, **kwargs)
           ^^^^^^^^^^^^^^^^^^^^^^^^^^
  File "/home/airflow/.local/lib/python3.12/site-packages/airflow/models/baseoperator.py", line 422, in wrapper
    return func(self, *args, **kwargs)
           ^^^^^^^^^^^^^^^^^^^^^^^^^^^
  File "/home/airflow/.local/lib/python3.12/site-packages/airflow/operators/bash.py", line 276, in execute
    raise AirflowException(
airflow.exceptions.AirflowException: Bash command failed. The command returned a non-zero exit code 1.
[2026-04-29T01:47:15.797+0000] {taskinstance.py:1225} INFO - Marking task as FAILED. dag_id=titanic_dag, task_id=loading, run_id=manual__2026-04-29T01:42:06.700423+00:00, execution_date=20260429T014206, start_date=20260429T014615, end_date=20260429T014715
[2026-04-29T01:47:15.854+0000] {taskinstance.py:340} INFO - ::group::Post task execution logs
[2026-04-29T01:47:15.856+0000] {standard_task_runner.py:124} ERROR - Failed to execute job 108 for task loading (Bash command failed. The command returned a non-zero exit code 1.; 3584)
Traceback (most recent call last):
  File "/home/airflow/.local/lib/python3.12/site-packages/airflow/task/task_runner/standard_task_runner.py", line 117, in _start_by_fork
    ret = args.func(args, dag=self.dag)
          ^^^^^^^^^^^^^^^^^^^^^^^^^^^^^
  File "/home/airflow/.local/lib/python3.12/site-packages/airflow/cli/cli_config.py", line 49, in command
    return func(*args, **kwargs)
           ^^^^^^^^^^^^^^^^^^^^^
  File "/home/airflow/.local/lib/python3.12/site-packages/airflow/utils/cli.py", line 116, in wrapper
    return f(*args, **kwargs)
           ^^^^^^^^^^^^^^^^^^
  File "/home/airflow/.local/lib/python3.12/site-packages/airflow/cli/commands/task_command.py", line 483, in task_run
    task_return_code = _run_task_by_selected_method(args, _dag, ti)
                       ^^^^^^^^^^^^^^^^^^^^^^^^^^^^^^^^^^^^^^^^^^^^
  File "/home/airflow/.local/lib/python3.12/site-packages/airflow/cli/commands/task_command.py", line 256, in _run_task_by_selected_method
    return _run_raw_task(args, ti)
           ^^^^^^^^^^^^^^^^^^^^^^^
  File "/home/airflow/.local/lib/python3.12/site-packages/airflow/cli/commands/task_command.py", line 341, in _run_raw_task
    return ti._run_raw_task(
           ^^^^^^^^^^^^^^^^^
  File "/home/airflow/.local/lib/python3.12/site-packages/airflow/utils/session.py", line 97, in wrapper
    return func(*args, session=session, **kwargs)
           ^^^^^^^^^^^^^^^^^^^^^^^^^^^^^^^^^^^^^^
  File "/home/airflow/.local/lib/python3.12/site-packages/airflow/models/taskinstance.py", line 3005, in _run_raw_task
    return _run_raw_task(
           ^^^^^^^^^^^^^^
  File "/home/airflow/.local/lib/python3.12/site-packages/airflow/models/taskinstance.py", line 273, in _run_raw_task
    TaskInstance._execute_task_with_callbacks(
  File "/home/airflow/.local/lib/python3.12/site-packages/airflow/models/taskinstance.py", line 3159, in _execute_task_with_callbacks
    result = self._execute_task(context, task_orig)
             ^^^^^^^^^^^^^^^^^^^^^^^^^^^^^^^^^^^^^^
  File "/home/airflow/.local/lib/python3.12/site-packages/airflow/models/taskinstance.py", line 3183, in _execute_task
    return _execute_task(self, context, task_orig)
           ^^^^^^^^^^^^^^^^^^^^^^^^^^^^^^^^^^^^^^^
  File "/home/airflow/.local/lib/python3.12/site-packages/airflow/models/taskinstance.py", line 767, in _execute_task
    result = _execute_callable(context=context, **execute_callable_kwargs)
             ^^^^^^^^^^^^^^^^^^^^^^^^^^^^^^^^^^^^^^^^^^^^^^^^^^^^^^^^^^^^^
  File "/home/airflow/.local/lib/python3.12/site-packages/airflow/models/taskinstance.py", line 733, in _execute_callable
    return ExecutionCallableRunner(
           ^^^^^^^^^^^^^^^^^^^^^^^^
  File "/home/airflow/.local/lib/python3.12/site-packages/airflow/utils/operator_helpers.py", line 252, in run
    return self.func(*args, **kwargs)
           ^^^^^^^^^^^^^^^^^^^^^^^^^^
  File "/home/airflow/.local/lib/python3.12/site-packages/airflow/models/baseoperator.py", line 422, in wrapper
    return func(self, *args, **kwargs)
           ^^^^^^^^^^^^^^^^^^^^^^^^^^^
  File "/home/airflow/.local/lib/python3.12/site-packages/airflow/operators/bash.py", line 276, in execute
    raise AirflowException(
airflow.exceptions.AirflowException: Bash command failed. The command returned a non-zero exit code 1.
[2026-04-29T01:47:15.950+0000] {local_task_job_runner.py:266} INFO - Task exited with return code 1
[2026-04-29T01:47:15.989+0000] {taskinstance.py:3895} INFO - 0 downstream tasks scheduled from follow-on schedule check
[2026-04-29T01:47:16.019+0000] {local_task_job_runner.py:245} INFO - ::endgroup::
