[2026-04-29T02:06:35.895+0000] {local_task_job_runner.py:123} INFO - ::group::Pre task execution logs
[2026-04-29T02:06:35.932+0000] {taskinstance.py:2613} INFO - Dependencies all met for dep_context=non-requeueable deps ti=<TaskInstance: titanic_dag.loading manual__2026-04-29T01:42:06.700423+00:00 [queued]>
[2026-04-29T02:06:35.952+0000] {taskinstance.py:2613} INFO - Dependencies all met for dep_context=requeueable deps ti=<TaskInstance: titanic_dag.loading manual__2026-04-29T01:42:06.700423+00:00 [queued]>
[2026-04-29T02:06:35.954+0000] {taskinstance.py:2866} INFO - Starting attempt 3 of 3
[2026-04-29T02:06:35.983+0000] {taskinstance.py:2889} INFO - Executing <Task(BashOperator): loading> on 2026-04-29 01:42:06.700423+00:00
[2026-04-29T02:06:35.996+0000] {standard_task_runner.py:72} INFO - Started process 4102 to run task
[2026-04-29T02:06:36.004+0000] {standard_task_runner.py:104} INFO - Running: ['***', 'tasks', 'run', 'titanic_dag', 'loading', 'manual__2026-04-29T01:42:06.700423+00:00', '--job-id', '110', '--raw', '--subdir', 'DAGS_FOLDER/titanic_dag.py', '--cfg-path', '/tmp/tmplb3p0juf']
[2026-04-29T02:06:36.009+0000] {standard_task_runner.py:105} INFO - Job 110: Subtask loading
[2026-04-29T02:06:36.138+0000] {task_command.py:467} INFO - Running <TaskInstance: titanic_dag.loading manual__2026-04-29T01:42:06.700423+00:00 [running]> on host 9fbda7c5f6bc
[2026-04-29T02:06:36.393+0000] {taskinstance.py:3132} INFO - Exporting env vars: AIRFLOW_CTX_DAG_OWNER='***' AIRFLOW_CTX_DAG_ID='titanic_dag' AIRFLOW_CTX_TASK_ID='loading' AIRFLOW_CTX_EXECUTION_DATE='2026-04-29T01:42:06.700423+00:00' AIRFLOW_CTX_TRY_NUMBER='3' AIRFLOW_CTX_DAG_RUN_ID='manual__2026-04-29T01:42:06.700423+00:00'
[2026-04-29T02:06:36.395+0000] {taskinstance.py:731} INFO - ::endgroup::
[2026-04-29T02:06:36.456+0000] {subprocess.py:78} INFO - Tmp dir root location: /tmp
[2026-04-29T02:06:36.459+0000] {subprocess.py:88} INFO - Running command: ['/usr/bin/bash', '-c', '\n    docker exec spark-jupyter spark-submit /home/jovyan/work/Scripts/loading.py\n    ']
[2026-04-29T02:06:36.481+0000] {subprocess.py:99} INFO - Output:
[2026-04-29T02:06:43.958+0000] {subprocess.py:106} INFO - 26/04/29 02:06:43 INFO SparkContext: Running Spark version 3.5.0
[2026-04-29T02:06:43.963+0000] {subprocess.py:106} INFO - 26/04/29 02:06:43 INFO SparkContext: OS info Linux, 6.6.87.2-microsoft-standard-WSL2, amd64
[2026-04-29T02:06:43.964+0000] {subprocess.py:106} INFO - 26/04/29 02:06:43 INFO SparkContext: Java version 17.0.8.1
[2026-04-29T02:06:44.121+0000] {subprocess.py:106} INFO - 26/04/29 02:06:44 WARN NativeCodeLoader: Unable to load native-hadoop library for your platform... using builtin-java classes where applicable
[2026-04-29T02:06:44.353+0000] {subprocess.py:106} INFO - 26/04/29 02:06:44 INFO ResourceUtils: ==============================================================
[2026-04-29T02:06:44.356+0000] {subprocess.py:106} INFO - 26/04/29 02:06:44 INFO ResourceUtils: No custom resources configured for spark.driver.
[2026-04-29T02:06:44.357+0000] {subprocess.py:106} INFO - 26/04/29 02:06:44 INFO ResourceUtils: ==============================================================
[2026-04-29T02:06:44.359+0000] {subprocess.py:106} INFO - 26/04/29 02:06:44 INFO SparkContext: Submitted application: Snowflake_Load_Layer
[2026-04-29T02:06:44.412+0000] {subprocess.py:106} INFO - 26/04/29 02:06:44 INFO ResourceProfile: Default ResourceProfile created, executor resources: Map(cores -> name: cores, amount: 1, script: , vendor: , memory -> name: memory, amount: 512, script: , vendor: , offHeap -> name: offHeap, amount: 0, script: , vendor: ), task resources: Map(cpus -> name: cpus, amount: 1.0)
[2026-04-29T02:06:44.431+0000] {subprocess.py:106} INFO - 26/04/29 02:06:44 INFO ResourceProfile: Limiting resource is cpus at 1 tasks per executor
[2026-04-29T02:06:44.435+0000] {subprocess.py:106} INFO - 26/04/29 02:06:44 INFO ResourceProfileManager: Added ResourceProfile id: 0
[2026-04-29T02:06:44.566+0000] {subprocess.py:106} INFO - 26/04/29 02:06:44 INFO SecurityManager: Changing view acls to: root
[2026-04-29T02:06:44.567+0000] {subprocess.py:106} INFO - 26/04/29 02:06:44 INFO SecurityManager: Changing modify acls to: root
[2026-04-29T02:06:44.570+0000] {subprocess.py:106} INFO - 26/04/29 02:06:44 INFO SecurityManager: Changing view acls groups to:
[2026-04-29T02:06:44.571+0000] {subprocess.py:106} INFO - 26/04/29 02:06:44 INFO SecurityManager: Changing modify acls groups to:
[2026-04-29T02:06:44.572+0000] {subprocess.py:106} INFO - 26/04/29 02:06:44 INFO SecurityManager: SecurityManager: authentication disabled; ui acls disabled; users with view permissions: root; groups with view permissions: EMPTY; users with modify permissions: root; groups with modify permissions: EMPTY
[2026-04-29T02:06:45.126+0000] {subprocess.py:106} INFO - 26/04/29 02:06:45 INFO Utils: Successfully started service 'sparkDriver' on port 36183.
[2026-04-29T02:06:45.210+0000] {subprocess.py:106} INFO - 26/04/29 02:06:45 INFO SparkEnv: Registering MapOutputTracker
[2026-04-29T02:06:45.300+0000] {subprocess.py:106} INFO - 26/04/29 02:06:45 INFO SparkEnv: Registering BlockManagerMaster
[2026-04-29T02:06:45.341+0000] {subprocess.py:106} INFO - 26/04/29 02:06:45 INFO BlockManagerMasterEndpoint: Using org.apache.spark.storage.DefaultTopologyMapper for getting topology information
[2026-04-29T02:06:45.342+0000] {subprocess.py:106} INFO - 26/04/29 02:06:45 INFO BlockManagerMasterEndpoint: BlockManagerMasterEndpoint up
[2026-04-29T02:06:45.409+0000] {subprocess.py:106} INFO - 26/04/29 02:06:45 INFO SparkEnv: Registering BlockManagerMasterHeartbeat
[2026-04-29T02:06:45.461+0000] {subprocess.py:106} INFO - 26/04/29 02:06:45 INFO DiskBlockManager: Created local directory at /tmp/blockmgr-0c4913b5-8add-4b9c-a395-118ade8d53e3
[2026-04-29T02:06:45.507+0000] {subprocess.py:106} INFO - 26/04/29 02:06:45 INFO MemoryStore: MemoryStore started with capacity 434.4 MiB
[2026-04-29T02:06:45.573+0000] {subprocess.py:106} INFO - 26/04/29 02:06:45 INFO SparkEnv: Registering OutputCommitCoordinator
[2026-04-29T02:06:45.847+0000] {subprocess.py:106} INFO - 26/04/29 02:06:45 INFO JettyUtils: Start Jetty 0.0.0.0:4040 for SparkUI
[2026-04-29T02:06:45.953+0000] {subprocess.py:106} INFO - 26/04/29 02:06:45 WARN Utils: Service 'SparkUI' could not bind on port 4040. Attempting port 4041.
[2026-04-29T02:06:45.968+0000] {subprocess.py:106} INFO - 26/04/29 02:06:45 INFO Utils: Successfully started service 'SparkUI' on port 4041.
[2026-04-29T02:06:46.370+0000] {subprocess.py:106} INFO - 26/04/29 02:06:46 INFO DefaultNoHARMFailoverProxyProvider: Connecting to ResourceManager at resourcemanager/172.30.1.24:8032
[2026-04-29T02:06:47.967+0000] {subprocess.py:106} INFO - 26/04/29 02:06:47 INFO Configuration: resource-types.xml not found
[2026-04-29T02:06:47.968+0000] {subprocess.py:106} INFO - 26/04/29 02:06:47 INFO ResourceUtils: Unable to find 'resource-types.xml'.
[2026-04-29T02:06:47.991+0000] {subprocess.py:106} INFO - 26/04/29 02:06:47 INFO Client: Verifying our application has not requested more than the maximum memory capability of the cluster (8192 MB per container)
[2026-04-29T02:06:47.993+0000] {subprocess.py:106} INFO - 26/04/29 02:06:47 INFO Client: Will allocate AM container, with 896 MB memory including 384 MB overhead
[2026-04-29T02:06:47.993+0000] {subprocess.py:106} INFO - 26/04/29 02:06:47 INFO Client: Setting up container launch context for our AM
[2026-04-29T02:06:47.995+0000] {subprocess.py:106} INFO - 26/04/29 02:06:47 INFO Client: Setting up the launch environment for our AM container
[2026-04-29T02:06:48.003+0000] {subprocess.py:106} INFO - 26/04/29 02:06:48 INFO Client: Preparing resources for our AM container
[2026-04-29T02:06:48.058+0000] {subprocess.py:106} INFO - 26/04/29 02:06:48 WARN Client: Neither spark.yarn.jars nor spark.yarn.archive is set, falling back to uploading libraries under SPARK_HOME.
[2026-04-29T02:06:55.847+0000] {subprocess.py:106} INFO - 26/04/29 02:06:55 INFO Client: Uploading resource file:/tmp/spark-907f3382-41e4-4f60-9b12-1092425b69b9/__spark_libs__5802489444425838123.zip -> hdfs://hadoop-namenode:9000/user/root/.sparkStaging/application_1777423294598_0006/__spark_libs__5802489444425838123.zip
[2026-04-29T02:06:58.720+0000] {subprocess.py:106} INFO - 26/04/29 02:06:58 INFO Client: Uploading resource file:/tmp/spark-907f3382-41e4-4f60-9b12-1092425b69b9/__spark_conf__15980875503122136548.zip -> hdfs://hadoop-namenode:9000/user/root/.sparkStaging/application_1777423294598_0006/__spark_conf__.zip
[2026-04-29T02:06:58.826+0000] {subprocess.py:106} INFO - 26/04/29 02:06:58 INFO SecurityManager: Changing view acls to: root
[2026-04-29T02:06:58.827+0000] {subprocess.py:106} INFO - 26/04/29 02:06:58 INFO SecurityManager: Changing modify acls to: root
[2026-04-29T02:06:58.828+0000] {subprocess.py:106} INFO - 26/04/29 02:06:58 INFO SecurityManager: Changing view acls groups to:
[2026-04-29T02:06:58.829+0000] {subprocess.py:106} INFO - 26/04/29 02:06:58 INFO SecurityManager: Changing modify acls groups to:
[2026-04-29T02:06:58.830+0000] {subprocess.py:106} INFO - 26/04/29 02:06:58 INFO SecurityManager: SecurityManager: authentication disabled; ui acls disabled; users with view permissions: root; groups with view permissions: EMPTY; users with modify permissions: root; groups with modify permissions: EMPTY
[2026-04-29T02:06:58.859+0000] {subprocess.py:106} INFO - 26/04/29 02:06:58 INFO Client: Submitting application application_1777423294598_0006 to ResourceManager
[2026-04-29T02:06:58.984+0000] {subprocess.py:106} INFO - 26/04/29 02:06:58 INFO YarnClientImpl: Submitted application application_1777423294598_0006
[2026-04-29T02:06:59.996+0000] {subprocess.py:106} INFO - 26/04/29 02:06:59 INFO Client: Application report for application_1777423294598_0006 (state: ACCEPTED)
[2026-04-29T02:07:00.000+0000] {subprocess.py:106} INFO - 26/04/29 02:06:59 INFO Client:
[2026-04-29T02:07:00.002+0000] {subprocess.py:106} INFO - 	 client token: N/A
[2026-04-29T02:07:00.003+0000] {subprocess.py:106} INFO - 	 diagnostics: AM container is launched, waiting for AM container to Register with RM
[2026-04-29T02:07:00.004+0000] {subprocess.py:106} INFO - 	 ApplicationMaster host: N/A
[2026-04-29T02:07:00.005+0000] {subprocess.py:106} INFO - 	 ApplicationMaster RPC port: -1
[2026-04-29T02:07:00.006+0000] {subprocess.py:106} INFO - 	 queue: default
[2026-04-29T02:07:00.007+0000] {subprocess.py:106} INFO - 	 start time: 1777428418907
[2026-04-29T02:07:00.008+0000] {subprocess.py:106} INFO - 	 final status: UNDEFINED
[2026-04-29T02:07:00.009+0000] {subprocess.py:106} INFO - 	 tracking URL: http://resourcemanager:8088/proxy/application_1777423294598_0006/
[2026-04-29T02:07:00.010+0000] {subprocess.py:106} INFO - 	 user: root
[2026-04-29T02:07:14.795+0000] {subprocess.py:106} INFO - 26/04/29 02:07:14 INFO YarnClientSchedulerBackend: Add WebUI Filter. org.apache.hadoop.yarn.server.webproxy.amfilter.AmIpFilter, Map(PROXY_HOSTS -> resourcemanager, PROXY_URI_BASES -> http://resourcemanager:8088/proxy/application_1777423294598_0006), /proxy/application_1777423294598_0006
[2026-04-29T02:07:15.070+0000] {subprocess.py:106} INFO - 26/04/29 02:07:15 INFO Client: Application report for application_1777423294598_0006 (state: RUNNING)
[2026-04-29T02:07:15.072+0000] {subprocess.py:106} INFO - 26/04/29 02:07:15 INFO Client:
[2026-04-29T02:07:15.073+0000] {subprocess.py:106} INFO - 	 client token: N/A
[2026-04-29T02:07:15.074+0000] {subprocess.py:106} INFO - 	 diagnostics: N/A
[2026-04-29T02:07:15.075+0000] {subprocess.py:106} INFO - 	 ApplicationMaster host: 172.30.1.25
[2026-04-29T02:07:15.076+0000] {subprocess.py:106} INFO - 	 ApplicationMaster RPC port: -1
[2026-04-29T02:07:15.077+0000] {subprocess.py:106} INFO - 	 queue: default
[2026-04-29T02:07:15.078+0000] {subprocess.py:106} INFO - 	 start time: 1777428418907
[2026-04-29T02:07:15.079+0000] {subprocess.py:106} INFO - 	 final status: UNDEFINED
[2026-04-29T02:07:15.080+0000] {subprocess.py:106} INFO - 	 tracking URL: http://resourcemanager:8088/proxy/application_1777423294598_0006/
[2026-04-29T02:07:15.081+0000] {subprocess.py:106} INFO - 	 user: root
[2026-04-29T02:07:15.082+0000] {subprocess.py:106} INFO - 26/04/29 02:07:15 INFO YarnClientSchedulerBackend: Application application_1777423294598_0006 has started running.
[2026-04-29T02:07:15.101+0000] {subprocess.py:106} INFO - 26/04/29 02:07:15 INFO Utils: Successfully started service 'org.apache.spark.network.netty.NettyBlockTransferService' on port 35673.
[2026-04-29T02:07:15.102+0000] {subprocess.py:106} INFO - 26/04/29 02:07:15 INFO NettyBlockTransferService: Server created on 172.30.1.13 0.0.0.0:35673
[2026-04-29T02:07:15.104+0000] {subprocess.py:106} INFO - 26/04/29 02:07:15 INFO BlockManager: Using org.apache.spark.storage.RandomBlockReplicationPolicy for block replication policy
[2026-04-29T02:07:15.130+0000] {subprocess.py:106} INFO - 26/04/29 02:07:15 INFO BlockManagerMaster: Registering BlockManager BlockManagerId(driver, 172.30.1.13, 35673, None)
[2026-04-29T02:07:15.140+0000] {subprocess.py:106} INFO - 26/04/29 02:07:15 INFO BlockManagerMasterEndpoint: Registering block manager 172.30.1.13:35673 with 434.4 MiB RAM, BlockManagerId(driver, 172.30.1.13, 35673, None)
[2026-04-29T02:07:15.151+0000] {subprocess.py:106} INFO - 26/04/29 02:07:15 INFO BlockManagerMaster: Registered BlockManager BlockManagerId(driver, 172.30.1.13, 35673, None)
[2026-04-29T02:07:15.154+0000] {subprocess.py:106} INFO - 26/04/29 02:07:15 INFO BlockManager: Initialized BlockManager: BlockManagerId(driver, 172.30.1.13, 35673, None)
[2026-04-29T02:07:15.506+0000] {subprocess.py:106} INFO - 26/04/29 02:07:15 INFO YarnSchedulerBackend$YarnSchedulerEndpoint: ApplicationMaster registered as NettyRpcEndpointRef(spark-client://YarnAM)
[2026-04-29T02:07:15.576+0000] {subprocess.py:106} INFO - 26/04/29 02:07:15 INFO ServerInfo: Adding filter to /jobs: org.apache.hadoop.yarn.server.webproxy.amfilter.AmIpFilter
[2026-04-29T02:07:15.592+0000] {subprocess.py:106} INFO - 26/04/29 02:07:15 INFO ServerInfo: Adding filter to /jobs/json: org.apache.hadoop.yarn.server.webproxy.amfilter.AmIpFilter
[2026-04-29T02:07:15.595+0000] {subprocess.py:106} INFO - 26/04/29 02:07:15 INFO ServerInfo: Adding filter to /jobs/job: org.apache.hadoop.yarn.server.webproxy.amfilter.AmIpFilter
[2026-04-29T02:07:15.600+0000] {subprocess.py:106} INFO - 26/04/29 02:07:15 INFO ServerInfo: Adding filter to /jobs/job/json: org.apache.hadoop.yarn.server.webproxy.amfilter.AmIpFilter
[2026-04-29T02:07:15.603+0000] {subprocess.py:106} INFO - 26/04/29 02:07:15 INFO ServerInfo: Adding filter to /stages: org.apache.hadoop.yarn.server.webproxy.amfilter.AmIpFilter
[2026-04-29T02:07:15.605+0000] {subprocess.py:106} INFO - 26/04/29 02:07:15 INFO ServerInfo: Adding filter to /stages/json: org.apache.hadoop.yarn.server.webproxy.amfilter.AmIpFilter
[2026-04-29T02:07:15.608+0000] {subprocess.py:106} INFO - 26/04/29 02:07:15 INFO ServerInfo: Adding filter to /stages/stage: org.apache.hadoop.yarn.server.webproxy.amfilter.AmIpFilter
[2026-04-29T02:07:15.615+0000] {subprocess.py:106} INFO - 26/04/29 02:07:15 INFO ServerInfo: Adding filter to /stages/stage/json: org.apache.hadoop.yarn.server.webproxy.amfilter.AmIpFilter
[2026-04-29T02:07:15.620+0000] {subprocess.py:106} INFO - 26/04/29 02:07:15 INFO ServerInfo: Adding filter to /stages/pool: org.apache.hadoop.yarn.server.webproxy.amfilter.AmIpFilter
[2026-04-29T02:07:15.623+0000] {subprocess.py:106} INFO - 26/04/29 02:07:15 INFO ServerInfo: Adding filter to /stages/pool/json: org.apache.hadoop.yarn.server.webproxy.amfilter.AmIpFilter
[2026-04-29T02:07:15.626+0000] {subprocess.py:106} INFO - 26/04/29 02:07:15 INFO ServerInfo: Adding filter to /storage: org.apache.hadoop.yarn.server.webproxy.amfilter.AmIpFilter
[2026-04-29T02:07:15.630+0000] {subprocess.py:106} INFO - 26/04/29 02:07:15 INFO ServerInfo: Adding filter to /storage/json: org.apache.hadoop.yarn.server.webproxy.amfilter.AmIpFilter
[2026-04-29T02:07:15.634+0000] {subprocess.py:106} INFO - 26/04/29 02:07:15 INFO ServerInfo: Adding filter to /storage/rdd: org.apache.hadoop.yarn.server.webproxy.amfilter.AmIpFilter
[2026-04-29T02:07:15.637+0000] {subprocess.py:106} INFO - 26/04/29 02:07:15 INFO ServerInfo: Adding filter to /storage/rdd/json: org.apache.hadoop.yarn.server.webproxy.amfilter.AmIpFilter
[2026-04-29T02:07:15.640+0000] {subprocess.py:106} INFO - 26/04/29 02:07:15 INFO ServerInfo: Adding filter to /environment: org.apache.hadoop.yarn.server.webproxy.amfilter.AmIpFilter
[2026-04-29T02:07:15.644+0000] {subprocess.py:106} INFO - 26/04/29 02:07:15 INFO ServerInfo: Adding filter to /environment/json: org.apache.hadoop.yarn.server.webproxy.amfilter.AmIpFilter
[2026-04-29T02:07:15.648+0000] {subprocess.py:106} INFO - 26/04/29 02:07:15 INFO ServerInfo: Adding filter to /executors: org.apache.hadoop.yarn.server.webproxy.amfilter.AmIpFilter
[2026-04-29T02:07:15.654+0000] {subprocess.py:106} INFO - 26/04/29 02:07:15 INFO ServerInfo: Adding filter to /executors/json: org.apache.hadoop.yarn.server.webproxy.amfilter.AmIpFilter
[2026-04-29T02:07:15.656+0000] {subprocess.py:106} INFO - 26/04/29 02:07:15 INFO ServerInfo: Adding filter to /executors/threadDump: org.apache.hadoop.yarn.server.webproxy.amfilter.AmIpFilter
[2026-04-29T02:07:15.659+0000] {subprocess.py:106} INFO - 26/04/29 02:07:15 INFO ServerInfo: Adding filter to /executors/threadDump/json: org.apache.hadoop.yarn.server.webproxy.amfilter.AmIpFilter
[2026-04-29T02:07:15.662+0000] {subprocess.py:106} INFO - 26/04/29 02:07:15 INFO ServerInfo: Adding filter to /executors/heapHistogram: org.apache.hadoop.yarn.server.webproxy.amfilter.AmIpFilter
[2026-04-29T02:07:15.666+0000] {subprocess.py:106} INFO - 26/04/29 02:07:15 INFO ServerInfo: Adding filter to /executors/heapHistogram/json: org.apache.hadoop.yarn.server.webproxy.amfilter.AmIpFilter
[2026-04-29T02:07:15.670+0000] {subprocess.py:106} INFO - 26/04/29 02:07:15 INFO ServerInfo: Adding filter to /static: org.apache.hadoop.yarn.server.webproxy.amfilter.AmIpFilter
[2026-04-29T02:07:15.696+0000] {subprocess.py:106} INFO - 26/04/29 02:07:15 INFO ServerInfo: Adding filter to /: org.apache.hadoop.yarn.server.webproxy.amfilter.AmIpFilter
[2026-04-29T02:07:15.699+0000] {subprocess.py:106} INFO - 26/04/29 02:07:15 INFO ServerInfo: Adding filter to /api: org.apache.hadoop.yarn.server.webproxy.amfilter.AmIpFilter
[2026-04-29T02:07:15.708+0000] {subprocess.py:106} INFO - 26/04/29 02:07:15 INFO ServerInfo: Adding filter to /jobs/job/kill: org.apache.hadoop.yarn.server.webproxy.amfilter.AmIpFilter
[2026-04-29T02:07:15.710+0000] {subprocess.py:106} INFO - 26/04/29 02:07:15 INFO ServerInfo: Adding filter to /stages/stage/kill: org.apache.hadoop.yarn.server.webproxy.amfilter.AmIpFilter
[2026-04-29T02:07:15.722+0000] {subprocess.py:106} INFO - 26/04/29 02:07:15 INFO ServerInfo: Adding filter to /metrics/json: org.apache.hadoop.yarn.server.webproxy.amfilter.AmIpFilter
[2026-04-29T02:07:15.728+0000] {subprocess.py:106} INFO - 26/04/29 02:07:15 INFO YarnClientSchedulerBackend: SchedulerBackend is ready for scheduling beginning after waiting maxRegisteredResourcesWaitingTime: 30000000000(ns)
[2026-04-29T02:07:16.183+0000] {subprocess.py:106} INFO - 26/04/29 02:07:16 INFO SharedState: Setting hive.metastore.warehouse.dir ('null') to the value of spark.sql.warehouse.dir.
[2026-04-29T02:07:16.191+0000] {subprocess.py:106} INFO - 26/04/29 02:07:16 INFO SharedState: Warehouse path is 'file:/home/jovyan/spark-warehouse'.
[2026-04-29T02:07:16.221+0000] {subprocess.py:106} INFO - 26/04/29 02:07:16 INFO ServerInfo: Adding filter to /SQL: org.apache.hadoop.yarn.server.webproxy.amfilter.AmIpFilter
[2026-04-29T02:07:16.224+0000] {subprocess.py:106} INFO - 26/04/29 02:07:16 INFO ServerInfo: Adding filter to /SQL/json: org.apache.hadoop.yarn.server.webproxy.amfilter.AmIpFilter
[2026-04-29T02:07:16.228+0000] {subprocess.py:106} INFO - 26/04/29 02:07:16 INFO ServerInfo: Adding filter to /SQL/execution: org.apache.hadoop.yarn.server.webproxy.amfilter.AmIpFilter
[2026-04-29T02:07:16.231+0000] {subprocess.py:106} INFO - 26/04/29 02:07:16 INFO ServerInfo: Adding filter to /SQL/execution/json: org.apache.hadoop.yarn.server.webproxy.amfilter.AmIpFilter
[2026-04-29T02:07:16.235+0000] {subprocess.py:106} INFO - 26/04/29 02:07:16 INFO ServerInfo: Adding filter to /static/sql: org.apache.hadoop.yarn.server.webproxy.amfilter.AmIpFilter
[2026-04-29T02:07:18.296+0000] {subprocess.py:106} INFO - 26/04/29 02:07:18 INFO InMemoryFileIndex: It took 149 ms to list leaf files for 1 paths.
[2026-04-29T02:07:19.195+0000] {subprocess.py:106} INFO - 26/04/29 02:07:19 INFO SparkContext: Starting job: parquet at NativeMethodAccessorImpl.java:0
[2026-04-29T02:07:19.233+0000] {subprocess.py:106} INFO - 26/04/29 02:07:19 INFO DAGScheduler: Got job 0 (parquet at NativeMethodAccessorImpl.java:0) with 1 output partitions
[2026-04-29T02:07:19.238+0000] {subprocess.py:106} INFO - 26/04/29 02:07:19 INFO DAGScheduler: Final stage: ResultStage 0 (parquet at NativeMethodAccessorImpl.java:0)
[2026-04-29T02:07:19.239+0000] {subprocess.py:106} INFO - 26/04/29 02:07:19 INFO DAGScheduler: Parents of final stage: List()
[2026-04-29T02:07:19.240+0000] {subprocess.py:106} INFO - 26/04/29 02:07:19 INFO DAGScheduler: Missing parents: List()
[2026-04-29T02:07:19.247+0000] {subprocess.py:106} INFO - 26/04/29 02:07:19 INFO DAGScheduler: Submitting ResultStage 0 (MapPartitionsRDD[1] at parquet at NativeMethodAccessorImpl.java:0), which has no missing parents
[2026-04-29T02:07:19.393+0000] {subprocess.py:106} INFO - 26/04/29 02:07:19 INFO MemoryStore: Block broadcast_0 stored as values in memory (estimated size 104.5 KiB, free 434.3 MiB)
[2026-04-29T02:07:19.493+0000] {subprocess.py:106} INFO - 26/04/29 02:07:19 INFO MemoryStore: Block broadcast_0_piece0 stored as bytes in memory (estimated size 37.8 KiB, free 434.3 MiB)
[2026-04-29T02:07:19.501+0000] {subprocess.py:106} INFO - 26/04/29 02:07:19 INFO BlockManagerInfo: Added broadcast_0_piece0 in memory on 172.30.1.13:35673 (size: 37.8 KiB, free: 434.4 MiB)
[2026-04-29T02:07:19.513+0000] {subprocess.py:106} INFO - 26/04/29 02:07:19 INFO SparkContext: Created broadcast 0 from broadcast at DAGScheduler.scala:1580
[2026-04-29T02:07:19.549+0000] {subprocess.py:106} INFO - 26/04/29 02:07:19 INFO DAGScheduler: Submitting 1 missing tasks from ResultStage 0 (MapPartitionsRDD[1] at parquet at NativeMethodAccessorImpl.java:0) (first 15 tasks are for partitions Vector(0))
[2026-04-29T02:07:19.552+0000] {subprocess.py:106} INFO - 26/04/29 02:07:19 INFO YarnScheduler: Adding task set 0.0 with 1 tasks resource profile 0
[2026-04-29T02:07:23.733+0000] {subprocess.py:106} INFO - 26/04/29 02:07:23 INFO YarnSchedulerBackend$YarnDriverEndpoint: Registered executor NettyRpcEndpointRef(spark-client://Executor) (172.30.1.25:60644) with ID 1,  ResourceProfileId 0
[2026-04-29T02:07:23.920+0000] {subprocess.py:106} INFO - 26/04/29 02:07:23 INFO BlockManagerMasterEndpoint: Registering block manager 1175ad6b07ce:38789 with 93.3 MiB RAM, BlockManagerId(1, 1175ad6b07ce, 38789, None)
[2026-04-29T02:07:24.049+0000] {subprocess.py:106} INFO - 26/04/29 02:07:24 INFO TaskSetManager: Starting task 0.0 in stage 0.0 (TID 0) (1175ad6b07ce, executor 1, partition 0, PROCESS_LOCAL, 7855 bytes)
[2026-04-29T02:07:24.639+0000] {subprocess.py:106} INFO - 26/04/29 02:07:24 INFO BlockManagerInfo: Added broadcast_0_piece0 in memory on 1175ad6b07ce:38789 (size: 37.8 KiB, free: 93.3 MiB)
[2026-04-29T02:07:28.732+0000] {subprocess.py:106} INFO - 26/04/29 02:07:28 INFO TaskSetManager: Finished task 0.0 in stage 0.0 (TID 0) in 4710 ms on 1175ad6b07ce (executor 1) (1/1)
[2026-04-29T02:07:30.490+0000] {subprocess.py:106} INFO - 26/04/29 02:07:30 INFO YarnScheduler: Removed TaskSet 0.0, whose tasks have all completed, from pool
[2026-04-29T02:07:30.504+0000] {subprocess.py:106} INFO - 26/04/29 02:07:30 INFO DAGScheduler: ResultStage 0 (parquet at NativeMethodAccessorImpl.java:0) finished in 11.225 s
[2026-04-29T02:07:30.510+0000] {subprocess.py:106} INFO - 26/04/29 02:07:30 INFO DAGScheduler: Job 0 is finished. Cancelling potential speculative or zombie tasks for this job
[2026-04-29T02:07:30.511+0000] {subprocess.py:106} INFO - 26/04/29 02:07:30 INFO YarnScheduler: Killing all running tasks in stage 0: Stage finished
[2026-04-29T02:07:30.517+0000] {subprocess.py:106} INFO - 26/04/29 02:07:30 INFO DAGScheduler: Job 0 finished: parquet at NativeMethodAccessorImpl.java:0, took 9.568276 s
[2026-04-29T02:07:27.353+0000] {subprocess.py:106} INFO - 26/04/29 02:07:27 INFO BlockManagerInfo: Removed broadcast_0_piece0 on 172.30.1.13:35673 in memory (size: 37.8 KiB, free: 434.4 MiB)
[2026-04-29T02:07:27.371+0000] {subprocess.py:106} INFO - 26/04/29 02:07:27 INFO BlockManagerInfo: Removed broadcast_0_piece0 on 1175ad6b07ce:38789 in memory (size: 37.8 KiB, free: 93.3 MiB)
[2026-04-29T02:07:28.314+0000] {subprocess.py:106} INFO - 26/04/29 02:07:28 INFO InMemoryFileIndex: It took 11 ms to list leaf files for 1 paths.
[2026-04-29T02:07:28.414+0000] {subprocess.py:106} INFO - 26/04/29 02:07:28 INFO SparkContext: Starting job: parquet at NativeMethodAccessorImpl.java:0
[2026-04-29T02:07:28.419+0000] {subprocess.py:106} INFO - 26/04/29 02:07:28 INFO DAGScheduler: Got job 1 (parquet at NativeMethodAccessorImpl.java:0) with 1 output partitions
[2026-04-29T02:07:28.421+0000] {subprocess.py:106} INFO - 26/04/29 02:07:28 INFO DAGScheduler: Final stage: ResultStage 1 (parquet at NativeMethodAccessorImpl.java:0)
[2026-04-29T02:07:28.422+0000] {subprocess.py:106} INFO - 26/04/29 02:07:28 INFO DAGScheduler: Parents of final stage: List()
[2026-04-29T02:07:28.427+0000] {subprocess.py:106} INFO - 26/04/29 02:07:28 INFO DAGScheduler: Missing parents: List()
[2026-04-29T02:07:28.429+0000] {subprocess.py:106} INFO - 26/04/29 02:07:28 INFO DAGScheduler: Submitting ResultStage 1 (MapPartitionsRDD[3] at parquet at NativeMethodAccessorImpl.java:0), which has no missing parents
[2026-04-29T02:07:28.455+0000] {subprocess.py:106} INFO - 26/04/29 02:07:28 INFO MemoryStore: Block broadcast_1 stored as values in memory (estimated size 104.5 KiB, free 434.3 MiB)
[2026-04-29T02:07:28.463+0000] {subprocess.py:106} INFO - 26/04/29 02:07:28 INFO MemoryStore: Block broadcast_1_piece0 stored as bytes in memory (estimated size 37.8 KiB, free 434.3 MiB)
[2026-04-29T02:07:28.464+0000] {subprocess.py:106} INFO - 26/04/29 02:07:28 INFO BlockManagerInfo: Added broadcast_1_piece0 in memory on 172.30.1.13:35673 (size: 37.8 KiB, free: 434.4 MiB)
[2026-04-29T02:07:28.465+0000] {subprocess.py:106} INFO - 26/04/29 02:07:28 INFO SparkContext: Created broadcast 1 from broadcast at DAGScheduler.scala:1580
[2026-04-29T02:07:28.468+0000] {subprocess.py:106} INFO - 26/04/29 02:07:28 INFO DAGScheduler: Submitting 1 missing tasks from ResultStage 1 (MapPartitionsRDD[3] at parquet at NativeMethodAccessorImpl.java:0) (first 15 tasks are for partitions Vector(0))
[2026-04-29T02:07:28.469+0000] {subprocess.py:106} INFO - 26/04/29 02:07:28 INFO YarnScheduler: Adding task set 1.0 with 1 tasks resource profile 0
[2026-04-29T02:07:28.473+0000] {subprocess.py:106} INFO - 26/04/29 02:07:28 INFO TaskSetManager: Starting task 0.0 in stage 1.0 (TID 1) (1175ad6b07ce, executor 1, partition 0, PROCESS_LOCAL, 7854 bytes)
[2026-04-29T02:07:28.539+0000] {subprocess.py:106} INFO - 26/04/29 02:07:28 INFO BlockManagerInfo: Added broadcast_1_piece0 in memory on 1175ad6b07ce:38789 (size: 37.8 KiB, free: 93.3 MiB)
[2026-04-29T02:07:28.664+0000] {subprocess.py:106} INFO - 26/04/29 02:07:28 INFO TaskSetManager: Finished task 0.0 in stage 1.0 (TID 1) in 192 ms on 1175ad6b07ce (executor 1) (1/1)
[2026-04-29T02:07:28.665+0000] {subprocess.py:106} INFO - 26/04/29 02:07:28 INFO YarnScheduler: Removed TaskSet 1.0, whose tasks have all completed, from pool
[2026-04-29T02:07:28.667+0000] {subprocess.py:106} INFO - 26/04/29 02:07:28 INFO DAGScheduler: ResultStage 1 (parquet at NativeMethodAccessorImpl.java:0) finished in 0.244 s
[2026-04-29T02:07:28.668+0000] {subprocess.py:106} INFO - 26/04/29 02:07:28 INFO DAGScheduler: Job 1 is finished. Cancelling potential speculative or zombie tasks for this job
[2026-04-29T02:07:28.669+0000] {subprocess.py:106} INFO - 26/04/29 02:07:28 INFO YarnScheduler: Killing all running tasks in stage 1: Stage finished
[2026-04-29T02:07:28.670+0000] {subprocess.py:106} INFO - 26/04/29 02:07:28 INFO DAGScheduler: Job 1 finished: parquet at NativeMethodAccessorImpl.java:0, took 0.253792 s
[2026-04-29T02:07:28.722+0000] {subprocess.py:106} INFO - 26/04/29 02:07:28 INFO InMemoryFileIndex: It took 8 ms to list leaf files for 1 paths.
[2026-04-29T02:07:28.779+0000] {subprocess.py:106} INFO - 26/04/29 02:07:28 INFO SparkContext: Starting job: parquet at NativeMethodAccessorImpl.java:0
[2026-04-29T02:07:28.782+0000] {subprocess.py:106} INFO - 26/04/29 02:07:28 INFO DAGScheduler: Got job 2 (parquet at NativeMethodAccessorImpl.java:0) with 1 output partitions
[2026-04-29T02:07:28.783+0000] {subprocess.py:106} INFO - 26/04/29 02:07:28 INFO DAGScheduler: Final stage: ResultStage 2 (parquet at NativeMethodAccessorImpl.java:0)
[2026-04-29T02:07:28.784+0000] {subprocess.py:106} INFO - 26/04/29 02:07:28 INFO DAGScheduler: Parents of final stage: List()
[2026-04-29T02:07:28.785+0000] {subprocess.py:106} INFO - 26/04/29 02:07:28 INFO DAGScheduler: Missing parents: List()
[2026-04-29T02:07:28.786+0000] {subprocess.py:106} INFO - 26/04/29 02:07:28 INFO DAGScheduler: Submitting ResultStage 2 (MapPartitionsRDD[5] at parquet at NativeMethodAccessorImpl.java:0), which has no missing parents
[2026-04-29T02:07:28.804+0000] {subprocess.py:106} INFO - 26/04/29 02:07:28 INFO MemoryStore: Block broadcast_2 stored as values in memory (estimated size 104.5 KiB, free 434.2 MiB)
[2026-04-29T02:07:28.814+0000] {subprocess.py:106} INFO - 26/04/29 02:07:28 INFO MemoryStore: Block broadcast_2_piece0 stored as bytes in memory (estimated size 37.8 KiB, free 434.1 MiB)
[2026-04-29T02:07:28.819+0000] {subprocess.py:106} INFO - 26/04/29 02:07:28 INFO BlockManagerInfo: Added broadcast_2_piece0 in memory on 172.30.1.13:35673 (size: 37.8 KiB, free: 434.3 MiB)
[2026-04-29T02:07:28.827+0000] {subprocess.py:106} INFO - 26/04/29 02:07:28 INFO SparkContext: Created broadcast 2 from broadcast at DAGScheduler.scala:1580
[2026-04-29T02:07:28.828+0000] {subprocess.py:106} INFO - 26/04/29 02:07:28 INFO BlockManagerInfo: Removed broadcast_1_piece0 on 172.30.1.13:35673 in memory (size: 37.8 KiB, free: 434.4 MiB)
[2026-04-29T02:07:28.830+0000] {subprocess.py:106} INFO - 26/04/29 02:07:28 INFO DAGScheduler: Submitting 1 missing tasks from ResultStage 2 (MapPartitionsRDD[5] at parquet at NativeMethodAccessorImpl.java:0) (first 15 tasks are for partitions Vector(0))
[2026-04-29T02:07:28.831+0000] {subprocess.py:106} INFO - 26/04/29 02:07:28 INFO YarnScheduler: Adding task set 2.0 with 1 tasks resource profile 0
[2026-04-29T02:07:28.832+0000] {subprocess.py:106} INFO - 26/04/29 02:07:28 INFO TaskSetManager: Starting task 0.0 in stage 2.0 (TID 2) (1175ad6b07ce, executor 1, partition 0, PROCESS_LOCAL, 7853 bytes)
[2026-04-29T02:07:28.833+0000] {subprocess.py:106} INFO - 26/04/29 02:07:28 INFO BlockManagerInfo: Removed broadcast_1_piece0 on 1175ad6b07ce:38789 in memory (size: 37.8 KiB, free: 93.3 MiB)
[2026-04-29T02:07:28.877+0000] {subprocess.py:106} INFO - 26/04/29 02:07:28 INFO BlockManagerInfo: Added broadcast_2_piece0 in memory on 1175ad6b07ce:38789 (size: 37.8 KiB, free: 93.3 MiB)
[2026-04-29T02:07:28.937+0000] {subprocess.py:106} INFO - 26/04/29 02:07:28 INFO TaskSetManager: Finished task 0.0 in stage 2.0 (TID 2) in 109 ms on 1175ad6b07ce (executor 1) (1/1)
[2026-04-29T02:07:28.938+0000] {subprocess.py:106} INFO - 26/04/29 02:07:28 INFO YarnScheduler: Removed TaskSet 2.0, whose tasks have all completed, from pool
[2026-04-29T02:07:28.939+0000] {subprocess.py:106} INFO - 26/04/29 02:07:28 INFO DAGScheduler: ResultStage 2 (parquet at NativeMethodAccessorImpl.java:0) finished in 0.151 s
[2026-04-29T02:07:28.940+0000] {subprocess.py:106} INFO - 26/04/29 02:07:28 INFO DAGScheduler: Job 2 is finished. Cancelling potential speculative or zombie tasks for this job
[2026-04-29T02:07:28.941+0000] {subprocess.py:106} INFO - 26/04/29 02:07:28 INFO YarnScheduler: Killing all running tasks in stage 2: Stage finished
[2026-04-29T02:07:28.942+0000] {subprocess.py:106} INFO - 26/04/29 02:07:28 INFO DAGScheduler: Job 2 finished: parquet at NativeMethodAccessorImpl.java:0, took 0.161772 s
[2026-04-29T02:07:28.987+0000] {subprocess.py:106} INFO - 26/04/29 02:07:28 INFO InMemoryFileIndex: It took 7 ms to list leaf files for 1 paths.
[2026-04-29T02:07:29.051+0000] {subprocess.py:106} INFO - 26/04/29 02:07:29 INFO SparkContext: Starting job: parquet at NativeMethodAccessorImpl.java:0
[2026-04-29T02:07:29.054+0000] {subprocess.py:106} INFO - 26/04/29 02:07:29 INFO DAGScheduler: Got job 3 (parquet at NativeMethodAccessorImpl.java:0) with 1 output partitions
[2026-04-29T02:07:29.055+0000] {subprocess.py:106} INFO - 26/04/29 02:07:29 INFO DAGScheduler: Final stage: ResultStage 3 (parquet at NativeMethodAccessorImpl.java:0)
[2026-04-29T02:07:29.056+0000] {subprocess.py:106} INFO - 26/04/29 02:07:29 INFO DAGScheduler: Parents of final stage: List()
[2026-04-29T02:07:29.057+0000] {subprocess.py:106} INFO - 26/04/29 02:07:29 INFO DAGScheduler: Missing parents: List()
[2026-04-29T02:07:29.058+0000] {subprocess.py:106} INFO - 26/04/29 02:07:29 INFO DAGScheduler: Submitting ResultStage 3 (MapPartitionsRDD[7] at parquet at NativeMethodAccessorImpl.java:0), which has no missing parents
[2026-04-29T02:07:29.073+0000] {subprocess.py:106} INFO - 26/04/29 02:07:29 INFO MemoryStore: Block broadcast_3 stored as values in memory (estimated size 104.5 KiB, free 434.2 MiB)
[2026-04-29T02:07:29.084+0000] {subprocess.py:106} INFO - 26/04/29 02:07:29 INFO MemoryStore: Block broadcast_3_piece0 stored as bytes in memory (estimated size 37.8 KiB, free 434.1 MiB)
[2026-04-29T02:07:29.086+0000] {subprocess.py:106} INFO - 26/04/29 02:07:29 INFO BlockManagerInfo: Added broadcast_3_piece0 in memory on 172.30.1.13:35673 (size: 37.8 KiB, free: 434.3 MiB)
[2026-04-29T02:07:29.088+0000] {subprocess.py:106} INFO - 26/04/29 02:07:29 INFO SparkContext: Created broadcast 3 from broadcast at DAGScheduler.scala:1580
[2026-04-29T02:07:29.090+0000] {subprocess.py:106} INFO - 26/04/29 02:07:29 INFO BlockManagerInfo: Removed broadcast_2_piece0 on 172.30.1.13:35673 in memory (size: 37.8 KiB, free: 434.4 MiB)
[2026-04-29T02:07:29.091+0000] {subprocess.py:106} INFO - 26/04/29 02:07:29 INFO DAGScheduler: Submitting 1 missing tasks from ResultStage 3 (MapPartitionsRDD[7] at parquet at NativeMethodAccessorImpl.java:0) (first 15 tasks are for partitions Vector(0))
[2026-04-29T02:07:29.092+0000] {subprocess.py:106} INFO - 26/04/29 02:07:29 INFO YarnScheduler: Adding task set 3.0 with 1 tasks resource profile 0
[2026-04-29T02:07:29.095+0000] {subprocess.py:106} INFO - 26/04/29 02:07:29 INFO TaskSetManager: Starting task 0.0 in stage 3.0 (TID 3) (1175ad6b07ce, executor 1, partition 0, PROCESS_LOCAL, 7850 bytes)
[2026-04-29T02:07:29.098+0000] {subprocess.py:106} INFO - 26/04/29 02:07:29 INFO BlockManagerInfo: Removed broadcast_2_piece0 on 1175ad6b07ce:38789 in memory (size: 37.8 KiB, free: 93.3 MiB)
[2026-04-29T02:07:29.137+0000] {subprocess.py:106} INFO - 26/04/29 02:07:29 INFO BlockManagerInfo: Added broadcast_3_piece0 in memory on 1175ad6b07ce:38789 (size: 37.8 KiB, free: 93.3 MiB)
[2026-04-29T02:07:29.199+0000] {subprocess.py:106} INFO - 26/04/29 02:07:29 INFO TaskSetManager: Finished task 0.0 in stage 3.0 (TID 3) in 105 ms on 1175ad6b07ce (executor 1) (1/1)
[2026-04-29T02:07:29.201+0000] {subprocess.py:106} INFO - 26/04/29 02:07:29 INFO YarnScheduler: Removed TaskSet 3.0, whose tasks have all completed, from pool
[2026-04-29T02:07:29.202+0000] {subprocess.py:106} INFO - 26/04/29 02:07:29 INFO DAGScheduler: ResultStage 3 (parquet at NativeMethodAccessorImpl.java:0) finished in 0.145 s
[2026-04-29T02:07:29.203+0000] {subprocess.py:106} INFO - 26/04/29 02:07:29 INFO DAGScheduler: Job 3 is finished. Cancelling potential speculative or zombie tasks for this job
[2026-04-29T02:07:29.205+0000] {subprocess.py:106} INFO - 26/04/29 02:07:29 INFO YarnScheduler: Killing all running tasks in stage 3: Stage finished
[2026-04-29T02:07:29.205+0000] {subprocess.py:106} INFO - 26/04/29 02:07:29 INFO DAGScheduler: Job 3 finished: parquet at NativeMethodAccessorImpl.java:0, took 0.152819 s
[2026-04-29T02:07:29.702+0000] {subprocess.py:106} INFO - Traceback (most recent call last):
[2026-04-29T02:07:29.703+0000] {subprocess.py:106} INFO -   File "/home/jovyan/work/Scripts/loading.py", line 43, in <module>
[2026-04-29T02:07:29.709+0000] {subprocess.py:106} INFO -     .save()
[2026-04-29T02:07:29.710+0000] {subprocess.py:106} INFO -      ^^^^^^
[2026-04-29T02:07:29.711+0000] {subprocess.py:106} INFO -   File "/usr/local/spark/python/lib/pyspark.zip/pyspark/sql/readwriter.py", line 1461, in save
[2026-04-29T02:07:29.712+0000] {subprocess.py:106} INFO -   File "/usr/local/spark/python/lib/py4j-0.10.9.7-src.zip/py4j/java_gateway.py", line 1322, in __call__
[2026-04-29T02:07:29.714+0000] {subprocess.py:106} INFO -   File "/usr/local/spark/python/lib/pyspark.zip/pyspark/errors/exceptions/captured.py", line 179, in deco
[2026-04-29T02:07:29.715+0000] {subprocess.py:106} INFO -   File "/usr/local/spark/python/lib/py4j-0.10.9.7-src.zip/py4j/protocol.py", line 326, in get_return_value
[2026-04-29T02:07:29.719+0000] {subprocess.py:106} INFO - py4j.protocol.Py4JJavaError: An error occurred while calling o69.save.
[2026-04-29T02:07:29.720+0000] {subprocess.py:106} INFO - : org.apache.spark.SparkClassNotFoundException: [DATA_SOURCE_NOT_FOUND] Failed to find the data source: snowflake. Please find packages at `https://spark.apache.org/third-party-projects.html`.
[2026-04-29T02:07:29.721+0000] {subprocess.py:106} INFO - 	at org.apache.spark.sql.errors.QueryExecutionErrors$.dataSourceNotFoundError(QueryExecutionErrors.scala:724)
[2026-04-29T02:07:29.722+0000] {subprocess.py:106} INFO - 	at org.apache.spark.sql.execution.datasources.DataSource$.lookupDataSource(DataSource.scala:647)
[2026-04-29T02:07:29.723+0000] {subprocess.py:106} INFO - 	at org.apache.spark.sql.execution.datasources.DataSource$.lookupDataSourceV2(DataSource.scala:697)
[2026-04-29T02:07:29.724+0000] {subprocess.py:106} INFO - 	at org.apache.spark.sql.DataFrameWriter.lookupV2Provider(DataFrameWriter.scala:863)
[2026-04-29T02:07:29.725+0000] {subprocess.py:106} INFO - 	at org.apache.spark.sql.DataFrameWriter.saveInternal(DataFrameWriter.scala:257)
[2026-04-29T02:07:29.726+0000] {subprocess.py:106} INFO - 	at org.apache.spark.sql.DataFrameWriter.save(DataFrameWriter.scala:248)
[2026-04-29T02:07:29.726+0000] {subprocess.py:106} INFO - 	at java.base/jdk.internal.reflect.NativeMethodAccessorImpl.invoke0(Native Method)
[2026-04-29T02:07:29.728+0000] {subprocess.py:106} INFO - 	at java.base/jdk.internal.reflect.NativeMethodAccessorImpl.invoke(NativeMethodAccessorImpl.java:77)
[2026-04-29T02:07:29.729+0000] {subprocess.py:106} INFO - 	at java.base/jdk.internal.reflect.DelegatingMethodAccessorImpl.invoke(DelegatingMethodAccessorImpl.java:43)
[2026-04-29T02:07:29.729+0000] {subprocess.py:106} INFO - 	at java.base/java.lang.reflect.Method.invoke(Method.java:568)
[2026-04-29T02:07:29.730+0000] {subprocess.py:106} INFO - 	at py4j.reflection.MethodInvoker.invoke(MethodInvoker.java:244)
[2026-04-29T02:07:29.731+0000] {subprocess.py:106} INFO - 	at py4j.reflection.ReflectionEngine.invoke(ReflectionEngine.java:374)
[2026-04-29T02:07:29.732+0000] {subprocess.py:106} INFO - 	at py4j.Gateway.invoke(Gateway.java:282)
[2026-04-29T02:07:29.733+0000] {subprocess.py:106} INFO - 	at py4j.commands.AbstractCommand.invokeMethod(AbstractCommand.java:132)
[2026-04-29T02:07:29.734+0000] {subprocess.py:106} INFO - 	at py4j.commands.CallCommand.execute(CallCommand.java:79)
[2026-04-29T02:07:29.735+0000] {subprocess.py:106} INFO - 	at py4j.ClientServerConnection.waitForCommands(ClientServerConnection.java:182)
[2026-04-29T02:07:29.736+0000] {subprocess.py:106} INFO - 	at py4j.ClientServerConnection.run(ClientServerConnection.java:106)
[2026-04-29T02:07:29.737+0000] {subprocess.py:106} INFO - 	at java.base/java.lang.Thread.run(Thread.java:833)
[2026-04-29T02:07:29.738+0000] {subprocess.py:106} INFO - Caused by: java.lang.ClassNotFoundException: snowflake.DefaultSource
[2026-04-29T02:07:29.739+0000] {subprocess.py:106} INFO - 	at java.base/java.net.URLClassLoader.findClass(URLClassLoader.java:445)
[2026-04-29T02:07:29.740+0000] {subprocess.py:106} INFO - 	at java.base/java.lang.ClassLoader.loadClass(ClassLoader.java:592)
[2026-04-29T02:07:29.741+0000] {subprocess.py:106} INFO - 	at java.base/java.lang.ClassLoader.loadClass(ClassLoader.java:525)
[2026-04-29T02:07:29.741+0000] {subprocess.py:106} INFO - 	at org.apache.spark.sql.execution.datasources.DataSource$.$anonfun$lookupDataSource$5(DataSource.scala:633)
[2026-04-29T02:07:29.742+0000] {subprocess.py:106} INFO - 	at scala.util.Try$.apply(Try.scala:213)
[2026-04-29T02:07:29.743+0000] {subprocess.py:106} INFO - 	at org.apache.spark.sql.execution.datasources.DataSource$.$anonfun$lookupDataSource$4(DataSource.scala:633)
[2026-04-29T02:07:29.744+0000] {subprocess.py:106} INFO - 	at scala.util.Failure.orElse(Try.scala:224)
[2026-04-29T02:07:29.744+0000] {subprocess.py:106} INFO - 	at org.apache.spark.sql.execution.datasources.DataSource$.lookupDataSource(DataSource.scala:633)
[2026-04-29T02:07:29.745+0000] {subprocess.py:106} INFO - 	... 16 more
[2026-04-29T02:07:29.746+0000] {subprocess.py:106} INFO - 
[2026-04-29T02:07:29.965+0000] {subprocess.py:106} INFO - 26/04/29 02:07:29 INFO SparkContext: Invoking stop() from shutdown hook
[2026-04-29T02:07:29.967+0000] {subprocess.py:106} INFO - 26/04/29 02:07:29 INFO SparkContext: SparkContext is stopping with exitCode 0.
[2026-04-29T02:07:29.970+0000] {subprocess.py:106} INFO - 26/04/29 02:07:29 INFO SparkUI: Stopped Spark web UI at http://172.30.1.13:4041
[2026-04-29T02:07:30.001+0000] {subprocess.py:106} INFO - 26/04/29 02:07:29 INFO YarnClientSchedulerBackend: Interrupting monitor thread
[2026-04-29T02:07:30.104+0000] {subprocess.py:106} INFO - 26/04/29 02:07:30 INFO YarnClientSchedulerBackend: Shutting down all executors
[2026-04-29T02:07:30.106+0000] {subprocess.py:106} INFO - 26/04/29 02:07:30 INFO YarnSchedulerBackend$YarnDriverEndpoint: Asking each executor to shut down
[2026-04-29T02:07:30.120+0000] {subprocess.py:106} INFO - 26/04/29 02:07:30 INFO YarnClientSchedulerBackend: YARN client scheduler backend Stopped
[2026-04-29T02:07:30.151+0000] {subprocess.py:106} INFO - 26/04/29 02:07:30 INFO MapOutputTrackerMasterEndpoint: MapOutputTrackerMasterEndpoint stopped!
[2026-04-29T02:07:30.211+0000] {subprocess.py:106} INFO - 26/04/29 02:07:30 INFO MemoryStore: MemoryStore cleared
[2026-04-29T02:07:30.213+0000] {subprocess.py:106} INFO - 26/04/29 02:07:30 INFO BlockManager: BlockManager stopped
[2026-04-29T02:07:30.224+0000] {subprocess.py:106} INFO - 26/04/29 02:07:30 INFO BlockManagerMaster: BlockManagerMaster stopped
[2026-04-29T02:07:30.231+0000] {subprocess.py:106} INFO - 26/04/29 02:07:30 INFO OutputCommitCoordinator$OutputCommitCoordinatorEndpoint: OutputCommitCoordinator stopped!
[2026-04-29T02:07:30.265+0000] {subprocess.py:106} INFO - 26/04/29 02:07:30 INFO SparkContext: Successfully stopped SparkContext
[2026-04-29T02:07:30.270+0000] {subprocess.py:106} INFO - 26/04/29 02:07:30 INFO ShutdownHookManager: Shutdown hook called
[2026-04-29T02:07:30.272+0000] {subprocess.py:106} INFO - 26/04/29 02:07:30 INFO ShutdownHookManager: Deleting directory /tmp/spark-907f3382-41e4-4f60-9b12-1092425b69b9
[2026-04-29T02:07:30.288+0000] {subprocess.py:106} INFO - 26/04/29 02:07:30 INFO ShutdownHookManager: Deleting directory /tmp/spark-907f3382-41e4-4f60-9b12-1092425b69b9/pyspark-673f3dde-2fea-4559-9790-fede0ce34067
[2026-04-29T02:07:30.310+0000] {subprocess.py:106} INFO - 26/04/29 02:07:30 INFO ShutdownHookManager: Deleting directory /tmp/spark-4235da07-ba3d-4885-91dd-17f851165e83
[2026-04-29T02:07:30.692+0000] {subprocess.py:110} INFO - Command exited with return code 1
[2026-04-29T02:07:30.726+0000] {taskinstance.py:3311} ERROR - Task failed with exception
Traceback (most recent call last):
  File "/home/airflow/.local/lib/python3.12/site-packages/airflow/models/taskinstance.py", line 767, in _execute_task
    result = _execute_callable(context=context, **execute_callable_kwargs)
             ^^^^^^^^^^^^^^^^^^^^^^^^^^^^^^^^^^^^^^^^^^^^^^^^^^^^^^^^^^^^^
  File "/home/airflow/.local/lib/python3.12/site-packages/airflow/models/taskinstance.py", line 733, in _execute_callable
    return ExecutionCallableRunner(
           ^^^^^^^^^^^^^^^^^^^^^^^^
  File "/home/airflow/.local/lib/python3.12/site-packages/airflow/utils/operator_helpers.py", line 252, in run
    return self.func(*args, **kwargs)
           ^^^^^^^^^^^^^^^^^^^^^^^^^^
  File "/home/airflow/.local/lib/python3.12/site-packages/airflow/models/baseoperator.py", line 422, in wrapper
    return func(self, *args, **kwargs)
           ^^^^^^^^^^^^^^^^^^^^^^^^^^^
  File "/home/airflow/.local/lib/python3.12/site-packages/airflow/operators/bash.py", line 276, in execute
    raise AirflowException(
airflow.exceptions.AirflowException: Bash command failed. The command returned a non-zero exit code 1.
[2026-04-29T02:07:30.740+0000] {taskinstance.py:1225} INFO - Marking task as FAILED. dag_id=titanic_dag, task_id=loading, run_id=manual__2026-04-29T01:42:06.700423+00:00, execution_date=20260429T014206, start_date=20260429T020635, end_date=20260429T020730
[2026-04-29T02:07:30.782+0000] {taskinstance.py:340} INFO - ::group::Post task execution logs
[2026-04-29T02:07:30.784+0000] {standard_task_runner.py:124} ERROR - Failed to execute job 110 for task loading (Bash command failed. The command returned a non-zero exit code 1.; 4102)
Traceback (most recent call last):
  File "/home/airflow/.local/lib/python3.12/site-packages/airflow/task/task_runner/standard_task_runner.py", line 117, in _start_by_fork
    ret = args.func(args, dag=self.dag)
          ^^^^^^^^^^^^^^^^^^^^^^^^^^^^^
  File "/home/airflow/.local/lib/python3.12/site-packages/airflow/cli/cli_config.py", line 49, in command
    return func(*args, **kwargs)
           ^^^^^^^^^^^^^^^^^^^^^
  File "/home/airflow/.local/lib/python3.12/site-packages/airflow/utils/cli.py", line 116, in wrapper
    return f(*args, **kwargs)
           ^^^^^^^^^^^^^^^^^^
  File "/home/airflow/.local/lib/python3.12/site-packages/airflow/cli/commands/task_command.py", line 483, in task_run
    task_return_code = _run_task_by_selected_method(args, _dag, ti)
                       ^^^^^^^^^^^^^^^^^^^^^^^^^^^^^^^^^^^^^^^^^^^^
  File "/home/airflow/.local/lib/python3.12/site-packages/airflow/cli/commands/task_command.py", line 256, in _run_task_by_selected_method
    return _run_raw_task(args, ti)
           ^^^^^^^^^^^^^^^^^^^^^^^
  File "/home/airflow/.local/lib/python3.12/site-packages/airflow/cli/commands/task_command.py", line 341, in _run_raw_task
    return ti._run_raw_task(
           ^^^^^^^^^^^^^^^^^
  File "/home/airflow/.local/lib/python3.12/site-packages/airflow/utils/session.py", line 97, in wrapper
    return func(*args, session=session, **kwargs)
           ^^^^^^^^^^^^^^^^^^^^^^^^^^^^^^^^^^^^^^
  File "/home/airflow/.local/lib/python3.12/site-packages/airflow/models/taskinstance.py", line 3005, in _run_raw_task
    return _run_raw_task(
           ^^^^^^^^^^^^^^
  File "/home/airflow/.local/lib/python3.12/site-packages/airflow/models/taskinstance.py", line 273, in _run_raw_task
    TaskInstance._execute_task_with_callbacks(
  File "/home/airflow/.local/lib/python3.12/site-packages/airflow/models/taskinstance.py", line 3159, in _execute_task_with_callbacks
    result = self._execute_task(context, task_orig)
             ^^^^^^^^^^^^^^^^^^^^^^^^^^^^^^^^^^^^^^
  File "/home/airflow/.local/lib/python3.12/site-packages/airflow/models/taskinstance.py", line 3183, in _execute_task
    return _execute_task(self, context, task_orig)
           ^^^^^^^^^^^^^^^^^^^^^^^^^^^^^^^^^^^^^^^
  File "/home/airflow/.local/lib/python3.12/site-packages/airflow/models/taskinstance.py", line 767, in _execute_task
    result = _execute_callable(context=context, **execute_callable_kwargs)
             ^^^^^^^^^^^^^^^^^^^^^^^^^^^^^^^^^^^^^^^^^^^^^^^^^^^^^^^^^^^^^
  File "/home/airflow/.local/lib/python3.12/site-packages/airflow/models/taskinstance.py", line 733, in _execute_callable
    return ExecutionCallableRunner(
           ^^^^^^^^^^^^^^^^^^^^^^^^
  File "/home/airflow/.local/lib/python3.12/site-packages/airflow/utils/operator_helpers.py", line 252, in run
    return self.func(*args, **kwargs)
           ^^^^^^^^^^^^^^^^^^^^^^^^^^
  File "/home/airflow/.local/lib/python3.12/site-packages/airflow/models/baseoperator.py", line 422, in wrapper
    return func(self, *args, **kwargs)
           ^^^^^^^^^^^^^^^^^^^^^^^^^^^
  File "/home/airflow/.local/lib/python3.12/site-packages/airflow/operators/bash.py", line 276, in execute
    raise AirflowException(
airflow.exceptions.AirflowException: Bash command failed. The command returned a non-zero exit code 1.
[2026-04-29T02:07:31.629+0000] {local_task_job_runner.py:266} INFO - Task exited with return code 1
[2026-04-29T02:07:31.663+0000] {taskinstance.py:3895} INFO - 0 downstream tasks scheduled from follow-on schedule check
[2026-04-29T02:07:31.668+0000] {local_task_job_runner.py:245} INFO - ::endgroup::
