[2026-04-16T12:48:09.125+0000] {local_task_job_runner.py:123} INFO - ::group::Pre task execution logs
[2026-04-16T12:48:09.139+0000] {taskinstance.py:2613} INFO - Dependencies all met for dep_context=non-requeueable deps ti=<TaskInstance: titanic_dag.upload_to_hdfs manual__2026-04-16T12:48:05.903414+00:00 [queued]>
[2026-04-16T12:48:09.146+0000] {taskinstance.py:2613} INFO - Dependencies all met for dep_context=requeueable deps ti=<TaskInstance: titanic_dag.upload_to_hdfs manual__2026-04-16T12:48:05.903414+00:00 [queued]>
[2026-04-16T12:48:09.146+0000] {taskinstance.py:2866} INFO - Starting attempt 1 of 1
[2026-04-16T12:48:09.158+0000] {taskinstance.py:2889} INFO - Executing <Task(BashOperator): upload_to_hdfs> on 2026-04-16 12:48:05.903414+00:00
[2026-04-16T12:48:09.163+0000] {standard_task_runner.py:72} INFO - Started process 2197 to run task
[2026-04-16T12:48:09.166+0000] {standard_task_runner.py:104} INFO - Running: ['***', 'tasks', 'run', 'titanic_dag', 'upload_to_hdfs', 'manual__2026-04-16T12:48:05.903414+00:00', '--job-id', '67', '--raw', '--subdir', 'DAGS_FOLDER/titanic_dag.py', '--cfg-path', '/tmp/tmpauiplaa1']
[2026-04-16T12:48:09.169+0000] {standard_task_runner.py:105} INFO - Job 67: Subtask upload_to_hdfs
[2026-04-16T12:48:09.227+0000] {task_command.py:467} INFO - Running <TaskInstance: titanic_dag.upload_to_hdfs manual__2026-04-16T12:48:05.903414+00:00 [running]> on host 336e2b210568
[2026-04-16T12:48:09.306+0000] {taskinstance.py:3132} INFO - Exporting env vars: AIRFLOW_CTX_DAG_OWNER='***' AIRFLOW_CTX_DAG_ID='titanic_dag' AIRFLOW_CTX_TASK_ID='upload_to_hdfs' AIRFLOW_CTX_EXECUTION_DATE='2026-04-16T12:48:05.903414+00:00' AIRFLOW_CTX_TRY_NUMBER='1' AIRFLOW_CTX_DAG_RUN_ID='manual__2026-04-16T12:48:05.903414+00:00'
[2026-04-16T12:48:09.307+0000] {taskinstance.py:731} INFO - ::endgroup::
[2026-04-16T12:48:09.322+0000] {subprocess.py:78} INFO - Tmp dir root location: /tmp
[2026-04-16T12:48:09.324+0000] {subprocess.py:88} INFO - Running command: ['/usr/bin/bash', '-c', '\n        hdfs dfs -fs hdfs://hadoop-namenode:9000 -mkdir -p /user/***/titanic\n\n        hdfs dfs -fs hdfs://hadoop-namenode:9000 -put -f /opt/***/data/Titanic-Dataset.csv /user/***/titanic/\n        ']
[2026-04-16T12:48:09.334+0000] {subprocess.py:99} INFO - Output:
[2026-04-16T12:48:12.076+0000] {subprocess.py:110} INFO - Command exited with return code 0
[2026-04-16T12:48:12.099+0000] {taskinstance.py:340} INFO - ::group::Post task execution logs
[2026-04-16T12:48:12.099+0000] {taskinstance.py:352} INFO - Marking task as SUCCESS. dag_id=titanic_dag, task_id=upload_to_hdfs, run_id=manual__2026-04-16T12:48:05.903414+00:00, execution_date=20260416T124805, start_date=20260416T124809, end_date=20260416T124812
[2026-04-16T12:48:12.150+0000] {local_task_job_runner.py:266} INFO - Task exited with return code 0
[2026-04-16T12:48:12.169+0000] {taskinstance.py:3895} INFO - 1 downstream tasks scheduled from follow-on schedule check
[2026-04-16T12:48:12.173+0000] {local_task_job_runner.py:245} INFO - ::endgroup::
