[2026-04-29T15:22:26.817+0000] {processor.py:186} INFO - Started process (PID=1560) to work on /opt/airflow/dags/data_pipeline.py
[2026-04-29T15:22:26.820+0000] {processor.py:914} INFO - Processing file /opt/airflow/dags/data_pipeline.py for tasks to queue
[2026-04-29T15:22:26.827+0000] {logging_mixin.py:190} INFO - [2026-04-29T15:22:26.826+0000] {dagbag.py:588} INFO - Filling up the DagBag from /opt/airflow/dags/data_pipeline.py
[2026-04-29T15:22:26.917+0000] {processor.py:925} INFO - DAG(s) 'data_pipeline' retrieved from /opt/airflow/dags/data_pipeline.py
[2026-04-29T15:22:27.300+0000] {logging_mixin.py:190} INFO - [2026-04-29T15:22:27.299+0000] {dag.py:3239} INFO - Sync 1 DAGs
[2026-04-29T15:22:27.387+0000] {logging_mixin.py:190} INFO - [2026-04-29T15:22:27.386+0000] {dag.py:4180} INFO - Setting next_dagrun for data_pipeline to None, run_after=None
[2026-04-29T15:22:27.974+0000] {processor.py:208} INFO - Processing /opt/airflow/dags/data_pipeline.py took 1.172 seconds
[2026-04-29T15:22:58.460+0000] {processor.py:186} INFO - Started process (PID=1580) to work on /opt/airflow/dags/data_pipeline.py
[2026-04-29T15:22:58.464+0000] {processor.py:914} INFO - Processing file /opt/airflow/dags/data_pipeline.py for tasks to queue
[2026-04-29T15:22:58.477+0000] {logging_mixin.py:190} INFO - [2026-04-29T15:22:58.475+0000] {dagbag.py:588} INFO - Filling up the DagBag from /opt/airflow/dags/data_pipeline.py
[2026-04-29T15:22:58.562+0000] {processor.py:925} INFO - DAG(s) 'data_pipeline' retrieved from /opt/airflow/dags/data_pipeline.py
[2026-04-29T15:22:58.668+0000] {logging_mixin.py:190} INFO - [2026-04-29T15:22:58.668+0000] {dag.py:3239} INFO - Sync 1 DAGs
[2026-04-29T15:22:58.788+0000] {logging_mixin.py:190} INFO - [2026-04-29T15:22:58.787+0000] {dag.py:4180} INFO - Setting next_dagrun for data_pipeline to None, run_after=None
[2026-04-29T15:22:58.865+0000] {processor.py:208} INFO - Processing /opt/airflow/dags/data_pipeline.py took 0.452 seconds
[2026-04-29T15:23:29.246+0000] {processor.py:186} INFO - Started process (PID=1596) to work on /opt/airflow/dags/data_pipeline.py
[2026-04-29T15:23:29.253+0000] {processor.py:914} INFO - Processing file /opt/airflow/dags/data_pipeline.py for tasks to queue
[2026-04-29T15:23:29.270+0000] {logging_mixin.py:190} INFO - [2026-04-29T15:23:29.268+0000] {dagbag.py:588} INFO - Filling up the DagBag from /opt/airflow/dags/data_pipeline.py
[2026-04-29T15:23:29.402+0000] {processor.py:925} INFO - DAG(s) 'data_pipeline' retrieved from /opt/airflow/dags/data_pipeline.py
[2026-04-29T15:23:29.571+0000] {logging_mixin.py:190} INFO - [2026-04-29T15:23:29.570+0000] {dag.py:3239} INFO - Sync 1 DAGs
[2026-04-29T15:23:29.703+0000] {logging_mixin.py:190} INFO - [2026-04-29T15:23:29.702+0000] {dag.py:4180} INFO - Setting next_dagrun for data_pipeline to None, run_after=None
[2026-04-29T15:23:29.771+0000] {processor.py:208} INFO - Processing /opt/airflow/dags/data_pipeline.py took 0.563 seconds
[2026-04-29T15:24:00.057+0000] {processor.py:186} INFO - Started process (PID=1643) to work on /opt/airflow/dags/data_pipeline.py
[2026-04-29T15:24:00.060+0000] {processor.py:914} INFO - Processing file /opt/airflow/dags/data_pipeline.py for tasks to queue
[2026-04-29T15:24:00.067+0000] {logging_mixin.py:190} INFO - [2026-04-29T15:24:00.066+0000] {dagbag.py:588} INFO - Filling up the DagBag from /opt/airflow/dags/data_pipeline.py
[2026-04-29T15:24:00.128+0000] {processor.py:925} INFO - DAG(s) 'data_pipeline' retrieved from /opt/airflow/dags/data_pipeline.py
[2026-04-29T15:24:00.203+0000] {logging_mixin.py:190} INFO - [2026-04-29T15:24:00.202+0000] {dag.py:3239} INFO - Sync 1 DAGs
[2026-04-29T15:24:00.271+0000] {logging_mixin.py:190} INFO - [2026-04-29T15:24:00.270+0000] {dag.py:4180} INFO - Setting next_dagrun for data_pipeline to None, run_after=None
[2026-04-29T15:24:01.160+0000] {processor.py:208} INFO - Processing /opt/airflow/dags/data_pipeline.py took 1.125 seconds
[2026-04-29T15:24:32.002+0000] {processor.py:186} INFO - Started process (PID=1658) to work on /opt/airflow/dags/data_pipeline.py
[2026-04-29T15:24:32.009+0000] {processor.py:914} INFO - Processing file /opt/airflow/dags/data_pipeline.py for tasks to queue
[2026-04-29T15:24:32.028+0000] {logging_mixin.py:190} INFO - [2026-04-29T15:24:32.027+0000] {dagbag.py:588} INFO - Filling up the DagBag from /opt/airflow/dags/data_pipeline.py
[2026-04-29T15:24:32.649+0000] {processor.py:925} INFO - DAG(s) 'data_pipeline' retrieved from /opt/airflow/dags/data_pipeline.py
[2026-04-29T15:24:32.798+0000] {logging_mixin.py:190} INFO - [2026-04-29T15:24:32.797+0000] {dag.py:3239} INFO - Sync 1 DAGs
[2026-04-29T15:24:32.921+0000] {logging_mixin.py:190} INFO - [2026-04-29T15:24:32.920+0000] {dag.py:4180} INFO - Setting next_dagrun for data_pipeline to None, run_after=None
[2026-04-29T15:24:32.986+0000] {processor.py:208} INFO - Processing /opt/airflow/dags/data_pipeline.py took 1.002 seconds
[2026-04-29T15:25:03.823+0000] {processor.py:186} INFO - Started process (PID=1674) to work on /opt/airflow/dags/data_pipeline.py
[2026-04-29T15:25:03.829+0000] {processor.py:914} INFO - Processing file /opt/airflow/dags/data_pipeline.py for tasks to queue
[2026-04-29T15:25:03.936+0000] {logging_mixin.py:190} INFO - [2026-04-29T15:25:03.929+0000] {dagbag.py:588} INFO - Filling up the DagBag from /opt/airflow/dags/data_pipeline.py
[2026-04-29T15:25:04.308+0000] {processor.py:925} INFO - DAG(s) 'data_pipeline' retrieved from /opt/airflow/dags/data_pipeline.py
[2026-04-29T15:25:04.544+0000] {logging_mixin.py:190} INFO - [2026-04-29T15:25:04.543+0000] {dag.py:3239} INFO - Sync 1 DAGs
[2026-04-29T15:25:04.702+0000] {logging_mixin.py:190} INFO - [2026-04-29T15:25:04.701+0000] {dag.py:4180} INFO - Setting next_dagrun for data_pipeline to None, run_after=None
[2026-04-29T15:25:04.780+0000] {processor.py:208} INFO - Processing /opt/airflow/dags/data_pipeline.py took 1.132 seconds
