[2026-04-28T20:08:35.618+0000] {local_task_job_runner.py:123} INFO - ::group::Pre task execution logs
[2026-04-28T20:08:35.650+0000] {taskinstance.py:2613} INFO - Dependencies all met for dep_context=non-requeueable deps ti=<TaskInstance: titanic_dag.transform manual__2026-04-28T20:08:11.820140+00:00 [queued]>
[2026-04-28T20:08:35.667+0000] {taskinstance.py:2613} INFO - Dependencies all met for dep_context=requeueable deps ti=<TaskInstance: titanic_dag.transform manual__2026-04-28T20:08:11.820140+00:00 [queued]>
[2026-04-28T20:08:35.669+0000] {taskinstance.py:2866} INFO - Starting attempt 1 of 1
[2026-04-28T20:08:35.696+0000] {taskinstance.py:2889} INFO - Executing <Task(BashOperator): transform> on 2026-04-28 20:08:11.820140+00:00
[2026-04-28T20:08:35.708+0000] {standard_task_runner.py:72} INFO - Started process 562 to run task
[2026-04-28T20:08:35.716+0000] {standard_task_runner.py:104} INFO - Running: ['***', 'tasks', 'run', 'titanic_dag', 'transform', 'manual__2026-04-28T20:08:11.820140+00:00', '--job-id', '96', '--raw', '--subdir', 'DAGS_FOLDER/titanic_dag.py', '--cfg-path', '/tmp/tmp3gyzm07y']
[2026-04-28T20:08:35.722+0000] {standard_task_runner.py:105} INFO - Job 96: Subtask transform
[2026-04-28T20:08:35.881+0000] {task_command.py:467} INFO - Running <TaskInstance: titanic_dag.transform manual__2026-04-28T20:08:11.820140+00:00 [running]> on host 9fbda7c5f6bc
[2026-04-28T20:08:36.126+0000] {taskinstance.py:3132} INFO - Exporting env vars: AIRFLOW_CTX_DAG_OWNER='***' AIRFLOW_CTX_DAG_ID='titanic_dag' AIRFLOW_CTX_TASK_ID='transform' AIRFLOW_CTX_EXECUTION_DATE='2026-04-28T20:08:11.820140+00:00' AIRFLOW_CTX_TRY_NUMBER='1' AIRFLOW_CTX_DAG_RUN_ID='manual__2026-04-28T20:08:11.820140+00:00'
[2026-04-28T20:08:36.128+0000] {taskinstance.py:731} INFO - ::endgroup::
[2026-04-28T20:08:36.162+0000] {subprocess.py:78} INFO - Tmp dir root location: /tmp
[2026-04-28T20:08:36.165+0000] {subprocess.py:88} INFO - Running command: ['/usr/bin/bash', '-c', '\n        docker exec spark-jupyter bash -c "\n        which spark-submit;\n        spark-submit --version;\n        ls /home/jovyan/work;\n        "\n        ']
[2026-04-28T20:08:36.188+0000] {subprocess.py:99} INFO - Output:
[2026-04-28T20:08:36.670+0000] {subprocess.py:106} INFO - /usr/local/spark/bin/spark-submit
[2026-04-28T20:08:41.215+0000] {subprocess.py:106} INFO - Welcome to
[2026-04-28T20:08:41.217+0000] {subprocess.py:106} INFO -       ____              __
[2026-04-28T20:08:41.218+0000] {subprocess.py:106} INFO -      / __/__  ___ _____/ /__
[2026-04-28T20:08:41.219+0000] {subprocess.py:106} INFO -     _\ \/ _ \/ _ `/ __/  '_/
[2026-04-28T20:08:41.220+0000] {subprocess.py:106} INFO -    /___/ .__/\_,_/_/ /_/\_\   version 3.5.0
[2026-04-28T20:08:41.221+0000] {subprocess.py:106} INFO -       /_/
[2026-04-28T20:08:41.223+0000] {subprocess.py:106} INFO - 
[2026-04-28T20:08:41.227+0000] {subprocess.py:106} INFO - Using Scala version 2.12.18, OpenJDK 64-Bit Server VM, 17.0.8.1
[2026-04-28T20:08:41.229+0000] {subprocess.py:106} INFO - Branch HEAD
[2026-04-28T20:08:41.230+0000] {subprocess.py:106} INFO - Compiled by user ubuntu on 2023-09-09T01:53:20Z
[2026-04-28T20:08:41.232+0000] {subprocess.py:106} INFO - Revision ce5ddad990373636e94071e7cef2f31021add07b
[2026-04-28T20:08:41.236+0000] {subprocess.py:106} INFO - Url https://github.com/apache/spark
[2026-04-28T20:08:41.238+0000] {subprocess.py:106} INFO - Type --help for more information.
[2026-04-28T20:08:41.314+0000] {subprocess.py:106} INFO - spark-warehouse
[2026-04-28T20:08:41.315+0000] {subprocess.py:106} INFO - titanic_etl.ipynb
[2026-04-28T20:08:41.335+0000] {subprocess.py:110} INFO - Command exited with return code 0
[2026-04-28T20:08:41.397+0000] {taskinstance.py:340} INFO - ::group::Post task execution logs
[2026-04-28T20:08:41.398+0000] {taskinstance.py:352} INFO - Marking task as SUCCESS. dag_id=titanic_dag, task_id=transform, run_id=manual__2026-04-28T20:08:11.820140+00:00, execution_date=20260428T200811, start_date=20260428T200835, end_date=20260428T200841
[2026-04-28T20:08:41.480+0000] {local_task_job_runner.py:266} INFO - Task exited with return code 0
[2026-04-28T20:08:41.513+0000] {taskinstance.py:3895} INFO - 0 downstream tasks scheduled from follow-on schedule check
[2026-04-28T20:08:41.519+0000] {local_task_job_runner.py:245} INFO - ::endgroup::
